=== SimAI htsim Backend ===
Topology: mixnet
GPUs: 128
Link speed: 100000 Mbps
Alpha (OCS circuits): 6
Reconf delay: 10 us
Reconf top-N: 4 (0=always reconfig)
ECS only: NO
DP/TP/PP/EP: 1/4/4/8
GPUs per server: 8
Iterations: 5
Workload: /home/weihaoni/BTB-NCCL/SimAI/aicb/results/workload/None-Mixtral_8x7B-world_size128-tp4-pp4-ep8-gbs64-mbs8-seq4096-MOE-True-GEMM-True-flash_attn-False.txt
Expert hotspot: topk=2 skew=1.5 seed=42 volatility=4
==========================
[htsim] Machines: 16 FatTree K=4 FatTree nodes: 16
[htsim] ECS link speed: 200000 Mbps
Building 1:1 Fat Tree with 16 nodes (k=4)
Link speed: 200000 Mbps
[htsim] Mixnet topology created: region_size=4 region_num=4
[htsim] MixnetTopoManager created
[htsim] NVSwitch nodes: 16 (IDs: 128 to 143)
The final active chunks per dimension 1 after allocating to queues is: 1
ring of node 0, id: 0 dimension: local total nodes in ring: 128 index in ring: 0 offset: 1total nodes in ring: 128
ring of node 0, id: 0 dimension: local total nodes in ring: 128 index in ring: 0 offset: 1total nodes in ring: 128
ring of node 0, id: 0 dimension: local total nodes in ring: 128 index in ring: 0 offset: 1total nodes in ring: 128
ring of node 0, id: 0 dimension: local total nodes in ring: 128 index in ring: 0 offset: 1total nodes in ring: 128
total nodes: 128
ring of node 0, id: 0 dimension: local total nodes in ring: 4 index in ring: 0 offset: 1total nodes in ring: 4
ring of node 0, id: 0 dimension: local total nodes in ring: 32 index in ring: 0 offset: 4total nodes in ring: 32
ring of node 0, id: 0 dimension: local total nodes in ring: 4 index in ring: 0 offset: 1total nodes in ring: 4
ring of node 0, id: 0 dimension: local total nodes in ring: 32 index in ring: 0 offset: 4total nodes in ring: 32
ring of node 0, id: 0 dimension: local total nodes in ring: 4 index in ring: 0 offset: 1total nodes in ring: 4
ring of node 0, id: 0 dimension: local total nodes in ring: 32 index in ring: 0 offset: 4total nodes in ring: 32
ring of node 0, id: 0 dimension: local total nodes in ring: 4 index in ring: 0 offset: 1total nodes in ring: 4
ring of node 0, id: 0 dimension: local total nodes in ring: 32 index in ring: 0 offset: 4total nodes in ring: 32
PP config: pp_size=4 pp_commsize=67108864
GPU 0: pp_rank=0 pp_prev=-1 pp_next=4
stat path: ./ncclFlowModel_ ,total rows: 1 ,stat row: 0
CSV path and filename: ./ncclFlowModel_EndToEnd.csv
GPU 1: pp_rank=0 pp_prev=-1 pp_next=5
GPU 2: pp_rank=0 pp_prev=-1 pp_next=6
GPU 3: pp_rank=0 pp_prev=-1 pp_next=7
GPU 4: pp_rank=1 pp_prev=0 pp_next=8
GPU 5: pp_rank=1 pp_prev=1 pp_next=9
GPU 6: pp_rank=1 pp_prev=2 pp_next=10
GPU 7: pp_rank=1 pp_prev=3 pp_next=11
GPU 8: pp_rank=2 pp_prev=4 pp_next=12
GPU 9: pp_rank=2 pp_prev=5 pp_next=13
GPU 10: pp_rank=2 pp_prev=6 pp_next=14
GPU 11: pp_rank=2 pp_prev=7 pp_next=15
GPU 12: pp_rank=3 pp_prev=8 pp_next=-1
GPU 13: pp_rank=3 pp_prev=9 pp_next=-1
GPU 14: pp_rank=3 pp_prev=10 pp_next=-1
GPU 15: pp_rank=3 pp_prev=11 pp_next=-1
GPU 16: pp_rank=0 pp_prev=-1 pp_next=20
GPU 17: pp_rank=0 pp_prev=-1 pp_next=21
GPU 18: pp_rank=0 pp_prev=-1 pp_next=22
GPU 19: pp_rank=0 pp_prev=-1 pp_next=23
GPU 20: pp_rank=1 pp_prev=16 pp_next=24
GPU 21: pp_rank=1 pp_prev=17 pp_next=25
GPU 22: pp_rank=1 pp_prev=18 pp_next=26
GPU 23: pp_rank=1 pp_prev=19 pp_next=27
GPU 24: pp_rank=2 pp_prev=20 pp_next=28
GPU 25: pp_rank=2 pp_prev=21 pp_next=29
GPU 26: pp_rank=2 pp_prev=22 pp_next=30
GPU 27: pp_rank=2 pp_prev=23 pp_next=31
GPU 28: pp_rank=3 pp_prev=24 pp_next=-1
GPU 29: pp_rank=3 pp_prev=25 pp_next=-1
GPU 30: pp_rank=3 pp_prev=26 pp_next=-1
GPU 31: pp_rank=3 pp_prev=27 pp_next=-1
GPU 32: pp_rank=0 pp_prev=-1 pp_next=36
GPU 33: pp_rank=0 pp_prev=-1 pp_next=37
GPU 34: pp_rank=0 pp_prev=-1 pp_next=38
GPU 35: pp_rank=0 pp_prev=-1 pp_next=39
GPU 36: pp_rank=1 pp_prev=32 pp_next=40
GPU 37: pp_rank=1 pp_prev=33 pp_next=41
GPU 38: pp_rank=1 pp_prev=34 pp_next=42
GPU 39: pp_rank=1 pp_prev=35 pp_next=43
GPU 40: pp_rank=2 pp_prev=36 pp_next=44
GPU 41: pp_rank=2 pp_prev=37 pp_next=45
GPU 42: pp_rank=2 pp_prev=38 pp_next=46
GPU 43: pp_rank=2 pp_prev=39 pp_next=47
GPU 44: pp_rank=3 pp_prev=40 pp_next=-1
GPU 45: pp_rank=3 pp_prev=41 pp_next=-1
GPU 46: pp_rank=3 pp_prev=42 pp_next=-1
GPU 47: pp_rank=3 pp_prev=43 pp_next=-1
GPU 48: pp_rank=0 pp_prev=-1 pp_next=52
GPU 49: pp_rank=0 pp_prev=-1 pp_next=53
GPU 50: pp_rank=0 pp_prev=-1 pp_next=54
GPU 51: pp_rank=0 pp_prev=-1 pp_next=55
GPU 52: pp_rank=1 pp_prev=48 pp_next=56
GPU 53: pp_rank=1 pp_prev=49 pp_next=57
GPU 54: pp_rank=1 pp_prev=50 pp_next=58
GPU 55: pp_rank=1 pp_prev=51 pp_next=59
GPU 56: pp_rank=2 pp_prev=52 pp_next=60
GPU 57: pp_rank=2 pp_prev=53 pp_next=61
GPU 58: pp_rank=2 pp_prev=54 pp_next=62
GPU 59: pp_rank=2 pp_prev=55 pp_next=63
GPU 60: pp_rank=3 pp_prev=56 pp_next=-1
GPU 61: pp_rank=3 pp_prev=57 pp_next=-1
GPU 62: pp_rank=3 pp_prev=58 pp_next=-1
GPU 63: pp_rank=3 pp_prev=59 pp_next=-1
GPU 64: pp_rank=0 pp_prev=-1 pp_next=68
GPU 65: pp_rank=0 pp_prev=-1 pp_next=69
GPU 66: pp_rank=0 pp_prev=-1 pp_next=70
GPU 67: pp_rank=0 pp_prev=-1 pp_next=71
GPU 68: pp_rank=1 pp_prev=64 pp_next=72
GPU 69: pp_rank=1 pp_prev=65 pp_next=73
GPU 70: pp_rank=1 pp_prev=66 pp_next=74
GPU 71: pp_rank=1 pp_prev=67 pp_next=75
GPU 72: pp_rank=2 pp_prev=68 pp_next=76
GPU 73: pp_rank=2 pp_prev=69 pp_next=77
GPU 74: pp_rank=2 pp_prev=70 pp_next=78
GPU 75: pp_rank=2 pp_prev=71 pp_next=79
GPU 76: pp_rank=3 pp_prev=72 pp_next=-1
GPU 77: pp_rank=3 pp_prev=73 pp_next=-1
GPU 78: pp_rank=3 pp_prev=74 pp_next=-1
GPU 79: pp_rank=3 pp_prev=75 pp_next=-1
GPU 80: pp_rank=0 pp_prev=-1 pp_next=84
GPU 81: pp_rank=0 pp_prev=-1 pp_next=85
GPU 82: pp_rank=0 pp_prev=-1 pp_next=86
GPU 83: pp_rank=0 pp_prev=-1 pp_next=87
GPU 84: pp_rank=1 pp_prev=80 pp_next=88
GPU 85: pp_rank=1 pp_prev=81 pp_next=89
GPU 86: pp_rank=1 pp_prev=82 pp_next=90
GPU 87: pp_rank=1 pp_prev=83 pp_next=91
GPU 88: pp_rank=2 pp_prev=84 pp_next=92
GPU 89: pp_rank=2 pp_prev=85 pp_next=93
GPU 90: pp_rank=2 pp_prev=86 pp_next=94
GPU 91: pp_rank=2 pp_prev=87 pp_next=95
GPU 92: pp_rank=3 pp_prev=88 pp_next=-1
GPU 93: pp_rank=3 pp_prev=89 pp_next=-1
GPU 94: pp_rank=3 pp_prev=90 pp_next=-1
GPU 95: pp_rank=3 pp_prev=91 pp_next=-1
GPU 96: pp_rank=0 pp_prev=-1 pp_next=100
GPU 97: pp_rank=0 pp_prev=-1 pp_next=101
GPU 98: pp_rank=0 pp_prev=-1 pp_next=102
GPU 99: pp_rank=0 pp_prev=-1 pp_next=103
GPU 100: pp_rank=1 pp_prev=96 pp_next=104
GPU 101: pp_rank=1 pp_prev=97 pp_next=105
GPU 102: pp_rank=1 pp_prev=98 pp_next=106
GPU 103: pp_rank=1 pp_prev=99 pp_next=107
GPU 104: pp_rank=2 pp_prev=100 pp_next=108
GPU 105: pp_rank=2 pp_prev=101 pp_next=109
GPU 106: pp_rank=2 pp_prev=102 pp_next=110
GPU 107: pp_rank=2 pp_prev=103 pp_next=111
GPU 108: pp_rank=3 pp_prev=104 pp_next=-1
GPU 109: pp_rank=3 pp_prev=105 pp_next=-1
GPU 110: pp_rank=3 pp_prev=106 pp_next=-1
GPU 111: pp_rank=3 pp_prev=107 pp_next=-1
GPU 112: pp_rank=0 pp_prev=-1 pp_next=116
GPU 113: pp_rank=0 pp_prev=-1 pp_next=117
GPU 114: pp_rank=0 pp_prev=-1 pp_next=118
GPU 115: pp_rank=0 pp_prev=-1 pp_next=119
GPU 116: pp_rank=1 pp_prev=112 pp_next=120
GPU 117: pp_rank=1 pp_prev=113 pp_next=121
GPU 118: pp_rank=1 pp_prev=114 pp_next=122
GPU 119: pp_rank=1 pp_prev=115 pp_next=123
GPU 120: pp_rank=2 pp_prev=116 pp_next=124
GPU 121: pp_rank=2 pp_prev=117 pp_next=125
GPU 122: pp_rank=2 pp_prev=118 pp_next=126
GPU 123: pp_rank=2 pp_prev=119 pp_next=127
GPU 124: pp_rank=3 pp_prev=120 pp_next=-1
GPU 125: pp_rank=3 pp_prev=121 pp_next=-1
GPU 126: pp_rank=3 pp_prev=122 pp_next=-1
GPU 127: pp_rank=3 pp_prev=123 pp_next=-1
[htsim] Created 128 Sys instances
[htsim] Workloads fired
Running htsim simulation...
info: reduce-scatter forward pass collective issued for layer: attention_row,info: reduce-scatter forward pass collective issued for layer: mlp_moelayer,info: reduce-scatter forward pass collective issued for layer: attention_row,info: reduce-scatter forward pass collective issued for layer: mlp_moelayer,info: reduce-scatter input grad collective issued for layer: mlp_moelayer,info: reduce-scatter input grad collective issued for layer: mlp_moelayer,info: reduce-scatter weight grad collective issued for layer: grad_norm,[PASS_DRAINED] pass=0 ranks_reported=128
[MOE_STRUCTURE] frozen: 4 a2a layers → 2 blocks
At 313 RTO 1 MDEV 0 RTT 0 SEQ 0 HSENT 1 CWND 100 FAST RECOVERY? 0 Flow ID tcp SRC 24 DST 20
At 313 RTO 1 MDEV 0 RTT 0 SEQ 0 HSENT 1 CWND 100 FAST RECOVERY? 0 Flow ID tcp SRC 56 DST 52
At 313 RTO 1 MDEV 0 RTT 0 SEQ 0 HSENT 1 CWND 100 FAST RECOVERY? 0 Flow ID tcp SRC 88 DST 84
At 313 RTO 1 MDEV 0 RTT 0 SEQ 0 HSENT 1 CWND 100 FAST RECOVERY? 0 Flow ID tcp SRC 120 DST 116
At 313 RTO 1 MDEV 0 RTT 0 SEQ 0 HSENT 1 CWND 100 FAST RECOVERY? 0 Flow ID tcp SRC 24 DST 40
At 313 RTO 1 MDEV 0 RTT 0 SEQ 0 HSENT 1 CWND 100 FAST RECOVERY? 0 Flow ID tcp SRC 56 DST 72
At 313 RTO 1 MDEV 0 RTT 0 SEQ 0 HSENT 1 CWND 100 FAST RECOVERY? 0 Flow ID tcp SRC 88 DST 104
At 313 RTO 1 MDEV 0 RTT 0 SEQ 0 HSENT 1 CWND 100 FAST RECOVERY? 0 Flow ID tcp SRC 120 DST 8
At 313 RTO 1 MDEV 0 RTT 0 SEQ 0 HSENT 1 CWND 100 FAST RECOVERY? 0 Flow ID tcp SRC 24 DST 40
At 313 RTO 1 MDEV 0 RTT 0 SEQ 0 HSENT 1 CWND 100 FAST RECOVERY? 0 Flow ID tcp SRC 88 DST 104
At 313 RTO 1 MDEV 0 RTT 0 SEQ 0 HSENT 1 CWND 100 FAST RECOVERY? 0 Flow ID tcp SRC 120 DST 8
At 313 RTO 1 MDEV 0 RTT 0 SEQ 0 HSENT 1 CWND 100 FAST RECOVERY? 0 Flow ID tcp SRC 27 DST 23
At 313 RTO 1 MDEV 0 RTT 0 SEQ 0 HSENT 1 CWND 100 FAST RECOVERY? 0 Flow ID tcp SRC 59 DST 55
At 313 RTO 1 MDEV 0 RTT 0 SEQ 0 HSENT 1 CWND 100 FAST RECOVERY? 0 Flow ID tcp SRC 91 DST 87
At 313 RTO 1 MDEV 0 RTT 0 SEQ 0 HSENT 1 CWND 100 FAST RECOVERY? 0 Flow ID tcp SRC 123 DST 119
At 313 RTO 1 MDEV 0 RTT 0 SEQ 0 HSENT 1 CWND 100 FAST RECOVERY? 0 Flow ID tcp SRC 27 DST 43
At 313 RTO 1 MDEV 0 RTT 0 SEQ 0 HSENT 1 CWND 100 FAST RECOVERY? 0 Flow ID tcp SRC 59 DST 75
At 313 RTO 1 MDEV 0 RTT 0 SEQ 0 HSENT 1 CWND 100 FAST RECOVERY? 0 Flow ID tcp SRC 91 DST 107
At 313 RTO 1 MDEV 0 RTT 0 SEQ 0 HSENT 1 CWND 100 FAST RECOVERY? 0 Flow ID tcp SRC 123 DST 11
At 313 RTO 1 MDEV 0 RTT 0 SEQ 0 HSENT 1 CWND 100 FAST RECOVERY? 0 Flow ID tcp SRC 27 DST 43
At 313 RTO 1 MDEV 0 RTT 0 SEQ 0 HSENT 1 CWND 100 FAST RECOVERY? 0 Flow ID tcp SRC 59 DST 75
At 313 RTO 1 MDEV 0 RTT 0 SEQ 0 HSENT 1 CWND 100 FAST RECOVERY? 0 Flow ID tcp SRC 91 DST 107
At 313 RTO 1 MDEV 0 RTT 0 SEQ 0 HSENT 1 CWND 100 FAST RECOVERY? 0 Flow ID tcp SRC 123 DST 11
At 314 RTO 1 MDEV 0 RTT 0 SEQ 0 HSENT 1 CWND 100 FAST RECOVERY? 0 Flow ID tcp SRC 29 DST 45
At 314 RTO 1 MDEV 0 RTT 0 SEQ 0 HSENT 1 CWND 100 FAST RECOVERY? 0 Flow ID tcp SRC 125 DST 13
At 314 RTO 1 MDEV 0 RTT 0 SEQ 0 HSENT 1 CWND 100 FAST RECOVERY? 0 Flow ID tcp SRC 30 DST 46
At 314 RTO 1 MDEV 0 RTT 0 SEQ 0 HSENT 1 CWND 100 FAST RECOVERY? 0 Flow ID tcp SRC 126 DST 14
At 428 RTO 1 MDEV 0 RTT 0 SEQ 0 HSENT 1 CWND 100 FAST RECOVERY? 0 Flow ID tcp SRC 116 DST 4
At 432 RTO 1 MDEV 0 RTT 0 SEQ 0 HSENT 1 CWND 100 FAST RECOVERY? 0 Flow ID tcp SRC 52 DST 68
At 433 RTO 1 MDEV 0 RTT 0 SEQ 0 HSENT 1 CWND 100 FAST RECOVERY? 0 Flow ID tcp SRC 76 DST 92
At 433 RTO 1 MDEV 0 RTT 0 SEQ 0 HSENT 1 CWND 100 FAST RECOVERY? 0 Flow ID tcp SRC 79 DST 95
At 433 RTO 1 MDEV 0 RTT 0 SEQ 0 HSENT 1 CWND 100 FAST RECOVERY? 0 Flow ID tcp SRC 79 DST 95
At 441 RTO 1 MDEV 0 RTT 0 SEQ 0 HSENT 1 CWND 100 FAST RECOVERY? 0 Flow ID tcp SRC 74 DST 90
At 444 RTO 2 MDEV 0 RTT 0 SEQ 0 HSENT 1 CWND 1 FAST RECOVERY? 0 Flow ID tcp SRC 74 DST 90
At 503 RTO 1 MDEV 0 RTT 0 SEQ 0 HSENT 1 CWND 100 FAST RECOVERY? 0 Flow ID tcp SRC 83 DST 99
At 506 RTO 1 MDEV 0 RTT 0 SEQ 0 HSENT 1 CWND 100 FAST RECOVERY? 0 Flow ID tcp SRC 24 DST 40
At 506 RTO 1 MDEV 0 RTT 0 SEQ 0 HSENT 1 CWND 100 FAST RECOVERY? 0 Flow ID tcp SRC 124 DST 12
At 507 RTO 1 MDEV 0 RTT 0 SEQ 0 HSENT 1 CWND 100 FAST RECOVERY? 0 Flow ID tcp SRC 27 DST 43
At 507 RTO 1 MDEV 0 RTT 0 SEQ 0 HSENT 1 CWND 100 FAST RECOVERY? 0 Flow ID tcp SRC 27 DST 43
At 508 RTO 1 MDEV 0 RTT 0 SEQ 0 HSENT 1 CWND 100 FAST RECOVERY? 0 Flow ID tcp SRC 26 DST 42
At 508 RTO 1 MDEV 0 RTT 0 SEQ 0 HSENT 1 CWND 100 FAST RECOVERY? 0 Flow ID tcp SRC 26 DST 42
At 509 RTO 1 MDEV 0 RTT 0 SEQ 0 HSENT 1 CWND 100 FAST RECOVERY? 0 Flow ID tcp SRC 31 DST 47
At 510 RTO 1 MDEV 0 RTT 0 SEQ 0 HSENT 1 CWND 100 FAST RECOVERY? 0 Flow ID tcp SRC 28 DST 44
At 512 RTO 2 MDEV 0 RTT 0 SEQ 0 HSENT 1 CWND 1 FAST RECOVERY? 0 Flow ID tcp SRC 31 DST 47
At 513 RTO 2 MDEV 0 RTT 0 SEQ 0 HSENT 1 CWND 1 FAST RECOVERY? 0 Flow ID tcp SRC 28 DST 44
At 520 RTO 10 MDEV 0 RTT 5 SEQ 25755 HSENT 77416501 CWND 25856 FAST RECOVERY? 0 Flow ID tcp SRC 87 DST 103
At 520 RTO 10 MDEV 0 RTT 5 SEQ 25755 HSENT 77416501 CWND 25856 FAST RECOVERY? 0 Flow ID tcp SRC 87 DST 103
At 522 RTO 10 MDEV 0 RTT 6 SEQ 25755 HSENT 58035001 CWND 12935 FAST RECOVERY? 0 Flow ID tcp SRC 85 DST 101
At 523 RTO 10 MDEV 0 RTT 7 SEQ 25755 HSENT 58023001 CWND 12927 FAST RECOVERY? 0 Flow ID tcp SRC 81 DST 97
At 523 RTO 1 MDEV 0 RTT 0 SEQ 0 HSENT 1 CWND 100 FAST RECOVERY? 0 Flow ID tcp SRC 83 DST 99
At 524 RTO 12 MDEV 2 RTT 3 SEQ 2 HSENT 6001 CWND 2 FAST RECOVERY? 0 Flow ID tcp SRC 83 DST 99
At 526 RTO 2 MDEV 0 RTT 0 SEQ 0 HSENT 1 CWND 1 FAST RECOVERY? 0 Flow ID tcp SRC 83 DST 99
At 530 RTO 1 MDEV 0 RTT 0 SEQ 0 HSENT 1 CWND 100 FAST RECOVERY? 0 Flow ID tcp SRC 82 DST 98
At 542 RTO 1 MDEV 0 RTT 0 SEQ 0 HSENT 1 CWND 100 FAST RECOVERY? 0 Flow ID tcp SRC 105 DST 121
At 547 RTO 1 MDEV 0 RTT 0 SEQ 0 HSENT 1 CWND 100 FAST RECOVERY? 0 Flow ID tcp SRC 70 DST 86
At 549 RTO 1 MDEV 0 RTT 0 SEQ 0 HSENT 1 CWND 100 FAST RECOVERY? 0 Flow ID tcp SRC 29 DST 45
At 560 RTO 1 MDEV 0 RTT 0 SEQ 0 HSENT 1 CWND 100 FAST RECOVERY? 0 Flow ID tcp SRC 46 DST 62
At 560 RTO 1 MDEV 0 RTT 0 SEQ 0 HSENT 1 CWND 100 FAST RECOVERY? 0 Flow ID tcp SRC 46 DST 62
At 560 RTO 1 MDEV 0 RTT 0 SEQ 0 HSENT 1 CWND 100 FAST RECOVERY? 0 Flow ID tcp SRC 46 DST 62
At 562 RTO 1 MDEV 0 RTT 0 SEQ 0 HSENT 1 CWND 100 FAST RECOVERY? 0 Flow ID tcp SRC 77 DST 93
At 562 RTO 1 MDEV 0 RTT 0 SEQ 0 HSENT 1 CWND 100 FAST RECOVERY? 0 Flow ID tcp SRC 77 DST 93
At 563 RTO 1 MDEV 0 RTT 0 SEQ 0 HSENT 1 CWND 100 FAST RECOVERY? 0 Flow ID tcp SRC 75 DST 91
At 563 RTO 1 MDEV 0 RTT 0 SEQ 0 HSENT 1 CWND 100 FAST RECOVERY? 0 Flow ID tcp SRC 75 DST 91
At 597 RTO 1 MDEV 0 RTT 0 SEQ 0 HSENT 1 CWND 100 FAST RECOVERY? 0 Flow ID tcp SRC 98 DST 114
At 602 RTO 1 MDEV 0 RTT 0 SEQ 0 HSENT 1 CWND 100 FAST RECOVERY? 0 Flow ID tcp SRC 93 DST 109
At 606 RTO 1 MDEV 0 RTT 0 SEQ 0 HSENT 1 CWND 100 FAST RECOVERY? 0 Flow ID tcp SRC 58 DST 74
At 611 RTO 1 MDEV 0 RTT 0 SEQ 0 HSENT 1 CWND 100 FAST RECOVERY? 0 Flow ID tcp SRC 43 DST 59
At 611 RTO 1 MDEV 0 RTT 0 SEQ 0 HSENT 1 CWND 100 FAST RECOVERY? 0 Flow ID tcp SRC 43 DST 59
At 611 RTO 1 MDEV 0 RTT 0 SEQ 0 HSENT 1 CWND 100 FAST RECOVERY? 0 Flow ID tcp SRC 43 DST 59
At 613 RTO 1 MDEV 0 RTT 0 SEQ 0 HSENT 1 CWND 100 FAST RECOVERY? 0 Flow ID tcp SRC 63 DST 79
At 634 RTO 1 MDEV 0 RTT 0 SEQ 0 HSENT 1 CWND 100 FAST RECOVERY? 0 Flow ID tcp SRC 110 DST 126
At 634 RTO 1 MDEV 0 RTT 0 SEQ 0 HSENT 1 CWND 100 FAST RECOVERY? 0 Flow ID tcp SRC 110 DST 126
At 636 RTO 1 MDEV 0 RTT 0 SEQ 0 HSENT 1 CWND 100 FAST RECOVERY? 0 Flow ID tcp SRC 105 DST 121
At 636 RTO 1 MDEV 0 RTT 0 SEQ 0 HSENT 1 CWND 100 FAST RECOVERY? 0 Flow ID tcp SRC 106 DST 122
At 636 RTO 1 MDEV 0 RTT 0 SEQ 0 HSENT 1 CWND 100 FAST RECOVERY? 0 Flow ID tcp SRC 106 DST 122
At 636 RTO 1 MDEV 0 RTT 0 SEQ 0 HSENT 1 CWND 100 FAST RECOVERY? 0 Flow ID tcp SRC 106 DST 122
At 640 RTO 1 MDEV 0 RTT 0 SEQ 0 HSENT 1 CWND 100 FAST RECOVERY? 0 Flow ID tcp SRC 104 DST 120
At 640 RTO 1 MDEV 0 RTT 0 SEQ 0 HSENT 1 CWND 100 FAST RECOVERY? 0 Flow ID tcp SRC 105 DST 121
At 640 RTO 1 MDEV 0 RTT 0 SEQ 0 HSENT 1 CWND 100 FAST RECOVERY? 0 Flow ID tcp SRC 105 DST 121
At 643 RTO 1 MDEV 0 RTT 0 SEQ 0 HSENT 1 CWND 100 FAST RECOVERY? 0 Flow ID tcp SRC 126 DST 14
[RECONF_CHECK] pass=1 block=0 decision=SKIP (all top-N already connected)
info: reduce-scatter forward pass collective issued for layer: attention_row,info: reduce-scatter forward pass collective issued for layer: mlp_moelayer,[RECONF_CHECK] pass=1 block=1 decision=SKIP (all top-N already connected)
info: reduce-scatter forward pass collective issued for layer: attention_row,info: reduce-scatter forward pass collective issued for layer: mlp_moelayer,info: reduce-scatter input grad collective issued for layer: mlp_moelayer,info: reduce-scatter input grad collective issued for layer: mlp_moelayer,At 1012 RTO 1 MDEV 0 RTT 0 SEQ 0 HSENT 1 CWND 100 FAST RECOVERY? 0 Flow ID tcp SRC 63 DST 79
At 1012 RTO 1 MDEV 0 RTT 0 SEQ 0 HSENT 1 CWND 100 FAST RECOVERY? 0 Flow ID tcp SRC 61 DST 77
At 1017 RTO 1 MDEV 0 RTT 0 SEQ 0 HSENT 1 CWND 100 FAST RECOVERY? 0 Flow ID tcp SRC 60 DST 76
At 1017 RTO 1 MDEV 0 RTT 0 SEQ 0 HSENT 1 CWND 100 FAST RECOVERY? 0 Flow ID tcp SRC 93 DST 109
info: reduce-scatter weight grad collective issued for layer: grad_norm,At 1027 RTO 1 MDEV 0 RTT 0 SEQ 0 HSENT 1 CWND 100 FAST RECOVERY? 0 Flow ID tcp SRC 63 DST 79
At 1032 RTO 1 MDEV 0 RTT 0 SEQ 0 HSENT 1 CWND 100 FAST RECOVERY? 0 Flow ID tcp SRC 62 DST 78
At 1034 RTO 1 MDEV 0 RTT 0 SEQ 0 HSENT 1 CWND 100 FAST RECOVERY? 0 Flow ID tcp SRC 61 DST 77
At 1039 RTO 1 MDEV 0 RTT 0 SEQ 0 HSENT 1 CWND 100 FAST RECOVERY? 0 Flow ID tcp SRC 89 DST 105
At 1057 RTO 1 MDEV 0 RTT 0 SEQ 0 HSENT 1 CWND 100 FAST RECOVERY? 0 Flow ID tcp SRC 122 DST 118
At 1057 RTO 1 MDEV 0 RTT 0 SEQ 0 HSENT 1 CWND 100 FAST RECOVERY? 0 Flow ID tcp SRC 122 DST 10
At 1059 RTO 1 MDEV 0 RTT 0 SEQ 0 HSENT 1 CWND 100 FAST RECOVERY? 0 Flow ID tcp SRC 124 DST 12
[PASS_DRAINED] pass=1 ranks_reported=128
At 1060 RTO 1 MDEV 0 RTT 0 SEQ 0 HSENT 1 CWND 100 FAST RECOVERY? 0 Flow ID tcp SRC 126 DST 14
At 1060 RTO 1 MDEV 0 RTT 0 SEQ 0 HSENT 1 CWND 100 FAST RECOVERY? 0 Flow ID tcp SRC 126 DST 14
At 1060 RTO 1 MDEV 0 RTT 0 SEQ 0 HSENT 1 CWND 100 FAST RECOVERY? 0 Flow ID tcp SRC 127 DST 15
At 1060 RTO 1 MDEV 0 RTT 0 SEQ 0 HSENT 1 CWND 100 FAST RECOVERY? 0 Flow ID tcp SRC 127 DST 15
At 1060 RTO 1 MDEV 0 RTT 0 SEQ 0 HSENT 1 CWND 100 FAST RECOVERY? 0 Flow ID tcp SRC 125 DST 13
At 1061 RTO 1 MDEV 0 RTT 0 SEQ 0 HSENT 1 CWND 100 FAST RECOVERY? 0 Flow ID tcp SRC 29 DST 45
At 1061 RTO 1 MDEV 0 RTT 0 SEQ 0 HSENT 1 CWND 100 FAST RECOVERY? 0 Flow ID tcp SRC 28 DST 44
At 1061 RTO 1 MDEV 0 RTT 0 SEQ 0 HSENT 1 CWND 100 FAST RECOVERY? 0 Flow ID tcp SRC 30 DST 46
At 1065 RTO 1 MDEV 0 RTT 0 SEQ 0 HSENT 1 CWND 100 FAST RECOVERY? 0 Flow ID tcp SRC 29 DST 45
At 1095 RTO 1 MDEV 0 RTT 0 SEQ 0 HSENT 1 CWND 100 FAST RECOVERY? 0 Flow ID tcp SRC 75 DST 91
At 1105 RTO 1 MDEV 0 RTT 0 SEQ 0 HSENT 1 CWND 100 FAST RECOVERY? 0 Flow ID tcp SRC 68 DST 84
At 1136 RTO 1 MDEV 0 RTT 0 SEQ 0 HSENT 1 CWND 100 FAST RECOVERY? 0 Flow ID tcp SRC 36 DST 52
At 1141 RTO 1 MDEV 0 RTT 0 SEQ 0 HSENT 1 CWND 100 FAST RECOVERY? 0 Flow ID tcp SRC 40 DST 56
At 1142 RTO 1 MDEV 0 RTT 0 SEQ 0 HSENT 1 CWND 100 FAST RECOVERY? 0 Flow ID tcp SRC 46 DST 62
At 1142 RTO 1 MDEV 0 RTT 0 SEQ 0 HSENT 1 CWND 100 FAST RECOVERY? 0 Flow ID tcp SRC 54 DST 70
At 1142 RTO 1 MDEV 0 RTT 0 SEQ 0 HSENT 1 CWND 100 FAST RECOVERY? 0 Flow ID tcp SRC 125 DST 13
At 1143 RTO 1 MDEV 0 RTT 0 SEQ 0 HSENT 1 CWND 100 FAST RECOVERY? 0 Flow ID tcp SRC 46 DST 62
At 1154 RTO 1 MDEV 0 RTT 0 SEQ 0 HSENT 1 CWND 100 FAST RECOVERY? 0 Flow ID tcp SRC 30 DST 46
At 1154 RTO 1 MDEV 0 RTT 0 SEQ 0 HSENT 1 CWND 100 FAST RECOVERY? 0 Flow ID tcp SRC 30 DST 46
At 1154 RTO 1 MDEV 0 RTT 0 SEQ 0 HSENT 1 CWND 100 FAST RECOVERY? 0 Flow ID tcp SRC 28 DST 44
At 1186 RTO 1 MDEV 0 RTT 0 SEQ 0 HSENT 1 CWND 100 FAST RECOVERY? 0 Flow ID tcp SRC 91 DST 107
At 1222 RTO 1 MDEV 0 RTT 0 SEQ 0 HSENT 1 CWND 100 FAST RECOVERY? 0 Flow ID tcp SRC 64 DST 80
At 1223 RTO 1 MDEV 0 RTT 0 SEQ 0 HSENT 1 CWND 100 FAST RECOVERY? 0 Flow ID tcp SRC 69 DST 85
At 1242 RTO 1 MDEV 0 RTT 0 SEQ 0 HSENT 1 CWND 100 FAST RECOVERY? 0 Flow ID tcp SRC 107 DST 123
At 1242 RTO 1 MDEV 0 RTT 0 SEQ 0 HSENT 1 CWND 100 FAST RECOVERY? 0 Flow ID tcp SRC 83 DST 99
At 1243 RTO 1 MDEV 0 RTT 0 SEQ 0 HSENT 1 CWND 100 FAST RECOVERY? 0 Flow ID tcp SRC 83 DST 99
At 1262 RTO 1 MDEV 0 RTT 0 SEQ 0 HSENT 1 CWND 100 FAST RECOVERY? 0 Flow ID tcp SRC 105 DST 121
At 1263 RTO 1 MDEV 0 RTT 0 SEQ 0 HSENT 1 CWND 100 FAST RECOVERY? 0 Flow ID tcp SRC 109 DST 125
At 1271 RTO 1 MDEV 0 RTT 0 SEQ 0 HSENT 1 CWND 100 FAST RECOVERY? 0 Flow ID tcp SRC 126 DST 14
At 1271 RTO 1 MDEV 0 RTT 0 SEQ 0 HSENT 1 CWND 100 FAST RECOVERY? 0 Flow ID tcp SRC 126 DST 14
At 1271 RTO 1 MDEV 0 RTT 0 SEQ 0 HSENT 1 CWND 100 FAST RECOVERY? 0 Flow ID tcp SRC 126 DST 14
At 1274 RTO 1 MDEV 0 RTT 0 SEQ 0 HSENT 1 CWND 100 FAST RECOVERY? 0 Flow ID tcp SRC 60 DST 76
At 1274 RTO 1 MDEV 0 RTT 0 SEQ 0 HSENT 1 CWND 100 FAST RECOVERY? 0 Flow ID tcp SRC 60 DST 76
At 1275 RTO 1 MDEV 0 RTT 0 SEQ 0 HSENT 1 CWND 100 FAST RECOVERY? 0 Flow ID tcp SRC 57 DST 73
At 1276 RTO 1 MDEV 0 RTT 0 SEQ 0 HSENT 1 CWND 100 FAST RECOVERY? 0 Flow ID tcp SRC 63 DST 79
At 1281 RTO 1 MDEV 0 RTT 0 SEQ 0 HSENT 1 CWND 100 FAST RECOVERY? 0 Flow ID tcp SRC 37 DST 53
At 1281 RTO 1 MDEV 0 RTT 0 SEQ 0 HSENT 1 CWND 100 FAST RECOVERY? 0 Flow ID tcp SRC 37 DST 53
At 1281 RTO 1 MDEV 0 RTT 0 SEQ 0 HSENT 1 CWND 100 FAST RECOVERY? 0 Flow ID tcp SRC 38 DST 54
At 1283 RTO 1 MDEV 0 RTT 0 SEQ 0 HSENT 1 CWND 100 FAST RECOVERY? 0 Flow ID tcp SRC 25 DST 41
At 1284 RTO 1 MDEV 0 RTT 0 SEQ 0 HSENT 1 CWND 100 FAST RECOVERY? 0 Flow ID tcp SRC 24 DST 40
At 1289 RTO 1 MDEV 0 RTT 0 SEQ 0 HSENT 1 CWND 100 FAST RECOVERY? 0 Flow ID tcp SRC 86 DST 102
At 1295 RTO 1 MDEV 0 RTT 0 SEQ 0 HSENT 1 CWND 100 FAST RECOVERY? 0 Flow ID tcp SRC 29 DST 45
At 1295 RTO 1 MDEV 0 RTT 0 SEQ 0 HSENT 1 CWND 100 FAST RECOVERY? 0 Flow ID tcp SRC 29 DST 45
At 1295 RTO 1 MDEV 0 RTT 0 SEQ 0 HSENT 1 CWND 100 FAST RECOVERY? 0 Flow ID tcp SRC 29 DST 45
At 1297 RTO 1 MDEV 0 RTT 0 SEQ 0 HSENT 1 CWND 100 FAST RECOVERY? 0 Flow ID tcp SRC 28 DST 44
At 1297 RTO 1 MDEV 0 RTT 0 SEQ 0 HSENT 1 CWND 100 FAST RECOVERY? 0 Flow ID tcp SRC 31 DST 47
At 1299 RTO 1 MDEV 0 RTT 0 SEQ 0 HSENT 1 CWND 100 FAST RECOVERY? 0 Flow ID tcp SRC 122 DST 10
At 1299 RTO 1 MDEV 0 RTT 0 SEQ 0 HSENT 1 CWND 100 FAST RECOVERY? 0 Flow ID tcp SRC 122 DST 10
At 1300 RTO 2 MDEV 0 RTT 0 SEQ 0 HSENT 1 CWND 1 FAST RECOVERY? 0 Flow ID tcp SRC 31 DST 47
At 1317 RTO 1 MDEV 0 RTT 0 SEQ 0 HSENT 1 CWND 100 FAST RECOVERY? 0 Flow ID tcp SRC 7 DST 23
At 1317 RTO 1 MDEV 0 RTT 0 SEQ 0 HSENT 1 CWND 100 FAST RECOVERY? 0 Flow ID tcp SRC 7 DST 23
At 1317 RTO 1 MDEV 0 RTT 0 SEQ 0 HSENT 1 CWND 100 FAST RECOVERY? 0 Flow ID tcp SRC 4 DST 20
At 1317 RTO 1 MDEV 0 RTT 0 SEQ 0 HSENT 1 CWND 100 FAST RECOVERY? 0 Flow ID tcp SRC 4 DST 20
At 1318 RTO 1 MDEV 0 RTT 0 SEQ 0 HSENT 1 CWND 100 FAST RECOVERY? 0 Flow ID tcp SRC 4 DST 20
At 1318 RTO 1 MDEV 0 RTT 0 SEQ 0 HSENT 1 CWND 100 FAST RECOVERY? 0 Flow ID tcp SRC 6 DST 22
At 1318 RTO 1 MDEV 0 RTT 0 SEQ 0 HSENT 1 CWND 100 FAST RECOVERY? 0 Flow ID tcp SRC 6 DST 22
At 1318 RTO 1 MDEV 0 RTT 0 SEQ 0 HSENT 1 CWND 100 FAST RECOVERY? 0 Flow ID tcp SRC 124 DST 12
At 1319 RTO 1 MDEV 0 RTT 0 SEQ 0 HSENT 1 CWND 100 FAST RECOVERY? 0 Flow ID tcp SRC 127 DST 15
At 1331 RTO 1 MDEV 0 RTT 0 SEQ 0 HSENT 1 CWND 100 FAST RECOVERY? 0 Flow ID tcp SRC 121 DST 9
At 1353 RTO 1 MDEV 0 RTT 0 SEQ 0 HSENT 1 CWND 100 FAST RECOVERY? 0 Flow ID tcp SRC 76 DST 92
At 1353 RTO 1 MDEV 0 RTT 0 SEQ 0 HSENT 1 CWND 100 FAST RECOVERY? 0 Flow ID tcp SRC 79 DST 95
At 1353 RTO 1 MDEV 0 RTT 0 SEQ 0 HSENT 1 CWND 100 FAST RECOVERY? 0 Flow ID tcp SRC 79 DST 95
At 1353 RTO 1 MDEV 0 RTT 0 SEQ 0 HSENT 1 CWND 100 FAST RECOVERY? 0 Flow ID tcp SRC 78 DST 94
At 1353 RTO 1 MDEV 0 RTT 0 SEQ 0 HSENT 1 CWND 100 FAST RECOVERY? 0 Flow ID tcp SRC 78 DST 94
At 1361 RTO 1 MDEV 0 RTT 0 SEQ 0 HSENT 1 CWND 100 FAST RECOVERY? 0 Flow ID tcp SRC 72 DST 88
At 1361 RTO 1 MDEV 0 RTT 0 SEQ 0 HSENT 1 CWND 100 FAST RECOVERY? 0 Flow ID tcp SRC 102 DST 118
At 1361 RTO 1 MDEV 0 RTT 0 SEQ 0 HSENT 1 CWND 100 FAST RECOVERY? 0 Flow ID tcp SRC 102 DST 118
At 1362 RTO 1 MDEV 0 RTT 0 SEQ 0 HSENT 1 CWND 100 FAST RECOVERY? 0 Flow ID tcp SRC 101 DST 117
At 1384 RTO 1 MDEV 0 RTT 0 SEQ 0 HSENT 1 CWND 100 FAST RECOVERY? 0 Flow ID tcp SRC 75 DST 91
[RECONF_CHECK] pass=2 block=0 decision=SKIP (all top-N already connected)
At 1410 RTO 1 MDEV 0 RTT 0 SEQ 0 HSENT 1 CWND 100 FAST RECOVERY? 0 Flow ID tcp SRC 10 DST 26
At 1410 RTO 1 MDEV 0 RTT 0 SEQ 0 HSENT 1 CWND 100 FAST RECOVERY? 0 Flow ID tcp SRC 47 DST 63
At 1411 RTO 1 MDEV 0 RTT 0 SEQ 0 HSENT 1 CWND 100 FAST RECOVERY? 0 Flow ID tcp SRC 42 DST 58
At 1411 RTO 1 MDEV 0 RTT 0 SEQ 0 HSENT 1 CWND 100 FAST RECOVERY? 0 Flow ID tcp SRC 42 DST 58
At 1411 RTO 1 MDEV 0 RTT 0 SEQ 0 HSENT 1 CWND 100 FAST RECOVERY? 0 Flow ID tcp SRC 43 DST 59
At 1411 RTO 1 MDEV 0 RTT 0 SEQ 0 HSENT 1 CWND 100 FAST RECOVERY? 0 Flow ID tcp SRC 43 DST 59
At 1412 RTO 1 MDEV 0 RTT 0 SEQ 0 HSENT 1 CWND 100 FAST RECOVERY? 0 Flow ID tcp SRC 45 DST 61
At 1412 RTO 1 MDEV 0 RTT 0 SEQ 0 HSENT 1 CWND 100 FAST RECOVERY? 0 Flow ID tcp SRC 45 DST 61
At 1412 RTO 1 MDEV 0 RTT 0 SEQ 0 HSENT 1 CWND 100 FAST RECOVERY? 0 Flow ID tcp SRC 40 DST 56
At 1412 RTO 1 MDEV 0 RTT 0 SEQ 0 HSENT 1 CWND 100 FAST RECOVERY? 0 Flow ID tcp SRC 44 DST 60
At 1412 RTO 1 MDEV 0 RTT 0 SEQ 0 HSENT 1 CWND 100 FAST RECOVERY? 0 Flow ID tcp SRC 44 DST 60
At 1421 RTO 1 MDEV 0 RTT 0 SEQ 0 HSENT 1 CWND 100 FAST RECOVERY? 0 Flow ID tcp SRC 10 DST 26
At 1428 RTO 1 MDEV 0 RTT 0 SEQ 0 HSENT 1 CWND 100 FAST RECOVERY? 0 Flow ID tcp SRC 15 DST 31
At 1428 RTO 1 MDEV 0 RTT 0 SEQ 0 HSENT 1 CWND 100 FAST RECOVERY? 0 Flow ID tcp SRC 12 DST 28
At 1431 RTO 1 MDEV 0 RTT 0 SEQ 0 HSENT 1 CWND 100 FAST RECOVERY? 0 Flow ID tcp SRC 88 DST 104
info: reduce-scatter forward pass collective issued for layer: attention_row,At 1479 RTO 1 MDEV 0 RTT 0 SEQ 0 HSENT 1 CWND 100 FAST RECOVERY? 0 Flow ID tcp SRC 61 DST 77
[RECONF_CHECK] pass=2 block=1 decision=SKIP (all top-N already connected)
info: reduce-scatter forward pass collective issued for layer: mlp_moelayer,info: reduce-scatter forward pass collective issued for layer: attention_row,info: reduce-scatter forward pass collective issued for layer: mlp_moelayer,info: reduce-scatter input grad collective issued for layer: mlp_moelayer,info: reduce-scatter input grad collective issued for layer: mlp_moelayer,info: reduce-scatter weight grad collective issued for layer: grad_norm,At 1780 RTO 1 MDEV 0 RTT 0 SEQ 0 HSENT 1 CWND 100 FAST RECOVERY? 0 Flow ID tcp SRC 31 DST 47
At 1788 RTO 1 MDEV 0 RTT 0 SEQ 0 HSENT 1 CWND 100 FAST RECOVERY? 0 Flow ID tcp SRC 30 DST 46
At 1791 RTO 2 MDEV 0 RTT 0 SEQ 0 HSENT 1 CWND 1 FAST RECOVERY? 0 Flow ID tcp SRC 30 DST 46
At 1791 RTO 1 MDEV 0 RTT 0 SEQ 0 HSENT 1 CWND 100 FAST RECOVERY? 0 Flow ID tcp SRC 42 DST 58
At 1791 RTO 1 MDEV 0 RTT 0 SEQ 0 HSENT 1 CWND 100 FAST RECOVERY? 0 Flow ID tcp SRC 29 DST 45
At 1793 RTO 1 MDEV 0 RTT 0 SEQ 0 HSENT 1 CWND 100 FAST RECOVERY? 0 Flow ID tcp SRC 27 DST 43
At 1794 RTO 2 MDEV 0 RTT 0 SEQ 0 HSENT 1 CWND 1 FAST RECOVERY? 0 Flow ID tcp SRC 29 DST 45
At 1796 RTO 2 MDEV 0 RTT 0 SEQ 0 HSENT 1 CWND 1 FAST RECOVERY? 0 Flow ID tcp SRC 27 DST 43
[PASS_DRAINED] pass=2 ranks_reported=128
At 1822 RTO 1 MDEV 0 RTT 0 SEQ 0 HSENT 1 CWND 100 FAST RECOVERY? 0 Flow ID tcp SRC 62 DST 78
At 1822 RTO 1 MDEV 0 RTT 0 SEQ 0 HSENT 1 CWND 100 FAST RECOVERY? 0 Flow ID tcp SRC 61 DST 77
At 1822 RTO 1 MDEV 0 RTT 0 SEQ 0 HSENT 1 CWND 100 FAST RECOVERY? 0 Flow ID tcp SRC 63 DST 79
At 1822 RTO 1 MDEV 0 RTT 0 SEQ 0 HSENT 1 CWND 100 FAST RECOVERY? 0 Flow ID tcp SRC 60 DST 76
At 1822 RTO 1 MDEV 0 RTT 0 SEQ 0 HSENT 1 CWND 100 FAST RECOVERY? 0 Flow ID tcp SRC 92 DST 108
At 1822 RTO 1 MDEV 0 RTT 0 SEQ 0 HSENT 1 CWND 100 FAST RECOVERY? 0 Flow ID tcp SRC 94 DST 110
At 1822 RTO 1 MDEV 0 RTT 0 SEQ 0 HSENT 1 CWND 100 FAST RECOVERY? 0 Flow ID tcp SRC 93 DST 109
At 1826 RTO 1 MDEV 0 RTT 0 SEQ 0 HSENT 1 CWND 100 FAST RECOVERY? 0 Flow ID tcp SRC 92 DST 108
At 1868 RTO 1 MDEV 0 RTT 0 SEQ 0 HSENT 1 CWND 100 FAST RECOVERY? 0 Flow ID tcp SRC 21 DST 37
At 1868 RTO 1 MDEV 0 RTT 0 SEQ 0 HSENT 1 CWND 100 FAST RECOVERY? 0 Flow ID tcp SRC 20 DST 36
At 1868 RTO 1 MDEV 0 RTT 0 SEQ 0 HSENT 1 CWND 100 FAST RECOVERY? 0 Flow ID tcp SRC 20 DST 36
At 1878 RTO 1 MDEV 0 RTT 0 SEQ 0 HSENT 1 CWND 100 FAST RECOVERY? 0 Flow ID tcp SRC 113 DST 1
At 1879 RTO 1 MDEV 0 RTT 0 SEQ 0 HSENT 1 CWND 100 FAST RECOVERY? 0 Flow ID tcp SRC 18 DST 34
At 1882 RTO 2 MDEV 0 RTT 0 SEQ 0 HSENT 1 CWND 1 FAST RECOVERY? 0 Flow ID tcp SRC 18 DST 34
At 1882 RTO 1 MDEV 0 RTT 0 SEQ 0 HSENT 1 CWND 100 FAST RECOVERY? 0 Flow ID tcp SRC 22 DST 38
At 1883 RTO 1 MDEV 0 RTT 0 SEQ 0 HSENT 1 CWND 100 FAST RECOVERY? 0 Flow ID tcp SRC 20 DST 36
At 1885 RTO 2 MDEV 0 RTT 0 SEQ 0 HSENT 1 CWND 1 FAST RECOVERY? 0 Flow ID tcp SRC 22 DST 38
At 1886 RTO 2 MDEV 0 RTT 0 SEQ 0 HSENT 1 CWND 1 FAST RECOVERY? 0 Flow ID tcp SRC 20 DST 36
At 1900 RTO 1 MDEV 0 RTT 0 SEQ 0 HSENT 1 CWND 100 FAST RECOVERY? 0 Flow ID tcp SRC 115 DST 3
At 1900 RTO 1 MDEV 0 RTT 0 SEQ 0 HSENT 1 CWND 100 FAST RECOVERY? 0 Flow ID tcp SRC 115 DST 3
At 1911 RTO 1 MDEV 0 RTT 0 SEQ 0 HSENT 1 CWND 100 FAST RECOVERY? 0 Flow ID tcp SRC 105 DST 121
At 1928 RTO 1 MDEV 0 RTT 0 SEQ 0 HSENT 1 CWND 100 FAST RECOVERY? 0 Flow ID tcp SRC 108 DST 124
At 1928 RTO 1 MDEV 0 RTT 0 SEQ 0 HSENT 1 CWND 100 FAST RECOVERY? 0 Flow ID tcp SRC 111 DST 127
At 1930 RTO 1 MDEV 0 RTT 0 SEQ 0 HSENT 1 CWND 100 FAST RECOVERY? 0 Flow ID tcp SRC 109 DST 125
At 1930 RTO 1 MDEV 0 RTT 0 SEQ 0 HSENT 1 CWND 100 FAST RECOVERY? 0 Flow ID tcp SRC 109 DST 125
At 1930 RTO 1 MDEV 0 RTT 0 SEQ 0 HSENT 1 CWND 100 FAST RECOVERY? 0 Flow ID tcp SRC 111 DST 127
At 1939 RTO 1 MDEV 0 RTT 0 SEQ 0 HSENT 1 CWND 100 FAST RECOVERY? 0 Flow ID tcp SRC 79 DST 95
At 1948 RTO 1 MDEV 0 RTT 0 SEQ 0 HSENT 1 CWND 100 FAST RECOVERY? 0 Flow ID tcp SRC 126 DST 14
At 1968 RTO 1 MDEV 0 RTT 0 SEQ 0 HSENT 1 CWND 100 FAST RECOVERY? 0 Flow ID tcp SRC 33 DST 49
At 1968 RTO 1 MDEV 0 RTT 0 SEQ 0 HSENT 1 CWND 100 FAST RECOVERY? 0 Flow ID tcp SRC 36 DST 52
At 1985 RTO 1 MDEV 0 RTT 0 SEQ 0 HSENT 1 CWND 100 FAST RECOVERY? 0 Flow ID tcp SRC 33 DST 49
At 2007 RTO 1 MDEV 0 RTT 0 SEQ 0 HSENT 1 CWND 100 FAST RECOVERY? 0 Flow ID tcp SRC 111 DST 127
At 2014 RTO 1 MDEV 0 RTT 0 SEQ 0 HSENT 1 CWND 100 FAST RECOVERY? 0 Flow ID tcp SRC 104 DST 120
At 2021 RTO 1 MDEV 0 RTT 0 SEQ 0 HSENT 1 CWND 100 FAST RECOVERY? 0 Flow ID tcp SRC 4 DST 20
At 2040 RTO 1 MDEV 0 RTT 0 SEQ 0 HSENT 1 CWND 100 FAST RECOVERY? 0 Flow ID tcp SRC 13 DST 29
At 2040 RTO 1 MDEV 0 RTT 0 SEQ 0 HSENT 1 CWND 100 FAST RECOVERY? 0 Flow ID tcp SRC 13 DST 29
At 2042 RTO 1 MDEV 0 RTT 0 SEQ 0 HSENT 1 CWND 100 FAST RECOVERY? 0 Flow ID tcp SRC 122 DST 10
At 2043 RTO 1 MDEV 0 RTT 0 SEQ 0 HSENT 1 CWND 100 FAST RECOVERY? 0 Flow ID tcp SRC 124 DST 12
At 2052 RTO 1 MDEV 0 RTT 0 SEQ 0 HSENT 1 CWND 100 FAST RECOVERY? 0 Flow ID tcp SRC 41 DST 57
At 2052 RTO 1 MDEV 0 RTT 0 SEQ 0 HSENT 1 CWND 100 FAST RECOVERY? 0 Flow ID tcp SRC 41 DST 57
At 2053 RTO 1 MDEV 0 RTT 0 SEQ 0 HSENT 1 CWND 100 FAST RECOVERY? 0 Flow ID tcp SRC 76 DST 92
At 2055 RTO 2 MDEV 0 RTT 0 SEQ 0 HSENT 1 CWND 1 FAST RECOVERY? 0 Flow ID tcp SRC 41 DST 57
At 2055 RTO 2 MDEV 0 RTT 0 SEQ 0 HSENT 1 CWND 1 FAST RECOVERY? 0 Flow ID tcp SRC 41 DST 57
At 2056 RTO 1 MDEV 0 RTT 0 SEQ 0 HSENT 1 CWND 100 FAST RECOVERY? 0 Flow ID tcp SRC 78 DST 94
At 2067 RTO 1 MDEV 0 RTT 0 SEQ 0 HSENT 1 CWND 100 FAST RECOVERY? 0 Flow ID tcp SRC 75 DST 91
At 2068 RTO 1 MDEV 0 RTT 0 SEQ 0 HSENT 1 CWND 100 FAST RECOVERY? 0 Flow ID tcp SRC 66 DST 82
At 2068 RTO 1 MDEV 0 RTT 0 SEQ 0 HSENT 1 CWND 100 FAST RECOVERY? 0 Flow ID tcp SRC 75 DST 91
At 2110 RTO 1 MDEV 0 RTT 0 SEQ 0 HSENT 1 CWND 100 FAST RECOVERY? 0 Flow ID tcp SRC 10 DST 26
At 2110 RTO 1 MDEV 0 RTT 0 SEQ 0 HSENT 1 CWND 100 FAST RECOVERY? 0 Flow ID tcp SRC 10 DST 26
At 2111 RTO 1 MDEV 0 RTT 0 SEQ 0 HSENT 1 CWND 100 FAST RECOVERY? 0 Flow ID tcp SRC 12 DST 28
At 2111 RTO 1 MDEV 0 RTT 0 SEQ 0 HSENT 1 CWND 100 FAST RECOVERY? 0 Flow ID tcp SRC 12 DST 28
At 2116 RTO 1 MDEV 0 RTT 0 SEQ 0 HSENT 1 CWND 100 FAST RECOVERY? 0 Flow ID tcp SRC 51 DST 67
At 2117 RTO 1 MDEV 0 RTT 0 SEQ 0 HSENT 1 CWND 100 FAST RECOVERY? 0 Flow ID tcp SRC 116 DST 4
At 2118 RTO 1 MDEV 0 RTT 0 SEQ 0 HSENT 1 CWND 100 FAST RECOVERY? 0 Flow ID tcp SRC 11 DST 27
At 2118 RTO 1 MDEV 0 RTT 0 SEQ 0 HSENT 1 CWND 100 FAST RECOVERY? 0 Flow ID tcp SRC 11 DST 27
At 2118 RTO 1 MDEV 0 RTT 0 SEQ 0 HSENT 1 CWND 100 FAST RECOVERY? 0 Flow ID tcp SRC 112 DST 0
At 2119 RTO 1 MDEV 0 RTT 0 SEQ 0 HSENT 1 CWND 100 FAST RECOVERY? 0 Flow ID tcp SRC 9 DST 25
At 2119 RTO 1 MDEV 0 RTT 0 SEQ 0 HSENT 1 CWND 100 FAST RECOVERY? 0 Flow ID tcp SRC 9 DST 25
At 2119 RTO 1 MDEV 0 RTT 0 SEQ 0 HSENT 1 CWND 100 FAST RECOVERY? 0 Flow ID tcp SRC 10 DST 26
At 2121 RTO 2 MDEV 0 RTT 0 SEQ 0 HSENT 1 CWND 1 FAST RECOVERY? 0 Flow ID tcp SRC 11 DST 27
At 2121 RTO 2 MDEV 0 RTT 0 SEQ 0 HSENT 1 CWND 1 FAST RECOVERY? 0 Flow ID tcp SRC 11 DST 27
At 2122 RTO 2 MDEV 0 RTT 0 SEQ 0 HSENT 1 CWND 1 FAST RECOVERY? 0 Flow ID tcp SRC 9 DST 25
At 2122 RTO 2 MDEV 0 RTT 0 SEQ 0 HSENT 1 CWND 1 FAST RECOVERY? 0 Flow ID tcp SRC 9 DST 25
At 2122 RTO 2 MDEV 0 RTT 0 SEQ 0 HSENT 1 CWND 1 FAST RECOVERY? 0 Flow ID tcp SRC 10 DST 26
At 2123 RTO 1 MDEV 0 RTT 0 SEQ 0 HSENT 1 CWND 100 FAST RECOVERY? 0 Flow ID tcp SRC 31 DST 47
At 2123 RTO 1 MDEV 0 RTT 0 SEQ 0 HSENT 1 CWND 100 FAST RECOVERY? 0 Flow ID tcp SRC 87 DST 103
[RECONF_CHECK] pass=3 block=0 decision=SKIP (all top-N already connected)
At 2124 RTO 1 MDEV 0 RTT 0 SEQ 0 HSENT 1 CWND 100 FAST RECOVERY? 0 Flow ID tcp SRC 118 DST 6
At 2124 RTO 1 MDEV 0 RTT 0 SEQ 0 HSENT 1 CWND 100 FAST RECOVERY? 0 Flow ID tcp SRC 118 DST 6
At 2127 RTO 1 MDEV 0 RTT 0 SEQ 0 HSENT 1 CWND 100 FAST RECOVERY? 0 Flow ID tcp SRC 14 DST 30
At 2142 RTO 1 MDEV 0 RTT 0 SEQ 0 HSENT 1 CWND 100 FAST RECOVERY? 0 Flow ID tcp SRC 47 DST 63
info: reduce-scatter forward pass collective issued for layer: attention_row,At 2164 RTO 1 MDEV 0 RTT 0 SEQ 0 HSENT 1 CWND 100 FAST RECOVERY? 0 Flow ID tcp SRC 57 DST 73
At 2173 RTO 1 MDEV 0 RTT 0 SEQ 0 HSENT 1 CWND 100 FAST RECOVERY? 0 Flow ID tcp SRC 108 DST 124
At 2189 RTO 1 MDEV 0 RTT 0 SEQ 0 HSENT 1 CWND 100 FAST RECOVERY? 0 Flow ID tcp SRC 76 DST 92
At 2190 RTO 10 MDEV 0 RTT 6 SEQ 54158 HSENT 81451501 CWND 143 FAST RECOVERY? 0 Flow ID tcp SRC 63 DST 79
At 2190 RTO 10 MDEV 0 RTT 6 SEQ 49676 HSENT 74737501 CWND 149 FAST RECOVERY? 0 Flow ID tcp SRC 62 DST 78
At 2190 RTO 10 MDEV 0 RTT 6 SEQ 50985 HSENT 76710001 CWND 155 FAST RECOVERY? 0 Flow ID tcp SRC 62 DST 78
At 2190 RTO 10 MDEV 0 RTT 6 SEQ 45725 HSENT 68802001 CWND 143 FAST RECOVERY? 0 Flow ID tcp SRC 57 DST 73
At 2190 RTO 10 MDEV 0 RTT 6 SEQ 215 HSENT 402001 CWND 53 FAST RECOVERY? 0 Flow ID tcp SRC 57 DST 73
At 2190 RTO 10 MDEV 0 RTT 6 SEQ 12827 HSENT 38632501 CWND 12928 FAST RECOVERY? 0 Flow ID tcp SRC 61 DST 77
info: reduce-scatter forward pass collective issued for layer: mlp_moelayer,[RECONF_CHECK] pass=3 block=1 decision=SKIP (all top-N already connected)
info: reduce-scatter forward pass collective issued for layer: attention_row,info: reduce-scatter forward pass collective issued for layer: mlp_moelayer,info: reduce-scatter input grad collective issued for layer: mlp_moelayer,info: reduce-scatter input grad collective issued for layer: mlp_moelayer,info: reduce-scatter weight grad collective issued for layer: grad_norm,At 2511 RTO 1 MDEV 0 RTT 0 SEQ 0 HSENT 1 CWND 100 FAST RECOVERY? 0 Flow ID tcp SRC 126 DST 14
At 2511 RTO 1 MDEV 0 RTT 0 SEQ 0 HSENT 1 CWND 100 FAST RECOVERY? 0 Flow ID tcp SRC 125 DST 13
At 2512 RTO 1 MDEV 0 RTT 0 SEQ 0 HSENT 1 CWND 100 FAST RECOVERY? 0 Flow ID tcp SRC 124 DST 12
At 2512 RTO 1 MDEV 0 RTT 0 SEQ 0 HSENT 1 CWND 100 FAST RECOVERY? 0 Flow ID tcp SRC 127 DST 15
At 2515 RTO 1 MDEV 0 RTT 0 SEQ 0 HSENT 1 CWND 100 FAST RECOVERY? 0 Flow ID tcp SRC 127 DST 15
At 2522 RTO 1 MDEV 0 RTT 0 SEQ 0 HSENT 1 CWND 100 FAST RECOVERY? 0 Flow ID tcp SRC 28 DST 44
At 2522 RTO 1 MDEV 0 RTT 0 SEQ 0 HSENT 1 CWND 100 FAST RECOVERY? 0 Flow ID tcp SRC 28 DST 44
At 2530 RTO 1 MDEV 0 RTT 0 SEQ 0 HSENT 1 CWND 100 FAST RECOVERY? 0 Flow ID tcp SRC 60 DST 76
At 2530 RTO 1 MDEV 0 RTT 0 SEQ 0 HSENT 1 CWND 100 FAST RECOVERY? 0 Flow ID tcp SRC 60 DST 76
At 2530 RTO 1 MDEV 0 RTT 0 SEQ 0 HSENT 1 CWND 100 FAST RECOVERY? 0 Flow ID tcp SRC 62 DST 78
[PASS_DRAINED] pass=3 ranks_reported=128
At 2536 RTO 1 MDEV 0 RTT 0 SEQ 0 HSENT 1 CWND 100 FAST RECOVERY? 0 Flow ID tcp SRC 92 DST 108
At 2536 RTO 1 MDEV 0 RTT 0 SEQ 0 HSENT 1 CWND 100 FAST RECOVERY? 0 Flow ID tcp SRC 94 DST 110
At 2536 RTO 1 MDEV 0 RTT 0 SEQ 0 HSENT 1 CWND 100 FAST RECOVERY? 0 Flow ID tcp SRC 94 DST 110
At 2625 RTO 1 MDEV 0 RTT 0 SEQ 0 HSENT 1 CWND 100 FAST RECOVERY? 0 Flow ID tcp SRC 100 DST 116
At 2629 RTO 1 MDEV 0 RTT 0 SEQ 0 HSENT 1 CWND 100 FAST RECOVERY? 0 Flow ID tcp SRC 103 DST 119
At 2629 RTO 1 MDEV 0 RTT 0 SEQ 0 HSENT 1 CWND 100 FAST RECOVERY? 0 Flow ID tcp SRC 103 DST 119
At 2641 RTO 1 MDEV 0 RTT 0 SEQ 0 HSENT 1 CWND 100 FAST RECOVERY? 0 Flow ID tcp SRC 118 DST 6
At 2645 RTO 1 MDEV 0 RTT 0 SEQ 0 HSENT 1 CWND 100 FAST RECOVERY? 0 Flow ID tcp SRC 113 DST 1
At 2646 RTO 1 MDEV 0 RTT 0 SEQ 0 HSENT 1 CWND 100 FAST RECOVERY? 0 Flow ID tcp SRC 115 DST 3
At 2646 RTO 1 MDEV 0 RTT 0 SEQ 0 HSENT 1 CWND 100 FAST RECOVERY? 0 Flow ID tcp SRC 115 DST 3
At 2647 RTO 1 MDEV 0 RTT 0 SEQ 0 HSENT 1 CWND 100 FAST RECOVERY? 0 Flow ID tcp SRC 112 DST 0
At 2647 RTO 1 MDEV 0 RTT 0 SEQ 0 HSENT 1 CWND 100 FAST RECOVERY? 0 Flow ID tcp SRC 112 DST 0
At 2661 RTO 1 MDEV 0 RTT 0 SEQ 0 HSENT 1 CWND 100 FAST RECOVERY? 0 Flow ID tcp SRC 85 DST 101
At 2685 RTO 1 MDEV 0 RTT 0 SEQ 0 HSENT 1 CWND 100 FAST RECOVERY? 0 Flow ID tcp SRC 52 DST 68
At 2685 RTO 1 MDEV 0 RTT 0 SEQ 0 HSENT 1 CWND 100 FAST RECOVERY? 0 Flow ID tcp SRC 52 DST 68
At 2685 RTO 1 MDEV 0 RTT 0 SEQ 0 HSENT 1 CWND 100 FAST RECOVERY? 0 Flow ID tcp SRC 50 DST 66
At 2690 RTO 1 MDEV 0 RTT 0 SEQ 0 HSENT 1 CWND 100 FAST RECOVERY? 0 Flow ID tcp SRC 50 DST 66
At 2724 RTO 1 MDEV 0 RTT 0 SEQ 0 HSENT 1 CWND 100 FAST RECOVERY? 0 Flow ID tcp SRC 0 DST 16
At 2747 RTO 1 MDEV 0 RTT 0 SEQ 0 HSENT 1 CWND 100 FAST RECOVERY? 0 Flow ID tcp SRC 45 DST 61
At 2747 RTO 1 MDEV 0 RTT 0 SEQ 0 HSENT 1 CWND 100 FAST RECOVERY? 0 Flow ID tcp SRC 45 DST 61
At 2747 RTO 1 MDEV 0 RTT 0 SEQ 0 HSENT 1 CWND 100 FAST RECOVERY? 0 Flow ID tcp SRC 41 DST 57
At 2747 RTO 1 MDEV 0 RTT 0 SEQ 0 HSENT 1 CWND 100 FAST RECOVERY? 0 Flow ID tcp SRC 47 DST 63
At 2747 RTO 1 MDEV 0 RTT 0 SEQ 0 HSENT 1 CWND 100 FAST RECOVERY? 0 Flow ID tcp SRC 47 DST 63
At 2753 RTO 1 MDEV 0 RTT 0 SEQ 0 HSENT 1 CWND 100 FAST RECOVERY? 0 Flow ID tcp SRC 16 DST 32
At 2764 RTO 1 MDEV 0 RTT 0 SEQ 0 HSENT 1 CWND 100 FAST RECOVERY? 0 Flow ID tcp SRC 64 DST 80
At 2764 RTO 1 MDEV 0 RTT 0 SEQ 0 HSENT 1 CWND 100 FAST RECOVERY? 0 Flow ID tcp SRC 64 DST 80
At 2765 RTO 1 MDEV 0 RTT 0 SEQ 0 HSENT 1 CWND 100 FAST RECOVERY? 0 Flow ID tcp SRC 77 DST 93
At 2765 RTO 1 MDEV 0 RTT 0 SEQ 0 HSENT 1 CWND 100 FAST RECOVERY? 0 Flow ID tcp SRC 67 DST 83
At 2765 RTO 1 MDEV 0 RTT 0 SEQ 0 HSENT 1 CWND 100 FAST RECOVERY? 0 Flow ID tcp SRC 67 DST 83
At 2767 RTO 2 MDEV 0 RTT 0 SEQ 0 HSENT 1 CWND 1 FAST RECOVERY? 0 Flow ID tcp SRC 64 DST 80
At 2767 RTO 2 MDEV 0 RTT 0 SEQ 0 HSENT 1 CWND 1 FAST RECOVERY? 0 Flow ID tcp SRC 64 DST 80
At 2767 RTO 1 MDEV 0 RTT 0 SEQ 0 HSENT 1 CWND 100 FAST RECOVERY? 0 Flow ID tcp SRC 3 DST 19
At 2768 RTO 2 MDEV 0 RTT 0 SEQ 0 HSENT 1 CWND 1 FAST RECOVERY? 0 Flow ID tcp SRC 67 DST 83
At 2768 RTO 2 MDEV 0 RTT 0 SEQ 0 HSENT 1 CWND 1 FAST RECOVERY? 0 Flow ID tcp SRC 67 DST 83
At 2773 RTO 4 MDEV 0 RTT 0 SEQ 0 HSENT 1 CWND 1 FAST RECOVERY? 0 Flow ID tcp SRC 67 DST 83
At 2773 RTO 4 MDEV 0 RTT 0 SEQ 0 HSENT 1 CWND 1 FAST RECOVERY? 0 Flow ID tcp SRC 67 DST 83
At 2777 RTO 10 MDEV 0 RTT 6 SEQ 74999 HSENT 113050501 CWND 368 FAST RECOVERY? 0 Flow ID tcp SRC 68 DST 84
At 2778 RTO 1 MDEV 0 RTT 0 SEQ 0 HSENT 1 CWND 100 FAST RECOVERY? 0 Flow ID tcp SRC 98 DST 114
At 2818 RTO 1 MDEV 0 RTT 0 SEQ 0 HSENT 1 CWND 100 FAST RECOVERY? 0 Flow ID tcp SRC 65 DST 81
At 2819 RTO 1 MDEV 0 RTT 0 SEQ 0 HSENT 1 CWND 100 FAST RECOVERY? 0 Flow ID tcp SRC 21 DST 37
At 2819 RTO 1 MDEV 0 RTT 0 SEQ 0 HSENT 1 CWND 100 FAST RECOVERY? 0 Flow ID tcp SRC 21 DST 37
At 2819 RTO 1 MDEV 0 RTT 0 SEQ 0 HSENT 1 CWND 100 FAST RECOVERY? 0 Flow ID tcp SRC 20 DST 36
At 2819 RTO 1 MDEV 0 RTT 0 SEQ 0 HSENT 1 CWND 100 FAST RECOVERY? 0 Flow ID tcp SRC 23 DST 39
At 2830 RTO 1 MDEV 0 RTT 0 SEQ 0 HSENT 1 CWND 100 FAST RECOVERY? 0 Flow ID tcp SRC 17 DST 33
At 2843 RTO 1 MDEV 0 RTT 0 SEQ 0 HSENT 1 CWND 100 FAST RECOVERY? 0 Flow ID tcp SRC 13 DST 29
At 2843 RTO 1 MDEV 0 RTT 0 SEQ 0 HSENT 1 CWND 100 FAST RECOVERY? 0 Flow ID tcp SRC 8 DST 24
[RECONF_CHECK] pass=4 block=0 decision=SKIP (all top-N already connected)
At 2868 RTO 10 MDEV 0 RTT 5 SEQ 45265 HSENT 68070001 CWND 115 FAST RECOVERY? 0 Flow ID tcp SRC 9 DST 25
At 2868 RTO 10 MDEV 0 RTT 5 SEQ 44767 HSENT 67323001 CWND 115 FAST RECOVERY? 0 Flow ID tcp SRC 10 DST 26
At 2868 RTO 10 MDEV 0 RTT 5 SEQ 44871 HSENT 67479001 CWND 115 FAST RECOVERY? 0 Flow ID tcp SRC 11 DST 27
At 2868 RTO 10 MDEV 0 RTT 5 SEQ 42882 HSENT 64498501 CWND 117 FAST RECOVERY? 0 Flow ID tcp SRC 12 DST 28
At 2868 RTO 10 MDEV 0 RTT 5 SEQ 42827 HSENT 64416001 CWND 117 FAST RECOVERY? 0 Flow ID tcp SRC 12 DST 28
At 2868 RTO 10 MDEV 0 RTT 5 SEQ 31562 HSENT 47521501 CWND 119 FAST RECOVERY? 0 Flow ID tcp SRC 11 DST 27
At 2868 RTO 10 MDEV 0 RTT 5 SEQ 215 HSENT 402001 CWND 53 FAST RECOVERY? 0 Flow ID tcp SRC 13 DST 29
At 2871 RTO 1 MDEV 0 RTT 0 SEQ 0 HSENT 1 CWND 100 FAST RECOVERY? 0 Flow ID tcp SRC 73 DST 89
At 2879 RTO 10 MDEV 0 RTT 8 SEQ 268 HSENT 480001 CWND 52 FAST RECOVERY? 0 Flow ID tcp SRC 8 DST 24
At 2880 RTO 11 MDEV 0 RTT 11 SEQ 45380 HSENT 68092501 CWND 15 FAST RECOVERY? 0 Flow ID tcp SRC 9 DST 25
At 2880 RTO 11 MDEV 0 RTT 11 SEQ 44882 HSENT 67345501 CWND 15 FAST RECOVERY? 0 Flow ID tcp SRC 10 DST 26
At 2880 RTO 11 MDEV 0 RTT 11 SEQ 44986 HSENT 67501501 CWND 15 FAST RECOVERY? 0 Flow ID tcp SRC 11 DST 27
At 2880 RTO 11 MDEV 0 RTT 11 SEQ 42999 HSENT 64521001 CWND 15 FAST RECOVERY? 0 Flow ID tcp SRC 12 DST 28
At 2880 RTO 11 MDEV 0 RTT 11 SEQ 42944 HSENT 64440001 CWND 16 FAST RECOVERY? 0 Flow ID tcp SRC 12 DST 28
At 2880 RTO 11 MDEV 0 RTT 11 SEQ 31681 HSENT 47544001 CWND 15 FAST RECOVERY? 0 Flow ID tcp SRC 11 DST 27
At 2880 RTO 11 MDEV 0 RTT 11 SEQ 51611 HSENT 116199001 CWND 25855 FAST RECOVERY? 0 Flow ID tcp SRC 9 DST 25
At 2880 RTO 11 MDEV 0 RTT 11 SEQ 268 HSENT 417001 CWND 10 FAST RECOVERY? 0 Flow ID tcp SRC 13 DST 29
At 2880 RTO 10 MDEV 0 RTT 9 SEQ 25755 HSENT 58023001 CWND 12927 FAST RECOVERY? 0 Flow ID tcp SRC 13 DST 29
At 2881 RTO 10 MDEV 0 RTT 9 SEQ 25755 HSENT 58023001 CWND 12927 FAST RECOVERY? 0 Flow ID tcp SRC 13 DST 29
At 2881 RTO 1 MDEV 0 RTT 0 SEQ 0 HSENT 1 CWND 100 FAST RECOVERY? 0 Flow ID tcp SRC 78 DST 94
At 2886 RTO 1 MDEV 0 RTT 0 SEQ 0 HSENT 1 CWND 100 FAST RECOVERY? 0 Flow ID tcp SRC 79 DST 95
At 2892 RTO 1 MDEV 0 RTT 0 SEQ 0 HSENT 1 CWND 100 FAST RECOVERY? 0 Flow ID tcp SRC 77 DST 93
At 2892 RTO 1 MDEV 0 RTT 0 SEQ 0 HSENT 1 CWND 100 FAST RECOVERY? 0 Flow ID tcp SRC 77 DST 93
At 2898 RTO 1 MDEV 0 RTT 0 SEQ 0 HSENT 1 CWND 100 FAST RECOVERY? 0 Flow ID tcp SRC 126 DST 14
info: reduce-scatter forward pass collective issued for layer: attention_row,At 2901 RTO 2 MDEV 0 RTT 0 SEQ 0 HSENT 1 CWND 1 FAST RECOVERY? 0 Flow ID tcp SRC 126 DST 14
At 2914 RTO 10 MDEV 0 RTT 6 SEQ 25755 HSENT 77416501 CWND 25856 FAST RECOVERY? 0 Flow ID tcp SRC 120 DST 8
At 2915 RTO 10 MDEV 0 RTT 6 SEQ 25755 HSENT 77416501 CWND 25856 FAST RECOVERY? 0 Flow ID tcp SRC 120 DST 8
At 2915 RTO 1 MDEV 0 RTT 0 SEQ 0 HSENT 1 CWND 100 FAST RECOVERY? 0 Flow ID tcp SRC 27 DST 43
At 2916 RTO 10 MDEV 0 RTT 6 SEQ 25755 HSENT 77416501 CWND 25856 FAST RECOVERY? 0 Flow ID tcp SRC 125 DST 13
At 2916 RTO 10 MDEV 0 RTT 7 SEQ 25755 HSENT 77416501 CWND 25856 FAST RECOVERY? 0 Flow ID tcp SRC 122 DST 10
At 2917 RTO 10 MDEV 0 RTT 7 SEQ 25755 HSENT 77416501 CWND 25856 FAST RECOVERY? 0 Flow ID tcp SRC 122 DST 10
At 2918 RTO 10 MDEV 0 RTT 7 SEQ 25755 HSENT 77416501 CWND 25856 FAST RECOVERY? 0 Flow ID tcp SRC 122 DST 10
At 2918 RTO 10 MDEV 0 RTT 8 SEQ 12827 HSENT 38632501 CWND 12928 FAST RECOVERY? 0 Flow ID tcp SRC 124 DST 12
At 2919 RTO 10 MDEV 0 RTT 8 SEQ 25755 HSENT 77416501 CWND 25856 FAST RECOVERY? 0 Flow ID tcp SRC 126 DST 14
At 2920 RTO 10 MDEV 0 RTT 8 SEQ 25755 HSENT 77416501 CWND 25856 FAST RECOVERY? 0 Flow ID tcp SRC 126 DST 14
At 2920 RTO 1 MDEV 0 RTT 0 SEQ 0 HSENT 1 CWND 100 FAST RECOVERY? 0 Flow ID tcp SRC 29 DST 45
At 2921 RTO 10 MDEV 0 RTT 9 SEQ 51611 HSENT 137110501 CWND 51712 FAST RECOVERY? 0 Flow ID tcp SRC 123 DST 11
At 2921 RTO 1 MDEV 0 RTT 0 SEQ 0 HSENT 1 CWND 100 FAST RECOVERY? 0 Flow ID tcp SRC 29 DST 45
At 2923 RTO 10 MDEV 0 RTT 10 SEQ 51611 HSENT 137110501 CWND 51712 FAST RECOVERY? 0 Flow ID tcp SRC 123 DST 11
At 2924 RTO 1 MDEV 0 RTT 0 SEQ 0 HSENT 1 CWND 100 FAST RECOVERY? 0 Flow ID tcp SRC 24 DST 40
At 2926 RTO 11 MDEV 0 RTT 11 SEQ 51611 HSENT 137110501 CWND 51712 FAST RECOVERY? 0 Flow ID tcp SRC 123 DST 11
At 2927 RTO 2 MDEV 0 RTT 0 SEQ 0 HSENT 1 CWND 1 FAST RECOVERY? 0 Flow ID tcp SRC 24 DST 40
At 2928 RTO 12 MDEV 0 RTT 12 SEQ 51611 HSENT 96808501 CWND 12928 FAST RECOVERY? 0 Flow ID tcp SRC 120 DST 8
At 2930 RTO 12 MDEV 0 RTT 12 SEQ 51611 HSENT 96808501 CWND 12928 FAST RECOVERY? 0 Flow ID tcp SRC 120 DST 8
At 2933 RTO 13 MDEV 0 RTT 13 SEQ 51611 HSENT 96808501 CWND 12928 FAST RECOVERY? 0 Flow ID tcp SRC 125 DST 13
At 2933 RTO 1 MDEV 0 RTT 0 SEQ 0 HSENT 1 CWND 100 FAST RECOVERY? 0 Flow ID tcp SRC 11 DST 27
At 2935 RTO 14 MDEV 0 RTT 14 SEQ 51611 HSENT 96808501 CWND 12928 FAST RECOVERY? 0 Flow ID tcp SRC 122 DST 10
At 2937 RTO 15 MDEV 0 RTT 15 SEQ 51611 HSENT 96808501 CWND 12928 FAST RECOVERY? 0 Flow ID tcp SRC 122 DST 10
At 2937 RTO 1 MDEV 0 RTT 0 SEQ 0 HSENT 1 CWND 100 FAST RECOVERY? 0 Flow ID tcp SRC 27 DST 43
At 2940 RTO 15 MDEV 0 RTT 15 SEQ 51611 HSENT 96808501 CWND 12928 FAST RECOVERY? 0 Flow ID tcp SRC 122 DST 10
At 2941 RTO 23 MDEV 1 RTT 17 SEQ 25755 HSENT 48328501 CWND 6464 FAST RECOVERY? 0 Flow ID tcp SRC 124 DST 12
At 2943 RTO 23 MDEV 1 RTT 17 SEQ 51611 HSENT 96808501 CWND 12928 FAST RECOVERY? 0 Flow ID tcp SRC 126 DST 14
At 2946 RTO 24 MDEV 1 RTT 18 SEQ 51611 HSENT 96808501 CWND 12928 FAST RECOVERY? 0 Flow ID tcp SRC 126 DST 14
At 2948 RTO 1 MDEV 0 RTT 0 SEQ 0 HSENT 1 CWND 100 FAST RECOVERY? 0 Flow ID tcp SRC 42 DST 58
At 2950 RTO 1 MDEV 0 RTT 0 SEQ 0 HSENT 1 CWND 100 FAST RECOVERY? 0 Flow ID tcp SRC 90 DST 106
At 2950 RTO 1 MDEV 0 RTT 0 SEQ 0 HSENT 1 CWND 100 FAST RECOVERY? 0 Flow ID tcp SRC 90 DST 106
At 2950 RTO 1 MDEV 0 RTT 0 SEQ 0 HSENT 1 CWND 100 FAST RECOVERY? 0 Flow ID tcp SRC 95 DST 111
At 2950 RTO 1 MDEV 0 RTT 0 SEQ 0 HSENT 1 CWND 100 FAST RECOVERY? 0 Flow ID tcp SRC 95 DST 111
At 2950 RTO 1 MDEV 0 RTT 0 SEQ 0 HSENT 1 CWND 100 FAST RECOVERY? 0 Flow ID tcp SRC 95 DST 111
At 2951 RTO 1 MDEV 0 RTT 0 SEQ 0 HSENT 1 CWND 100 FAST RECOVERY? 0 Flow ID tcp SRC 92 DST 108
At 2952 RTO 1 MDEV 0 RTT 0 SEQ 0 HSENT 1 CWND 100 FAST RECOVERY? 0 Flow ID tcp SRC 93 DST 109
At 2953 RTO 2 MDEV 0 RTT 0 SEQ 0 HSENT 1 CWND 1 FAST RECOVERY? 0 Flow ID tcp SRC 95 DST 111
At 2953 RTO 2 MDEV 0 RTT 0 SEQ 0 HSENT 1 CWND 1 FAST RECOVERY? 0 Flow ID tcp SRC 95 DST 111
At 2954 RTO 2 MDEV 0 RTT 0 SEQ 0 HSENT 1 CWND 1 FAST RECOVERY? 0 Flow ID tcp SRC 92 DST 108
At 2958 RTO 28 MDEV 1 RTT 21 SEQ 64539 HSENT 106504501 CWND 6464 FAST RECOVERY? 0 Flow ID tcp SRC 120 DST 8
At 2961 RTO 28 MDEV 1 RTT 22 SEQ 64539 HSENT 106504501 CWND 6464 FAST RECOVERY? 0 Flow ID tcp SRC 120 DST 8
At 2987 RTO 1 MDEV 0 RTT 0 SEQ 0 HSENT 1 CWND 100 FAST RECOVERY? 0 Flow ID tcp SRC 8 DST 24
At 2995 RTO 1 MDEV 0 RTT 0 SEQ 0 HSENT 1 CWND 100 FAST RECOVERY? 0 Flow ID tcp SRC 111 DST 127
info: reduce-scatter forward pass collective issued for layer: mlp_moelayer,[RECONF_CHECK] pass=4 block=1 decision=SKIP (all top-N already connected)
info: reduce-scatter forward pass collective issued for layer: attention_row,info: reduce-scatter forward pass collective issued for layer: mlp_moelayer,info: reduce-scatter input grad collective issued for layer: mlp_moelayer,info: reduce-scatter input grad collective issued for layer: mlp_moelayer,info: reduce-scatter weight grad collective issued for layer: grad_norm,At 3306 RTO 1 MDEV 0 RTT 0 SEQ 0 HSENT 1 CWND 100 FAST RECOVERY? 0 Flow ID tcp SRC 95 DST 111
At 3306 RTO 1 MDEV 0 RTT 0 SEQ 0 HSENT 1 CWND 100 FAST RECOVERY? 0 Flow ID tcp SRC 92 DST 108
At 3306 RTO 1 MDEV 0 RTT 0 SEQ 0 HSENT 1 CWND 100 FAST RECOVERY? 0 Flow ID tcp SRC 92 DST 108
At 3306 RTO 1 MDEV 0 RTT 0 SEQ 0 HSENT 1 CWND 100 FAST RECOVERY? 0 Flow ID tcp SRC 89 DST 105
At 3306 RTO 1 MDEV 0 RTT 0 SEQ 0 HSENT 1 CWND 100 FAST RECOVERY? 0 Flow ID tcp SRC 94 DST 110
At 3306 RTO 1 MDEV 0 RTT 0 SEQ 0 HSENT 1 CWND 100 FAST RECOVERY? 0 Flow ID tcp SRC 93 DST 109
At 3320 RTO 1 MDEV 0 RTT 0 SEQ 0 HSENT 1 CWND 100 FAST RECOVERY? 0 Flow ID tcp SRC 127 DST 15
At 3320 RTO 1 MDEV 0 RTT 0 SEQ 0 HSENT 1 CWND 100 FAST RECOVERY? 0 Flow ID tcp SRC 126 DST 14
At 3320 RTO 1 MDEV 0 RTT 0 SEQ 0 HSENT 1 CWND 100 FAST RECOVERY? 0 Flow ID tcp SRC 124 DST 12
[PASS_DRAINED] pass=4 ranks_reported=128
At 3325 RTO 1 MDEV 0 RTT 0 SEQ 0 HSENT 1 CWND 100 FAST RECOVERY? 0 Flow ID tcp SRC 28 DST 44
At 3325 RTO 1 MDEV 0 RTT 0 SEQ 0 HSENT 1 CWND 100 FAST RECOVERY? 0 Flow ID tcp SRC 30 DST 46
At 3372 RTO 1 MDEV 0 RTT 0 SEQ 0 HSENT 1 CWND 100 FAST RECOVERY? 0 Flow ID tcp SRC 103 DST 119
At 3376 RTO 1 MDEV 0 RTT 0 SEQ 0 HSENT 1 CWND 100 FAST RECOVERY? 0 Flow ID tcp SRC 2 DST 18
At 3378 RTO 1 MDEV 0 RTT 0 SEQ 0 HSENT 1 CWND 100 FAST RECOVERY? 0 Flow ID tcp SRC 32 DST 48
At 3378 RTO 1 MDEV 0 RTT 0 SEQ 0 HSENT 1 CWND 100 FAST RECOVERY? 0 Flow ID tcp SRC 32 DST 48
At 3422 RTO 1 MDEV 0 RTT 0 SEQ 0 HSENT 1 CWND 100 FAST RECOVERY? 0 Flow ID tcp SRC 18 DST 34
At 3431 RTO 1 MDEV 0 RTT 0 SEQ 0 HSENT 1 CWND 100 FAST RECOVERY? 0 Flow ID tcp SRC 84 DST 100
At 3435 RTO 1 MDEV 0 RTT 0 SEQ 0 HSENT 1 CWND 100 FAST RECOVERY? 0 Flow ID tcp SRC 41 DST 57
At 3435 RTO 1 MDEV 0 RTT 0 SEQ 0 HSENT 1 CWND 100 FAST RECOVERY? 0 Flow ID tcp SRC 41 DST 57
At 3436 RTO 1 MDEV 0 RTT 0 SEQ 0 HSENT 1 CWND 100 FAST RECOVERY? 0 Flow ID tcp SRC 40 DST 56
At 3474 RTO 1 MDEV 0 RTT 0 SEQ 0 HSENT 1 CWND 100 FAST RECOVERY? 0 Flow ID tcp SRC 90 DST 106
At 3475 RTO 1 MDEV 0 RTT 0 SEQ 0 HSENT 1 CWND 100 FAST RECOVERY? 0 Flow ID tcp SRC 93 DST 109
At 3475 RTO 1 MDEV 0 RTT 0 SEQ 0 HSENT 1 CWND 100 FAST RECOVERY? 0 Flow ID tcp SRC 89 DST 105
At 3475 RTO 1 MDEV 0 RTT 0 SEQ 0 HSENT 1 CWND 100 FAST RECOVERY? 0 Flow ID tcp SRC 95 DST 111
At 3477 RTO 1 MDEV 0 RTT 0 SEQ 0 HSENT 1 CWND 100 FAST RECOVERY? 0 Flow ID tcp SRC 18 DST 34
At 3484 RTO 1 MDEV 0 RTT 0 SEQ 0 HSENT 1 CWND 100 FAST RECOVERY? 0 Flow ID tcp SRC 10 DST 26
At 3486 RTO 1 MDEV 0 RTT 0 SEQ 0 HSENT 1 CWND 100 FAST RECOVERY? 0 Flow ID tcp SRC 20 DST 36
At 3488 RTO 1 MDEV 0 RTT 0 SEQ 0 HSENT 1 CWND 100 FAST RECOVERY? 0 Flow ID tcp SRC 22 DST 38
At 3494 RTO 1 MDEV 0 RTT 0 SEQ 0 HSENT 1 CWND 100 FAST RECOVERY? 0 Flow ID tcp SRC 21 DST 37
At 3520 RTO 1 MDEV 0 RTT 0 SEQ 0 HSENT 1 CWND 100 FAST RECOVERY? 0 Flow ID tcp SRC 89 DST 105
At 3520 RTO 1 MDEV 0 RTT 0 SEQ 0 HSENT 1 CWND 100 FAST RECOVERY? 0 Flow ID tcp SRC 89 DST 105
At 3520 RTO 1 MDEV 0 RTT 0 SEQ 0 HSENT 1 CWND 100 FAST RECOVERY? 0 Flow ID tcp SRC 88 DST 104
At 3520 RTO 1 MDEV 0 RTT 0 SEQ 0 HSENT 1 CWND 100 FAST RECOVERY? 0 Flow ID tcp SRC 88 DST 104
At 3520 RTO 1 MDEV 0 RTT 0 SEQ 0 HSENT 1 CWND 100 FAST RECOVERY? 0 Flow ID tcp SRC 91 DST 107
At 3520 RTO 1 MDEV 0 RTT 0 SEQ 0 HSENT 1 CWND 100 FAST RECOVERY? 0 Flow ID tcp SRC 91 DST 107
At 3520 RTO 1 MDEV 0 RTT 0 SEQ 0 HSENT 1 CWND 100 FAST RECOVERY? 0 Flow ID tcp SRC 91 DST 107
At 3521 RTO 1 MDEV 0 RTT 0 SEQ 0 HSENT 1 CWND 100 FAST RECOVERY? 0 Flow ID tcp SRC 94 DST 110
At 3521 RTO 1 MDEV 0 RTT 0 SEQ 0 HSENT 1 CWND 100 FAST RECOVERY? 0 Flow ID tcp SRC 94 DST 110
At 3521 RTO 1 MDEV 0 RTT 0 SEQ 0 HSENT 1 CWND 100 FAST RECOVERY? 0 Flow ID tcp SRC 94 DST 110
At 3522 RTO 1 MDEV 0 RTT 0 SEQ 0 HSENT 1 CWND 100 FAST RECOVERY? 0 Flow ID tcp SRC 112 DST 0
At 3551 RTO 1 MDEV 0 RTT 0 SEQ 0 HSENT 1 CWND 100 FAST RECOVERY? 0 Flow ID tcp SRC 68 DST 84
At 3555 RTO 1 MDEV 0 RTT 0 SEQ 0 HSENT 1 CWND 100 FAST RECOVERY? 0 Flow ID tcp SRC 77 DST 93
At 3562 RTO 1 MDEV 0 RTT 0 SEQ 0 HSENT 1 CWND 100 FAST RECOVERY? 0 Flow ID tcp SRC 38 DST 54
At 3568 RTO 1 MDEV 0 RTT 0 SEQ 0 HSENT 1 CWND 100 FAST RECOVERY? 0 Flow ID tcp SRC 7 DST 23
At 3568 RTO 1 MDEV 0 RTT 0 SEQ 0 HSENT 1 CWND 100 FAST RECOVERY? 0 Flow ID tcp SRC 7 DST 23
At 3571 RTO 2 MDEV 0 RTT 0 SEQ 0 HSENT 1 CWND 1 FAST RECOVERY? 0 Flow ID tcp SRC 7 DST 23
At 3571 RTO 2 MDEV 0 RTT 0 SEQ 0 HSENT 1 CWND 1 FAST RECOVERY? 0 Flow ID tcp SRC 7 DST 23
At 3578 RTO 1 MDEV 0 RTT 0 SEQ 0 HSENT 1 CWND 100 FAST RECOVERY? 0 Flow ID tcp SRC 64 DST 80
At 3587 RTO 1 MDEV 0 RTT 0 SEQ 0 HSENT 1 CWND 100 FAST RECOVERY? 0 Flow ID tcp SRC 32 DST 48
At 3590 RTO 2 MDEV 0 RTT 0 SEQ 0 HSENT 1 CWND 1 FAST RECOVERY? 0 Flow ID tcp SRC 32 DST 48
At 3590 RTO 1 MDEV 0 RTT 0 SEQ 0 HSENT 1 CWND 100 FAST RECOVERY? 0 Flow ID tcp SRC 32 DST 48
At 3591 RTO 1 MDEV 0 RTT 0 SEQ 0 HSENT 1 CWND 100 FAST RECOVERY? 0 Flow ID tcp SRC 102 DST 118
At 3591 RTO 1 MDEV 0 RTT 0 SEQ 0 HSENT 1 CWND 100 FAST RECOVERY? 0 Flow ID tcp SRC 102 DST 118
At 3591 RTO 1 MDEV 0 RTT 0 SEQ 0 HSENT 1 CWND 100 FAST RECOVERY? 0 Flow ID tcp SRC 102 DST 118
At 3593 RTO 2 MDEV 0 RTT 0 SEQ 0 HSENT 1 CWND 1 FAST RECOVERY? 0 Flow ID tcp SRC 32 DST 48
At 3593 RTO 1 MDEV 0 RTT 0 SEQ 0 HSENT 1 CWND 100 FAST RECOVERY? 0 Flow ID tcp SRC 1 DST 17
At 3595 RTO 1 MDEV 0 RTT 0 SEQ 0 HSENT 1 CWND 100 FAST RECOVERY? 0 Flow ID tcp SRC 99 DST 115
At 3595 RTO 1 MDEV 0 RTT 0 SEQ 0 HSENT 1 CWND 100 FAST RECOVERY? 0 Flow ID tcp SRC 55 DST 71
At 3598 RTO 2 MDEV 0 RTT 0 SEQ 0 HSENT 1 CWND 1 FAST RECOVERY? 0 Flow ID tcp SRC 99 DST 115
At 3600 RTO 1 MDEV 0 RTT 0 SEQ 0 HSENT 1 CWND 100 FAST RECOVERY? 0 Flow ID tcp SRC 97 DST 113
At 3603 RTO 1 MDEV 0 RTT 0 SEQ 0 HSENT 1 CWND 100 FAST RECOVERY? 0 Flow ID tcp SRC 117 DST 5
At 3618 RTO 1 MDEV 0 RTT 0 SEQ 0 HSENT 1 CWND 100 FAST RECOVERY? 0 Flow ID tcp SRC 12 DST 28
At 3618 RTO 1 MDEV 0 RTT 0 SEQ 0 HSENT 1 CWND 100 FAST RECOVERY? 0 Flow ID tcp SRC 12 DST 28
At 3621 RTO 1 MDEV 0 RTT 0 SEQ 0 HSENT 1 CWND 100 FAST RECOVERY? 0 Flow ID tcp SRC 10 DST 26
At 3621 RTO 1 MDEV 0 RTT 0 SEQ 0 HSENT 1 CWND 100 FAST RECOVERY? 0 Flow ID tcp SRC 10 DST 26
At 3623 RTO 1 MDEV 0 RTT 0 SEQ 0 HSENT 1 CWND 100 FAST RECOVERY? 0 Flow ID tcp SRC 48 DST 64
At 3624 RTO 2 MDEV 0 RTT 0 SEQ 0 HSENT 1 CWND 1 FAST RECOVERY? 0 Flow ID tcp SRC 10 DST 26
At 3624 RTO 2 MDEV 0 RTT 0 SEQ 0 HSENT 1 CWND 1 FAST RECOVERY? 0 Flow ID tcp SRC 10 DST 26
*****
Time to exit: Wed Apr 15 15:50:53 2026
all-reduce Collective implementation: NcclFlowModel
reduce-scatter Collective implementation: NcclFlowModel
all-gather Collective implementation: NcclFlowModel
all-to-all Collective implementation: NcclFlowModel
Collective optimization: baseline
Total sim duration: 0:53 hours
Total streams injected: 165
Total streams finished: 165
Percentage of finished streams: 100 %
*****
At 3633 RTO 1 MDEV 0 RTT 0 SEQ 0 HSENT 1 CWND 100 FAST RECOVERY? 0 Flow ID tcp SRC 42 DST 58
At 3634 RTO 1 MDEV 0 RTT 0 SEQ 0 HSENT 1 CWND 100 FAST RECOVERY? 0 Flow ID tcp SRC 46 DST 62
At 3641 RTO 1 MDEV 0 RTT 0 SEQ 0 HSENT 1 CWND 100 FAST RECOVERY? 0 Flow ID tcp SRC 46 DST 62
At 3641 RTO 1 MDEV 0 RTT 0 SEQ 0 HSENT 1 CWND 100 FAST RECOVERY? 0 Flow ID tcp SRC 47 DST 63
At 3641 RTO 1 MDEV 0 RTT 0 SEQ 0 HSENT 1 CWND 100 FAST RECOVERY? 0 Flow ID tcp SRC 44 DST 60
At 3641 RTO 1 MDEV 0 RTT 0 SEQ 0 HSENT 1 CWND 100 FAST RECOVERY? 0 Flow ID tcp SRC 44 DST 60
At 3642 RTO 1 MDEV 0 RTT 0 SEQ 0 HSENT 1 CWND 100 FAST RECOVERY? 0 Flow ID tcp SRC 45 DST 61
At 3642 RTO 1 MDEV 0 RTT 0 SEQ 0 HSENT 1 CWND 100 FAST RECOVERY? 0 Flow ID tcp SRC 43 DST 59
At 3642 RTO 1 MDEV 0 RTT 0 SEQ 0 HSENT 1 CWND 100 FAST RECOVERY? 0 Flow ID tcp SRC 40 DST 56
At 3643 RTO 1 MDEV 0 RTT 0 SEQ 0 HSENT 1 CWND 100 FAST RECOVERY? 0 Flow ID tcp SRC 43 DST 59
At 3644 RTO 2 MDEV 0 RTT 0 SEQ 0 HSENT 1 CWND 1 FAST RECOVERY? 0 Flow ID tcp SRC 44 DST 60
At 3644 RTO 2 MDEV 0 RTT 0 SEQ 0 HSENT 1 CWND 1 FAST RECOVERY? 0 Flow ID tcp SRC 44 DST 60
At 3644 RTO 1 MDEV 0 RTT 0 SEQ 0 HSENT 1 CWND 100 FAST RECOVERY? 0 Flow ID tcp SRC 40 DST 56
At 3644 RTO 1 MDEV 0 RTT 0 SEQ 0 HSENT 1 CWND 100 FAST RECOVERY? 0 Flow ID tcp SRC 40 DST 56
At 3645 RTO 2 MDEV 0 RTT 0 SEQ 0 HSENT 1 CWND 1 FAST RECOVERY? 0 Flow ID tcp SRC 43 DST 59
At 3645 RTO 2 MDEV 0 RTT 0 SEQ 0 HSENT 1 CWND 1 FAST RECOVERY? 0 Flow ID tcp SRC 40 DST 56
At 3646 RTO 2 MDEV 0 RTT 0 SEQ 0 HSENT 1 CWND 1 FAST RECOVERY? 0 Flow ID tcp SRC 43 DST 59
At 3647 RTO 2 MDEV 0 RTT 0 SEQ 0 HSENT 1 CWND 1 FAST RECOVERY? 0 Flow ID tcp SRC 40 DST 56
At 3647 RTO 2 MDEV 0 RTT 0 SEQ 0 HSENT 1 CWND 1 FAST RECOVERY? 0 Flow ID tcp SRC 40 DST 56
At 3647 RTO 1 MDEV 0 RTT 0 SEQ 0 HSENT 1 CWND 100 FAST RECOVERY? 0 Flow ID tcp SRC 43 DST 59
At 3647 RTO 1 MDEV 0 RTT 0 SEQ 0 HSENT 1 CWND 100 FAST RECOVERY? 0 Flow ID tcp SRC 43 DST 59
At 3655 RTO 1 MDEV 0 RTT 0 SEQ 0 HSENT 1 CWND 100 FAST RECOVERY? 0 Flow ID tcp SRC 114 DST 2
At 3658 RTO 2 MDEV 0 RTT 0 SEQ 0 HSENT 1 CWND 1 FAST RECOVERY? 0 Flow ID tcp SRC 114 DST 2
At 3674 RTO 1 MDEV 0 RTT 0 SEQ 0 HSENT 1 CWND 100 FAST RECOVERY? 0 Flow ID tcp SRC 30 DST 46
At 3676 RTO 1 MDEV 0 RTT 0 SEQ 0 HSENT 1 CWND 100 FAST RECOVERY? 0 Flow ID tcp SRC 92 DST 108
At 3676 RTO 1 MDEV 0 RTT 0 SEQ 0 HSENT 1 CWND 100 FAST RECOVERY? 0 Flow ID tcp SRC 92 DST 108
At 3676 RTO 1 MDEV 0 RTT 0 SEQ 0 HSENT 1 CWND 100 FAST RECOVERY? 0 Flow ID tcp SRC 89 DST 105
At 3676 RTO 1 MDEV 0 RTT 0 SEQ 0 HSENT 1 CWND 100 FAST RECOVERY? 0 Flow ID tcp SRC 90 DST 106
At 3676 RTO 1 MDEV 0 RTT 0 SEQ 0 HSENT 1 CWND 100 FAST RECOVERY? 0 Flow ID tcp SRC 90 DST 106
At 3680 RTO 1 MDEV 0 RTT 0 SEQ 0 HSENT 1 CWND 100 FAST RECOVERY? 0 Flow ID tcp SRC 28 DST 44
At 3710 RTO 10 MDEV 0 RTT 6 SEQ 25755 HSENT 77416501 CWND 25856 FAST RECOVERY? 0 Flow ID tcp SRC 122 DST 10
At 3711 RTO 10 MDEV 0 RTT 6 SEQ 25755 HSENT 77416501 CWND 25856 FAST RECOVERY? 0 Flow ID tcp SRC 123 DST 11
At 3712 RTO 10 MDEV 0 RTT 7 SEQ 25755 HSENT 77416501 CWND 25856 FAST RECOVERY? 0 Flow ID tcp SRC 123 DST 11
At 3713 RTO 10 MDEV 0 RTT 7 SEQ 25755 HSENT 77416501 CWND 25856 FAST RECOVERY? 0 Flow ID tcp SRC 123 DST 11
At 3718 RTO 10 MDEV 0 RTT 10 SEQ 51611 HSENT 137110501 CWND 51712 FAST RECOVERY? 0 Flow ID tcp SRC 121 DST 9
At 3721 RTO 10 MDEV 0 RTT 10 SEQ 51611 HSENT 137110501 CWND 51712 FAST RECOVERY? 0 Flow ID tcp SRC 126 DST 14
At 3723 RTO 11 MDEV 0 RTT 11 SEQ 51611 HSENT 137110501 CWND 51712 FAST RECOVERY? 0 Flow ID tcp SRC 126 DST 14
At 3725 RTO 12 MDEV 0 RTT 12 SEQ 51611 HSENT 96808501 CWND 12928 FAST RECOVERY? 0 Flow ID tcp SRC 122 DST 10
At 3728 RTO 16 MDEV 0 RTT 13 SEQ 51611 HSENT 96808501 CWND 12928 FAST RECOVERY? 0 Flow ID tcp SRC 123 DST 11
At 3729 RTO 1 MDEV 0 RTT 0 SEQ 0 HSENT 1 CWND 100 FAST RECOVERY? 0 Flow ID tcp SRC 124 DST 12
At 3730 RTO 16 MDEV 0 RTT 14 SEQ 51611 HSENT 96808501 CWND 12928 FAST RECOVERY? 0 Flow ID tcp SRC 123 DST 11
At 3732 RTO 17 MDEV 0 RTT 15 SEQ 51611 HSENT 96808501 CWND 12928 FAST RECOVERY? 0 Flow ID tcp SRC 123 DST 11
At 3732 RTO 2 MDEV 0 RTT 0 SEQ 0 HSENT 1 CWND 1 FAST RECOVERY? 0 Flow ID tcp SRC 124 DST 12
At 3737 RTO 4 MDEV 0 RTT 0 SEQ 0 HSENT 1 CWND 1 FAST RECOVERY? 0 Flow ID tcp SRC 124 DST 12
At 3756 RTO 1 MDEV 0 RTT 0 SEQ 0 HSENT 1 CWND 100 FAST RECOVERY? 0 Flow ID tcp SRC 61 DST 77
At 3783 RTO 1 MDEV 0 RTT 0 SEQ 0 HSENT 1 CWND 100 FAST RECOVERY? 0 Flow ID tcp SRC 75 DST 91
At 3786 RTO 10 MDEV 0 RTT 7 SEQ 6363 HSENT 19240501 CWND 6464 FAST RECOVERY? 0 Flow ID tcp SRC 56 DST 72
At 3787 RTO 10 MDEV 0 RTT 7 SEQ 322 HSENT 565501 CWND 55 FAST RECOVERY? 0 Flow ID tcp SRC 61 DST 77
At 3787 RTO 10 MDEV 0 RTT 7 SEQ 6363 HSENT 19240501 CWND 6464 FAST RECOVERY? 0 Flow ID tcp SRC 56 DST 72
[htsim] sim_finish called by node 72
Simulation complete. Total events: 4786271326
Final time: 3806.69 ms (3.80669 s)

======== Flow Statistics ========
OCS flows:    30720 (470604177280 bytes)
Network flows: 4768 (633577930752 bytes)
NVLink flows:  251456 (3315319083264 bytes)
Deferred flows (reconf): 0
Reconfigs triggered: 0
Reconfigs skipped:   8

======== Retransmission Statistics ========
RTO: 1 ms
Total packets sent: 1105977477000
Total retransmissions: 56
Retransmission rate: 5.06339e-09%
TCP flows tracked: 35490
============================================
========================================

======== Traffic by Collective Type ========
  None: flows=864 bytes=57982058496 (55296 MB, 1.31196%)
  ReduceScatter: flows=50560 bytes=1902740766720 (1.8146e+06 MB, 43.0533%)
  AllGather: flows=76800 bytes=1680593387520 (1.60274e+06 MB, 38.0268%)
  AllReduce: flows=122880 bytes=252051456000 (240375 MB, 5.70317%)
  AllToAll: flows=35840 bytes=526133522560 (501760 MB, 11.9048%)
[htsim] sim_finish called by node 0
[htsim] sim_finish called by node 1
[htsim] sim_finish called by node 2
[htsim] sim_finish called by node 3
[htsim] sim_finish called by node 4
[htsim] sim_finish called by node 5
[htsim] sim_finish called by node 6
[htsim] sim_finish called by node 7
[htsim] sim_finish called by node 8
[htsim] sim_finish called by node 9
[htsim] sim_finish called by node 10
[htsim] sim_finish called by node 11
[htsim] sim_finish called by node 12
[htsim] sim_finish called by node 13
[htsim] sim_finish called by node 14
[htsim] sim_finish called by node 15
[htsim] sim_finish called by node 16
[htsim] sim_finish called by node 17
[htsim] sim_finish called by node 18
[htsim] sim_finish called by node 19
[htsim] sim_finish called by node 20
[htsim] sim_finish called by node 21
[htsim] sim_finish called by node 22
[htsim] sim_finish called by node 23
[htsim] sim_finish called by node 24
[htsim] sim_finish called by node 25
[htsim] sim_finish called by node 26
[htsim] sim_finish called by node 27
[htsim] sim_finish called by node 28
[htsim] sim_finish called by node 29
[htsim] sim_finish called by node 30
[htsim] sim_finish called by node 31
[htsim] sim_finish called by node 32
[htsim] sim_finish called by node 33
[htsim] sim_finish called by node 34
[htsim] sim_finish called by node 35
[htsim] sim_finish called by node 36
[htsim] sim_finish called by node 37
[htsim] sim_finish called by node 38
[htsim] sim_finish called by node 39
[htsim] sim_finish called by node 40
[htsim] sim_finish called by node 41
[htsim] sim_finish called by node 42
[htsim] sim_finish called by node 43
[htsim] sim_finish called by node 44
[htsim] sim_finish called by node 45
[htsim] sim_finish called by node 46
[htsim] sim_finish called by node 47
[htsim] sim_finish called by node 48
[htsim] sim_finish called by node 49
[htsim] sim_finish called by node 50
[htsim] sim_finish called by node 51
[htsim] sim_finish called by node 52
[htsim] sim_finish called by node 53
[htsim] sim_finish called by node 54
[htsim] sim_finish called by node 55
[htsim] sim_finish called by node 56
[htsim] sim_finish called by node 57
[htsim] sim_finish called by node 58
[htsim] sim_finish called by node 59
[htsim] sim_finish called by node 60
[htsim] sim_finish called by node 61
[htsim] sim_finish called by node 62
[htsim] sim_finish called by node 63
[htsim] sim_finish called by node 64
[htsim] sim_finish called by node 65
[htsim] sim_finish called by node 66
[htsim] sim_finish called by node 67
[htsim] sim_finish called by node 68
[htsim] sim_finish called by node 69
[htsim] sim_finish called by node 70
[htsim] sim_finish called by node 71
[htsim] sim_finish called by node 72
[htsim] sim_finish called by node 73
[htsim] sim_finish called by node 74
[htsim] sim_finish called by node 75
[htsim] sim_finish called by node 76
[htsim] sim_finish called by node 77
[htsim] sim_finish called by node 78
[htsim] sim_finish called by node 79
[htsim] sim_finish called by node 80
[htsim] sim_finish called by node 81
[htsim] sim_finish called by node 82
[htsim] sim_finish called by node 83
[htsim] sim_finish called by node 84
[htsim] sim_finish called by node 85
[htsim] sim_finish called by node 86
[htsim] sim_finish called by node 87
[htsim] sim_finish called by node 88
[htsim] sim_finish called by node 89
[htsim] sim_finish called by node 90
[htsim] sim_finish called by node 91
[htsim] sim_finish called by node 92
[htsim] sim_finish called by node 93
[htsim] sim_finish called by node 94
[htsim] sim_finish called by node 95
[htsim] sim_finish called by node 96
[htsim] sim_finish called by node 97
[htsim] sim_finish called by node 98
[htsim] sim_finish called by node 99
[htsim] sim_finish called by node 100
[htsim] sim_finish called by node 101
[htsim] sim_finish called by node 102
[htsim] sim_finish called by node 103
[htsim] sim_finish called by node 104
[htsim] sim_finish called by node 105
[htsim] sim_finish called by node 106
[htsim] sim_finish called by node 107
[htsim] sim_finish called by node 108
[htsim] sim_finish called by node 109
[htsim] sim_finish called by node 110
[htsim] sim_finish called by node 111
[htsim] sim_finish called by node 112
[htsim] sim_finish called by node 113
[htsim] sim_finish called by node 114
[htsim] sim_finish called by node 115
[htsim] sim_finish called by node 116
[htsim] sim_finish called by node 117
[htsim] sim_finish called by node 118
[htsim] sim_finish called by node 119
[htsim] sim_finish called by node 120
[htsim] sim_finish called by node 121
[htsim] sim_finish called by node 122
[htsim] sim_finish called by node 123
[htsim] sim_finish called by node 124
[htsim] sim_finish called by node 125
[htsim] sim_finish called by node 126
[htsim] sim_finish called by node 127
