=== SimAI htsim Backend ===
Topology: fattree
GPUs: 256
Link speed: 100000 Mbps
DP/TP/PP/EP: 8/8/4/8
GPUs per server: 8
Iterations: 5
Workload: /home/weihaoni/BTB-NCCL/SimAI/aicb/results/workload/None-Mixtral_8x7B-world_size256-tp8-pp4-ep8-gbs64-mbs8-seq4096-MOE-True-GEMM-True-flash_attn-False.txt
Expert hotspot: topk=8 skew=1 seed=42 volatility=2
==========================
[htsim] Machines: 32 FatTree K=6 FatTree nodes: 54
Building 1:1 Fat Tree with 54 nodes (k=6)
Link speed: 800000 Mbps
[htsim] FatTree topology created (full BW: 800000 Mbps)
[htsim] NVSwitch nodes: 32 (IDs: 256 to 287)
The final active chunks per dimension 1 after allocating to queues is: 1
ring of node 0, id: 0 dimension: local total nodes in ring: 256 index in ring: 0 offset: 1total nodes in ring: 256
ring of node 0, id: 0 dimension: local total nodes in ring: 256 index in ring: 0 offset: 1total nodes in ring: 256
ring of node 0, id: 0 dimension: local total nodes in ring: 256 index in ring: 0 offset: 1total nodes in ring: 256
ring of node 0, id: 0 dimension: local total nodes in ring: 256 index in ring: 0 offset: 1total nodes in ring: 256
total nodes: 256
ring of node 0, id: 0 dimension: local total nodes in ring: 8 index in ring: 0 offset: 1total nodes in ring: 8
ring of node 0, id: 0 dimension: local total nodes in ring: 32 index in ring: 0 offset: 8total nodes in ring: 32
ring of node 0, id: 0 dimension: local total nodes in ring: 8 index in ring: 0 offset: 1total nodes in ring: 8
ring of node 0, id: 0 dimension: local total nodes in ring: 32 index in ring: 0 offset: 8total nodes in ring: 32
ring of node 0, id: 0 dimension: local total nodes in ring: 8 index in ring: 0 offset: 1total nodes in ring: 8
ring of node 0, id: 0 dimension: local total nodes in ring: 32 index in ring: 0 offset: 8total nodes in ring: 32
ring of node 0, id: 0 dimension: local total nodes in ring: 8 index in ring: 0 offset: 1total nodes in ring: 8
ring of node 0, id: 0 dimension: local total nodes in ring: 32 index in ring: 0 offset: 8total nodes in ring: 32
PP config: pp_size=4 pp_commsize=33554432
GPU 0: pp_rank=0 pp_prev=-1 pp_next=8
stat path: ./ncclFlowModel_ ,total rows: 1 ,stat row: 0
CSV path and filename: ./ncclFlowModel_EndToEnd.csv
GPU 1: pp_rank=0 pp_prev=-1 pp_next=9
GPU 2: pp_rank=0 pp_prev=-1 pp_next=10
GPU 3: pp_rank=0 pp_prev=-1 pp_next=11
GPU 4: pp_rank=0 pp_prev=-1 pp_next=12
GPU 5: pp_rank=0 pp_prev=-1 pp_next=13
GPU 6: pp_rank=0 pp_prev=-1 pp_next=14
GPU 7: pp_rank=0 pp_prev=-1 pp_next=15
GPU 8: pp_rank=1 pp_prev=0 pp_next=16
GPU 9: pp_rank=1 pp_prev=1 pp_next=17
GPU 10: pp_rank=1 pp_prev=2 pp_next=18
GPU 11: pp_rank=1 pp_prev=3 pp_next=19
GPU 12: pp_rank=1 pp_prev=4 pp_next=20
GPU 13: pp_rank=1 pp_prev=5 pp_next=21
GPU 14: pp_rank=1 pp_prev=6 pp_next=22
GPU 15: pp_rank=1 pp_prev=7 pp_next=23
GPU 16: pp_rank=2 pp_prev=8 pp_next=24
GPU 17: pp_rank=2 pp_prev=9 pp_next=25
GPU 18: pp_rank=2 pp_prev=10 pp_next=26
GPU 19: pp_rank=2 pp_prev=11 pp_next=27
GPU 20: pp_rank=2 pp_prev=12 pp_next=28
GPU 21: pp_rank=2 pp_prev=13 pp_next=29
GPU 22: pp_rank=2 pp_prev=14 pp_next=30
GPU 23: pp_rank=2 pp_prev=15 pp_next=31
GPU 24: pp_rank=3 pp_prev=16 pp_next=-1
GPU 25: pp_rank=3 pp_prev=17 pp_next=-1
GPU 26: pp_rank=3 pp_prev=18 pp_next=-1
GPU 27: pp_rank=3 pp_prev=19 pp_next=-1
GPU 28: pp_rank=3 pp_prev=20 pp_next=-1
GPU 29: pp_rank=3 pp_prev=21 pp_next=-1
GPU 30: pp_rank=3 pp_prev=22 pp_next=-1
GPU 31: pp_rank=3 pp_prev=23 pp_next=-1
GPU 32: pp_rank=0 pp_prev=-1 pp_next=40
GPU 33: pp_rank=0 pp_prev=-1 pp_next=41
GPU 34: pp_rank=0 pp_prev=-1 pp_next=42
GPU 35: pp_rank=0 pp_prev=-1 pp_next=43
GPU 36: pp_rank=0 pp_prev=-1 pp_next=44
GPU 37: pp_rank=0 pp_prev=-1 pp_next=45
GPU 38: pp_rank=0 pp_prev=-1 pp_next=46
GPU 39: pp_rank=0 pp_prev=-1 pp_next=47
GPU 40: pp_rank=1 pp_prev=32 pp_next=48
GPU 41: pp_rank=1 pp_prev=33 pp_next=49
GPU 42: pp_rank=1 pp_prev=34 pp_next=50
GPU 43: pp_rank=1 pp_prev=35 pp_next=51
GPU 44: pp_rank=1 pp_prev=36 pp_next=52
GPU 45: pp_rank=1 pp_prev=37 pp_next=53
GPU 46: pp_rank=1 pp_prev=38 pp_next=54
GPU 47: pp_rank=1 pp_prev=39 pp_next=55
GPU 48: pp_rank=2 pp_prev=40 pp_next=56
GPU 49: pp_rank=2 pp_prev=41 pp_next=57
GPU 50: pp_rank=2 pp_prev=42 pp_next=58
GPU 51: pp_rank=2 pp_prev=43 pp_next=59
GPU 52: pp_rank=2 pp_prev=44 pp_next=60
GPU 53: pp_rank=2 pp_prev=45 pp_next=61
GPU 54: pp_rank=2 pp_prev=46 pp_next=62
GPU 55: pp_rank=2 pp_prev=47 pp_next=63
GPU 56: pp_rank=3 pp_prev=48 pp_next=-1
GPU 57: pp_rank=3 pp_prev=49 pp_next=-1
GPU 58: pp_rank=3 pp_prev=50 pp_next=-1
GPU 59: pp_rank=3 pp_prev=51 pp_next=-1
GPU 60: pp_rank=3 pp_prev=52 pp_next=-1
GPU 61: pp_rank=3 pp_prev=53 pp_next=-1
GPU 62: pp_rank=3 pp_prev=54 pp_next=-1
GPU 63: pp_rank=3 pp_prev=55 pp_next=-1
GPU 64: pp_rank=0 pp_prev=-1 pp_next=72
GPU 65: pp_rank=0 pp_prev=-1 pp_next=73
GPU 66: pp_rank=0 pp_prev=-1 pp_next=74
GPU 67: pp_rank=0 pp_prev=-1 pp_next=75
GPU 68: pp_rank=0 pp_prev=-1 pp_next=76
GPU 69: pp_rank=0 pp_prev=-1 pp_next=77
GPU 70: pp_rank=0 pp_prev=-1 pp_next=78
GPU 71: pp_rank=0 pp_prev=-1 pp_next=79
GPU 72: pp_rank=1 pp_prev=64 pp_next=80
GPU 73: pp_rank=1 pp_prev=65 pp_next=81
GPU 74: pp_rank=1 pp_prev=66 pp_next=82
GPU 75: pp_rank=1 pp_prev=67 pp_next=83
GPU 76: pp_rank=1 pp_prev=68 pp_next=84
GPU 77: pp_rank=1 pp_prev=69 pp_next=85
GPU 78: pp_rank=1 pp_prev=70 pp_next=86
GPU 79: pp_rank=1 pp_prev=71 pp_next=87
GPU 80: pp_rank=2 pp_prev=72 pp_next=88
GPU 81: pp_rank=2 pp_prev=73 pp_next=89
GPU 82: pp_rank=2 pp_prev=74 pp_next=90
GPU 83: pp_rank=2 pp_prev=75 pp_next=91
GPU 84: pp_rank=2 pp_prev=76 pp_next=92
GPU 85: pp_rank=2 pp_prev=77 pp_next=93
GPU 86: pp_rank=2 pp_prev=78 pp_next=94
GPU 87: pp_rank=2 pp_prev=79 pp_next=95
GPU 88: pp_rank=3 pp_prev=80 pp_next=-1
GPU 89: pp_rank=3 pp_prev=81 pp_next=-1
GPU 90: pp_rank=3 pp_prev=82 pp_next=-1
GPU 91: pp_rank=3 pp_prev=83 pp_next=-1
GPU 92: pp_rank=3 pp_prev=84 pp_next=-1
GPU 93: pp_rank=3 pp_prev=85 pp_next=-1
GPU 94: pp_rank=3 pp_prev=86 pp_next=-1
GPU 95: pp_rank=3 pp_prev=87 pp_next=-1
GPU 96: pp_rank=0 pp_prev=-1 pp_next=104
GPU 97: pp_rank=0 pp_prev=-1 pp_next=105
GPU 98: pp_rank=0 pp_prev=-1 pp_next=106
GPU 99: pp_rank=0 pp_prev=-1 pp_next=107
GPU 100: pp_rank=0 pp_prev=-1 pp_next=108
GPU 101: pp_rank=0 pp_prev=-1 pp_next=109
GPU 102: pp_rank=0 pp_prev=-1 pp_next=110
GPU 103: pp_rank=0 pp_prev=-1 pp_next=111
GPU 104: pp_rank=1 pp_prev=96 pp_next=112
GPU 105: pp_rank=1 pp_prev=97 pp_next=113
GPU 106: pp_rank=1 pp_prev=98 pp_next=114
GPU 107: pp_rank=1 pp_prev=99 pp_next=115
GPU 108: pp_rank=1 pp_prev=100 pp_next=116
GPU 109: pp_rank=1 pp_prev=101 pp_next=117
GPU 110: pp_rank=1 pp_prev=102 pp_next=118
GPU 111: pp_rank=1 pp_prev=103 pp_next=119
GPU 112: pp_rank=2 pp_prev=104 pp_next=120
GPU 113: pp_rank=2 pp_prev=105 pp_next=121
GPU 114: pp_rank=2 pp_prev=106 pp_next=122
GPU 115: pp_rank=2 pp_prev=107 pp_next=123
GPU 116: pp_rank=2 pp_prev=108 pp_next=124
GPU 117: pp_rank=2 pp_prev=109 pp_next=125
GPU 118: pp_rank=2 pp_prev=110 pp_next=126
GPU 119: pp_rank=2 pp_prev=111 pp_next=127
GPU 120: pp_rank=3 pp_prev=112 pp_next=-1
GPU 121: pp_rank=3 pp_prev=113 pp_next=-1
GPU 122: pp_rank=3 pp_prev=114 pp_next=-1
GPU 123: pp_rank=3 pp_prev=115 pp_next=-1
GPU 124: pp_rank=3 pp_prev=116 pp_next=-1
GPU 125: pp_rank=3 pp_prev=117 pp_next=-1
GPU 126: pp_rank=3 pp_prev=118 pp_next=-1
GPU 127: pp_rank=3 pp_prev=119 pp_next=-1
GPU 128: pp_rank=0 pp_prev=-1 pp_next=136
GPU 129: pp_rank=0 pp_prev=-1 pp_next=137
GPU 130: pp_rank=0 pp_prev=-1 pp_next=138
GPU 131: pp_rank=0 pp_prev=-1 pp_next=139
GPU 132: pp_rank=0 pp_prev=-1 pp_next=140
GPU 133: pp_rank=0 pp_prev=-1 pp_next=141
GPU 134: pp_rank=0 pp_prev=-1 pp_next=142
GPU 135: pp_rank=0 pp_prev=-1 pp_next=143
GPU 136: pp_rank=1 pp_prev=128 pp_next=144
GPU 137: pp_rank=1 pp_prev=129 pp_next=145
GPU 138: pp_rank=1 pp_prev=130 pp_next=146
GPU 139: pp_rank=1 pp_prev=131 pp_next=147
GPU 140: pp_rank=1 pp_prev=132 pp_next=148
GPU 141: pp_rank=1 pp_prev=133 pp_next=149
GPU 142: pp_rank=1 pp_prev=134 pp_next=150
GPU 143: pp_rank=1 pp_prev=135 pp_next=151
GPU 144: pp_rank=2 pp_prev=136 pp_next=152
GPU 145: pp_rank=2 pp_prev=137 pp_next=153
GPU 146: pp_rank=2 pp_prev=138 pp_next=154
GPU 147: pp_rank=2 pp_prev=139 pp_next=155
GPU 148: pp_rank=2 pp_prev=140 pp_next=156
GPU 149: pp_rank=2 pp_prev=141 pp_next=157
GPU 150: pp_rank=2 pp_prev=142 pp_next=158
GPU 151: pp_rank=2 pp_prev=143 pp_next=159
GPU 152: pp_rank=3 pp_prev=144 pp_next=-1
GPU 153: pp_rank=3 pp_prev=145 pp_next=-1
GPU 154: pp_rank=3 pp_prev=146 pp_next=-1
GPU 155: pp_rank=3 pp_prev=147 pp_next=-1
GPU 156: pp_rank=3 pp_prev=148 pp_next=-1
GPU 157: pp_rank=3 pp_prev=149 pp_next=-1
GPU 158: pp_rank=3 pp_prev=150 pp_next=-1
GPU 159: pp_rank=3 pp_prev=151 pp_next=-1
GPU 160: pp_rank=0 pp_prev=-1 pp_next=168
GPU 161: pp_rank=0 pp_prev=-1 pp_next=169
GPU 162: pp_rank=0 pp_prev=-1 pp_next=170
GPU 163: pp_rank=0 pp_prev=-1 pp_next=171
GPU 164: pp_rank=0 pp_prev=-1 pp_next=172
GPU 165: pp_rank=0 pp_prev=-1 pp_next=173
GPU 166: pp_rank=0 pp_prev=-1 pp_next=174
GPU 167: pp_rank=0 pp_prev=-1 pp_next=175
GPU 168: pp_rank=1 pp_prev=160 pp_next=176
GPU 169: pp_rank=1 pp_prev=161 pp_next=177
GPU 170: pp_rank=1 pp_prev=162 pp_next=178
GPU 171: pp_rank=1 pp_prev=163 pp_next=179
GPU 172: pp_rank=1 pp_prev=164 pp_next=180
GPU 173: pp_rank=1 pp_prev=165 pp_next=181
GPU 174: pp_rank=1 pp_prev=166 pp_next=182
GPU 175: pp_rank=1 pp_prev=167 pp_next=183
GPU 176: pp_rank=2 pp_prev=168 pp_next=184
GPU 177: pp_rank=2 pp_prev=169 pp_next=185
GPU 178: pp_rank=2 pp_prev=170 pp_next=186
GPU 179: pp_rank=2 pp_prev=171 pp_next=187
GPU 180: pp_rank=2 pp_prev=172 pp_next=188
GPU 181: pp_rank=2 pp_prev=173 pp_next=189
GPU 182: pp_rank=2 pp_prev=174 pp_next=190
GPU 183: pp_rank=2 pp_prev=175 pp_next=191
GPU 184: pp_rank=3 pp_prev=176 pp_next=-1
GPU 185: pp_rank=3 pp_prev=177 pp_next=-1
GPU 186: pp_rank=3 pp_prev=178 pp_next=-1
GPU 187: pp_rank=3 pp_prev=179 pp_next=-1
GPU 188: pp_rank=3 pp_prev=180 pp_next=-1
GPU 189: pp_rank=3 pp_prev=181 pp_next=-1
GPU 190: pp_rank=3 pp_prev=182 pp_next=-1
GPU 191: pp_rank=3 pp_prev=183 pp_next=-1
GPU 192: pp_rank=0 pp_prev=-1 pp_next=200
GPU 193: pp_rank=0 pp_prev=-1 pp_next=201
GPU 194: pp_rank=0 pp_prev=-1 pp_next=202
GPU 195: pp_rank=0 pp_prev=-1 pp_next=203
GPU 196: pp_rank=0 pp_prev=-1 pp_next=204
GPU 197: pp_rank=0 pp_prev=-1 pp_next=205
GPU 198: pp_rank=0 pp_prev=-1 pp_next=206
GPU 199: pp_rank=0 pp_prev=-1 pp_next=207
GPU 200: pp_rank=1 pp_prev=192 pp_next=208
GPU 201: pp_rank=1 pp_prev=193 pp_next=209
GPU 202: pp_rank=1 pp_prev=194 pp_next=210
GPU 203: pp_rank=1 pp_prev=195 pp_next=211
GPU 204: pp_rank=1 pp_prev=196 pp_next=212
GPU 205: pp_rank=1 pp_prev=197 pp_next=213
GPU 206: pp_rank=1 pp_prev=198 pp_next=214
GPU 207: pp_rank=1 pp_prev=199 pp_next=215
GPU 208: pp_rank=2 pp_prev=200 pp_next=216
GPU 209: pp_rank=2 pp_prev=201 pp_next=217
GPU 210: pp_rank=2 pp_prev=202 pp_next=218
GPU 211: pp_rank=2 pp_prev=203 pp_next=219
GPU 212: pp_rank=2 pp_prev=204 pp_next=220
GPU 213: pp_rank=2 pp_prev=205 pp_next=221
GPU 214: pp_rank=2 pp_prev=206 pp_next=222
GPU 215: pp_rank=2 pp_prev=207 pp_next=223
GPU 216: pp_rank=3 pp_prev=208 pp_next=-1
GPU 217: pp_rank=3 pp_prev=209 pp_next=-1
GPU 218: pp_rank=3 pp_prev=210 pp_next=-1
GPU 219: pp_rank=3 pp_prev=211 pp_next=-1
GPU 220: pp_rank=3 pp_prev=212 pp_next=-1
GPU 221: pp_rank=3 pp_prev=213 pp_next=-1
GPU 222: pp_rank=3 pp_prev=214 pp_next=-1
GPU 223: pp_rank=3 pp_prev=215 pp_next=-1
GPU 224: pp_rank=0 pp_prev=-1 pp_next=232
GPU 225: pp_rank=0 pp_prev=-1 pp_next=233
GPU 226: pp_rank=0 pp_prev=-1 pp_next=234
GPU 227: pp_rank=0 pp_prev=-1 pp_next=235
GPU 228: pp_rank=0 pp_prev=-1 pp_next=236
GPU 229: pp_rank=0 pp_prev=-1 pp_next=237
GPU 230: pp_rank=0 pp_prev=-1 pp_next=238
GPU 231: pp_rank=0 pp_prev=-1 pp_next=239
GPU 232: pp_rank=1 pp_prev=224 pp_next=240
GPU 233: pp_rank=1 pp_prev=225 pp_next=241
GPU 234: pp_rank=1 pp_prev=226 pp_next=242
GPU 235: pp_rank=1 pp_prev=227 pp_next=243
GPU 236: pp_rank=1 pp_prev=228 pp_next=244
GPU 237: pp_rank=1 pp_prev=229 pp_next=245
GPU 238: pp_rank=1 pp_prev=230 pp_next=246
GPU 239: pp_rank=1 pp_prev=231 pp_next=247
GPU 240: pp_rank=2 pp_prev=232 pp_next=248
GPU 241: pp_rank=2 pp_prev=233 pp_next=249
GPU 242: pp_rank=2 pp_prev=234 pp_next=250
GPU 243: pp_rank=2 pp_prev=235 pp_next=251
GPU 244: pp_rank=2 pp_prev=236 pp_next=252
GPU 245: pp_rank=2 pp_prev=237 pp_next=253
GPU 246: pp_rank=2 pp_prev=238 pp_next=254
GPU 247: pp_rank=2 pp_prev=239 pp_next=255
GPU 248: pp_rank=3 pp_prev=240 pp_next=-1
GPU 249: pp_rank=3 pp_prev=241 pp_next=-1
GPU 250: pp_rank=3 pp_prev=242 pp_next=-1
GPU 251: pp_rank=3 pp_prev=243 pp_next=-1
GPU 252: pp_rank=3 pp_prev=244 pp_next=-1
GPU 253: pp_rank=3 pp_prev=245 pp_next=-1
GPU 254: pp_rank=3 pp_prev=246 pp_next=-1
GPU 255: pp_rank=3 pp_prev=247 pp_next=-1
[htsim] Created 256 Sys instances
[htsim] Workloads fired
Running htsim simulation...
info: reduce-scatter forward pass collective issued for layer: attention_row,info: reduce-scatter forward pass collective issued for layer: mlp_moelayer,info: reduce-scatter forward pass collective issued for layer: attention_row,info: reduce-scatter forward pass collective issued for layer: mlp_moelayer,info: reduce-scatter input grad collective issued for layer: mlp_moelayer,info: reduce-scatter input grad collective issued for layer: mlp_moelayer,info: reduce-scatter weight grad collective issued for layer: grad_norm,info: reduce-scatter forward pass collective issued for layer: attention_row,info: reduce-scatter forward pass collective issued for layer: mlp_moelayer,info: reduce-scatter forward pass collective issued for layer: attention_row,info: reduce-scatter forward pass collective issued for layer: mlp_moelayer,info: reduce-scatter input grad collective issued for layer: mlp_moelayer,info: reduce-scatter input grad collective issued for layer: mlp_moelayer,info: reduce-scatter weight grad collective issued for layer: grad_norm,info: reduce-scatter forward pass collective issued for layer: attention_row,info: reduce-scatter forward pass collective issued for layer: mlp_moelayer,info: reduce-scatter forward pass collective issued for layer: attention_row,info: reduce-scatter forward pass collective issued for layer: mlp_moelayer,info: reduce-scatter input grad collective issued for layer: mlp_moelayer,info: reduce-scatter input grad collective issued for layer: mlp_moelayer,info: reduce-scatter weight grad collective issued for layer: grad_norm,info: reduce-scatter forward pass collective issued for layer: attention_row,info: reduce-scatter forward pass collective issued for layer: mlp_moelayer,info: reduce-scatter forward pass collective issued for layer: attention_row,info: reduce-scatter forward pass collective issued for layer: mlp_moelayer,info: reduce-scatter input grad collective issued for layer: mlp_moelayer,info: reduce-scatter input grad collective issued for layer: mlp_moelayer,info: reduce-scatter weight grad collective issued for layer: grad_norm,info: reduce-scatter forward pass collective issued for layer: attention_row,info: reduce-scatter forward pass collective issued for layer: mlp_moelayer,info: reduce-scatter forward pass collective issued for layer: attention_row,info: reduce-scatter forward pass collective issued for layer: mlp_moelayer,info: reduce-scatter input grad collective issued for layer: mlp_moelayer,info: reduce-scatter input grad collective issued for layer: mlp_moelayer,info: reduce-scatter weight grad collective issued for layer: grad_norm,*****
Time to exit: Sat Apr 18 20:03:48 2026
all-reduce Collective implementation: NcclFlowModel
reduce-scatter Collective implementation: NcclFlowModel
all-gather Collective implementation: NcclFlowModel
all-to-all Collective implementation: NcclFlowModel
Collective optimization: baseline
Total sim duration: 1:37 hours
Total streams injected: 165
Total streams finished: 165
Percentage of finished streams: 100 %
*****
[htsim] sim_finish called by node 229
Simulation complete. Total events: 7592906565
Final time: 732.94 ms (0.73294 s)

======== Flow Statistics ========
Network flows: 82368 (1245740632576 bytes)
NVLink flows:  2293760 (7230601297920 bytes)

======== Retransmission Statistics ========
RTO: 1 ms
Total packets sent: 1246092360000
Total retransmissions: 0
Retransmission rate: 0%
TCP flows tracked: 82372
============================================
========================================

======== Traffic by Collective Type ========
  None: flows=1728 bytes=57982058496 (55296 MB, 0.684046%)
  ReduceScatter: flows=439040 bytes=3664217374720 (3.49447e+06 MB, 43.2288%)
  AllGather: flows=716800 bytes=3636004126720 (3.46756e+06 MB, 42.8959%)
  AllReduce: flows=1146880 bytes=588120064000 (560875 MB, 6.93837%)
  AllToAll: flows=71680 bytes=530018306560 (505465 MB, 6.25291%)
[htsim] sim_finish called by node 0
[htsim] sim_finish called by node 1
[htsim] sim_finish called by node 2
[htsim] sim_finish called by node 3
[htsim] sim_finish called by node 4
[htsim] sim_finish called by node 5
[htsim] sim_finish called by node 6
[htsim] sim_finish called by node 7
[htsim] sim_finish called by node 8
[htsim] sim_finish called by node 9
[htsim] sim_finish called by node 10
[htsim] sim_finish called by node 11
[htsim] sim_finish called by node 12
[htsim] sim_finish called by node 13
[htsim] sim_finish called by node 14
[htsim] sim_finish called by node 15
[htsim] sim_finish called by node 16
[htsim] sim_finish called by node 17
[htsim] sim_finish called by node 18
[htsim] sim_finish called by node 19
[htsim] sim_finish called by node 20
[htsim] sim_finish called by node 21
[htsim] sim_finish called by node 22
[htsim] sim_finish called by node 23
[htsim] sim_finish called by node 24
[htsim] sim_finish called by node 25
[htsim] sim_finish called by node 26
[htsim] sim_finish called by node 27
[htsim] sim_finish called by node 28
[htsim] sim_finish called by node 29
[htsim] sim_finish called by node 30
[htsim] sim_finish called by node 31
[htsim] sim_finish called by node 32
[htsim] sim_finish called by node 33
[htsim] sim_finish called by node 34
[htsim] sim_finish called by node 35
[htsim] sim_finish called by node 36
[htsim] sim_finish called by node 37
[htsim] sim_finish called by node 38
[htsim] sim_finish called by node 39
[htsim] sim_finish called by node 40
[htsim] sim_finish called by node 41
[htsim] sim_finish called by node 42
[htsim] sim_finish called by node 43
[htsim] sim_finish called by node 44
[htsim] sim_finish called by node 45
[htsim] sim_finish called by node 46
[htsim] sim_finish called by node 47
[htsim] sim_finish called by node 48
[htsim] sim_finish called by node 49
[htsim] sim_finish called by node 50
[htsim] sim_finish called by node 51
[htsim] sim_finish called by node 52
[htsim] sim_finish called by node 53
[htsim] sim_finish called by node 54
[htsim] sim_finish called by node 55
[htsim] sim_finish called by node 56
[htsim] sim_finish called by node 57
[htsim] sim_finish called by node 58
[htsim] sim_finish called by node 59
[htsim] sim_finish called by node 60
[htsim] sim_finish called by node 61
[htsim] sim_finish called by node 62
[htsim] sim_finish called by node 63
[htsim] sim_finish called by node 64
[htsim] sim_finish called by node 65
[htsim] sim_finish called by node 66
[htsim] sim_finish called by node 67
[htsim] sim_finish called by node 68
[htsim] sim_finish called by node 69
[htsim] sim_finish called by node 70
[htsim] sim_finish called by node 71
[htsim] sim_finish called by node 72
[htsim] sim_finish called by node 73
[htsim] sim_finish called by node 74
[htsim] sim_finish called by node 75
[htsim] sim_finish called by node 76
[htsim] sim_finish called by node 77
[htsim] sim_finish called by node 78
[htsim] sim_finish called by node 79
[htsim] sim_finish called by node 80
[htsim] sim_finish called by node 81
[htsim] sim_finish called by node 82
[htsim] sim_finish called by node 83
[htsim] sim_finish called by node 84
[htsim] sim_finish called by node 85
[htsim] sim_finish called by node 86
[htsim] sim_finish called by node 87
[htsim] sim_finish called by node 88
[htsim] sim_finish called by node 89
[htsim] sim_finish called by node 90
[htsim] sim_finish called by node 91
[htsim] sim_finish called by node 92
[htsim] sim_finish called by node 93
[htsim] sim_finish called by node 94
[htsim] sim_finish called by node 95
[htsim] sim_finish called by node 96
[htsim] sim_finish called by node 97
[htsim] sim_finish called by node 98
[htsim] sim_finish called by node 99
[htsim] sim_finish called by node 100
[htsim] sim_finish called by node 101
[htsim] sim_finish called by node 102
[htsim] sim_finish called by node 103
[htsim] sim_finish called by node 104
[htsim] sim_finish called by node 105
[htsim] sim_finish called by node 106
[htsim] sim_finish called by node 107
[htsim] sim_finish called by node 108
[htsim] sim_finish called by node 109
[htsim] sim_finish called by node 110
[htsim] sim_finish called by node 111
[htsim] sim_finish called by node 112
[htsim] sim_finish called by node 113
[htsim] sim_finish called by node 114
[htsim] sim_finish called by node 115
[htsim] sim_finish called by node 116
[htsim] sim_finish called by node 117
[htsim] sim_finish called by node 118
[htsim] sim_finish called by node 119
[htsim] sim_finish called by node 120
[htsim] sim_finish called by node 121
[htsim] sim_finish called by node 122
[htsim] sim_finish called by node 123
[htsim] sim_finish called by node 124
[htsim] sim_finish called by node 125
[htsim] sim_finish called by node 126
[htsim] sim_finish called by node 127
[htsim] sim_finish called by node 128
[htsim] sim_finish called by node 129
[htsim] sim_finish called by node 130
[htsim] sim_finish called by node 131
[htsim] sim_finish called by node 132
[htsim] sim_finish called by node 133
[htsim] sim_finish called by node 134
[htsim] sim_finish called by node 135
[htsim] sim_finish called by node 136
[htsim] sim_finish called by node 137
[htsim] sim_finish called by node 138
[htsim] sim_finish called by node 139
[htsim] sim_finish called by node 140
[htsim] sim_finish called by node 141
[htsim] sim_finish called by node 142
[htsim] sim_finish called by node 143
[htsim] sim_finish called by node 144
[htsim] sim_finish called by node 145
[htsim] sim_finish called by node 146
[htsim] sim_finish called by node 147
[htsim] sim_finish called by node 148
[htsim] sim_finish called by node 149
[htsim] sim_finish called by node 150
[htsim] sim_finish called by node 151
[htsim] sim_finish called by node 152
[htsim] sim_finish called by node 153
[htsim] sim_finish called by node 154
[htsim] sim_finish called by node 155
[htsim] sim_finish called by node 156
[htsim] sim_finish called by node 157
[htsim] sim_finish called by node 158
[htsim] sim_finish called by node 159
[htsim] sim_finish called by node 160
[htsim] sim_finish called by node 161
[htsim] sim_finish called by node 162
[htsim] sim_finish called by node 163
[htsim] sim_finish called by node 164
[htsim] sim_finish called by node 165
[htsim] sim_finish called by node 166
[htsim] sim_finish called by node 167
[htsim] sim_finish called by node 168
[htsim] sim_finish called by node 169
[htsim] sim_finish called by node 170
[htsim] sim_finish called by node 171
[htsim] sim_finish called by node 172
[htsim] sim_finish called by node 173
[htsim] sim_finish called by node 174
[htsim] sim_finish called by node 175
[htsim] sim_finish called by node 176
[htsim] sim_finish called by node 177
[htsim] sim_finish called by node 178
[htsim] sim_finish called by node 179
[htsim] sim_finish called by node 180
[htsim] sim_finish called by node 181
[htsim] sim_finish called by node 182
[htsim] sim_finish called by node 183
[htsim] sim_finish called by node 184
[htsim] sim_finish called by node 185
[htsim] sim_finish called by node 186
[htsim] sim_finish called by node 187
[htsim] sim_finish called by node 188
[htsim] sim_finish called by node 189
[htsim] sim_finish called by node 190
[htsim] sim_finish called by node 191
[htsim] sim_finish called by node 192
[htsim] sim_finish called by node 193
[htsim] sim_finish called by node 194
[htsim] sim_finish called by node 195
[htsim] sim_finish called by node 196
[htsim] sim_finish called by node 197
[htsim] sim_finish called by node 198
[htsim] sim_finish called by node 199
[htsim] sim_finish called by node 200
[htsim] sim_finish called by node 201
[htsim] sim_finish called by node 202
[htsim] sim_finish called by node 203
[htsim] sim_finish called by node 204
[htsim] sim_finish called by node 205
[htsim] sim_finish called by node 206
[htsim] sim_finish called by node 207
[htsim] sim_finish called by node 208
[htsim] sim_finish called by node 209
[htsim] sim_finish called by node 210
[htsim] sim_finish called by node 211
[htsim] sim_finish called by node 212
[htsim] sim_finish called by node 213
[htsim] sim_finish called by node 214
[htsim] sim_finish called by node 215
[htsim] sim_finish called by node 216
[htsim] sim_finish called by node 217
[htsim] sim_finish called by node 218
[htsim] sim_finish called by node 219
[htsim] sim_finish called by node 220
[htsim] sim_finish called by node 221
[htsim] sim_finish called by node 222
[htsim] sim_finish called by node 223
[htsim] sim_finish called by node 224
[htsim] sim_finish called by node 225
[htsim] sim_finish called by node 226
[htsim] sim_finish called by node 227
[htsim] sim_finish called by node 228
[htsim] sim_finish called by node 229
[htsim] sim_finish called by node 230
[htsim] sim_finish called by node 231
[htsim] sim_finish called by node 232
[htsim] sim_finish called by node 233
[htsim] sim_finish called by node 234
[htsim] sim_finish called by node 235
[htsim] sim_finish called by node 236
[htsim] sim_finish called by node 237
[htsim] sim_finish called by node 238
[htsim] sim_finish called by node 239
[htsim] sim_finish called by node 240
[htsim] sim_finish called by node 241
[htsim] sim_finish called by node 242
[htsim] sim_finish called by node 243
[htsim] sim_finish called by node 244
[htsim] sim_finish called by node 245
[htsim] sim_finish called by node 246
[htsim] sim_finish called by node 247
[htsim] sim_finish called by node 248
[htsim] sim_finish called by node 249
[htsim] sim_finish called by node 250
[htsim] sim_finish called by node 251
[htsim] sim_finish called by node 252
[htsim] sim_finish called by node 253
[htsim] sim_finish called by node 254
[htsim] sim_finish called by node 255
