=== SimAI htsim Backend ===
Topology: fattree
GPUs: 128
Link speed: 100000 Mbps
DP/TP/PP/EP: 1/4/4/8
GPUs per server: 8
Iterations: 5
Workload: /home/weihaoni/BTB-NCCL/SimAI/aicb/results/workload/None-Mixtral_8x7B-world_size128-tp4-pp4-ep8-gbs64-mbs8-seq4096-MOE-True-GEMM-True-flash_attn-False.txt
Expert hotspot: topk=2 skew=1.5 seed=42 volatility=2
==========================
[htsim] Machines: 16 FatTree K=4 FatTree nodes: 16
Building 1:1 Fat Tree with 16 nodes (k=4)
Link speed: 800000 Mbps
[htsim] FatTree topology created (full BW: 800000 Mbps)
[htsim] NVSwitch nodes: 16 (IDs: 128 to 143)
The final active chunks per dimension 1 after allocating to queues is: 1
ring of node 0, id: 0 dimension: local total nodes in ring: 128 index in ring: 0 offset: 1total nodes in ring: 128
ring of node 0, id: 0 dimension: local total nodes in ring: 128 index in ring: 0 offset: 1total nodes in ring: 128
ring of node 0, id: 0 dimension: local total nodes in ring: 128 index in ring: 0 offset: 1total nodes in ring: 128
ring of node 0, id: 0 dimension: local total nodes in ring: 128 index in ring: 0 offset: 1total nodes in ring: 128
total nodes: 128
ring of node 0, id: 0 dimension: local total nodes in ring: 4 index in ring: 0 offset: 1total nodes in ring: 4
ring of node 0, id: 0 dimension: local total nodes in ring: 32 index in ring: 0 offset: 4total nodes in ring: 32
ring of node 0, id: 0 dimension: local total nodes in ring: 4 index in ring: 0 offset: 1total nodes in ring: 4
ring of node 0, id: 0 dimension: local total nodes in ring: 32 index in ring: 0 offset: 4total nodes in ring: 32
ring of node 0, id: 0 dimension: local total nodes in ring: 4 index in ring: 0 offset: 1total nodes in ring: 4
ring of node 0, id: 0 dimension: local total nodes in ring: 32 index in ring: 0 offset: 4total nodes in ring: 32
ring of node 0, id: 0 dimension: local total nodes in ring: 4 index in ring: 0 offset: 1total nodes in ring: 4
ring of node 0, id: 0 dimension: local total nodes in ring: 32 index in ring: 0 offset: 4total nodes in ring: 32
PP config: pp_size=4 pp_commsize=67108864
GPU 0: pp_rank=0 pp_prev=-1 pp_next=4
stat path: ./ncclFlowModel_ ,total rows: 1 ,stat row: 0
CSV path and filename: ./ncclFlowModel_EndToEnd.csv
GPU 1: pp_rank=0 pp_prev=-1 pp_next=5
GPU 2: pp_rank=0 pp_prev=-1 pp_next=6
GPU 3: pp_rank=0 pp_prev=-1 pp_next=7
GPU 4: pp_rank=1 pp_prev=0 pp_next=8
GPU 5: pp_rank=1 pp_prev=1 pp_next=9
GPU 6: pp_rank=1 pp_prev=2 pp_next=10
GPU 7: pp_rank=1 pp_prev=3 pp_next=11
GPU 8: pp_rank=2 pp_prev=4 pp_next=12
GPU 9: pp_rank=2 pp_prev=5 pp_next=13
GPU 10: pp_rank=2 pp_prev=6 pp_next=14
GPU 11: pp_rank=2 pp_prev=7 pp_next=15
GPU 12: pp_rank=3 pp_prev=8 pp_next=-1
GPU 13: pp_rank=3 pp_prev=9 pp_next=-1
GPU 14: pp_rank=3 pp_prev=10 pp_next=-1
GPU 15: pp_rank=3 pp_prev=11 pp_next=-1
GPU 16: pp_rank=0 pp_prev=-1 pp_next=20
GPU 17: pp_rank=0 pp_prev=-1 pp_next=21
GPU 18: pp_rank=0 pp_prev=-1 pp_next=22
GPU 19: pp_rank=0 pp_prev=-1 pp_next=23
GPU 20: pp_rank=1 pp_prev=16 pp_next=24
GPU 21: pp_rank=1 pp_prev=17 pp_next=25
GPU 22: pp_rank=1 pp_prev=18 pp_next=26
GPU 23: pp_rank=1 pp_prev=19 pp_next=27
GPU 24: pp_rank=2 pp_prev=20 pp_next=28
GPU 25: pp_rank=2 pp_prev=21 pp_next=29
GPU 26: pp_rank=2 pp_prev=22 pp_next=30
GPU 27: pp_rank=2 pp_prev=23 pp_next=31
GPU 28: pp_rank=3 pp_prev=24 pp_next=-1
GPU 29: pp_rank=3 pp_prev=25 pp_next=-1
GPU 30: pp_rank=3 pp_prev=26 pp_next=-1
GPU 31: pp_rank=3 pp_prev=27 pp_next=-1
GPU 32: pp_rank=0 pp_prev=-1 pp_next=36
GPU 33: pp_rank=0 pp_prev=-1 pp_next=37
GPU 34: pp_rank=0 pp_prev=-1 pp_next=38
GPU 35: pp_rank=0 pp_prev=-1 pp_next=39
GPU 36: pp_rank=1 pp_prev=32 pp_next=40
GPU 37: pp_rank=1 pp_prev=33 pp_next=41
GPU 38: pp_rank=1 pp_prev=34 pp_next=42
GPU 39: pp_rank=1 pp_prev=35 pp_next=43
GPU 40: pp_rank=2 pp_prev=36 pp_next=44
GPU 41: pp_rank=2 pp_prev=37 pp_next=45
GPU 42: pp_rank=2 pp_prev=38 pp_next=46
GPU 43: pp_rank=2 pp_prev=39 pp_next=47
GPU 44: pp_rank=3 pp_prev=40 pp_next=-1
GPU 45: pp_rank=3 pp_prev=41 pp_next=-1
GPU 46: pp_rank=3 pp_prev=42 pp_next=-1
GPU 47: pp_rank=3 pp_prev=43 pp_next=-1
GPU 48: pp_rank=0 pp_prev=-1 pp_next=52
GPU 49: pp_rank=0 pp_prev=-1 pp_next=53
GPU 50: pp_rank=0 pp_prev=-1 pp_next=54
GPU 51: pp_rank=0 pp_prev=-1 pp_next=55
GPU 52: pp_rank=1 pp_prev=48 pp_next=56
GPU 53: pp_rank=1 pp_prev=49 pp_next=57
GPU 54: pp_rank=1 pp_prev=50 pp_next=58
GPU 55: pp_rank=1 pp_prev=51 pp_next=59
GPU 56: pp_rank=2 pp_prev=52 pp_next=60
GPU 57: pp_rank=2 pp_prev=53 pp_next=61
GPU 58: pp_rank=2 pp_prev=54 pp_next=62
GPU 59: pp_rank=2 pp_prev=55 pp_next=63
GPU 60: pp_rank=3 pp_prev=56 pp_next=-1
GPU 61: pp_rank=3 pp_prev=57 pp_next=-1
GPU 62: pp_rank=3 pp_prev=58 pp_next=-1
GPU 63: pp_rank=3 pp_prev=59 pp_next=-1
GPU 64: pp_rank=0 pp_prev=-1 pp_next=68
GPU 65: pp_rank=0 pp_prev=-1 pp_next=69
GPU 66: pp_rank=0 pp_prev=-1 pp_next=70
GPU 67: pp_rank=0 pp_prev=-1 pp_next=71
GPU 68: pp_rank=1 pp_prev=64 pp_next=72
GPU 69: pp_rank=1 pp_prev=65 pp_next=73
GPU 70: pp_rank=1 pp_prev=66 pp_next=74
GPU 71: pp_rank=1 pp_prev=67 pp_next=75
GPU 72: pp_rank=2 pp_prev=68 pp_next=76
GPU 73: pp_rank=2 pp_prev=69 pp_next=77
GPU 74: pp_rank=2 pp_prev=70 pp_next=78
GPU 75: pp_rank=2 pp_prev=71 pp_next=79
GPU 76: pp_rank=3 pp_prev=72 pp_next=-1
GPU 77: pp_rank=3 pp_prev=73 pp_next=-1
GPU 78: pp_rank=3 pp_prev=74 pp_next=-1
GPU 79: pp_rank=3 pp_prev=75 pp_next=-1
GPU 80: pp_rank=0 pp_prev=-1 pp_next=84
GPU 81: pp_rank=0 pp_prev=-1 pp_next=85
GPU 82: pp_rank=0 pp_prev=-1 pp_next=86
GPU 83: pp_rank=0 pp_prev=-1 pp_next=87
GPU 84: pp_rank=1 pp_prev=80 pp_next=88
GPU 85: pp_rank=1 pp_prev=81 pp_next=89
GPU 86: pp_rank=1 pp_prev=82 pp_next=90
GPU 87: pp_rank=1 pp_prev=83 pp_next=91
GPU 88: pp_rank=2 pp_prev=84 pp_next=92
GPU 89: pp_rank=2 pp_prev=85 pp_next=93
GPU 90: pp_rank=2 pp_prev=86 pp_next=94
GPU 91: pp_rank=2 pp_prev=87 pp_next=95
GPU 92: pp_rank=3 pp_prev=88 pp_next=-1
GPU 93: pp_rank=3 pp_prev=89 pp_next=-1
GPU 94: pp_rank=3 pp_prev=90 pp_next=-1
GPU 95: pp_rank=3 pp_prev=91 pp_next=-1
GPU 96: pp_rank=0 pp_prev=-1 pp_next=100
GPU 97: pp_rank=0 pp_prev=-1 pp_next=101
GPU 98: pp_rank=0 pp_prev=-1 pp_next=102
GPU 99: pp_rank=0 pp_prev=-1 pp_next=103
GPU 100: pp_rank=1 pp_prev=96 pp_next=104
GPU 101: pp_rank=1 pp_prev=97 pp_next=105
GPU 102: pp_rank=1 pp_prev=98 pp_next=106
GPU 103: pp_rank=1 pp_prev=99 pp_next=107
GPU 104: pp_rank=2 pp_prev=100 pp_next=108
GPU 105: pp_rank=2 pp_prev=101 pp_next=109
GPU 106: pp_rank=2 pp_prev=102 pp_next=110
GPU 107: pp_rank=2 pp_prev=103 pp_next=111
GPU 108: pp_rank=3 pp_prev=104 pp_next=-1
GPU 109: pp_rank=3 pp_prev=105 pp_next=-1
GPU 110: pp_rank=3 pp_prev=106 pp_next=-1
GPU 111: pp_rank=3 pp_prev=107 pp_next=-1
GPU 112: pp_rank=0 pp_prev=-1 pp_next=116
GPU 113: pp_rank=0 pp_prev=-1 pp_next=117
GPU 114: pp_rank=0 pp_prev=-1 pp_next=118
GPU 115: pp_rank=0 pp_prev=-1 pp_next=119
GPU 116: pp_rank=1 pp_prev=112 pp_next=120
GPU 117: pp_rank=1 pp_prev=113 pp_next=121
GPU 118: pp_rank=1 pp_prev=114 pp_next=122
GPU 119: pp_rank=1 pp_prev=115 pp_next=123
GPU 120: pp_rank=2 pp_prev=116 pp_next=124
GPU 121: pp_rank=2 pp_prev=117 pp_next=125
GPU 122: pp_rank=2 pp_prev=118 pp_next=126
GPU 123: pp_rank=2 pp_prev=119 pp_next=127
GPU 124: pp_rank=3 pp_prev=120 pp_next=-1
GPU 125: pp_rank=3 pp_prev=121 pp_next=-1
GPU 126: pp_rank=3 pp_prev=122 pp_next=-1
GPU 127: pp_rank=3 pp_prev=123 pp_next=-1
[htsim] Created 128 Sys instances
[htsim] Workloads fired
Running htsim simulation...
info: reduce-scatter forward pass collective issued for layer: attention_roinfo: reduce-scatter forward pass collective issued for layer: mlp_moelayer,info: reduce-scatter forward pass collective issued for layer: attention_row,info: reduce-scatter forward pass collective issued for layer: mlp_moelayer,At 38 RTO 1 MDEV 0 RTT 0 SEQ 0 HSENT 1 CWND 100 FAST RECOVERY? 0 Flow ID tcp SRC 65 DST 73
At 38 RTO 1 MDEV 0 RTT 0 SEQ 0 HSENT 1 CWND 100 FAST RECOVERY? 0 Flow ID tcp SRC 65 DST 77
At 38 RTO 1 MDEV 0 RTT 0 SEQ 0 HSENT 1 CWND 100 FAST RECOVERY? 0 Flow ID tcp SRC 65 DST 81
At 38 RTO 1 MDEV 0 RTT 0 SEQ 0 HSENT 1 CWND 100 FAST RECOVERY? 0 Flow ID tcp SRC 65 DST 85
At 38 RTO 1 MDEV 0 RTT 0 SEQ 0 HSENT 1 CWND 100 FAST RECOVERY? 0 Flow ID tcp SRC 65 DST 89
At 38 RTO 1 MDEV 0 RTT 0 SEQ 0 HSENT 1 CWND 100 FAST RECOVERY? 0 Flow ID tcp SRC 65 DST 93
At 38 RTO 1 MDEV 0 RTT 0 SEQ 0 HSENT 1 CWND 100 FAST RECOVERY? 0 Flow ID tcp SRC 85 DST 65
At 38 RTO 1 MDEV 0 RTT 0 SEQ 0 HSENT 1 CWND 100 FAST RECOVERY? 0 Flow ID tcp SRC 85 DST 69
At 38 RTO 1 MDEV 0 RTT 0 SEQ 0 HSENT 1 CWND 100 FAST RECOVERY? 0 Flow ID tcp SRC 85 DST 73
At 38 RTO 1 MDEV 0 RTT 0 SEQ 0 HSENT 1 CWND 100 FAST RECOVERY? 0 Flow ID tcp SRC 85 DST 77
At 38 RTO 1 MDEV 0 RTT 0 SEQ 0 HSENT 1 CWND 100 FAST RECOVERY? 0 Flow ID tcp SRC 85 DST 89
At 38 RTO 1 MDEV 0 RTT 0 SEQ 0 HSENT 1 CWND 100 FAST RECOVERY? 0 Flow ID tcp SRC 85 DST 93
At 38 RTO 1 MDEV 0 RTT 0 SEQ 0 HSENT 1 CWND 100 FAST RECOVERY? 0 Flow ID tcp SRC 64 DST 72
At 38 RTO 1 MDEV 0 RTT 0 SEQ 0 HSENT 1 CWND 100 FAST RECOVERY? 0 Flow ID tcp SRC 64 DST 76
At 38 RTO 1 MDEV 0 RTT 0 SEQ 0 HSENT 1 CWND 100 FAST RECOVERY? 0 Flow ID tcp SRC 64 DST 80
At 38 RTO 1 MDEV 0 RTT 0 SEQ 0 HSENT 1 CWND 100 FAST RECOVERY? 0 Flow ID tcp SRC 64 DST 84
At 38 RTO 1 MDEV 0 RTT 0 SEQ 0 HSENT 1 CWND 100 FAST RECOVERY? 0 Flow ID tcp SRC 64 DST 88
At 38 RTO 1 MDEV 0 RTT 0 SEQ 0 HSENT 1 CWND 100 FAST RECOVERY? 0 Flow ID tcp SRC 64 DST 92
At 38 RTO 1 MDEV 0 RTT 0 SEQ 0 HSENT 1 CWND 100 FAST RECOVERY? 0 Flow ID tcp SRC 67 DST 75
At 38 RTO 1 MDEV 0 RTT 0 SEQ 0 HSENT 1 CWND 100 FAST RECOVERY? 0 Flow ID tcp SRC 67 DST 79
At 38 RTO 1 MDEV 0 RTT 0 SEQ 0 HSENT 1 CWND 100 FAST RECOVERY? 0 Flow ID tcp SRC 67 DST 83
At 38 RTO 1 MDEV 0 RTT 0 SEQ 0 HSENT 1 CWND 100 FAST RECOVERY? 0 Flow ID tcp SRC 67 DST 87
At 38 RTO 1 MDEV 0 RTT 0 SEQ 0 HSENT 1 CWND 100 FAST RECOVERY? 0 Flow ID tcp SRC 67 DST 91
At 38 RTO 1 MDEV 0 RTT 0 SEQ 0 HSENT 1 CWND 100 FAST RECOVERY? 0 Flow ID tcp SRC 67 DST 95
At 38 RTO 1 MDEV 0 RTT 0 SEQ 0 HSENT 1 CWND 100 FAST RECOVERY? 0 Flow ID tcp SRC 66 DST 74
At 38 RTO 1 MDEV 0 RTT 0 SEQ 0 HSENT 1 CWND 100 FAST RECOVERY? 0 Flow ID tcp SRC 66 DST 78
At 38 RTO 1 MDEV 0 RTT 0 SEQ 0 HSENT 1 CWND 100 FAST RECOVERY? 0 Flow ID tcp SRC 66 DST 82
At 38 RTO 1 MDEV 0 RTT 0 SEQ 0 HSENT 1 CWND 100 FAST RECOVERY? 0 Flow ID tcp SRC 66 DST 86
At 38 RTO 1 MDEV 0 RTT 0 SEQ 0 HSENT 1 CWND 100 FAST RECOVERY? 0 Flow ID tcp SRC 66 DST 90
At 38 RTO 1 MDEV 0 RTT 0 SEQ 0 HSENT 1 CWND 100 FAST RECOVERY? 0 Flow ID tcp SRC 66 DST 94
At 38 RTO 1 MDEV 0 RTT 0 SEQ 0 HSENT 1 CWND 100 FAST RECOVERY? 0 Flow ID tcp SRC 84 DST 64
At 38 RTO 1 MDEV 0 RTT 0 SEQ 0 HSENT 1 CWND 100 FAST RECOVERY? 0 Flow ID tcp SRC 84 DST 68
At 38 RTO 1 MDEV 0 RTT 0 SEQ 0 HSENT 1 CWND 100 FAST RECOVERY? 0 Flow ID tcp SRC 84 DST 72
At 38 RTO 1 MDEV 0 RTT 0 SEQ 0 HSENT 1 CWND 100 FAST RECOVERY? 0 Flow ID tcp SRC 84 DST 76
At 38 RTO 1 MDEV 0 RTT 0 SEQ 0 HSENT 1 CWND 100 FAST RECOVERY? 0 Flow ID tcp SRC 84 DST 88
At 38 RTO 1 MDEV 0 RTT 0 SEQ 0 HSENT 1 CWND 100 FAST RECOVERY? 0 Flow ID tcp SRC 84 DST 92
At 38 RTO 1 MDEV 0 RTT 0 SEQ 0 HSENT 1 CWND 100 FAST RECOVERY? 0 Flow ID tcp SRC 87 DST 67
At 38 RTO 1 MDEV 0 RTT 0 SEQ 0 HSENT 1 CWND 100 FAST RECOVERY? 0 Flow ID tcp SRC 87 DST 71
At 38 RTO 1 MDEV 0 RTT 0 SEQ 0 HSENT 1 CWND 100 FAST RECOVERY? 0 Flow ID tcp SRC 87 DST 75
At 38 RTO 1 MDEV 0 RTT 0 SEQ 0 HSENT 1 CWND 100 FAST RECOVERY? 0 Flow ID tcp SRC 87 DST 79
At 38 RTO 1 MDEV 0 RTT 0 SEQ 0 HSENT 1 CWND 100 FAST RECOVERY? 0 Flow ID tcp SRC 87 DST 91
At 38 RTO 1 MDEV 0 RTT 0 SEQ 0 HSENT 1 CWND 100 FAST RECOVERY? 0 Flow ID tcp SRC 87 DST 95
At 38 RTO 1 MDEV 0 RTT 0 SEQ 0 HSENT 1 CWND 100 FAST RECOVERY? 0 Flow ID tcp SRC 86 DST 66
At 38 RTO 1 MDEV 0 RTT 0 SEQ 0 HSENT 1 CWND 100 FAST RECOVERY? 0 Flow ID tcp SRC 86 DST 70
At 38 RTO 1 MDEV 0 RTT 0 SEQ 0 HSENT 1 CWND 100 FAST RECOVERY? 0 Flow ID tcp SRC 86 DST 74
At 38 RTO 1 MDEV 0 RTT 0 SEQ 0 HSENT 1 CWND 100 FAST RECOVERY? 0 Flow ID tcp SRC 86 DST 78
At 38 RTO 1 MDEV 0 RTT 0 SEQ 0 HSENT 1 CWND 100 FAST RECOVERY? 0 Flow ID tcp SRC 86 DST 90
At 38 RTO 1 MDEV 0 RTT 0 SEQ 0 HSENT 1 CWND 100 FAST RECOVERY? 0 Flow ID tcp SRC 86 DST 94
At 38 RTO 1 MDEV 0 RTT 0 SEQ 0 HSENT 1 CWND 100 FAST RECOVERY? 0 Flow ID tcp SRC 34 DST 42
At 38 RTO 1 MDEV 0 RTT 0 SEQ 0 HSENT 1 CWND 100 FAST RECOVERY? 0 Flow ID tcp SRC 34 DST 46
At 38 RTO 1 MDEV 0 RTT 0 SEQ 0 HSENT 1 CWND 100 FAST RECOVERY? 0 Flow ID tcp SRC 34 DST 50
At 38 RTO 1 MDEV 0 RTT 0 SEQ 0 HSENT 1 CWND 100 FAST RECOVERY? 0 Flow ID tcp SRC 34 DST 54
At 38 RTO 1 MDEV 0 RTT 0 SEQ 0 HSENT 1 CWND 100 FAST RECOVERY? 0 Flow ID tcp SRC 34 DST 58
At 38 RTO 1 MDEV 0 RTT 0 SEQ 0 HSENT 1 CWND 100 FAST RECOVERY? 0 Flow ID tcp SRC 34 DST 62
At 38 RTO 1 MDEV 0 RTT 0 SEQ 0 HSENT 1 CWND 100 FAST RECOVERY? 0 Flow ID tcp SRC 54 DST 34
At 38 RTO 1 MDEV 0 RTT 0 SEQ 0 HSENT 1 CWND 100 FAST RECOVERY? 0 Flow ID tcp SRC 54 DST 38
At 38 RTO 1 MDEV 0 RTT 0 SEQ 0 HSENT 1 CWND 100 FAST RECOVERY? 0 Flow ID tcp SRC 54 DST 42
At 38 RTO 1 MDEV 0 RTT 0 SEQ 0 HSENT 1 CWND 100 FAST RECOVERY? 0 Flow ID tcp SRC 54 DST 46
At 38 RTO 1 MDEV 0 RTT 0 SEQ 0 HSENT 1 CWND 100 FAST RECOVERY? 0 Flow ID tcp SRC 54 DST 58
At 38 RTO 1 MDEV 0 RTT 0 SEQ 0 HSENT 1 CWND 100 FAST RECOVERY? 0 Flow ID tcp SRC 54 DST 62
At 38 RTO 1 MDEV 0 RTT 0 SEQ 0 HSENT 1 CWND 100 FAST RECOVERY? 0 Flow ID tcp SRC 33 DST 41
At 38 RTO 1 MDEV 0 RTT 0 SEQ 0 HSENT 1 CWND 100 FAST RECOVERY? 0 Flow ID tcp SRC 33 DST 45
At 38 RTO 1 MDEV 0 RTT 0 SEQ 0 HSENT 1 CWND 100 FAST RECOVERY? 0 Flow ID tcp SRC 33 DST 49
At 38 RTO 1 MDEV 0 RTT 0 SEQ 0 HSENT 1 CWND 100 FAST RECOVERY? 0 Flow ID tcp SRC 33 DST 53
At 38 RTO 1 MDEV 0 RTT 0 SEQ 0 HSENT 1 CWND 100 FAST RECOVERY? 0 Flow ID tcp SRC 33 DST 57
At 38 RTO 1 MDEV 0 RTT 0 SEQ 0 HSENT 1 CWND 100 FAST RECOVERY? 0 Flow ID tcp SRC 33 DST 61
At 38 RTO 1 MDEV 0 RTT 0 SEQ 0 HSENT 1 CWND 100 FAST RECOVERY? 0 Flow ID tcp SRC 32 DST 40
At 38 RTO 1 MDEV 0 RTT 0 SEQ 0 HSENT 1 CWND 100 FAST RECOVERY? 0 Flow ID tcp SRC 32 DST 44
At 38 RTO 1 MDEV 0 RTT 0 SEQ 0 HSENT 1 CWND 100 FAST RECOVERY? 0 Flow ID tcp SRC 32 DST 48
At 38 RTO 1 MDEV 0 RTT 0 SEQ 0 HSENT 1 CWND 100 FAST RECOVERY? 0 Flow ID tcp SRC 32 DST 52
At 38 RTO 1 MDEV 0 RTT 0 SEQ 0 HSENT 1 CWND 100 FAST RECOVERY? 0 Flow ID tcp SRC 32 DST 56
At 38 RTO 1 MDEV 0 RTT 0 SEQ 0 HSENT 1 CWND 100 FAST RECOVERY? 0 Flow ID tcp SRC 32 DST 60
At 38 RTO 1 MDEV 0 RTT 0 SEQ 0 HSENT 1 CWND 100 FAST RECOVERY? 0 Flow ID tcp SRC 35 DST 43
At 38 RTO 1 MDEV 0 RTT 0 SEQ 0 HSENT 1 CWND 100 FAST RECOVERY? 0 Flow ID tcp SRC 35 DST 47
At 38 RTO 1 MDEV 0 RTT 0 SEQ 0 HSENT 1 CWND 100 FAST RECOVERY? 0 Flow ID tcp SRC 35 DST 51
At 38 RTO 1 MDEV 0 RTT 0 SEQ 0 HSENT 1 CWND 100 FAST RECOVERY? 0 Flow ID tcp SRC 35 DST 55
At 38 RTO 1 MDEV 0 RTT 0 SEQ 0 HSENT 1 CWND 100 FAST RECOVERY? 0 Flow ID tcp SRC 35 DST 59
At 38 RTO 1 MDEV 0 RTT 0 SEQ 0 HSENT 1 CWND 100 FAST RECOVERY? 0 Flow ID tcp SRC 35 DST 63
At 38 RTO 1 MDEV 0 RTT 0 SEQ 0 HSENT 1 CWND 100 FAST RECOVERY? 0 Flow ID tcp SRC 53 DST 33
At 38 RTO 1 MDEV 0 RTT 0 SEQ 0 HSENT 1 CWND 100 FAST RECOVERY? 0 Flow ID tcp SRC 53 DST 37
At 38 RTO 1 MDEV 0 RTT 0 SEQ 0 HSENT 1 CWND 100 FAST RECOVERY? 0 Flow ID tcp SRC 53 DST 41
At 38 RTO 1 MDEV 0 RTT 0 SEQ 0 HSENT 1 CWND 100 FAST RECOVERY? 0 Flow ID tcp SRC 53 DST 45
At 38 RTO 1 MDEV 0 RTT 0 SEQ 0 HSENT 1 CWND 100 FAST RECOVERY? 0 Flow ID tcp SRC 53 DST 57
At 38 RTO 1 MDEV 0 RTT 0 SEQ 0 HSENT 1 CWND 100 FAST RECOVERY? 0 Flow ID tcp SRC 53 DST 61
At 38 RTO 1 MDEV 0 RTT 0 SEQ 0 HSENT 1 CWND 100 FAST RECOVERY? 0 Flow ID tcp SRC 52 DST 32
At 38 RTO 1 MDEV 0 RTT 0 SEQ 0 HSENT 1 CWND 100 FAST RECOVERY? 0 Flow ID tcp SRC 52 DST 36
At 38 RTO 1 MDEV 0 RTT 0 SEQ 0 HSENT 1 CWND 100 FAST RECOVERY? 0 Flow ID tcp SRC 52 DST 40
At 38 RTO 1 MDEV 0 RTT 0 SEQ 0 HSENT 1 CWND 100 FAST RECOVERY? 0 Flow ID tcp SRC 52 DST 44
At 38 RTO 1 MDEV 0 RTT 0 SEQ 0 HSENT 1 CWND 100 FAST RECOVERY? 0 Flow ID tcp SRC 52 DST 56
At 38 RTO 1 MDEV 0 RTT 0 SEQ 0 HSENT 1 CWND 100 FAST RECOVERY? 0 Flow ID tcp SRC 52 DST 60
At 38 RTO 1 MDEV 0 RTT 0 SEQ 0 HSENT 1 CWND 100 FAST RECOVERY? 0 Flow ID tcp SRC 55 DST 35
At 38 RTO 1 MDEV 0 RTT 0 SEQ 0 HSENT 1 CWND 100 FAST RECOVERY? 0 Flow ID tcp SRC 55 DST 39
At 38 RTO 1 MDEV 0 RTT 0 SEQ 0 HSENT 1 CWND 100 FAST RECOVERY? 0 Flow ID tcp SRC 55 DST 43
At 38 RTO 1 MDEV 0 RTT 0 SEQ 0 HSENT 1 CWND 100 FAST RECOVERY? 0 Flow ID tcp SRC 55 DST 47
At 38 RTO 1 MDEV 0 RTT 0 SEQ 0 HSENT 1 CWND 100 FAST RECOVERY? 0 Flow ID tcp SRC 55 DST 59
At 38 RTO 1 MDEV 0 RTT 0 SEQ 0 HSENT 1 CWND 100 FAST RECOVERY? 0 Flow ID tcp SRC 55 DST 63
At 39 RTO 1 MDEVAt 54 RTO 1 MDEV 0 RTT 0 SEQ 0 HSENT 1 CWND 100 FAST RECOVERY? 0 Flow ID tcp SRC 6 DST 10
At 54 RTO 1 MDEV 0 RTT 0 SEQ 0 HSENT 1 CWND 100 FAST RECOVERY? 0 Flow ID tcp SRC 5 DST 9
At 54 RTO 1 MDEV 0 RTT 0 SEQ 0 HSENT 1 CWND 100 FAST RECOVERY? 0 Flow ID tcp SRC 4 DST 8
At 54 RTO 1 MDEV 0 RTT 0 SEQ 0 HSENT 1 CWND 100 FAST RECOVERY? 0 Flow ID tcp SRC 7 DST 11
At 54 RTO 1 MDEV 0 RTT 0 SEQ 0 HSENT 1 CWND 100 FAST RECOVERY? 0 Flow ID tcp SRC 6 DST 10
At 54 RTO 1 MDEV 0 RTT 0 SEQ 0 HSENT 1 CWND 100 FAST RECOVERY? 0 Flow ID tcp SRC 6 DST 14
At 54 RTO 1 MDEV 0 RTT 0 SEQ 0 HSENT 1 CWND 100 FAST RECOVERY? 0 Flow ID tcp SRC 6 DST 18
At 54 RTO 1 MDEV 0 RTT 0 SEQ 0 HSENT 1 CWND 100 FAST RECOVERY? 0 Flow ID tcp SRC 6 DST 22
At 54 RTO 1 MDEV 0 RTT 0 SEQ 0 HSENT 1 CWND 100 FAST RECOVERY? 0 Flow ID tcp SRC 6 DST 26
At 54 RTO 1 MDEV 0 RTT 0 SEQ 0 HSENT 1 CWND 100 FAST RECOVERY? 0 Flow ID tcp SRC 6 DST 30
At 54 RTO 1 MDEV 0 RTT 0 SEQ 0 HSENT 1 CWND 100 FAST RECOVERY? 0 Flow ID tcp SRC 5 DST 9
At 54 RTO 1 MDEV 0 RTT 0 SEQ 0 HSENT 1 CWND 100 FAST RECOVERY? 0 Flow ID tcp SRC 5 DST 13
At 54 RTO 1 MDEV 0 RTT 0 SEQ 0 HSENT 1 CWND 100 FAST RECOVERY? 0 Flow ID tcp SRC 5 DST 17
At 54 RTO 1 MDEV 0 RTT 0 SEQ 0 HSENT 1 CWND 100 FAST RECOVERY? 0 Flow ID tcp SRC 5 DST 21
At 54 RTO 1 MDEV 0 RTT 0 SEQ 0 HSENT 1 CWND 100 FAST RECOVERY? 0 Flow ID tcp SRC 5 DST 25
At 54 RTO 1 MDEV 0 RTT 0 SEQ 0 HSENT 1 CWND 100 FAST RECOVERY? 0 Flow ID tcp SRC 5 DST 29
At 54 RTO 1 MDEV 0 RTT 0 SEQ 0 HSENT 1 CWND 100 FAST RECOVERY? 0 Flow ID tcp SRC 4 DST 8
At 54 RTO 1 MDEV 0 RTT 0 SEQ 0 HSENT 1 CWND 100 FAST RECOVERY? 0 Flow ID tcp SRC 4 DST 12
At 54 RTO 1 MDEV 0 RTT 0 SEQ 0 HSENT 1 CWND 100 FAST RECOVERY? 0 Flow ID tcp SRC 4 DST 16
At 54 RTO 1 MDEV 0 RTT 0 SEQ 0 HSENT 1 CWND 100 FAST RECOVERY? 0 Flow ID tcp SRC 4 DST 20
At 54 RTO 1 MDEV 0 RTT 0 SEQ 0 HSENT 1 CWND 100 FAST RECOVERY? 0 Flow ID tcp SRC 4 DST 24
At 54 RTO 1 MDEV 0 RTT 0 SEQ 0 HSENT 1 CWND 100 FAST RECOVERY? 0 Flow ID tcp SRC 4 DST 28
At 54 RTO 1 MDEV 0 RTT 0 SEQ 0 HSENT 1 CWND 100 FAST RECOVERY? 0 Flow ID tcp SRC 7 DST 11
At 54 RTO 1 MDEV 0 RTT 0 SEQ 0 HSENT 1 CWND 100 FAST RECOVERY? 0 Flow ID tcp SRC 7 DST 15
At 54 RTO 1 MDEV 0 RTT 0 SEQ 0 HSENTinfo: reduce-scatter input grad collective issued for layer: mlp_moelayer,info: reduce-scatter input grad collective issued for layer: mlp_moelayer,info: reduce-scatter weight grad collective issued for layer: grad_norm,At 172 RTO 1 MDEV 0 RTT 0 SEQ 0 HSENT 1 CWND 100 FAST RECOVERY? 0 Flow ID tcp SRC 33 DST 49
At 172 RTO 1info: reduce-scatter input grad collective issued for layer: mlp_moelayer,info: info: reduce-scatter forward pass collective issued for layer: attention_row,info: reduce-scatter forward pass collective issued for layer: mlp_moelayer,At 221 RTO 1 MDEV 0 RTT 0 SEQ 0 HSENT 1 CWND 100 FAST RECOVERY? 0 Flow ID tcp SRC 97 DST 105
At 221 RTO 1 MDEV 0 RTT 0 SEQ 0 HSENT 1 CWND 100 FAST RECOVERY? 0 Flow ID tcp SRC 97 DST 109
At 221 RTO 1 MDEV 0 RTT 0 SEQ 0 HSENT 1 CWND 100 FAST RECOVERY? 0 Flow ID tcp SRC 97 DST 113
At 221 RTO 1 MDEV 0 RTT 0 SEQ 0 HSENT 1 CWND 100 FAST RECOVERY? 0 Flow ID tcp SRC 97 DST 117
At 221 RTO 1 MDEV 0 RTT 0 SEQ 0 HSENT 1 CWND 100 FAST RECOVERY? 0 Flow ID tcp SRC 97 DST 121
At 221 RTO 1 MDEV 0 RTT 0 SEQ 0 HSENT 1 CWND 100 FAST RECOVERY? 0 Flow ID tcp SRC 97 DST 125
At 221 RTO 1 MDEV 0 RTT 0 SEQ 0 HSENT 1 CWND 100 FAST RECOVERY? 0 Flow ID tcp SRC 96 DST 104
At 221 RTO 1 MDEV 0 RTT 0 SEQ 0 HSENT 1 CWND 100 FAST RECOVERY? 0 Flow ID tcp SRC 96 DST 108
At 221 RTO 1 MDEV 0 RTT 0 SEQ 0 HSENT 1 CWND 100 FAST RECOVERY? 0 Flow ID tcp SRC 96 DST 112
At 221 RTO 1 MDEV 0 RTT 0 SEQ 0 HSENT 1 CWND 100 FAST RECOVERY? 0 Flow ID tcp SRC 96 DST 116
At 221 RTO 1 MDEV 0 RTT 0 SEQ 0 HSENT 1 CWND 100 FAST RECOVERY? 0 Flow ID tcp SRC 96 DST 120
At 221 RTO 1 MDEV 0 RTT 0 SEQ 0 HSENT 1 CWND 100 FAST RECOVERY? 0 Flow ID tcp SRC 96 DST 124
At 221 RTO 1 MDEV 0 RTT 0 SEQ 0 HSENT 1 CWND 100 FAST RECOVERY? 0 Flow ID tcp SRC 99 DST 107
At 221 RTO 1 MDEV 0 RTT 0 SEQ 0 HSENT 1 CWND 100 FAST RECOVERY? 0 Flow ID tcp SRC 99 DST 111
At 221 RTO 1 MDEV 0 RTT 0 SEQ 0 HSENT 1 CWND 100 FAST RECOVERY? 0 Flow ID tcp SRC 99 DST 115
At 221 RTO 1 MDEV 0 RTT 0 SEQ 0 HSENT 1 CWND 100 FAST RECOVERY? 0 Flow ID tcp SRC 99 DST 119
At 221 RTO 1 MDEV 0 RTT 0 SEQ 0 HSENT 1 CWND 100 FAST RECOVERY? 0 Flow ID tcp SRC 99 DST 123
At 221 RTO 1 MDEV 0 RTT 0 SEQ 0 HSENT 1 CWND 100 FAST RECOVERY? 0 Flow ID tcp SRC 99 DST 127
At 221 RTO 1 MDEV 0 RTT 0 SEQ 0 HSENT 1 CWND 100 FAST RECOVERY? 0 Flow ID tcp SRC 98 DST 106
At 221 RTO 1 MDEV 0 RTT 0 SEQ 0 HSENT 1 CWND 100 FAST RECOVERY? 0 Flow ID tcp SRC 98 DST 110
At 221 RTO 1 MDEV 0 RTT 0 SEQ 0 HSENT 1 CWND 100 FAST RECOVERY? 0 Flow ID tcp SRC 98 DST 114
At 221 RTO 1 MDEV 0 RTT 0 SEQ 0 HSENT 1 CWND 100 FAST RECOVERY? 0 Flow ID tcp SRC 98 DST 118
At 221 RTO 1 MDEV 0 RTT 0 SEQ 0 HSENT 1 CWND 100 FAST RECOVERY? 0 Flow ID tcp SRC 98 DST 122
At 221 RTO 1 MDEV 0 RTT 0 SEQ 0 HSENT 1 CWND 100 FAST RECOVERY? 0 Flow ID tcp SRC 98 DST 126
At 221 RTO 1 MDEV 0 RTT 0 SEQ 0 HSENT 1 CWND 100 FAST RECOVERY? 0 Flow ID tcp SRC 25 DST 1
At 221 RTO 1 MDEV 0 RTT 0 SEQ 0 HSENT 1 CWND 100 FAST RECOVERY? 0 Flow ID tcp SRC 25 DST 5
At 221 RTO 1 MDEV 0 RTT 0 SEQ 0 HSENT 1 CWND 100 FAST RECOVERY? 0 Flow ID tcp SRC 25 DST 9
At 221 RTO 1 MDEV 0 RTT 0 SEQ 0 HSENT 1 CWND 100 FAST RECOVERY? 0 Flow ID tcp SRC 25 DST 13
At 221 RTO 1 MDEV 0 RTT 0 SEQ 0 HSENT 1 CWND 100 FAST RECOVERY? 0 Flow ID tcp SRC 25 DST 17
At 221 RTO 1 MDEV 0 RTT 0 SEQ 0 HSENT 1 CWND 100 FAST RECOVERY? 0 Flow ID tcp SRC 25 DST 21
info: reduce-scatter forward pass collective issued for layer: attention_row,info: reduce-scatter forward pass collective issued for layer: mlp_moelayer,At 240 RTO 1 MDEV 0 RTT 0 SEQ 0 HSENT 1 CWND 100 FAST RECOVERY? 0 Flow ID tcp SRC 22 DST 2
At 240 RTO 1 MDEV 0 RTT 0 SEQ 0 HSENT 1 CWND 100 FAST RECOVERY? 0 Flow ID tcp SRC 22 DST 6
At 240 RTO 1 MDEV 0 RTT 0 SEQ 0 HSENT 1 CWND 100 FAST RECOVERY? 0 Flow ID tcp SRC 22 DST 10
At 240 RTO 1 MDEV 0 RTT 0 SEQ 0 HSENT 1 CWND 100 FAST RECOVERY? 0 Flow ID tcp SRC 22 DST 14
At 240 RTO 1 MDEV 0 RTT 0 SEQ 0 HSENT 1 CWND 100 FAST RECOVERY? 0 Flow ID tcp SRC 22 DST 26
At 240 RTO 1 MDEV 0 RTT 0 SEQ 0 HSENT 1 CWND 100 FAST RECOVERY? 0 Flow ID tcp SRC 22 DST 30
At 240 RTO 1 MDEV 0 RTT 0 SEQ 0 HSENT 1 CWND 100 FAST RECOVERY? 0 Flow ID tcp SRC 21 DST 1
At 240 RTO 1 MDEV 0 RTT 0 SEQ 0 HSENT 1 CWND 100 FAST RECOVERY? 0 Flow ID tcp SRC 21 DST 5
At 240 RTO 1 MDEV 0 RTT 0 SEQ 0 HSENT 1 CWND 100 FAST RECOVERY? 0 Flow ID tcp SRC 21 DST 9
At 240 RTO 1 MDEV 0 RTT 0 SEQ 0 HSENT 1 CWND 100 FAST RECOVERY? 0 Flow ID tcp SRC 21 DST 13
At 240 RTO 1 MDEV 0 RTT 0 SEQ 0 HSENT 1 CWND 100 FAST RECOVERY? 0 Flow ID tcp SRC 21 DST 25
At 240 RTO 1 MDEV 0 RTT 0 SEQ 0 HSENT 1 CWND 100 FAST RECOVERY? 0 Flow ID tcp SRC 21 DST 29
At 240 RTO 1 MDEV 0 RTT 0 SEQ 0 HSENT 1 CWND 100 FAST RECOVERY? 0 Flow ID tcp SRC 20 DST 0
At 240 RTO 1 MDEV 0 RTT 0 SEQ 0 HSENT 1 CWND 100 FAST RECOVERY? 0 Flow ID tcp SRC 20 DST 4
At 240 RTO 1 MDEV 0 RTT 0 SEQ 0 HSENT 1 CWND 100 FAST RECOVERY? 0 Flow ID tcp SRC 20 DST 8
At 240 RTO 1 MDEV 0 RTT 0 SEQ 0 HSENT 1 CWND 100 FAST RECOVERY? 0 Flow ID tcp SRC 20 DST 12
At 240 RTO 1 MDEV 0 RTT 0 SEQ 0 HSENT 1 CWND 100 FAST RECOVERY? 0 Flow ID tcp SRC 20 DST 24
At 240 RTO 1 MDEV 0 RTT 0 SEQ 0 HSENT 1 CWND 100 FAST RECOVERY? 0 Flow ID tcp SRC 20 DST 28
At 240 RTO 1 MDEV 0 RTT 0 SEQ 0 HSENT 1 CWND 100 FAST RECOVERY? 0 Flow ID tcp SRC 23 DST 3
At 240 RTO 1 MDEV 0 RTT 0 SEQ 0 HSENT 1 CWND 100 FAST RECOVERY? 0 Flow ID tcp SRC 23 DST 7
At 240 RTO 1 MDEV 0 RTT 0 SEQ 0 HSENT 1 CWND 100 FAST RECOVERY? 0 Flow ID tcp SRC 23 DST 11
At 240 RTO 1 MDEV 0 RTT 0 SEQ 0 HSENT 1 CWND 100 FAST RECOVERY? 0 Flow ID tcp SRC 23 DST 15
At 240 RTO 1 MDEV 0 RTT 0 SEQ 0 HSENT 1 CWND 100 FAST RECOVERY? 0 Flow ID tcp SRC 23 DST 27
At 240 RTO 1 MDEV 0 RTT 0 SEQ 0 HSENT 1 CWND 100 FAST RECOVERY? 0 Flow ID tcp SRC 23 DST 31
At 247 RTO 1 MDEV 0 RTT 0 SEQ 0 HSENT 1 CWND 100 FAST RECOVERY? 0 Flow ID tcp SRC 98 DST 106
At 247 RTO 1 MDEV 0 RTT 0 SEQ 0 HSENT 1 CWND 100 FAST RECOVERY? 0 Flow ID tcp SRC 98 DST 110
At 247 RTO 1 MDEV 0 RTT 0 SEQ 0 HSENT 1 CWND 100 FAST RECOVERY? 0 Flow ID tcp SRC 98 DST 114
At 247 RTO 1 MDEV 0 RTT 0 SEQ 0 HSENT 1 CWND 100 FAST RECOVERY? 0 Flow ID tcp SRC 98 DST 118
At 247 RTO 1 MDEV 0 RTT 0 SEQ 0 HSENT 1 CWND 100 FAST RECOVERY? 0 Flow ID tcp SRC 98 DST 122
At 247 RTO 1 MDEV 0 RTT 0 SEQ 0 HSENT 1 CWND 100 FAST RECOVERY? 0 Flow ID tcp SRC 98 DST 126
At 247 RTO 1 MDEV 0 RTT 0 SEQ 0 HSENT 1 CWND 100 FAST RECOVERY? 0 Flow ID tcp SRC 118 DST 98
At 247 RTO 1 MDEV 0 RTT 0 SEQ 0 HSENT 1 CWND 100 FAST RECOVERY? 0 Flow ID tcp SRC 118 DST 102
At 247 RTO 1 MDEV 0 RTT 0 SEQ 0 HSENT 1 CWND 100 FAST RECOVERY? 0 Flow ID tcp SRC 118 DST 106
At 247 RTO 1 MDEV 0 RTT 0 SEQ 0 HSENT 1 CWND 100 FAST RECOVERY? 0 Flow ID tcp SRC 118 DST 110
At 247 RTO 1 MDEV 0 RTT 0 SEQ 0 HSENT 1 CWND 100 FAST RECOVERY? 0 Flow ID tcp SRC 118 DST 122
At 247 RTO 1 MDEV 0 RTT 0 SEQ 0 HSENT 1 CWND 100 FAST RECOVERY? 0 Flow ID tcp SRC 118 DST 126
At 247 RTO 1 MDEV 0 RTT 0 SEQ 0 HSENT 1 CWND 100 FAST RECOVERY? 0 Flow ID tcp SRC 97 DST 105
At 247 RTO 1 MDEV 0 RTT 0 SEQ 0 HSENT 1 CWND 100 FAST RECOVERY? 0 Flow ID tcp SRC 97 DST 109
At 247 RTO 1 MDEV 0 RTT 0 SEQ 0 HSENT 1 CWND 100 FAST RECOVERY? 0 Flow ID tcp SRC 97 DST 113
At 247 RTO 1 MDEV 0 RTT 0 SEQ 0 HSENT 1 CWND 100 FAST RECOVERY? 0 Flow ID tcp SRC 97 DST 117
At 247 RTO 1 MDEV 0 RTT 0 SEQ 0 HSENT 1 CWND 100 FAST RECOVERY? 0 Flow ID tcp SRC 97 DST 121
At 247 RTO 1 MDEV 0 RTT 0 SEQ 0 HSENT 1 CWND 100 FAST RECOVERY? 0 Flow ID tcp SRC 97 DST 125
At 247 RTO 1 MDEV 0 RTT 0 SEQ 0 HSENT 1 CWND 100 FAST RECOVERY? 0 Flow ID tcp SRC 96 DST 104
At 247 RTO 1 MDEV 0 RTT 0 SEQ 0 HSENT 1 CWND 100 FAST RECOVERY? 0 Flow ID tcp SRC 96 DST 108
At 247 RTO 1 MDEV 0 RTT 0 SEQ 0 HSENT 1 CWND 100 FAST RECOVERY? 0 Flow ID tcp SRC 96 DST 112
At 247 RTO 1 MDEV 0 RTT 0 SEQ 0 HSENT 1 CWND 100 FAST RECOVERY? 0 Flow ID tcp SRC 96 DST 116
At 247 RTO 1 MDEV 0 RTT 0 SEQ 0 HSENT 1 CWND 100 FAST RECOVERY? 0 Flow ID tcp SRC 96 DST 120
At 247 RTO 1 MDEV 0 RTT 0 SEQ 0 HSENT 1 CWND 100 FAST RECOVERY? 0 Flow ID tcp SRC 96 DST 124
At 247 RTO 1 MDEV 0 RTT 0 SEQ 0 HSENT 1 CWND 100 FAST RECOVERY? 0 Flow ID tcp SRC 99 DST 107
At 247 RTO 1 MDEV 0 RTT 0 SEQ 0 HSENT 1 CWND 100 FAST RECOVERY? 0 Flow ID tcp SRC 99 DST 111
At 247 RTO 1 MDEV 0 RTT 0 SEQ 0 HSENT 1 CWND 100 FAST RECOVERY? 0 Flow ID tcp SRC 99 DST 115
At 247 RTO 1 MDEV 0 RTT 0 SEQ 0 HSENT 1 CWND 100 FAST RECOVERY? 0 Flow ID tcp SRC 99 DST 119
At 247 RTO 1 MDEV 0 RTT 0 SEQ 0 HSENT 1 CWND 100 FAST RECOVERY? 0 Flow ID tcp SRC 99 DST 123
At 247 RTO 1 MDEV 0 RTT 0 SEQ 0 HSENT 1 CWND 100 FAST RECOVERY? 0 Flow ID tcp SRC 99 DST 127
At 247 RTO 1 MDEV 0 RTT 0 SEQ 0 HSENT 1 CWND 100 FAST RECOVERY? 0 Flow ID tcp SRC 117 DST 97
At 247 RTO 1 MDEV 0 RTT 0 SEQ 0 HSENT 1 CWND 100 FAST RECOVERY? 0 Flow ID tcp SRC 117 DST 101
At 247 RTO 1 MDEV 0 RTT 0 SEQ 0 HSENT 1 CWND 100 FAST RECOVERY? 0 Flow ID tcp SRC 117 DST 105
At 247 RTO 1 MDEV 0 RTT 0 SEQ 0 HSENT 1 CWND 100 FAST RECOVERY? 0 Flow ID tcp SRC 117 DST 109
At 247 RTO 1 MDEV 0 RTT 0 SEQ 0 HSENT 1 CWND 100 FAST RECOVERY? 0 Flow ID tcp SRC 117 DST 121
At 247 RTO 1 MDEV 0 RTT 0 SEQ 0 HSENT 1 CWND 100 FAST RECOVERY? 0 Flow ID tcp SRC 117 DST 125
At 247 RTO 1 MDEV 0 RTT 0 SEQ 0 HSENT 1 CWND 100 FAST RECOVERY? 0 Flow ID tcp SRC 116 DST 96
At 247 RTO 1 MDEV 0 RTT 0 SEQ 0 HSENT 1 CWND 100 FAST RECOVERY? 0 Flow ID tcp SRC 116 DST 100
At 247 RTO 1 MDEV 0 RTT 0 SEQ 0 HSENT 1 CWND 100 FAST RECOVERY? 0 Flow ID tcp SRC 116 DST 104
At 247 RTO 1 MDEV 0 RTT 0 SEQ 0 HSENT 1 CWND 100 FAST RECOVERY? 0 Flow ID tcp SRC 116 DST 108
At 247 RTO 1 MDEV 0 RTT 0 SEQ 0 HSENT 1 CWND 100 FAST RECOVERY? 0 Flow ID tcp SRC 116 DST 120
At 247 RTO 1 MDEV 0 RTT 0 SEQ 0 HSENT 1 CWND 100 FAST RECOVERY? 0 Flow ID tcp SRC 116 DST 124
At 247 RTO 1 MDEV 0 RTT 0 SEQ 0 HSENT 1 CWND 100 FAST RECOVERY? 0 Flow ID tcp SRC 119 DST 99
At 247 RTO 1 MDEV 0 RTT 0 SEQ 0 HSENT 1 CWND 100 FAST RECOVERY? 0 Flow ID tcp SRC 119 DST 103
At 247 RTO 1 MDEV 0 RTT 0 SEQ 0 HSENT 1 CWND 100 FAST RECOVERY? 0 Flow ID tcp SRC 119 DST 107
At 247 RTO 1 MDEV 0 RTT 0 SEQ 0 HSENT 1 CWND 100 FAST RECOVERY? 0 Flow ID tcp SRC 119 DST 111
At 247 RTO 1 MDEV 0 RTT 0 SEQ 0 HSENT 1 CWND 100 FAST RECOVERY? 0 Flow ID tcp SRC 119 DST 123
At 247 RTO 1 MDEV 0 RTT 0 SEQ 0 HSENT 1 CWND 100 FAST RECOVERY? 0 Flow ID tcp SRC 119 DST 127
At 263 RTO 1 MDEV 0 RTT 0 SEQ 0 HSENT 1 CWND 100 FAST RECOVERY? 0 Flow ID tcp SRC 56 DST 32
At 263 RTO 1 MDEV 0 RTT 0 SEQ 0 HSENT 1 CWND 100 FAST RECOVERY? 0 Flow ID tcp SRC 56 DST 36
At 263 RTO 1 MDEV 0 RTT 0 SEQ 0 HSENT 1 CWND 100 FAST RECOVERY? 0 Flow ID tcp SRC 56 DST 40
At 263 RTO 1 MDEV 0 RTT 0 SEQ 0 HSENT 1 CWND 100 FAST RECOVERY? 0 Flow ID tcp SRC 56 DST 44
At 263 RTO 1 MDEV 0 RTT 0 SEQ 0 HSENT 1 CWND 100 FAST RECOVERY? 0 Flow ID tcp SRC 56 DST 48
At 263 RTO 1 MDEV 0 RTT 0 SEQ 0 HSENT 1 CWND 100 FAST RECOVERY? 0 Flow ID tcp SRC 56 DST 52
At 263 RTO 1 MDEV 0 RTT 0 SEQ 0 HSENT 1 CWND 100 FAST RECOVERY? 0 Flow ID tcp SRC 58 DST 34
At 263 RTO 1 MDEV 0 RTT 0 SEQ 0 HSENT 1 CWND 100 FAST RECOVERY? 0 Flow ID tcp SRC 58 DST 38
At 263 RTO 1 MDEV 0 RTT 0 SEQ 0 HSENT 1 CWND 100 FAST RECOVERY? 0 Flow ID tcp SRC 58 DST 42
At 263 RTO 1 MDEV 0 RTT 0 SEQ 0 HSENT 1 CWND 100 FAST RECOVERY? 0 Flow ID tcp SRC 58 DST 46
At 263 RTO 1 MDEV 0 RTT 0 SEQ 0 HSENT 1 CWND 100 FAST RECOVERY? 0 Flow ID tcp SRC 58 DST 50
At 263 RTO 1 MDEV 0 RTT 0 SEQ 0 HSENT 1 CWND 100 FAST RECOVERY? 0 Flow ID tcp SRC 58 DST 54
At 263 RTO 1 MDEV 0 RTT 0 SEQ 0 HSENT 1 CWND 100 FAST RECOVERY? 0 Flow ID tcp SRC 59 DST 35
At 263 RTO 1 MDEV 0 RTT 0 SEQ 0 HSENT 1 CWND 100 FAST RECOVERY? 0 Flow ID tcp SRC 59 DST 39
At 263 RTO 1 MDEV 0 RTT 0 SEQ 0 HSENT 1 CWND 100 FAST RECOVERY? 0 Flow ID tcp SRC 59 DST 43
At 263 RTO 1 MDEV 0 RTT 0 SEQ 0 HSENT 1 CWND 100 FAST RECOVERY? 0 Flow ID tcp SRC 59 DST 47
At 263 RTO 1 MDEV 0 RTT 0 SEQ 0 HSENT 1 CWND 100 FAST RECOVERY? 0 Flow ID tcp SRC 59 DST 51
At 263 RTO 1 MDEV 0 RTT 0 SEQ 0 HSENT 1 CWND 100 FAST RECOVERY? 0 Flow ID tcp SRC 59 DST 55
At 263 RTO 1 MDEV 0 RTT 0 SEQ 0 HSENT 1 CWND 100 FAST RECOVERY? 0 Flow ID tcp SRC 57 DST 33
At 263 RTO 1 MDEV 0 RTT 0 SEQ 0 HSENT 1 CWND 100 FAST RECOVERY? 0 Flow ID tcp SRC 57 DST 37
At 263 RTO 1 MDEV 0 RTT 0 SEQ 0 HSENT 1 CWND 100 FAST RECOVERY? 0 Flow ID tcp SRC 57 DST 41
At 263 RTO 1 MDEV 0 RTT 0 SEQ 0 HSENT 1 CWND 100 FAST RECOVERY? 0 Flow ID tcp SRC 57 DST 45
At 263 RTO 1 MDEV 0 RTT 0 SEQ 0 HSENT 1 CWND 100 FAST RECOVERY? 0 Flow ID tcp SRC 57 DST 49
At 263 RTO 1 MDEV 0 RTT 0 SEQ 0 HSENT 1 CWND 100 FAST RECOVERY? 0 Flow ID tcp SRC 57 DST 53
At 263 RTO 1 MDEV 0 RTT 0 SEQ 0 HSENT 1 CWND 100 FAST RECOVERY? 0 Flow ID tcp SRC 88 DST 64
At 263 RTO 1 MDEV 0 RTT 0 SEQ 0 HSENT 1 CWND 100 FAST RECOVERY? 0 Flow ID tcp SRC 88 DST 68
At 263 RTO 1 MDEV 0 RTT 0 SEQ 0 HSENT 1 CWND 100 FAST RECOVERY? 0 Flow ID tcp SRC 88 DST 72
At 263 RTO 1 MDEV 0 RTT 0 SEQ 0 HSENT 1 CWND 100 FAST RECOVERY? 0 Flow ID tcp SRC 88 DST 76
At 263 RTO 1 MDEV 0 RTT 0 SEQ 0 HSENT 1 CWND 100 FAST RECOVERY? 0 Flow ID tcp SRC 88 DST 80
At 263 RTO 1 MDEV 0 RTT 0 SEQ 0 HSENT 1 CWND 100 FAST RECOVERY? 0 Flow ID tcp SRC 88 DST 84
info: reduce-scatter input grad collective issued for layer: mlp_moelayer,info: reduce-scatter input grad collective issued for layer: mlp_moelayer,info: reduce-scatter weight grad collective issued for layer: grad_norm,At 362 RTO 1 MDEV 0 RTT 0 SEQ 0 HSENT 1 CWND 100 FAST RECOVERY? 0 Flow ID tcp SRC 33 DST 49
At 364 RTO 1 MDEV 0 RTT 0 SEQ 0 HSENT 1 CWND 100 FAST RECOVERY? 0 Flow ID tcp SRC 37 DST 53
At 365 RTO 1 MDEV 0 RTT 0 SEQ 0 HSENT 1 CWND 100 FAST RECOVERY? 0 Flow ID tcp SRC 35 DST 51
At 365 RTO 1 MDEV 0 RTT 0 SEQ 0 HSENT 1 CWND 100 FAST RECOVERY? 0 Flow ID tcp SRC 35 DST 51
info: reduce-scatter forward pass collective issued for layer: attention_row,info: reduce-scatter forward pass collective issued for layer: mlp_moelayer,At 446 RTO 1 MDEV 0 RTT 0 SEQ 0 HSENT 1 CWND 100 FAST RECOVERY? 0 Flow ID tcp SRC 58 DST 34
At 446 RTO 1 MDEV 0 RTT 0 SEQ 0 HSENT 1 CWND 100 FAST RECOVERY? 0 Flow ID tcp SRC 58 DST 38
At 446 RTO 1 MDEV 0 RTT 0 SEQ 0 HSENT 1 CWND 100 FAST RECOVERY? 0 Flow ID tcp SRC 58 DST 42
At 446 RTO 1 MDEV 0 RTT 0 SEQ 0 HSENT 1 CWND 100 FAST RECOVERY? 0 Flow ID tcp SRC 58 DST 46
At 446 RTO 1 MDEV 0 RTT 0 SEQ 0 HSENT 1 CWND 100 FAST RECOVERY? 0 Flow ID tcp SRC 58 DST 50
At 446 RTO 1 MDEV 0 RTT 0 SEQ 0 HSENT 1 CWND 100 FAST RECOVERY? 0 Flow ID tcp SRC 58 DST 54
At 446 RTO 1 MDEV 0 RTT 0 SEQ 0 HSENT 1 CWND 100 FAST RECOVERY? 0 Flow ID tcp SRC 57 DST 33
At 446 RTO 1 MDEV 0 RTT 0 SEQ 0 HSENT 1 CWND 100 FAST RECOVERY? 0 Flow ID tcp SRC 57 DST 37
At 446 RTO 1 MDEV 0 RTT 0 SEQ 0 HSENT 1 CWND 100 FAST RECOVERY? 0 Flow ID tcp SRC 57 DST 41
At 446 RTO 1 MDEV 0 RTT 0 SEQ 0 HSENT 1 CWND 100 FAST RECOVERY? 0 Flow ID tcp SRC 57 DST 45
At 446 RTO 1 MDEV 0 RTT 0 SEQ 0 HSENT 1 CWND 100 FAST RECOVERY? 0 Flow ID tcp SRC 57 DST 49
At 446 RTO 1 MDEV 0 RTT 0 SEQ 0 HSENT 1 CWND 100 FAST RECOVERY? 0 Flow ID tcp SRC 57 DST 53
At 446 RTO 1 MDEV 0 RTT 0 SEQ 0 HSENT 1 CWND 100 FAST RECOVERY? 0 Flow ID tcp SRC 56 DST 32
At 446 RTO 1 MDEV 0 RTT 0 SEQ 0 HSENT 1 CWND 100 FAST RECOVERY? 0 Flow ID tcp SRC 56 DST 36
At 446 RTO 1 MDEV 0 RTT 0 SEQ 0 HSENT 1 CWND 100 FAST RECOVERY? 0 Flow ID tcp SRC 56 DST 40
At 446 RTO 1 MDEV 0 RTT 0 SEQ 0 HSENT 1 CWND 100 FAST RECOVERY? 0 Flow ID tcp SRC 56 DST 44
At 446 RTO 1 MDEV 0 RTT 0 SEQ 0 HSENT 1 CWND 100 FAST RECOVERY? 0 Flow ID tcp SRC 56 DST 48
At 446 RTO 1 MDEV 0 RTT 0 SEQ 0 HSENT 1 CWND 100 FAST RECOVERY? 0 Flow ID tcp SRC 56 DST 52
At 446 RTO 1 MDEV 0 RTT 0 SEQ 0 HSENT 1 CWND 100 FAST RECOVERY? 0 Flow ID tcp SRC 59 DST 35
At 446 RTO 1 MDEV 0 RTT 0 SEQ 0 HSENT 1 CWND 100 FAST RECOVERY? 0 Flow ID tcp SRC 59 DST 39
At 446 RTO 1 MDEV 0 RTT 0 SEQ 0 HSENT 1 CWND 100 FAST RECOVERY? 0 Flow ID tcp SRC 59 DST 43
At 446 RTO 1 MDEV 0 RTT 0 SEQ 0 HSENT 1 CWND 100 FAST RECOVERY? 0 Flow ID tcp SRC 59 DST 47
At 446 RTO 1 MDEV 0 RTT 0 SEQ 0 HSENT 1 CWND 100 FAST RECOVERY? 0 Flow ID tcp SRC 59 DST 51
At 446 RTO 1 MDEV 0 RTT 0 SEQ 0 HSENT 1 CWND 100 FAST RECOVERY? 0 Flow ID tcp SRC 59 DST 55
info: reduce-scatter forward pass collective issued for layer: attention_row,info: reduce-scatter forward pass collective issued for layer: mlp_moelayer,info: reduce-scatter input grad collective issued for layer: mlp_moelayer,info: reduce-scatter input grad collective issued for layer: mlp_moelayer,info: reduce-scatter weight grad collective issued for layer: grad_norm,At 598 RTO 1 MDEV 0 RTT 0 SEQ 0 HSENT 1 CWND 100 FAST RECOVERY? 0 Flow ID tcp SRC 81 DST 97
info: reduce-scatter forward pass collective issued for layer: attention_row,info: reduce-scatter forward pass collective issued for layer: mlp_moelayer,At 674 RTO 1 MDEV 0 RTT 0 SEQ 0 HSENT 1 CWND 100 FAST RECOVERY? 0 Flow ID tcp SRC 37 DST 41
At 674 RTO 1 MDEV 0 RTT 0 SEQ 0 HSENT 1 CWND 100 FAST RECOVERY? 0 Flow ID tcp SRC 37 DST 45
At 674 RTO 1 MDEV 0 RTT 0 SEQ 0 HSENT 1 CWND 100 FAST RECOVERY? 0 Flow ID tcp SRC 37 DST 49
At 674 RTO 1 MDEV 0 RTT 0 SEQ 0 HSENT 1 CWND 100 FAST RECOVERY? 0 Flow ID tcp SRC 37 DST 53
At 674 RTO 1 MDEV 0 RTT 0 SEQ 0 HSENT 1 CWND 100 FAST RECOVERY? 0 Flow ID tcp SRC 37 DST 57
At 674 RTO 1 MDEV 0 RTT 0 SEQ 0 HSENT 1 CWND 100 FAST RECOVERY? 0 Flow ID tcp SRC 37 DST 61
At 674 RTO 1 MDEV 0 RTT 0 SEQ 0 HSENT 1 CWND 100 FAST RECOVERY? 0 Flow ID tcp SRC 36 DST 40
At 674 RTO 1 MDEV 0 RTT 0 SEQ 0 HSENT 1 CWND 100 FAST RECOVERY? 0 Flow ID tcp SRC 36 DST 44
At 674 RTO 1 MDEV 0 RTT 0 SEQ 0 HSENT 1 CWND 100 FAST RECOVERY? 0 Flow ID tcp SRC 36 DST 48
At 674 RTO 1 MDEV 0 RTT 0 SEQ 0 HSENT 1 CWND 100 FAST RECOVERY? 0 Flow ID tcp SRC 36 DST 52
At 674 RTO 1 MDEV 0 RTT 0 SEQ 0 HSENT 1 CWND 100 FAST RECOVERY? 0 Flow ID tcp SRC 36 DST 56
At 674 RTO 1 MDEV 0 RTT 0 SEQ 0 HSENT 1 CWND 100 FAST RECOVERY? 0 Flow ID tcp SRC 36 DST 60
At 674 RTO 1 MDEV 0 RTT 0 SEQ 0 HSENT 1 CWND 100 FAST RECOVERY? 0 Flow ID tcp SRC 39 DST 43
At 674 RTO 1 MDEV 0 RTT 0 SEQ 0 HSENT 1 CWND 100 FAST RECOVERY? 0 Flow ID tcp SRC 39 DST 47
At 674 RTO 1 MDEV 0 RTT 0 SEQ 0 HSENT 1 CWND 100 FAST RECOVERY? 0 Flow ID tcp SRC 39 DST 51
At 674 RTO 1 MDEV 0 RTT 0 SEQ 0 HSENT 1 CWND 100 FAST RECOVERY? 0 Flow ID tcp SRC 39 DST 55
At 674 RTO 1 MDEV 0 RTT 0 SEQ 0 HSENT 1 CWND 100 FAST RECOVERY? 0 Flow ID tcp SRC 39 DST 59
At 674 RTO 1 MDEV 0 RTT 0 SEQ 0 HSENT 1 CWND 100 FAST RECOVERY? 0 Flow ID tcp SRC 39 DST 63
At 674 RTO 1 MDEV 0 RTT 0 SEQ 0 HSENT 1 CWND 100 FAST RECOVERY? 0 Flow ID tcp SRC 38 DST 42
At 674 RTO 1 MDEV 0 RTT 0 SEQ 0 HSENT 1 CWND 100 FAST RECOVERY? 0 Flow ID tcp SRC 38 DST 46
At 674 RTO 1 MDEV 0 RTT 0 SEQ 0 HSENT 1 CWND 100 FAST RECOVERY? 0 Flow ID tcp SRC 38 DST 50
At 674 RTO 1 MDEV 0 RTT 0 SEQ 0 HSENT 1 CWND 100 FAST RECOVERY? 0 Flow ID tcp SRC 38 DST 54
At 674 RTO 1 MDEV 0 RTT 0 SEQ 0 HSENT 1 CWND 100 FAST RECOVERY? 0 Flow ID tcp SRC 38 DST 58
At 674 RTO 1 MDEV 0 RTT 0 SEQ 0 HSENT 1 CWND 100 FAST RECOVERY? 0 Flow ID tcp SRC 38 DST 62
info: reduce-scatter forward pass collective issued for layer: attention_row,At 680 RTO 1 MDEV 0 RTT 0 SEQ 0 HSENT 1 CWND 100 FAST RECOVERY? 0 Flow ID tcp SRC 66 DST 74
At 680 RTO 1 MDEV 0 RTT 0 SEQ 0 HSENT 1 CWND 100 FAST RECOVERY? 0 Flow ID tcp SRC 66 DST 78
At 680 RTO 1 MDEV 0 RTT 0 SEQ 0 HSENT 1 CWND 100 FAST RECOVERY? 0 Flow ID tcp SRC 66 DST 82
At 680 RTO 1 MDEV 0 RTT 0 SEQ 0 HSENT 1 CWND 100 FAST RECOVERY? 0 Flow ID tcp SRC 66 DST 86
At 680 RTO 1 MDEV 0 RTT 0 SEQ 0 HSENT 1 CWND 100 FAST RECOVERY? 0 Flow ID tcp SRC 66 DST 90
At 680 RTO 1 MDEV 0 RTT 0 SEQ 0 HSENT 1 CWND 100 FAST RECOVERY? 0 Flow ID tcp SRC 66 DST 94
At 680 RTO 1 MDEV 0 RTT 0 SEQ 0 HSENT 1 CWND 100 FAST RECOVERY? 0 Flow ID tcp SRC 86 DST 66
At 680 RTO 1 MDEV 0 RTT 0 SEQ 0 HSENT 1 CWND 100 FAST RECOVERY? 0 Flow ID tcp SRC 86 DST 70
At 680 RTO 1 MDEV 0 RTT 0 SEQ 0 HSENT 1 CWND 100 FAST RECOVERY? 0 Flow ID tcp SRC 86 DST 74
At 680 RTO 1 MDEV 0 RTT 0 SEQ 0 HSENT 1 CWND 100 FAST RECOVERY? 0 Flow ID tcp SRC 86 DST 78
At 680 RTO 1 MDEV 0 RTT 0 SEQ 0 HSENT 1 CWND 100 FAST RECOVERY? 0 Flow ID tcp SRC 86 DST 90
At 680 RTO 1 MDEV 0 RTT 0 SEQ 0 HSENT 1 CWND 100 FAST RECOVERY? 0 Flow ID tcp SRC 86 DST 94
At 680 RTO 1 MDEV 0 RTT 0 SEQ 0 HSENT 1 CWND 100 FAST RECOVERY? 0 Flow ID tcp SRC 65 DST 73
At 680 RTO 1 MDEV 0 RTT 0 SEQ 0 HSENT 1 CWND 100 FAST RECOVERY? 0 Flow ID tcp SRC 65 DST 77
At 680 RTO 1 MDEV 0 RTT 0 SEQ 0 HSENT 1 CWND 100 FAST RECOVERY? 0 Flow ID tcp SRC 65 DST 81
At 680 RTO 1 MDEV 0 RTT 0 SEQ 0 HSENT 1 CWND 100 FAST RECOVERY? 0 Flow ID tcp SRC 65 DST 85
At 680 RTO 1 MDEV 0 RTT 0 SEQ 0 HSENT 1 CWND 100 FAST RECOVERY? 0 Flow ID tcp SRC 65 DST 89
At 680 RTO 1 MDEV 0 RTT 0 SEQ 0 HSENT 1 CWND 100 FAST RECOVERY? 0 Flow ID tcp SRC 65 DST 93
At 680 RTO 1 MDEV 0 RTT 0 SEQ 0 HSENT 1 CWND 100 FAST RECOVERY? 0 Flow ID tcp SRC 64 DST 72
At 680 RTO 1 MDEV 0 RTT 0 SEQ 0 HSENT 1 CWND 100 FAST RECOVERY? 0 Flow ID tcp SRC 64 DST 76
At 680 RTO 1 MDEV 0 RTT 0 SEQ 0 HSENT 1 CWND 100 FAST RECOVERY? 0 Flow ID tcp SRC 64 DST 80
At 680 RTO 1 MDEV 0 RTT 0 SEQ 0 HSENT 1 CWND 100 FAST RECOVERY? 0 Flow ID tcp SRC 64 DST 84
At 680 RTO 1 MDEV 0 RTT 0 SEQ 0 HSENT 1 CWND 100 FAST RECOVERY? 0 Flow ID tcp SRC 64 DST 88
At 680 RTO 1 MDEV 0 RTT 0 SEQ 0 HSENT 1 CWND 100 FAST RECOVERY? 0 Flow ID tcp SRC 64 DST 92
At 680 RTO 1 MDEV 0 RTT 0 SEQ 0 HSENT 1 CWND 100 FAST RECOVERY? 0 Flow ID tcp SRC 67 DST 75
At 680 RTO 1 MDEV 0 RTT 0 SEQ 0 HSENT 1 CWND 100 FAST RECOVERY? 0 Flow ID tcp SRC 67 DST 79
At 680 RTO 1 MDEV 0 RTT 0 SEQ 0 HSENT 1 CWND 100 FAST RECOVERY? 0 Flow ID tcp SRC 67 DST 83
At 680 RTO 1 MDEV 0 RTT 0 SEQ 0 HSENT 1 CWND 100 FAST RECOVERY? 0 Flow ID tcp SRC 67 DST 87
At 680 RTO 1 MDEV 0 RTT 0 SEQ 0 HSENT 1 CWND 100 FAST RECOVERY? 0 Flow ID tcp SRC 67 DST 91
At 680 RTO 1 MDEV 0 RTT 0 SEQ 0 HSENT 1 CWND 100 FAST RECOVERY? 0 Flow ID tcp SRC 67 DST 95
At 680 RTO 1 MDEV 0 RTT 0 SEQ 0 HSENT 1 CWND 100 FAST RECOVERY? 0 Flow ID tcp SRC 85 DST 65
At 680 RTO 1 MDEV 0 RTT 0 SEQ 0 HSENT 1 CWND 100 FAST RECOVERY? 0 Flow ID tcp SRC 85 DST 69
At 680 RTO 1 MDEV 0 RTT 0 SEQ 0 HSENT 1 CWND 100 FAST RECOVERY? 0 Flow ID tcp SRC 85 DST 73
At 680 RTO 1 MDEV 0 RTT 0 SEQ 0 HSENT 1 CWND 100 FAST RECOVERY? 0 Flow ID tcp SRC 85 DST 77
At 680 RTO 1 MDEV 0 RTT 0 SEQ 0 HSENT 1 CWND 100 FAST RECOVERY? 0 Flow ID tcp SRC 85 DST 89
At 680 RTO 1 MDEV 0 RTT 0 SEQ 0 HSENT 1 CWND 100 FAST RECOVERY? 0 Flow ID tcp SRC 85 DST 93
At 680 RTO 1 MDEV 0 RTT 0 SEQ 0 HSENT 1 CWND 100 FAST RECOVERY? 0 Flow ID tcp SRC 84 DST 64
At 680 RTO 1 MDEV 0 RTT 0 SEQ 0 HSENT 1 CWND 100 FAST RECOVERY? 0 Flow ID tcp SRC 84 DST 68
At 680 RTO 1 MDEV 0 RTT 0 SEQ 0 HSENT 1 CWND 100 FAST RECOVERY? 0 Flow ID tcp SRC 84 DST 72
At 680 RTO 1 MDEV 0 RTT 0 SEQ 0 HSENT 1 CWND 100 FAST RECOVERY? 0 Flow ID tcp SRC 84 DST 76
At 680 RTO 1 MDEV 0 RTT 0 SEQ 0 HSENT 1 CWND 100 FAST RECOVERY? 0 Flow ID tcp SRC 84 DST 88
At 680 RTO 1 MDEV 0 RTT 0 SEQ 0 HSENT 1 CWND 100 FAST RECOVERY? 0 Flow ID tcp SRC 84 DST 92
At 680 RTO 1 MDEV 0 RTT 0 SEQ 0 HSENT 1 CWND 100 FAST RECOVERY? 0 Flow ID tcp SRC 87 DST 67
At 680 RTO 1 MDEV 0 RTT 0 SEQ 0 HSENT 1 CWND 100 FAST RECOVERY? 0 Flow ID tcp SRC 87 DST 71
At 680 RTO 1 MDEV 0 RTT 0 SEQ 0 HSENT 1 CWND 100 FAST RECOVERY? 0 Flow ID tcp SRC 87 DST 75
At 680 RTO 1 MDEV 0 RTT 0 SEQ 0 HSENT 1 CWND 100 FAST RECOVERY? 0 Flow ID tcp SRC 87 DST 79
At 680 RTO 1 MDEV 0 RTT 0 SEQ 0 HSENT 1 CWND 100 FAST RECOVERY? 0 Flow ID tcp SRC 87 DST 91
At 680 RTO 1 MDEV 0 RTT 0 SEQ 0 HSENT 1 CWND 100 FAST RECOVERY? 0 Flow ID tcp SRC 87 DST 95
At 692 RTO 1 MDEV 0 RTT 0 SEQ 0 HSENT 1 CWND 100 FAST RECOVERY? 0 Flow ID tcp SRC 122 DST 98
At 692 RTO 1 MDEV 0 RTT 0 SEQ 0 HSENT 1 CWND 100 FAST RECOVERY? 0 Flow ID tcp SRC 122 DST 102
At 692 RTO 1 MDEV 0 RTT 0 SEQ 0 HSENT 1 CWND 100 FAST RECOVERY? 0 Flow ID tcp SRC 122 DST 106
At 692 RTO 1 MDEV 0 RTT 0 SEQ 0 HSENT 1 CWND 100 FAST RECOVERY? 0 Flow ID tcp SRC 122 DST 110
At 692 RTO 1 MDEV 0 RTT 0 SEQ 0 HSENT 1 CWND 100 FAST RECOVERY? 0 Flow ID tcp SRC 122 DST 114
At 692 RTO 1 MDEV 0 RTT 0 SEQ 0 HSENT 1 CWND 100 FAST RECOVERY? 0 Flow ID tcp SRC 122 DST 118
At 692 RTO 1 MDEV 0 RTT 0 SEQ 0 HSENT 1 CWND 100 FAST RECOVERY? 0 Flow ID tcp SRC 120 DST 96
At 692 RTO 1 MDEV 0 RTT 0 SEQ 0 HSENT 1 CWND 100 FAST RECOVERY? 0 Flow ID tcp SRC 120 DST 100
At 692 RTO 1 MDEV 0 RTT 0 SEQ 0 HSENT 1 CWND 100 FAST RECOVERY? 0 Flow ID tcp SRC 120 DST 104
At 692 RTO 1 MDEV 0 RTT 0 SEQ 0 HSENT 1 CWND 100 FAST RECOVERY? 0 Flow ID tcp SRC 120 DST 108
At 692 RTO 1 MDEV 0 RTT 0 SEQ 0 HSENT 1 CWND 100 FAST RECOVERY? 0 Flow ID tcp SRC 120 DST 112
At 692 RTO 1 MDEV 0 RTT 0 SEQ 0 HSENT 1 CWND 100 FAST RECOVERY? 0 Flow ID tcp SRC 120 DST 116
At 692 RTO 1 MDEV 0 RTT 0 SEQ 0 HSENT 1 CWND 100 FAST RECOVERY? 0 Flow ID tcp SRC 121 DST 97
At 692 RTO 1 MDEV 0 RTT 0 SEQ 0 HSENT 1 CWND 100 FAST RECOVERY? 0 Flow ID tcp SRC 121 DST 101
At 692 RTO 1 MDEV 0 RTT 0 SEQ 0 HSENT 1 CWND 100 FAST RECOVERY? 0 Flow ID tcp SRC 121 DST 105
At 692 RTO 1 MDEV 0 RTT 0 SEQ 0 HSENT 1 CWND 100 FAST RECOVERY? 0 Flow ID tcp SRC 121 DST 109
At 692 RTO 1 MDEV 0 RTT 0 SEQ 0 HSENT 1 CWND 100 FAST RECOVERY? 0 Flow ID tcp SRC 121 DST 113
At 692 RTO 1 MDEV 0 RTT 0 SEQ 0 HSENT 1 CWND 100 FAST RECOVERY? 0 Flow ID tcp SRC 121 DST 117
At 692 RTO 1 MDEV 0 RTT 0 SEQ 0 HSENT 1 CWND 100 FAST RECOVERY? 0 Flow ID tcp SRC 123 DST 99
At 692 RTO 1 MDEV 0 RTT 0 SEQ 0 HSENT 1 CWND 100 FAST RECOVERY? 0 Flow ID tcp SRC 123 DST 103
At 692 RTO 1 MDEV 0 RTT 0 SEQ 0 HSENT 1 CWND 100 FAST RECOVERY? 0 Flow ID tcp SRC 123 DST 107
At 692 RTO 1 MDEV 0 RTT 0 SEQ 0 HSENT 1 CWND 100 FAST RECOVERY? 0 Flow ID tcp SRC 123 DST 111
At 692 RTO 1 MDEV 0 RTT 0 SEQ 0 HSENT 1 CWND 100 FAST RECOVERY? 0 Flow ID tcp SRC 123 DST 115
At 692 RTO 1 MDEV 0 RTT 0 SEQ 0 HSENT 1 CWND 100 FAST RECOVERY? 0 Flow ID tcp SRC 123 DST 119
info: reduce-scatter forward pass collective issued for layer: mlp_moelayer,At 706 RTO 1 MDEV 0 RTT 0 SEQ 0 HSENT 1 CWND 100 FAST RECOVERY? 0 Flow ID tcp SRC 32 DST 40
At 706 RTO 1 MDEV 0 RTT 0 SEQ 0 HSENT 1 CWND 100 FAST RECOVERY? 0 Flow ID tcp SRC 32 DST 44
At 706 RTO 1 MDEV 0 RTT 0 SEQ 0 HSENT 1 CWND 100 FAST RECOVERY? 0 Flow ID tcp SRC 32 DST 48
At 706 RTO 1 MDEV 0 RTT 0 SEQ 0 HSENT 1 CWND 100 FAST RECOVERY? 0 Flow ID tcp SRC 32 DST 52
At 706 RTO 1 MDEV 0 RTT 0 SEQ 0 HSENT 1 CWND 100 FAST RECOVERY? 0 Flow ID tcp SRC 32 DST 56
At 706 RTO 1 MDEV 0 RTT 0 SEQ 0 HSENT 1 CWND 100 FAST RECOVERY? 0 Flow ID tcp SRC 32 DST 60
At 706 RTO 1 MDEV 0 RTT 0 SEQ 0 HSENT 1 CWND 100 FAST RECOVERY? 0 Flow ID tcp SRC 52 DST 32
At 706 RTO 1 MDEV 0 RTT 0 SEQ 0 HSENT 1 CWND 100 FAST RECOVERY? 0 Flow ID tcp SRC 52 DST 36
At 706 RTO 1 MDEV 0 RTT 0 SEQ 0 HSENT 1 CWND 100 FAST RECOVERY? 0 Flow ID tcp SRC 52 DST 40
At 706 RTO 1 MDEV 0 RTT 0 SEQ 0 HSENT 1 CWND 100 FAST RECOVERY? 0 Flow ID tcp SRC 52 DST 44
At 706 RTO 1 MDEV 0 RTT 0 SEQ 0 HSENT 1 CWND 100 FAST RECOVERY? 0 Flow ID tcp SRC 52 DST 56
At 706 RTO 1 MDEV 0 RTT 0 SEQ 0 HSENT 1 CWND 100 FAST RECOVERY? 0 Flow ID tcp SRC 52 DST 60
At 706 RTO 1 MDEV 0 RTT 0 SEQ 0 HSENT 1 CWND 100 FAST RECOVERY? 0 Flow ID tcp SRC 35 DST 43
At 706 RTO 1 MDEV 0 RTT 0 SEQ 0 HSENT 1 CWND 100 FAST RECOVERY? 0 Flow ID tcp SRC 35 DST 47
At 706 RTO 1 MDEV 0 RTT 0 SEQ 0 HSENT 1 CWND 100 FAST RECOVERY? 0 Flow ID tcp SRC 35 DST 51
At 706 RTO 1 MDEV 0 RTT 0 SEQ 0 HSENT 1 CWND 100 FAST RECOVERY? 0 Flow ID tcp SRC 35 DST 55
At 706 RTO 1 MDEV 0 RTT 0 SEQ 0 HSENT 1 CWND 100 FAST RECOVERY? 0 Flow ID tcp SRC 35 DST 59
At 706 RTO 1 MDEV 0 RTT 0 SEQ 0 HSENT 1 CWND 100 FAST RECOVERY? 0 Flow ID tcp SRC 35 DST 63
At 706 RTO 1 MDEV 0 RTT 0 SEQ 0 HSENT 1 CWND 100 FAST RECOVERY? 0 Flow ID tcp SRC 34 DST 42
At 706 RTO 1 MDEV 0 RTT 0 SEQ 0 HSENT 1 CWND 100 FAST RECOVERY? 0 Flow ID tcp SRC 34 DST 46
At 706 RTO 1 MDEV 0 RTT 0 SEQ 0 HSENT 1 CWND 100 FAST RECOVERY? 0 Flow ID tcp SRC 34 DST 50
At 706 RTO 1 MDEV 0 RTT 0 SEQ 0 HSENT 1 CWND 100 FAST RECOVERY? 0 Flow ID tcp SRC 34 DST 54
At 706 RTO 1 MDEV 0 RTT 0 SEQ 0 HSENT 1 CWND 100 FAST RECOVERY? 0 Flow ID tcp SRC 34 DST 58
At 706 RTO 1 MDEV 0 RTT 0 SEQ 0 HSENT 1 CWND 100 FAST RECOVERY? 0 Flow ID tcp SRC 34 DST 62
At 706 RTO 1 MDEV 0 RTT 0 SEQ 0 HSENT 1 CWND 100 FAST RECOVERY? 0 Flow ID tcp SRC 33 DST 41
At 706 RTO 1 MDEV 0 RTT 0 SEQ 0 HSENT 1 CWND 100 FAST RECOVERY? 0 Flow ID tcp SRC 33 DST 45
At 706 RTO 1 MDEV 0 RTT 0 SEQ 0 HSENT 1 CWND 100 FAST RECOVERY? 0 Flow ID tcp SRC 33 DST 49
At 706 RTO 1 MDEV 0 RTT 0 SEQ 0 HSENT 1 CWND 100 FAST RECOVERY? 0 Flow ID tcp SRC 33 DST 53
At 706 RTO 1 MDEV 0 RTT 0 SEQ 0 HSENT 1 CWND 100 FAST RECOVERY? 0 Flow ID tcp SRC 33 DST 57
At 706 RTO 1 MDEV 0 RTT 0 SEQ 0 HSENT 1 CWND 100 FAST RECOVERY? 0 Flow ID tcp SRC 33 DST 61
At 706 RTO 1 MDEV 0 RTT 0 SEQ 0 HSENT 1 CWND 100 FAST RECOVERY? 0 Flow ID tcp SRC 55 DST 35
At 706 RTO 1 MDEV 0 RTT 0 SEQ 0 HSENT 1 CWND 100 FAST RECOVERY? 0 Flow ID tcp SRC 55 DST 39
At 706 RTO 1 MDEV 0 RTT 0 SEQ 0 HSENT 1 CWND 100 FAST RECOVERY? 0 Flow ID tcp SRC 55 DST 43
At 706 RTO 1 MDEV 0 RTT 0 SEQ 0 HSENT 1 CWND 100 FAST RECOVERY? 0 Flow ID tcp SRC 55 DST 47
At 706 RTO 1 MDEV 0 RTT 0 SEQ 0 HSENT 1 CWND 100 FAST RECOVERY? 0 Flow ID tcp SRC 55 DST 59
At 706 RTO 1 MDEV 0 RTT 0 SEQ 0 HSENT 1 CWND 100 FAST RECOVERY? 0 Flow ID tcp SRC 55 DST 63
At 706 RTO 1 MDEV 0 RTT 0 SEQ 0 HSENT 1 CWND 100 FAST RECOVERY? 0 Flow ID tcp SRC 54 DST 34
At 706 RTO 1 MDEV 0 RTT 0 SEQ 0 HSENT 1 CWND 100 FAST RECOVERY? 0 Flow ID tcp SRC 54 DST 38
At 706 RTO 1 MDEV 0 RTT 0 SEQ 0 HSENT 1 CWND 100 FAST RECOVERY? 0 Flow ID tcp SRC 54 DST 42
At 706 RTO 1 MDEV 0 RTT 0 SEQ 0 HSENT 1 CWND 100 FAST RECOVERY? 0 Flow ID tcp SRC 54 DST 46
At 706 RTO 1 MDEV 0 RTT 0 SEQ 0 HSENT 1 CWND 100 FAST RECOVERY? 0 Flow ID tcp SRC 54 DST 58
At 706 RTO 1 MDEV 0 RTT 0 SEQ 0 HSENT 1 CWND 100 FAST RECOVERY? 0 Flow ID tcp SRC 54 DST 62
At 706 RTO 1 MDEV 0 RTT 0 SEQ 0 HSENT 1 CWND 100 FAST RECOVERY? 0 Flow ID tcp SRC 53 DST 33
At 706 RTO 1 MDEV 0 RTT 0 SEQ 0 HSENT 1 CWND 100 FAST RECOVERY? 0 Flow ID tcp SRC 53 DST 37
At 706 RTO 1 MDEV 0 RTT 0 SEQ 0 HSENT 1 CWND 100 FAST RECOVERY? 0 Flow ID tcp SRC 53 DST 41
At 706 RTO 1 MDEV 0 RTT 0 SEQ 0 HSENT 1 CWND 100 FAST RECOVERY? 0 Flow ID tcp SRC 53 DST 45
At 706 RTO 1 MDEV 0 RTT 0 SEQ 0 HSENT 1 CWND 100 FAST RECOVERY? 0 Flow ID tcp SRC 53 DST 57
At 706 RTO 1 MDEV 0 RTT 0 SEQ 0 HSENT 1 CWND 100 FAST RECOVERY? 0 Flow ID tcp SRC 53 DST 61
info: reduce-scatter input grad collective issued for layer: mlp_moelayer,info: reduce-scatter input grad collective issued for layer: mlp_moelayer,info: reduce-scatter weight grad collective issued for layer: grad_norm,At 814 RTO 1 MDEV 0 RTT 0 SEQ 0 HSENT 1 CWND 100 FAST RECOVERY? 0 Flow ID tcp SRC 37 DST 53
At 816 RTO 1 MDEV 0 RTT 0 SEQ 0 HSENT 1 CWND 100 FAST RECOVERY? 0 Flow ID tcp SRC 37 DST 53
At 819 RTO 1 MDEV 0 RTT 0 SEQ 0 HSENT 1 CWND 100 FAST RECOVERY? 0 Flow ID tcp SRC 39 DST 55
At 842 RTO 1 MDEV 0 RTT 0 SEQ 0 HSENT 1 CWND 100 FAST RECOVERY? 0 Flow ID tcp SRC 24 DST 40
At 843 RTO 1 MDEV 0 RTT 0 SEQ 0 HSENT 1 CWND 100 FAST RECOVERY? 0 Flow ID tcp SRC 27 DST 43
info: reduce-scatter forward pass collective issued for layer: attention_row,At 886 RTO 1 MDEV 0 RTT 0 SEQ 0 HSENT 1 CWND 100 FAST RECOVERY? 0 Flow ID tcp SRC 44 DST 60
At 886 RTO 1 MDEV 0 RTT 0 SEQ 0 HSENT 1 CWND 100 FAST RECOVERY? 0 Flow ID tcp SRC 44 DST 60
At 886 RTO 1 MDEV 0 RTT 0 SEQ 0 HSENT 1 CWND 100 FAST RECOVERY? 0 Flow ID tcp SRC 44 DST 60
At 886 RTO 1 MDEV 0 RTT 0 SEQ 0 HSENT 1 CWND 100 FAST RECOVERY? 0 Flow ID tcp SRC 44 DST 60
At 886 RTO 1 MDEV 0 RTT 0 SEQ 0 HSENT 1 CWND 100 FAST RECOVERY? 0 Flow ID tcp SRC 40 DST 56
At 886 RTO 1 MDEV 0 RTT 0 SEQ 0 HSENT 1 CWND 100 FAST RECOVERY? 0 Flow ID tcp SRC 43 DST 59
info: reduce-scatter forward pass collective issued for layer: mlp_moelayer,info: reduce-scatter forward pass collective issued for layer: attention_row,info: reduce-scatter forward pass collective issued for layer: mlp_moelayer,At 928 RTO 1 MDEV 0 RTT 0 SEQ 0 HSENT 1 CWND 100 FAST RECOVERY? 0 Flow ID tcp SRC 1 DST 9
At 928 RTO 1 MDEV 0 RTT 0 SEQ 0 HSENT 1 CWND 100 FAST RECOVERY? 0 Flow ID tcp SRC 1 DST 13
At 928 RTO 1 MDEV 0 RTT 0 SEQ 0 HSENT 1 CWND 100 FAST RECOVERY? 0 Flow ID tcp SRC 1 DST 17
At 928 RTO 1 MDEV 0 RTT 0 SEQ 0 HSENT 1 CWND 100 FAST RECOVERY? 0 Flow ID tcp SRC 1 DST 21
At 928 RTO 1 MDEV 0 RTT 0 SEQ 0 HSENT 1 CWND 100 FAST RECOVERY? 0 Flow ID tcp SRC 1 DST 25
At 928 RTO 1 MDEV 0 RTT 0 SEQ 0 HSENT 1 CWND 100 FAST RECOVERY? 0 Flow ID tcp SRC 1 DST 29
At 928 RTO 1 MDEV 0 RTT 0 SEQ 0 HSENT 1 CWND 100 FAST RECOVERY? 0 Flow ID tcp SRC 0 DST 8
At 928 RTO 1 MDEV 0 RTT 0 SEQ 0 HSENT 1 CWND 100 FAST RECOVERY? 0 Flow ID tcp SRC 0 DST 12
At 928 RTO 1 MDEV 0 RTT 0 SEQ 0 HSENT 1 CWND 100 FAST RECOVERY? 0 Flow ID tcp SRC 0 DST 16
At 928 RTO 1 MDEV 0 RTT 0 SEQ 0 HSENT 1 CWND 100 FAST RECOVERY? 0 Flow ID tcp SRC 0 DST 20
At 928 RTO 1 MDEV 0 RTT 0 SEQ 0 HSENT 1 CWND 100 FAST RECOVERY? 0 Flow ID tcp SRC 0 DST 24
At 928 RTO 1 MDEV 0 RTT 0 SEQ 0 HSENT 1 CWND 100 FAST RECOVERY? 0 Flow ID tcp SRC 0 DST 28
At 928 RTO 1 MDEV 0 RTT 0 SEQ 0 HSENT 1 CWND 100 FAST RECOVERY? 0 Flow ID tcp SRC 3 DST 11
At 928 RTO 1 MDEV 0 RTT 0 SEQ 0 HSENT 1 CWND 100 FAST RECOVERY? 0 Flow ID tcp SRC 3 DST 15
At 928 RTO 1 MDEV 0 RTT 0 SEQ 0 HSENT 1 CWND 100 FAST RECOVERY? 0 Flow ID tcp SRC 3 DST 19
At 928 RTO 1 MDEV 0 RTT 0 SEQ 0 HSENT 1 CWND 100 FAST RECOVERY? 0 Flow ID tcp SRC 3 DST 23
At 928 RTO 1 MDEV 0 RTT 0 SEQ 0 HSENT 1 CWND 100 FAST RECOVERY? 0 Flow ID tcp SRC 3 DST 27
At 928 RTO 1 MDEV 0 RTT 0 SEQ 0 HSENT 1 CWND 100 FAST RECOVERY? 0 Flow ID tcp SRC 3 DST 31
At 928 RTO 1 MDEV 0 RTT 0 SEQ 0 HSENT 1 CWND 100 FAST RECOVERY? 0 Flow ID tcp SRC 2 DST 10
At 928 RTO 1 MDEV 0 RTT 0 SEQ 0 HSENT 1 CWND 100 FAST RECOVERY? 0 Flow ID tcp SRC 2 DST 14
At 928 RTO 1 MDEV 0 RTT 0 SEQ 0 HSENT 1 CWND 100 FAST RECOVERY? 0 Flow ID tcp SRC 2 DST 18
At 928 RTO 1 MDEV 0 RTT 0 SEQ 0 HSENT 1 CWND 100 FAST RECOVERY? 0 Flow ID tcp SRC 2 DST 22
At 928 RTO 1 MDEV 0 RTT 0 SEQ 0 HSENT 1 CWND 100 FAST RECOVERY? 0 Flow ID tcp SRC 2 DST 26
At 928 RTO 1 MDEV 0 RTT 0 SEQ 0 HSENT 1 CWND 100 FAST RECOVERY? 0 Flow ID tcp SRC 2 DST 30
At 946 RTO 1 MDEV 0 RTT 0 SEQ 0 HSENT 1 CWND 100 FAST RECOVERY? 0 Flow ID tcp SRC 60 DST 32
At 946 RTO 1 MDEV 0 RTT 0 SEQ 0 HSENT 1 CWND 100 FAST RECOVERY? 0 Flow ID tcp SRC 60 DST 36
At 946 RTO 1 MDEV 0 RTT 0 SEQ 0 HSENT 1 CWND 100 FAST RECOVERY? 0 Flow ID tcp SRC 60 DST 40
At 946 RTO 1 MDEV 0 RTT 0 SEQ 0 HSENT 1 CWND 100 FAST RECOVERY? 0 Flow ID tcp SRC 60 DST 44
At 946 RTO 1 MDEV 0 RTT 0 SEQ 0 HSENT 1 CWND 100 FAST RECOVERY? 0 Flow ID tcp SRC 60 DST 48
At 946 RTO 1 MDEV 0 RTT 0 SEQ 0 HSENT 1 CWND 100 FAST RECOVERY? 0 Flow ID tcp SRC 60 DST 52
At 946 RTO 1 MDEV 0 RTT 0 SEQ 0 HSENT 1 CWND 100 FAST RECOVERY? 0 Flow ID tcp SRC 63 DST 35
At 946 RTO 1 MDEV 0 RTT 0 SEQ 0 HSENT 1 CWND 100 FAST RECOVERY? 0 Flow ID tcp SRC 63 DST 39
At 946 RTO 1 MDEV 0 RTT 0 SEQ 0 HSENT 1 CWND 100 FAST RECOVERY? 0 Flow ID tcp SRC 63 DST 43
At 946 RTO 1 MDEV 0 RTT 0 SEQ 0 HSENT 1 CWND 100 FAST RECOVERY? 0 Flow ID tcp SRC 63 DST 47
At 946 RTO 1 MDEV 0 RTT 0 SEQ 0 HSENT 1 CWND 100 FAST RECOVERY? 0 Flow ID tcp SRC 63 DST 51
At 946 RTO 1 MDEV 0 RTT 0 SEQ 0 HSENT 1 CWND 100 FAST RECOVERY? 0 Flow ID tcp SRC 63 DST 55
At 946 RTO 1 MDEV 0 RTT 0 SEQ 0 HSENT 1 CWND 100 FAST RECOVERY? 0 Flow ID tcp SRC 62 DST 34
At 946 RTO 1 MDEV 0 RTT 0 SEQ 0 HSENT 1 CWND 100 FAST RECOVERY? 0 Flow ID tcp SRC 62 DST 38
At 946 RTO 1 MDEV 0 RTT 0 SEQ 0 HSENT 1 CWND 100 FAST RECOVERY? 0 Flow ID tcp SRC 62 DST 42
At 946 RTO 1 MDEV 0 RTT 0 SEQ 0 HSENT 1 CWND 100 FAST RECOVERY? 0 Flow ID tcp SRC 62 DST 46
At 946 RTO 1 MDEV 0 RTT 0 SEQ 0 HSENT 1 CWND 100 FAST RECOVERY? 0 Flow ID tcp SRC 62 DST 50
At 946 RTO 1 MDEV 0 RTT 0 SEQ 0 HSENT 1 CWND 100 FAST RECOVERY? 0 Flow ID tcp SRC 62 DST 54
At 946 RTO 1 MDEV 0 RTT 0 SEQ 0 HSENT 1 CWND 100 FAST RECOVERY? 0 Flow ID tcp SRC 61 DST 33
At 946 RTO 1 MDEV 0 RTT 0 SEQ 0 HSENT 1 CWND 100 FAST RECOVERY? 0 Flow ID tcp SRC 61 DST 37
At 946 RTO 1 MDEV 0 RTT 0 SEQ 0 HSENT 1 CWND 100 FAST RECOVERY? 0 Flow ID tcp SRC 61 DST 41
At 946 RTO 1 MDEV 0 RTT 0 SEQ 0 HSENT 1 CWND 100 FAST RECOVERY? 0 Flow ID tcp SRC 61 DST 45
At 946 RTO 1 MDEV 0 RTT 0 SEQ 0 HSENT 1 CWND 100 FAST RECOVERY? 0 Flow ID tcp SRC 61 DST 49
At 946 RTO 1 MDEV 0 RTT 0 SEQ 0 HSENT 1 CWND 100 FAST RECOVERY? 0 Flow ID tcp SRC 61 DST 53
At 953 RTO 1 MDEV 0 RTT 0 SEQ 0 HSENT 1 CWND 100 FAST RECOVERY? 0 Flow ID tcp SRC 104 DST 96
At 953 RTO 1 MDEV 0 RTT 0 SEQ 0 HSENT 1 CWND 100 FAST RECOVERY? 0 Flow ID tcp SRC 104 DST 100
At 953 RTO 1 MDEV 0 RTT 0 SEQ 0 HSENT 1 CWND 100 FAST RECOVERY? 0 Flow ID tcp SRC 104 DST 112
At 953 RTO 1 MDEV 0 RTT 0 SEQ 0 HSENT 1 CWND 100 FAST RECOVERY? 0 Flow ID tcp SRC 104 DST 116
At 953 RTO 1 MDEV 0 RTT 0 SEQ 0 HSENT 1 CWND 100 FAST RECOVERY? 0 Flow ID tcp SRC 104 DST 120
At 953 RTO 1 MDEV 0 RTT 0 SEQ 0 HSENT 1 CWND 100 FAST RECOVERY? 0 Flow ID tcp SRC 104 DST 124
At 953 RTO 1 MDEV 0 RTT 0 SEQ 0 HSENT 1 CWND 100 FAST RECOVERY? 0 Flow ID tcp SRC 107 DST 99
At 953 RTO 1 MDEV 0 RTT 0 SEQ 0 HSENT 1 CWND 100 FAST RECOVERY? 0 Flow ID tcp SRC 107 DST 103
At 953 RTO 1 MDEV 0 RTT 0 SEQ 0 HSENT 1 CWND 100 FAST RECOVERY? 0 Flow ID tcp SRC 107 DST 115
At 953 RTO 1 MDEV 0 RTT 0 SEQ 0 HSENT 1 CWND 100 FAST RECOVERY? 0 Flow ID tcp SRC 107 DST 119
At 953 RTO 1 MDEV 0 RTT 0 SEQ 0 HSENT 1 CWND 100 FAST RECOVERY? 0 Flow ID tcp SRC 107 DST 123
At 953 RTO 1 MDEV 0 RTT 0 SEQ 0 HSENT 1 CWND 100 FAST RECOVERY? 0 Flow ID tcp SRC 107 DST 127
At 953 RTO 1 MDEV 0 RTT 0 SEQ 0 HSENT 1 CWND 100 FAST RECOVERY? 0 Flow ID tcp SRC 106 DST 98
At 953 RTO 1 MDEV 0 RTT 0 SEQ 0 HSENT 1 CWND 100 FAST RECOVERY? 0 Flow ID tcp SRC 106 DST 102
At 953 RTO 1 MDEV 0 RTT 0 SEQ 0 HSENT 1 CWND 100 FAST RECOVERY? 0 Flow ID tcp SRC 106 DST 114
At 953 RTO 1 MDEV 0 RTT 0 SEQ 0 HSENT 1 CWND 100 FAST RECOVERY? 0 Flow ID tcp SRC 106 DST 118
At 953 RTO 1 MDEV 0 RTT 0 SEQ 0 HSENT 1 CWND 100 FAST RECOVERY? 0 Flow ID tcp SRC 106 DST 122
At 953 RTO 1 MDEV 0 RTT 0 SEQ 0 HSENT 1 CWND 100 FAST RECOVERY? 0 Flow ID tcp SRC 106 DST 126
At 953 RTO 1 MDEV 0 RTT 0 SEQ 0 HSENT 1 CWND 100 FAST RECOVERY? 0 Flow ID tcp SRC 105 DST 97
At 953 RTO 1 MDEV 0 RTT 0 SEQ 0 HSENT 1 CWND 100 FAST RECOVERY? 0 Flow ID tcp SRC 105 DST 101
At 953 RTO 1 MDEV 0 RTT 0 SEQ 0 HSENT 1 CWND 100 FAST RECOVERY? 0 Flow ID tcp SRC 105 DST 113
At 953 RTO 1 MDEV 0 RTT 0 SEQ 0 HSENT 1 CWND 100 FAST RECOVERY? 0 Flow ID tcp SRC 105 DST 117
At 953 RTO 1 MDEV 0 RTT 0 SEQ 0 HSENT 1 CWND 100 FAST RECOVERY? 0 Flow ID tcp SRC 105 DST 121
At 953 RTO 1 MDEV 0 RTT 0 SEQ 0 HSENT 1 CWND 100 FAST RECOVERY? 0 Flow ID tcp SRC 105 DST 125
info: reduce-scatter input grad collective issued for layer: mlp_moelayer,At 975 RTO 1 MDEV 0 RTT 0 SEQ 0 HSENT 1 CWND 100 FAST RECOVERY? 0 Flow ID tcp SRC 117 DST 97
At 975 RTO 1 MDEV 0 RTT 0 SEQ 0 HSENT 1 CWND 100 FAST RECOVERY? 0 Flow ID tcp SRC 117 DST 101
At 975 RTO 1 MDEV 0 RTT 0 SEQ 0 HSENT 1 CWND 100 FAST RECOVERY? 0 Flow ID tcp SRC 117 DST 105
At 975 RTO 1 MDEV 0 RTT 0 SEQ 0 HSENT 1 CWND 100 FAST RECOVERY? 0 Flow ID tcp SRC 117 DST 109
At 975 RTO 1 MDEV 0 RTT 0 SEQ 0 HSENT 1 CWND 100 FAST RECOVERY? 0 Flow ID tcp SRC 117 DST 121
At 975 RTO 1 MDEV 0 RTT 0 SEQ 0 HSENT 1 CWND 100 FAST RECOVERY? 0 Flow ID tcp SRC 117 DST 125
At 975 RTO 1 MDEV 0 RTT 0 SEQ 0 HSENT 1 CWND 100 FAST RECOVERY? 0 Flow ID tcp SRC 116 DST 96
At 975 RTO 1 MDEV 0 RTT 0 SEQ 0 HSENT 1 CWND 100 FAST RECOVERY? 0 Flow ID tcp SRC 116 DST 100
At 975 RTO 1 MDEV 0 RTT 0 SEQ 0 HSENT 1 CWND 100 FAST RECOVERY? 0 Flow ID tcp SRC 116 DST 104
At 975 RTO 1 MDEV 0 RTT 0 SEQ 0 HSENT 1 CWND 100 FAST RECOVERY? 0 Flow ID tcp SRC 116 DST 108
At 975 RTO 1 MDEV 0 RTT 0 SEQ 0 HSENT 1 CWND 100 FAST RECOVERY? 0 Flow ID tcp SRC 116 DST 120
At 975 RTO 1 MDEV 0 RTT 0 SEQ 0 HSENT 1 CWND 100 FAST RECOVERY? 0 Flow ID tcp SRC 116 DST 124
At 975 RTO 1 MDEV 0 RTT 0 SEQ 0 HSENT 1 CWND 100 FAST RECOVERY? 0 Flow ID tcp SRC 119 DST 99
At 975 RTO 1 MDEV 0 RTT 0 SEQ 0 HSENT 1 CWND 100 FAST RECOVERY? 0 Flow ID tcp SRC 119 DST 103
At 975 RTO 1 MDEV 0 RTT 0 SEQ 0 HSENT 1 CWND 100 FAST RECOVERY? 0 Flow ID tcp SRC 119 DST 107
At 975 RTO 1 MDEV 0 RTT 0 SEQ 0 HSENT 1 CWND 100 FAST RECOVERY? 0 Flow ID tcp SRC 119 DST 111
At 975 RTO 1 MDEV 0 RTT 0 SEQ 0 HSENT 1 CWND 100 FAST RECOVERY? 0 Flow ID tcp SRC 119 DST 123
At 975 RTO 1 MDEV 0 RTT 0 SEQ 0 HSENT 1 CWND 100 FAST RECOVERY? 0 Flow ID tcp SRC 119 DST 127
At 975 RTO 1 MDEV 0 RTT 0 SEQ 0 HSENT 1 CWND 100 FAST RECOVERY? 0 Flow ID tcp SRC 118 DST 98
At 975 RTO 1 MDEV 0 RTT 0 SEQ 0 HSENT 1 CWND 100 FAST RECOVERY? 0 Flow ID tcp SRC 118 DST 102
At 975 RTO 1 MDEV 0 RTT 0 SEQ 0 HSENT 1 CWND 100 FAST RECOVERY? 0 Flow ID tcp SRC 118 DST 106
At 975 RTO 1 MDEV 0 RTT 0 SEQ 0 HSENT 1 CWND 100 FAST RECOVERY? 0 Flow ID tcp SRC 118 DST 110
At 975 RTO 1 MDEV 0 RTT 0 SEQ 0 HSENT 1 CWND 100 FAST RECOVERY? 0 Flow ID tcp SRC 118 DST 122
At 975 RTO 1 MDEV 0 RTT 0 SEQ 0 HSENT 1 CWND 100 FAST RECOVERY? 0 Flow ID tcp SRC 118 DST 126
info: reduce-scatter input grad collective issued for layer: mlp_moelayer,info: reduce-scatter weight grad collective issued for layer: grad_norm,At 1096 RTO 1 MDEV 0 RTT 0 SEQ 0 HSENT 1 CWND 100 FAST RECOVERY? 0 Flow ID tcp SRC 58 DST 74
At 1098 RTO 1 MDEV 0 RTT 0 SEQ 0 HSENT 1 CWND 100 FAST RECOVERY? 0 Flow ID tcp SRC 59 DST 75
At 1101 RTO 2 MDEV 0 RTT 0 SEQ 0 HSENT 1 CWND 1 FAST RECOVERY? 0 Flow ID tcp SRC 59 DST 75
At 1101 RTO 1 MDEV 0 RTT 0 SEQ 0 HSENT 1 CWND 100 FAST RECOVERY? 0 Flow ID tcp SRC 59 DST 75
At 1104 RTO 2 MDEV 0 RTT 0 SEQ 0 HSENT 1 CWND 1 FAST RECOVERY? 0 Flow ID tcp SRC 59 DST 75
*****
Time to exit: Wed Apr 15 15:16:36 2026
all-reduce Collective implementation: NcclFlowModel
reduce-scatter Collective implementation: NcclFlowModel
all-gather Collective implementation: NcclFlowModel
all-to-all Collective implementation: NcclFlowModel
Collective optimization: baseline
Total sim duration: 1:14 hours
Total streams injected: 165
Total streams finished: 165
Percentage of finished streams: 100 %
*****
[htsim] sim_finish called by node 8
Simulation complete. Total events: 6352231616
Final time: 1206.01 ms (1.20601 s)

======== Flow Statistics ========
Network flows: 35488 (1109603497472 bytes)
NVLink flows:  251456 (3309897693824 bytes)

======== Retransmission Statistics ========
RTO: 1 ms
Total packets sent: 1109785750500
Total retransmissions: 0
Retransmission rate: 0%
TCP flows tracked: 35489
============================================
========================================

======== Traffic by Collective Type ========
  None: flows=864 bytes=57982058496 (55296 MB, 1.31196%)
  ReduceScatter: flows=50560 bytes=1902740766720 (1.8146e+06 MB, 43.0533%)
  AllGather: flows=76800 bytes=1680593387520 (1.60274e+06 MB, 38.0268%)
  AllReduce: flows=122880 bytes=252051456000 (240375 MB, 5.70317%)
  AllToAll: flows=35840 bytes=526133522560 (501760 MB, 11.9048%)
[htsim] sim_finish called by node 0
[htsim] sim_finish called by node 1
[htsim] sim_finish called by node 2
[htsim] sim_finish called by node 3
[htsim] sim_finish called by node 4
[htsim] sim_finish called by node 5
[htsim] sim_finish called by node 6
[htsim] sim_finish called by node 7
[htsim] sim_finish called by node 8
[htsim] sim_finish called by node 9
[htsim] sim_finish called by node 10
[htsim] sim_finish called by node 11
[htsim] sim_finish called by node 12
[htsim] sim_finish called by node 13
[htsim] sim_finish called by node 14
[htsim] sim_finish called by node 15
[htsim] sim_finish called by node 16
[htsim] sim_finish called by node 17
[htsim] sim_finish called by node 18
[htsim] sim_finish called by node 19
[htsim] sim_finish called by node 20
[htsim] sim_finish called by node 21
[htsim] sim_finish called by node 22
[htsim] sim_finish called by node 23
[htsim] sim_finish called by node 24
[htsim] sim_finish called by node 25
[htsim] sim_finish called by node 26
[htsim] sim_finish called by node 27
[htsim] sim_finish called by node 28
[htsim] sim_finish called by node 29
[htsim] sim_finish called by node 30
[htsim] sim_finish called by node 31
[htsim] sim_finish called by node 32
[htsim] sim_finish called by node 33
[htsim] sim_finish called by node 34
[htsim] sim_finish called by node 35
[htsim] sim_finish called by node 36
[htsim] sim_finish called by node 37
[htsim] sim_finish called by node 38
[htsim] sim_finish called by node 39
[htsim] sim_finish called by node 40
[htsim] sim_finish called by node 41
[htsim] sim_finish called by node 42
[htsim] sim_finish called by node 43
[htsim] sim_finish called by node 44
[htsim] sim_finish called by node 45
[htsim] sim_finish called by node 46
[htsim] sim_finish called by node 47
[htsim] sim_finish called by node 48
[htsim] sim_finish called by node 49
[htsim] sim_finish called by node 50
[htsim] sim_finish called by node 51
[htsim] sim_finish called by node 52
[htsim] sim_finish called by node 53
[htsim] sim_finish called by node 54
[htsim] sim_finish called by node 55
[htsim] sim_finish called by node 56
[htsim] sim_finish called by node 57
[htsim] sim_finish called by node 58
[htsim] sim_finish called by node 59
[htsim] sim_finish called by node 60
[htsim] sim_finish called by node 61
[htsim] sim_finish called by node 62
[htsim] sim_finish called by node 63
[htsim] sim_finish called by node 64
[htsim] sim_finish called by node 65
[htsim] sim_finish called by node 66
[htsim] sim_finish called by node 67
[htsim] sim_finish called by node 68
[htsim] sim_finish called by node 69
[htsim] sim_finish called by node 70
[htsim] sim_finish called by node 71
[htsim] sim_finish called by node 72
[htsim] sim_finish called by node 73
[htsim] sim_finish called by node 74
[htsim] sim_finish called by node 75
[htsim] sim_finish called by node 76
[htsim] sim_finish called by node 77
[htsim] sim_finish called by node 78
[htsim] sim_finish called by node 79
[htsim] sim_finish called by node 80
[htsim] sim_finish called by node 81
[htsim] sim_finish called by node 82
[htsim] sim_finish called by node 83
[htsim] sim_finish called by node 84
[htsim] sim_finish called by node 85
[htsim] sim_finish called by node 86
[htsim] sim_finish called by node 87
[htsim] sim_finish called by node 88
[htsim] sim_finish called by node 89
[htsim] sim_finish called by node 90
[htsim] sim_finish called by node 91
[htsim] sim_finish called by node 92
[htsim] sim_finish called by node 93
[htsim] sim_finish called by node 94
[htsim] sim_finish called by node 95
[htsim] sim_finish called by node 96
[htsim] sim_finish called by node 97
[htsim] sim_finish called by node 98
[htsim] sim_finish called by node 99
[htsim] sim_finish called by node 100
[htsim] sim_finish called by node 101
[htsim] sim_finish called by node 102
[htsim] sim_finish called by node 103
[htsim] sim_finish called by node 104
[htsim] sim_finish called by node 105
[htsim] sim_finish called by node 106
[htsim] sim_finish called by node 107
[htsim] sim_finish called by node 108
[htsim] sim_finish called by node 109
[htsim] sim_finish called by node 110
[htsim] sim_finish called by node 111
[htsim] sim_finish called by node 112
[htsim] sim_finish called by node 113
[htsim] sim_finish called by node 114
[htsim] sim_finish called by node 115
[htsim] sim_finish called by node 116
[htsim] sim_finish called by node 117
[htsim] sim_finish called by node 118
[htsim] sim_finish called by node 119
[htsim] sim_finish called by node 120
[htsim] sim_finish called by node 121
[htsim] sim_finish called by node 122
[htsim] sim_finish called by node 123
[htsim] sim_finish called by node 124
[htsim] sim_finish called by node 125
[htsim] sim_finish called by node 126
[htsim] sim_finish called by node 127
ST RECOVERY? 0 Flow ID tcp SRC 33 DST 45
At 734 RTO 1 MDEV 0 RTT 0 SEQ 0 HSENT 1 CWND 100 FAST RECOVERY? 0 Flow ID tcp SRC 33 DST 49
At 734 RTO 1 MDEV 0 RTT 0 SEQ 0 HSENT 1 CWND 100 FAST RECOVERY? 0 Flow ID tcp SRC 33 DST 53
At 734 RTO 1 MDEV 0 RTT 0 SEQ 0 HSENT 1 CWND 100 FAST RECOVERY? 0 Flow ID tcp SRC 33 DST 57
At 734 RTO 1 MDEV 0 RTT 0 SEQ 0 HSENT 1 CWND 100 FAST RECOVERY? 0 Flow ID tcp SRC 33 DST 61
At 734 RTO 1 MDEV 0 RTT 0 SEQ 0 HSENT 1 CWND 100 FAST RECOVERY? 0 Flow ID tcp SRC 32 DST 40
At 734 RTO 1 MDEV 0 RTT 0 SEQ 0 HSENT 1 CWND 100 FAST RECOVERY? 0 Flow ID tcp SRC 32 DST 44
At 734 RTO 1 MDEV 0 RTT 0 SEQ 0 HSENT 1 CWND 100 FAST RECOVERY? 0 Flow ID tcp SRC 32 DST 48
At 734 RTO 1 MDEV 0 RTT 0 SEQ 0 HSENT 1 CWND 100 FAST RECOVERY? 0 Flow ID tcp SRC 32 DST 52
At 734 RTO 1 MDEV 0 RTT 0 SEQ 0 HSENT 1 CWND 100 FAST RECOVERY? 0 Flow ID tcp SRC 32 DST 56
At 734 RTO 1 MDEV 0 RTT 0 SEQ 0 HSENT 1 CWND 100 FAST RECOVERY? 0 Flow ID tcp SRC 32 DST 60
At 734 RTO 1 MDEV 0 RTT 0 SEQ 0 HSENT 1 CWND 100 FAST RECOVERY? 0 Flow ID tcp SRC 35 DST 43
At 734 RTO 1 MDEV 0 RTT 0 SEQ 0 HSENT 1 CWND 100 FAST RECOVERY? 0 Flow ID tcp SRC 35 DST 47
At 734 RTO 1 MDEV 0 RTT 0 SEQ 0 HSENT 1 CWND 100 FAST RECOVERY? 0 Flow ID tcp SRC 35 DST 51
At 734 RTO 1 MDEV 0 RTT 0 SEQ 0 HSENT 1 CWND 100 FAST RECOVERY? 0 Flow ID tcp SRC 35 DST 55
At 734 RTO 1 MDEV 0 RTT 0 SEQ 0 HSENT 1 CWND 100 FAST RECOVERY? 0 Flow ID tcp SRC 35 DST 59
At 734 RTO 1 MDEV 0 RTT 0 SEQ 0 HSENT 1 CWND 100 FAST RECOVERY? 0 Flow ID tcp SRC 35 DST 63
info: reduce-scatter input grad collective issued for layer: mlp_moelayer,info: reduce-scatter input grad collective issued for layer: mlp_moelayer,info: reduce-scatter weight grad collective issued for layer: grad_norm,info: reduce-scatter forward pass collective issued for layer: attention_row,info: reduce-scatter forward pass collective issued for layer: mlp_moelayer,At 924 RTO 1 MDEV 0 RTT 0 SEQ 0 HSENT 1 CWND 100 FAST RECOVERY? 0 Flow ID tcp SRC 25 DST 1
At 924 RTO 1 MDEV 0 RTT 0 SEQ 0 HSENT 1 CWND 100 FAST RECOVERY? 0 Flow ID tcp SRC 25 DST 5
At 924 RTO 1 MDEV 0 RTT 0 SEQ 0 HSENT 1 CWND 100 FAST RECOVERY? 0 Flow ID tcp SRC 25 DST 9
At 924 RTO 1 MDEV 0 RTT 0 SEQ 0 HSENT 1 CWND 100 FAST RECOVERY? 0 Flow ID tcp SRC 25 DST 13
At 924 RTO 1 MDEV 0 RTT 0 SEQ 0 HSENT 1 CWND 100 FAST RECOVERY? 0 Flow ID tcp SRC 25 DST 17
At 924 RTO 1 MDEV 0 RTT 0 SEQ 0 HSENT 1 CWND 100 FAST RECOVERY? 0 Flow ID tcp SRC 25 DST 21
At 924 RTO 1 MDEV 0 RTT 0 SEQ 0 HSENT 1 CWND 100 FAST RECOVERY? 0 Flow ID tcp SRC 24 DST 0
At 924 RTO 1 MDEV 0 RTT 0 SEQ 0 HSENT 1 CWND 100 FAST RECOVERY? 0 Flow ID tcp SRC 24 DST 4
At 924 RTO 1 MDEV 0 RTT 0 SEQ 0 HSENT 1 CWND 100 FAST RECOVERY? 0 Flow ID tcp SRC 24 DST 8
At 924 RTO 1 MDEV 0 RTT 0 SEQ 0 HSENT 1 CWND 100 FAST RECOVERY? 0 Flow ID tcp SRC 24 DST 12
At 924 RTO 1 MDEV 0 RTT 0 SEQ 0 HSENT 1 CWND 100 FAST RECOVERY? 0 Flow ID tcp SRC 24 DST 16
At 924 RTO 1 MDEV 0 RTT 0 SEQ 0 HSENT 1 CWND 100 FAST RECOVERY? 0 Flow ID tcp SRC 24 DST 20
At 924 RTO 1 MDEV 0 RTT 0 SEQ 0 HSENT 1 CWND 100 FAST RECOVERY? 0 Flow ID tcp SRC 27 DST 3
At 924 RTO 1 MDEV 0 RTT 0 SEQ 0 HSENT 1 CWND 100 FAST RECOVERY? 0 Flow ID tcp SRC 27 DST 7
At 924 RTO 1 MDEV 0 RTT 0 SEQ 0 HSENT 1 CWND 100 FAST RECOVERY? 0 Flow ID tcp SRC 27 DST 11
At 924 RTO 1 MDEV 0 RTT 0 SEQ 0 HSENT 1 CWND 100 FAST RECOVERY? 0 Flow ID tcp SRC 27 DST 15
At 924 RTO 1 MDEV 0 RTT 0 SEQ 0 HSENT 1 CWND 100 FAST RECOVERY? 0 Flow ID tcp SRC 27 DST 19
At 924 RTO 1 MDEV 0 RTT 0 SEQ 0 HSENT 1 CWND 100 FAST RECOVERY? 0 Flow ID tcp SRC 27 DST 23
At 924 RTO 1 MDEV 0 RTT 0 SEQ 0 HSENT 1 CWND 100 FAST RECOVERY? 0 Flow ID tcp SRC 26 DST 2
At 924 RTO 1 MDEV 0 RTT 0 SEQ 0 HSENT 1 CWND 100 FAST RECOVERY? 0 Flow ID tcp SRC 26 DST 6
At 924 RTO 1 MDEV 0 RTT 0 SEQ 0 HSENT 1 CWND 100 FAST RECOVERY? 0 Flow ID tcp SRC 26 DST 10
At 924 RTO 1 MDEV 0 RTT 0 SEQ 0 HSENT 1 CWND 100 FAST RECOVERY? 0 Flow ID tcp SRC 26 DST 14
At 924 RTO 1 MDEV 0 RTT 0 SEQ 0 HSENT 1 CWND 100 FAST RECOVERY? 0 Flow ID tcp SRC 26 DST 18
At 924 RTO 1 MDEV 0 RTT 0 SEQ 0 HSENT 1 CWND 100 FAST RECOVERY? 0 Flow ID tcp SRC 26 DST 22
info: reduce-scatter forward pass collective issued for layer: attention_row,info: reduce-scatter forward pass collective issued for layer: mlp_moelayer,info: reduce-scatter input grad collective issued for layer: mlp_moelayer,info: reduce-scatter input grad collective issued for layer: mlp_moelayer,info: reduce-scatter weight grad collective issued for layer: grad_norm,At 1141 RTO 1 MDEV 0 RTT 0 SEQ 0 HSENT 1 CWND 100 FAST RECOVERY? 0 Flow ID tcp SRC 19 DST 35
*****
Time to exit: Wed Apr 15 15:15:03 2026
all-reduce Collective implementation: NcclFlowModel
reduce-scatter Collective implementation: NcclFlowModel
all-gather Collective implementation: NcclFlowModel
all-to-all Collective implementation: NcclFlowModel
Collective optimization: baseline
Total sim duration: 1:13 hours
Total streams injected: 165
Total streams finished: 165
Percentage of finished streams: 100 %
*****
[htsim] sim_finish called by node 120
Simulation complete. Total events: 6308865998
Final time: 1202.05 ms (1.20205 s)

======== Flow Statistics ========
Network flows: 35488 (1104182108032 bytes)
NVLink flows:  251456 (3315319083264 bytes)

======== Retransmission Statistics ========
RTO: 1 ms
Total packets sent: 1104365590500
Total retransmissions: 0
Retransmission rate: 0%
TCP flows tracked: 35489
============================================
========================================

======== Traffic by Collective Type ========
  None: flows=864 bytes=57982058496 (55296 MB, 1.31196%)
  ReduceScatter: flows=50560 bytes=1902740766720 (1.8146e+06 MB, 43.0533%)
  AllGather: flows=76800 bytes=1680593387520 (1.60274e+06 MB, 38.0268%)
  AllReduce: flows=122880 bytes=252051456000 (240375 MB, 5.70317%)
  AllToAll: flows=35840 bytes=526133522560 (501760 MB, 11.9048%)
[htsim] sim_finish called by node 0
[htsim] sim_finish called by node 1
[htsim] sim_finish called by node 2
[htsim] sim_finish called by node 3
[htsim] sim_finish called by node 4
[htsim] sim_finish called by node 5
[htsim] sim_finish called by node 6
[htsim] sim_finish called by node 7
[htsim] sim_finish called by node 8
[htsim] sim_finish called by node 9
[htsim] sim_finish called by node 10
[htsim] sim_finish called by node 11
[htsim] sim_finish called by node 12
[htsim] sim_finish called by node 13
[htsim] sim_finish called by node 14
[htsim] sim_finish called by node 15
[htsim] sim_finish called by node 16
[htsim] sim_finish called by node 17
[htsim] sim_finish called by node 18
[htsim] sim_finish called by node 19
[htsim] sim_finish called by node 20
[htsim] sim_finish called by node 21
[htsim] sim_finish called by node 22
[htsim] sim_finish called by node 23
[htsim] sim_finish called by node 24
[htsim] sim_finish called by node 25
[htsim] sim_finish called by node 26
[htsim] sim_finish called by node 27
[htsim] sim_finish called by node 28
[htsim] sim_finish called by node 29
[htsim] sim_finish called by node 30
[htsim] sim_finish called by node 31
[htsim] sim_finish called by node 32
[htsim] sim_finish called by node 33
[htsim] sim_finish called by node 34
[htsim] sim_finish called by node 35
[htsim] sim_finish called by node 36
[htsim] sim_finish called by node 37
[htsim] sim_finish called by node 38
[htsim] sim_finish called by node 39
[htsim] sim_finish called by node 40
[htsim] sim_finish called by node 41
[htsim] sim_finish called by node 42
[htsim] sim_finish called by node 43
[htsim] sim_finish called by node 44
[htsim] sim_finish called by node 45
[htsim] sim_finish called by node 46
[htsim] sim_finish called by node 47
[htsim] sim_finish called by node 48
[htsim] sim_finish called by node 49
[htsim] sim_finish called by node 50
[htsim] sim_finish called by node 51
[htsim] sim_finish called by node 52
[htsim] sim_finish called by node 53
[htsim] sim_finish called by node 54
[htsim] sim_finish called by node 55
[htsim] sim_finish called by node 56
[htsim] sim_finish called by node 57
[htsim] sim_finish called by node 58
[htsim] sim_finish called by node 59
[htsim] sim_finish called by node 60
[htsim] sim_finish called by node 61
[htsim] sim_finish called by node 62
[htsim] sim_finish called by node 63
[htsim] sim_finish called by node 64
[htsim] sim_finish called by node 65
[htsim] sim_finish called by node 66
[htsim] sim_finish called by node 67
[htsim] sim_finish called by node 68
[htsim] sim_finish called by node 69
[htsim] sim_finish called by node 70
[htsim] sim_finish called by node 71
[htsim] sim_finish called by node 72
[htsim] sim_finish called by node 73
[htsim] sim_finish called by node 74
[htsim] sim_finish called by node 75
[htsim] sim_finish called by node 76
[htsim] sim_finish called by node 77
[htsim] sim_finish called by node 78
[htsim] sim_finish called by node 79
[htsim] sim_finish called by node 80
[htsim] sim_finish called by node 81
[htsim] sim_finish called by node 82
[htsim] sim_finish called by node 83
[htsim] sim_finish called by node 84
[htsim] sim_finish called by node 85
[htsim] sim_finish called by node 86
[htsim] sim_finish called by node 87
[htsim] sim_finish called by node 88
[htsim] sim_finish called by node 89
[htsim] sim_finish called by node 90
[htsim] sim_finish called by node 91
[htsim] sim_finish called by node 92
[htsim] sim_finish called by node 93
[htsim] sim_finish called by node 94
[htsim] sim_finish called by node 95
[htsim] sim_finish called by node 96
[htsim] sim_finish called by node 97
[htsim] sim_finish called by node 98
[htsim] sim_finish called by node 99
[htsim] sim_finish called by node 100
[htsim] sim_finish called by node 101
[htsim] sim_finish called by node 102
[htsim] sim_finish called by node 103
[htsim] sim_finish called by node 104
[htsim] sim_finish called by node 105
[htsim] sim_finish called by node 106
[htsim] sim_finish called by node 107
[htsim] sim_finish called by node 108
[htsim] sim_finish called by node 109
[htsim] sim_finish called by node 110
[htsim] sim_finish called by node 111
[htsim] sim_finish called by node 112
[htsim] sim_finish called by node 113
[htsim] sim_finish called by node 114
[htsim] sim_finish called by node 115
[htsim] sim_finish called by node 116
[htsim] sim_finish called by node 117
[htsim] sim_finish called by node 118
[htsim] sim_finish called by node 119
[htsim] sim_finish called by node 120
[htsim] sim_finish called by node 121
[htsim] sim_finish called by node 122
[htsim] sim_finish called by node 123
[htsim] sim_finish called by node 124
[htsim] sim_finish called by node 125
[htsim] sim_finish called by node 126
[htsim] sim_finish called by node 127
