=== SimAI htsim Backend ===
Topology: fattree
GPUs: 64
Link speed: 100000 Mbps
DP/TP/PP/EP: 8/8/1/8
GPUs per server: 8
Iterations: 5
Workload: /home/weihaoni/BTB-NCCL/SimAI/aicb/results/workload/None-Mixtral_8x7B-world_size64-tp8-pp1-ep8-gbs64-mbs8-seq256-MOE-True-GEMM-True-flash_attn-False.txt
Expert hotspot: topk=8 skew=1.5 seed=42 volatility=1000
==========================
[htsim] Machines: 8 FatTree K=4 FatTree nodes: 16
Building 1:1 Fat Tree with 16 nodes (k=4)
Link speed: 800000 Mbps
[htsim] FatTree topology created (full BW: 800000 Mbps)
[htsim] NVSwitch nodes: 8 (IDs: 64 to 71)
The final active chunks per dimension 1 after allocating to queues is: 1
ring of node 0, id: 0 dimension: local total nodes in ring: 64 index in ring: 0 offset: 1total nodes in ring: 64
ring of node 0, id: 0 dimension: local total nodes in ring: 64 index in ring: 0 offset: 1total nodes in ring: 64
ring of node 0, id: 0 dimension: local total nodes in ring: 64 index in ring: 0 offset: 1total nodes in ring: 64
ring of node 0, id: 0 dimension: local total nodes in ring: 64 index in ring: 0 offset: 1total nodes in ring: 64
total nodes: 64
ring of node 0, id: 0 dimension: local total nodes in ring: 8 index in ring: 0 offset: 1total nodes in ring: 8
ring of node 0, id: 0 dimension: local total nodes in ring: 8 index in ring: 0 offset: 8total nodes in ring: 8
ring of node 0, id: 0 dimension: local total nodes in ring: 8 index in ring: 0 offset: 1total nodes in ring: 8
ring of node 0, id: 0 dimension: local total nodes in ring: 8 index in ring: 0 offset: 8total nodes in ring: 8
ring of node 0, id: 0 dimension: local total nodes in ring: 8 index in ring: 0 offset: 1total nodes in ring: 8
ring of node 0, id: 0 dimension: local total nodes in ring: 8 index in ring: 0 offset: 8total nodes in ring: 8
ring of node 0, id: 0 dimension: local total nodes in ring: 8 index in ring: 0 offset: 1total nodes in ring: 8
ring of node 0, id: 0 dimension: local total nodes in ring: 8 index in ring: 0 offset: 8total nodes in ring: 8
PP config: pp_size=1 pp_commsize=0
stat path: ./ncclFlowModel_ ,total rows: 1 ,stat row: 0
CSV path and filename: ./ncclFlowModel_EndToEnd.csv
[htsim] Created 64 Sys instances
[htsim] Workloads fired
Running htsim simulation...
info: reduce-scatter forward pass collective issued for layer: attention_row,info: reduce-scatter forward pass collective issued for layer: mlp_moelayer,info: reduce-scatter forward pass collective issued for layer: attention_row,info: reduce-scatter forward pass collective issued for layer: mlp_moelayer,info: reduce-scatter input grad collective issued for layer: mlp_moelayer,info: reduce-scatter input grad collective issued for layer: mlp_moelayer,info: reduce-scatter weight grad collective issued for layer: grad_norm,At 364 RTO 1 MDEV 0 RTT 0 SEQ 0 HSENT 1 CWND 100 FAST RECOVERY? 0 Flow ID tcp SRC 38 DST 46
At 364 RTO 1 MDEV 0 RTT 0 SEQ 0 HSENT 1 CWND 100 FAST RECOVERY? 0 Flow ID tcp SRC 35 DST 43
At 376 RTO 1 MDEV 0 RTT 0 SEQ 0 HSENT 1 CWND 100 FAST RECOVERY? 0 Flow ID tcp SRC 35 DST 43
At 377 RTO 1 MDEV 0 RTT 0 SEQ 0 HSENT 1 CWND 100 FAST RECOVERY? 0 Flow ID tcp SRC 35 DST 43
At 378 RTO 1 MDEV 0 RTT 0 SEQ 0 HSENT 1 CWND 100 FAST RECOVERY? 0 Flow ID tcp SRC 35 DST 43
At 379 RTO 1 MDEV 0 RTT 0 SEQ 0 HSENT 1 CWND 100 FAST RECOVERY? 0 Flow ID tcp SRC 18 DST 26
At 379 RTO 1 MDEV 0 RTT 0 SEQ 0 HSENT 1 CWND 100 FAST RECOVERY? 0 Flow ID tcp SRC 18 DST 26
At 380 RTO 1 MDEV 0 RTT 0 SEQ 0 HSENT 1 CWND 100 FAST RECOVERY? 0 Flow ID tcp SRC 18 DST 26
At 381 RTO 1 MDEV 0 RTT 0 SEQ 0 HSENT 1 CWND 100 FAST RECOVERY? 0 Flow ID tcp SRC 18 DST 26
At 382 RTO 1 MDEV 0 RTT 0 SEQ 0 HSENT 1 CWND 100 FAST RECOVERY? 0 Flow ID tcp SRC 23 DST 31
info: reduce-scatter forward pass collective issued for layer: attention_row,info: reduce-scatter forward pass collective issued for layer: mlp_moelayer,info: reduce-scatter forward pass collective issued for layer: attention_row,info: reduce-scatter forward pass collective issued for layer: mlp_moelayer,info: reduce-scatter input grad collective issued for layer: mlp_moelayer,info: reduce-scatter input grad collective issued for layer: mlp_moelayer,info: reduce-scatter weight grad collective issued for layer: grad_norm,At 756 RTO 1 MDEV 0 RTT 0 SEQ 0 HSENT 1 CWND 100 FAST RECOVERY? 0 Flow ID tcp SRC 7 DST 15
At 772 RTO 1 MDEV 0 RTT 0 SEQ 0 HSENT 1 CWND 100 FAST RECOVERY? 0 Flow ID tcp SRC 22 DST 30
At 773 RTO 1 MDEV 0 RTT 0 SEQ 0 HSENT 1 CWND 100 FAST RECOVERY? 0 Flow ID tcp SRC 22 DST 30
At 773 RTO 1 MDEV 0 RTT 0 SEQ 0 HSENT 1 CWND 100 FAST RECOVERY? 0 Flow ID tcp SRC 22 DST 30
info: reduce-scatter forward pass collective issued for layer: attention_row,info: reduce-scatter forward pass collective issued for layer: mlp_moelayer,info: reduce-scatter forward pass collective issued for layer: attention_row,info: reduce-scatter forward pass collective issued for layer: mlp_moelayer,info: reduce-scatter input grad collective issued for layer: mlp_moelayer,info: reduce-scatter input grad collective issued for layer: mlp_moelayer,info: reduce-scatter weight grad collective issued for layer: grad_norm,At 1147 RTO 1 MDEV 0 RTT 0 SEQ 0 HSENT 1 CWND 100 FAST RECOVERY? 0 Flow ID tcp SRC 20 DST 28
At 1151 RTO 1 MDEV 0 RTT 0 SEQ 0 HSENT 1 CWND 100 FAST RECOVERY? 0 Flow ID tcp SRC 28 DST 36
At 1152 RTO 1 MDEV 0 RTT 0 SEQ 0 HSENT 1 CWND 100 FAST RECOVERY? 0 Flow ID tcp SRC 28 DST 36
At 1153 RTO 1 MDEV 0 RTT 0 SEQ 0 HSENT 1 CWND 100 FAST RECOVERY? 0 Flow ID tcp SRC 24 DST 32
At 1157 RTO 1 MDEV 0 RTT 0 SEQ 0 HSENT 1 CWND 100 FAST RECOVERY? 0 Flow ID tcp SRC 31 DST 39
At 1171 RTO 1 MDEV 0 RTT 0 SEQ 0 HSENT 1 CWND 100 FAST RECOVERY? 0 Flow ID tcp SRC 62 DST 6
At 1172 RTO 1 MDEV 0 RTT 0 SEQ 0 HSENT 1 CWND 100 FAST RECOVERY? 0 Flow ID tcp SRC 62 DST 6
At 1173 RTO 1 MDEV 0 RTT 0 SEQ 0 HSENT 1 CWND 100 FAST RECOVERY? 0 Flow ID tcp SRC 62 DST 6
info: reduce-scatter forward pass collective issued for layer: attention_row,info: reduce-scatter forward pass collective issued for layer: mlp_moelayer,info: reduce-scatter forward pass collective issued for layer: attention_row,info: reduce-scatter forward pass collective issued for layer: mlp_moelayer,info: reduce-scatter input grad collective issued for layer: mlp_moelayer,info: reduce-scatter input grad collective issued for layer: mlp_moelayer,At 1520 RTO 1 MDEV 0 RTT 0 SEQ 0 HSENT 1 CWND 100 FAST RECOVERY? 0 Flow ID tcp SRC 61 DST 5
At 1520 RTO 1 MDEV 0 RTT 0 SEQ 0 HSENT 1 CWND 100 FAST RECOVERY? 0 Flow ID tcp SRC 60 DST 4
At 1520 RTO 1 MDEV 0 RTT 0 SEQ 0 HSENT 1 CWND 100 FAST RECOVERY? 0 Flow ID tcp SRC 62 DST 6
At 1520 RTO 1 MDEV 0 RTT 0 SEQ 0 HSENT 1 CWND 100 FAST RECOVERY? 0 Flow ID tcp SRC 59 DST 3
At 1520 RTO 1 MDEV 0 RTT 0 SEQ 0 HSENT 1 CWND 100 FAST RECOVERY? 0 Flow ID tcp SRC 57 DST 1
At 1520 RTO 1 MDEV 0 RTT 0 SEQ 0 HSENT 1 CWND 100 FAST RECOVERY? 0 Flow ID tcp SRC 58 DST 2
At 1520 RTO 1 MDEV 0 RTT 0 SEQ 0 HSENT 1 CWND 100 FAST RECOVERY? 0 Flow ID tcp SRC 63 DST 7
info: reduce-scatter weight grad collective issued for layer: grad_norm,At 1537 RTO 1 MDEV 0 RTT 0 SEQ 0 HSENT 1 CWND 100 FAST RECOVERY? 0 Flow ID tcp SRC 32 DST 40
At 1541 RTO 1 MDEV 0 RTT 0 SEQ 0 HSENT 1 CWND 100 FAST RECOVERY? 0 Flow ID tcp SRC 3 DST 11
At 1541 RTO 1 MDEV 0 RTT 0 SEQ 0 HSENT 1 CWND 100 FAST RECOVERY? 0 Flow ID tcp SRC 0 DST 8
At 1542 RTO 1 MDEV 0 RTT 0 SEQ 0 HSENT 1 CWND 100 FAST RECOVERY? 0 Flow ID tcp SRC 0 DST 8
At 1543 RTO 1 MDEV 0 RTT 0 SEQ 0 HSENT 1 CWND 100 FAST RECOVERY? 0 Flow ID tcp SRC 2 DST 10
At 1544 RTO 1 MDEV 0 RTT 0 SEQ 0 HSENT 1 CWND 100 FAST RECOVERY? 0 Flow ID tcp SRC 2 DST 10
At 1553 RTO 1 MDEV 0 RTT 0 SEQ 0 HSENT 1 CWND 100 FAST RECOVERY? 0 Flow ID tcp SRC 16 DST 24
At 1554 RTO 1 MDEV 0 RTT 0 SEQ 0 HSENT 1 CWND 100 FAST RECOVERY? 0 Flow ID tcp SRC 17 DST 25
At 1555 RTO 1 MDEV 0 RTT 0 SEQ 0 HSENT 1 CWND 100 FAST RECOVERY? 0 Flow ID tcp SRC 17 DST 25
info: reduce-scatter forward pass collective issued for layer: attention_row,info: reduce-scatter forward pass collective issued for layer: mlp_moelayer,info: reduce-scatter forward pass collective issued for layer: attention_row,info: reduce-scatter forward pass collective issued for layer: mlp_moelayer,info: reduce-scatter input grad collective issued for layer: mlp_moelayer,info: reduce-scatter input grad collective issued for layer: mlp_moelayer,info: reduce-scatter weight grad collective issued for layer: grad_norm,At 1921 RTO 1 MDEV 0 RTT 0 SEQ 0 HSENT 1 CWND 100 FAST RECOVERY? 0 Flow ID tcp SRC 59 DST 3
At 1930 RTO 1 MDEV 0 RTT 0 SEQ 0 HSENT 1 CWND 100 FAST RECOVERY? 0 Flow ID tcp SRC 62 DST 6
At 1932 RTO 1 MDEV 0 RTT 0 SEQ 0 HSENT 1 CWND 100 FAST RECOVERY? 0 Flow ID tcp SRC 56 DST 0
At 1932 RTO 1 MDEV 0 RTT 0 SEQ 0 HSENT 1 CWND 100 FAST RECOVERY? 0 Flow ID tcp SRC 16 DST 24
At 1932 RTO 1 MDEV 0 RTT 0 SEQ 0 HSENT 1 CWND 100 FAST RECOVERY? 0 Flow ID tcp SRC 56 DST 0
*****
Time to exit: Sun Apr 19 20:05:57 2026
all-reduce Collective implementation: NcclFlowModel
reduce-scatter Collective implementation: NcclFlowModel
all-gather Collective implementation: NcclFlowModel
all-to-all Collective implementation: NcclFlowModel
Collective optimization: baseline
Total sim duration: 0:28 hours
Total streams injected: 165
Total streams finished: 165
Percentage of finished streams: 100 %
*****
At 1943 RTO 1 MDEV 0 RTT 0 SEQ 0 HSENT 1 CWND 100 FAST RECOVERY? 0 Flow ID tcp SRC 34 DST 42
At 1943 RTO 1 MDEV 0 RTT 0 SEQ 0 HSENT 1 CWND 100 FAST RECOVERY? 0 Flow ID tcp SRC 34 DST 42
At 1945 RTO 1 MDEV 0 RTT 0 SEQ 0 HSENT 1 CWND 100 FAST RECOVERY? 0 Flow ID tcp SRC 37 DST 45
At 1945 RTO 1 MDEV 0 RTT 0 SEQ 0 HSENT 1 CWND 100 FAST RECOVERY? 0 Flow ID tcp SRC 33 DST 41
At 1945 RTO 1 MDEV 0 RTT 0 SEQ 0 HSENT 1 CWND 100 FAST RECOVERY? 0 Flow ID tcp SRC 33 DST 41
At 1945 RTO 1 MDEV 0 RTT 0 SEQ 0 HSENT 1 CWND 100 FAST RECOVERY? 0 Flow ID tcp SRC 39 DST 47
[htsim] sim_finish called by node 63
Simulation complete. Total events: 2815769397
Final time: 1968.77 ms (1.96877 s)

======== Flow Statistics ========
Network flows: 20160 (475652412480 bytes)
NVLink flows:  573440 (318885396480 bytes)

======== Retransmission Statistics ========
RTO: 1 ms
Total packets sent: 475930662000
Total retransmissions: 0
Retransmission rate: 0%
TCP flows tracked: 20164
============================================
========================================

======== Traffic by Collective Type ========
  ReduceScatter: flows=109760 bytes=193795194880 (184818 MB, 24.3909%)
  AllGather: flows=179200 bytes=125085614080 (119291 MB, 15.7432%)
  AllReduce: flows=286720 bytes=146823577600 (140022 MB, 18.4791%)
  AllToAll: flows=17920 bytes=328833422400 (313600 MB, 41.3868%)
[htsim] sim_finish called by node 0
[htsim] sim_finish called by node 1
[htsim] sim_finish called by node 2
[htsim] sim_finish called by node 3
[htsim] sim_finish called by node 4
[htsim] sim_finish called by node 5
[htsim] sim_finish called by node 6
[htsim] sim_finish called by node 7
[htsim] sim_finish called by node 8
[htsim] sim_finish called by node 9
[htsim] sim_finish called by node 10
[htsim] sim_finish called by node 11
[htsim] sim_finish called by node 12
[htsim] sim_finish called by node 13
[htsim] sim_finish called by node 14
[htsim] sim_finish called by node 15
[htsim] sim_finish called by node 16
[htsim] sim_finish called by node 17
[htsim] sim_finish called by node 18
[htsim] sim_finish called by node 19
[htsim] sim_finish called by node 20
[htsim] sim_finish called by node 21
[htsim] sim_finish called by node 22
[htsim] sim_finish called by node 23
[htsim] sim_finish called by node 24
[htsim] sim_finish called by node 25
[htsim] sim_finish called by node 26
[htsim] sim_finish called by node 27
[htsim] sim_finish called by node 28
[htsim] sim_finish called by node 29
[htsim] sim_finish called by node 30
[htsim] sim_finish called by node 31
[htsim] sim_finish called by node 32
[htsim] sim_finish called by node 33
[htsim] sim_finish called by node 34
[htsim] sim_finish called by node 35
[htsim] sim_finish called by node 36
[htsim] sim_finish called by node 37
[htsim] sim_finish called by node 38
[htsim] sim_finish called by node 39
[htsim] sim_finish called by node 40
[htsim] sim_finish called by node 41
[htsim] sim_finish called by node 42
[htsim] sim_finish called by node 43
[htsim] sim_finish called by node 44
[htsim] sim_finish called by node 45
[htsim] sim_finish called by node 46
[htsim] sim_finish called by node 47
[htsim] sim_finish called by node 48
[htsim] sim_finish called by node 49
[htsim] sim_finish called by node 50
[htsim] sim_finish called by node 51
[htsim] sim_finish called by node 52
[htsim] sim_finish called by node 53
[htsim] sim_finish called by node 54
[htsim] sim_finish called by node 55
[htsim] sim_finish called by node 56
[htsim] sim_finish called by node 57
[htsim] sim_finish called by node 58
[htsim] sim_finish called by node 59
[htsim] sim_finish called by node 60
[htsim] sim_finish called by node 61
[htsim] sim_finish called by node 62
[htsim] sim_finish called by node 63
