=== SimAI htsim Backend ===
Topology: mixnet
GPUs: 64
Link speed: 100000 Mbps
Alpha (OCS circuits): 6
Reconf delay: 10 us
Reconf top-N: 4 (0=always reconfig)
ECS only: NO
DP/TP/PP/EP: 8/8/1/8
GPUs per server: 8
Iterations: 5
Workload: /home/weihaoni/BTB-NCCL/SimAI/aicb/results/workload/None-Mixtral_8x7B-world_size64-tp8-pp1-ep8-gbs64-mbs8-seq256-MOE-True-GEMM-True-flash_attn-False.txt
Expert hotspot: topk=8 skew=1.5 seed=42 volatility=1000
==========================
[htsim] Machines: 8 FatTree K=4 FatTree nodes: 16
[htsim] ECS link speed: 200000 Mbps
Building 1:1 Fat Tree with 16 nodes (k=4)
Link speed: 200000 Mbps
[htsim] Mixnet topology created: region_size=8 region_num=1
[htsim] MixnetTopoManager created
[htsim] NVSwitch nodes: 8 (IDs: 64 to 71)
The final active chunks per dimension 1 after allocating to queues is: 1
ring of node 0, id: 0 dimension: local total nodes in ring: 64 index in ring: 0 offset: 1total nodes in ring: 64
ring of node 0, id: 0 dimension: local total nodes in ring: 64 index in ring: 0 offset: 1total nodes in ring: 64
ring of node 0, id: 0 dimension: local total nodes in ring: 64 index in ring: 0 offset: 1total nodes in ring: 64
ring of node 0, id: 0 dimension: local total nodes in ring: 64 index in ring: 0 offset: 1total nodes in ring: 64
total nodes: 64
ring of node 0, id: 0 dimension: local total nodes in ring: 8 index in ring: 0 offset: 1total nodes in ring: 8
ring of node 0, id: 0 dimension: local total nodes in ring: 8 index in ring: 0 offset: 8total nodes in ring: 8
ring of node 0, id: 0 dimension: local total nodes in ring: 8 index in ring: 0 offset: 1total nodes in ring: 8
ring of node 0, id: 0 dimension: local total nodes in ring: 8 index in ring: 0 offset: 8total nodes in ring: 8
ring of node 0, id: 0 dimension: local total nodes in ring: 8 index in ring: 0 offset: 1total nodes in ring: 8
ring of node 0, id: 0 dimension: local total nodes in ring: 8 index in ring: 0 offset: 8total nodes in ring: 8
ring of node 0, id: 0 dimension: local total nodes in ring: 8 index in ring: 0 offset: 1total nodes in ring: 8
ring of node 0, id: 0 dimension: local total nodes in ring: 8 index in ring: 0 offset: 8total nodes in ring: 8
PP config: pp_size=1 pp_commsize=0
stat path: ./ncclFlowModel_ ,total rows: 1 ,stat row: 0
CSV path and filename: ./ncclFlowModel_EndToEnd.csv
[htsim] Created 64 Sys instances
[htsim] Workloads fired
Running htsim simulation...
info: reduce-scatter forward pass collective issued for layer: attention_row,info: reduce-scatter forward pass collective issued for layer: mlp_moelayer,info: reduce-scatter forward pass collective issued for layer: attention_row,info: reduce-scatter forward pass collective issued for layer: mlp_moelayer,info: reduce-scatter input grad collective issued for layer: mlp_moelayer,info: reduce-scatter input grad collective issued for layer: mlp_moelayer,info: reduce-scatter weight grad collective issued for layer: grad_norm,[PASS_DRAINED] pass=0 ranks_reported=64
[MOE_STRUCTURE] frozen: 4 a2a layers → 2 blocks
At 54 RTO 1 MDEV 0 RTT 0 SEQ 0 HSENT 1 CWND 100 FAST RECOVERY? 0 Flow ID tcp SRC 45 DST 53
At 57 RTO 1 MDEV 0 RTT 0 SEQ 0 HSENT 1 CWND 100 FAST RECOVERY? 0 Flow ID tcp SRC 53 DST 61
At 63 RTO 1 MDEV 0 RTT 0 SEQ 0 HSENT 1 CWND 100 FAST RECOVERY? 0 Flow ID tcp SRC 52 DST 60
At 64 RTO 1 MDEV 0 RTT 0 SEQ 0 HSENT 1 CWND 100 FAST RECOVERY? 0 Flow ID tcp SRC 54 DST 62
At 65 RTO 1 MDEV 0 RTT 0 SEQ 0 HSENT 1 CWND 100 FAST RECOVERY? 0 Flow ID tcp SRC 48 DST 56
At 66 RTO 2 MDEV 0 RTT 0 SEQ 0 HSENT 1 CWND 1 FAST RECOVERY? 0 Flow ID tcp SRC 52 DST 60
At 66 RTO 1 MDEV 0 RTT 0 SEQ 0 HSENT 1 CWND 100 FAST RECOVERY? 0 Flow ID tcp SRC 14 DST 22
At 66 RTO 1 MDEV 0 RTT 0 SEQ 0 HSENT 1 CWND 100 FAST RECOVERY? 0 Flow ID tcp SRC 30 DST 38
At 66 RTO 1 MDEV 0 RTT 0 SEQ 0 HSENT 1 CWND 100 FAST RECOVERY? 0 Flow ID tcp SRC 46 DST 54
At 66 RTO 1 MDEV 0 RTT 0 SEQ 0 HSENT 1 CWND 100 FAST RECOVERY? 0 Flow ID tcp SRC 22 DST 30
At 66 RTO 1 MDEV 0 RTT 0 SEQ 0 HSENT 1 CWND 100 FAST RECOVERY? 0 Flow ID tcp SRC 38 DST 46
At 66 RTO 1 MDEV 0 RTT 0 SEQ 0 HSENT 1 CWND 100 FAST RECOVERY? 0 Flow ID tcp SRC 50 DST 58
At 67 RTO 2 MDEV 0 RTT 0 SEQ 0 HSENT 1 CWND 1 FAST RECOVERY? 0 Flow ID tcp SRC 54 DST 62
At 67 RTO 1 MDEV 0 RTT 0 SEQ 0 HSENT 1 CWND 100 FAST RECOVERY? 0 Flow ID tcp SRC 15 DST 23
At 67 RTO 1 MDEV 0 RTT 0 SEQ 0 HSENT 1 CWND 100 FAST RECOVERY? 0 Flow ID tcp SRC 31 DST 39
At 67 RTO 1 MDEV 0 RTT 0 SEQ 0 HSENT 1 CWND 100 FAST RECOVERY? 0 Flow ID tcp SRC 23 DST 31
At 67 RTO 1 MDEV 0 RTT 0 SEQ 0 HSENT 1 CWND 100 FAST RECOVERY? 0 Flow ID tcp SRC 39 DST 47
At 67 RTO 1 MDEV 0 RTT 0 SEQ 0 HSENT 1 CWND 100 FAST RECOVERY? 0 Flow ID tcp SRC 49 DST 57
At 68 RTO 2 MDEV 0 RTT 0 SEQ 0 HSENT 1 CWND 1 FAST RECOVERY? 0 Flow ID tcp SRC 48 DST 56
At 68 RTO 1 MDEV 0 RTT 0 SEQ 0 HSENT 1 CWND 100 FAST RECOVERY? 0 Flow ID tcp SRC 10 DST 18
At 68 RTO 1 MDEV 0 RTT 0 SEQ 0 HSENT 1 CWND 100 FAST RECOVERY? 0 Flow ID tcp SRC 26 DST 34
At 68 RTO 1 MDEV 0 RTT 0 SEQ 0 HSENT 1 CWND 100 FAST RECOVERY? 0 Flow ID tcp SRC 18 DST 26
At 68 RTO 1 MDEV 0 RTT 0 SEQ 0 HSENT 1 CWND 100 FAST RECOVERY? 0 Flow ID tcp SRC 34 DST 42
At 68 RTO 1 MDEV 0 RTT 0 SEQ 0 HSENT 1 CWND 100 FAST RECOVERY? 0 Flow ID tcp SRC 51 DST 59
At 69 RTO 2 MDEV 0 RTT 0 SEQ 0 HSENT 1 CWND 1 FAST RECOVERY? 0 Flow ID tcp SRC 14 DST 22
At 69 RTO 2 MDEV 0 RTT 0 SEQ 0 HSENT 1 CWND 1 FAST RECOVERY? 0 Flow ID tcp SRC 30 DST 38
At 69 RTO 2 MDEV 0 RTT 0 SEQ 0 HSENT 1 CWND 1 FAST RECOVERY? 0 Flow ID tcp SRC 22 DST 30
At 69 RTO 2 MDEV 0 RTT 0 SEQ 0 HSENT 1 CWND 1 FAST RECOVERY? 0 Flow ID tcp SRC 38 DST 46
At 69 RTO 2 MDEV 0 RTT 0 SEQ 0 HSENT 1 CWND 1 FAST RECOVERY? 0 Flow ID tcp SRC 50 DST 58
At 69 RTO 1 MDEV 0 RTT 0 SEQ 0 HSENT 1 CWND 100 FAST RECOVERY? 0 Flow ID tcp SRC 12 DST 20
At 69 RTO 1 MDEV 0 RTT 0 SEQ 0 HSENT 1 CWND 100 FAST RECOVERY? 0 Flow ID tcp SRC 28 DST 36
At 69 RTO 1 MDEV 0 RTT 0 SEQ 0 HSENT 1 CWND 100 FAST RECOVERY? 0 Flow ID tcp SRC 20 DST 28
At 69 RTO 1 MDEV 0 RTT 0 SEQ 0 HSENT 1 CWND 100 FAST RECOVERY? 0 Flow ID tcp SRC 36 DST 44
At 70 RTO 2 MDEV 0 RTT 0 SEQ 0 HSENT 1 CWND 1 FAST RECOVERY? 0 Flow ID tcp SRC 15 DST 23
At 70 RTO 2 MDEV 0 RTT 0 SEQ 0 HSENT 1 CWND 1 FAST RECOVERY? 0 Flow ID tcp SRC 31 DST 39
At 70 RTO 2 MDEV 0 RTT 0 SEQ 0 HSENT 1 CWND 1 FAST RECOVERY? 0 Flow ID tcp SRC 23 DST 31
At 70 RTO 2 MDEV 0 RTT 0 SEQ 0 HSENT 1 CWND 1 FAST RECOVERY? 0 Flow ID tcp SRC 39 DST 47
At 70 RTO 2 MDEV 0 RTT 0 SEQ 0 HSENT 1 CWND 1 FAST RECOVERY? 0 Flow ID tcp SRC 49 DST 57
At 70 RTO 1 MDEV 0 RTT 0 SEQ 0 HSENT 1 CWND 100 FAST RECOVERY? 0 Flow ID tcp SRC 11 DST 19
At 70 RTO 1 MDEV 0 RTT 0 SEQ 0 HSENT 1 CWND 100 FAST RECOVERY? 0 Flow ID tcp SRC 27 DST 35
At 70 RTO 1 MDEV 0 RTT 0 SEQ 0 HSENT 1 CWND 100 FAST RECOVERY? 0 Flow ID tcp SRC 43 DST 51
At 70 RTO 1 MDEV 0 RTT 0 SEQ 0 HSENT 1 CWND 100 FAST RECOVERY? 0 Flow ID tcp SRC 19 DST 27
At 70 RTO 1 MDEV 0 RTT 0 SEQ 0 HSENT 1 CWND 100 FAST RECOVERY? 0 Flow ID tcp SRC 35 DST 43
At 71 RTO 2 MDEV 0 RTT 0 SEQ 0 HSENT 1 CWND 1 FAST RECOVERY? 0 Flow ID tcp SRC 51 DST 59
At 71 RTO 1 MDEV 0 RTT 0 SEQ 0 HSENT 1 CWND 100 FAST RECOVERY? 0 Flow ID tcp SRC 41 DST 49
At 72 RTO 1 MDEV 0 RTT 0 SEQ 0 HSENT 1 CWND 100 FAST RECOVERY? 0 Flow ID tcp SRC 40 DST 48
At 72 RTO 1 MDEV 0 RTT 0 SEQ 0 HSENT 1 CWND 100 FAST RECOVERY? 0 Flow ID tcp SRC 55 DST 63
At 84 RTO 1 MDEV 0 RTT 0 SEQ 0 HSENT 1 CWND 100 FAST RECOVERY? 0 Flow ID tcp SRC 4 DST 12
At 84 RTO 1 MDEV 0 RTT 0 SEQ 0 HSENT 1 CWND 100 FAST RECOVERY? 0 Flow ID tcp SRC 2 DST 10
At 84 RTO 1 MDEV 0 RTT 0 SEQ 0 HSENT 1 CWND 100 FAST RECOVERY? 0 Flow ID tcp SRC 2 DST 10
At 84 RTO 1 MDEV 0 RTT 0 SEQ 0 HSENT 1 CWND 100 FAST RECOVERY? 0 Flow ID tcp SRC 5 DST 13
At 84 RTO 1 MDEV 0 RTT 0 SEQ 0 HSENT 1 CWND 100 FAST RECOVERY? 0 Flow ID tcp SRC 5 DST 13
At 84 RTO 1 MDEV 0 RTT 0 SEQ 0 HSENT 1 CWND 100 FAST RECOVERY? 0 Flow ID tcp SRC 3 DST 11
At 87 RTO 1 MDEV 0 RTT 0 SEQ 0 HSENT 1 CWND 100 FAST RECOVERY? 0 Flow ID tcp SRC 3 DST 11
At 99 RTO 1 MDEV 0 RTT 0 SEQ 0 HSENT 1 CWND 100 FAST RECOVERY? 0 Flow ID tcp SRC 45 DST 53
At 99 RTO 1 MDEV 0 RTT 0 SEQ 0 HSENT 1 CWND 100 FAST RECOVERY? 0 Flow ID tcp SRC 5 DST 13
At 100 RTO 1 MDEV 0 RTT 0 SEQ 0 HSENT 1 CWND 100 FAST RECOVERY? 0 Flow ID tcp SRC 15 DST 23
At 110 RTO 1 MDEV 0 RTT 0 SEQ 0 HSENT 1 CWND 100 FAST RECOVERY? 0 Flow ID tcp SRC 15 DST 23
At 117 RTO 1 MDEV 0 RTT 0 SEQ 0 HSENT 1 CWND 100 FAST RECOVERY? 0 Flow ID tcp SRC 22 DST 30
At 117 RTO 1 MDEV 0 RTT 0 SEQ 0 HSENT 1 CWND 100 FAST RECOVERY? 0 Flow ID tcp SRC 22 DST 30
At 117 RTO 1 MDEV 0 RTT 0 SEQ 0 HSENT 1 CWND 100 FAST RECOVERY? 0 Flow ID tcp SRC 22 DST 30
At 117 RTO 1 MDEV 0 RTT 0 SEQ 0 HSENT 1 CWND 100 FAST RECOVERY? 0 Flow ID tcp SRC 23 DST 31
At 122 RTO 1 MDEV 0 RTT 0 SEQ 0 HSENT 1 CWND 100 FAST RECOVERY? 0 Flow ID tcp SRC 22 DST 30
At 122 RTO 1 MDEV 0 RTT 0 SEQ 0 HSENT 1 CWND 100 FAST RECOVERY? 0 Flow ID tcp SRC 1 DST 9
At 126 RTO 1 MDEV 0 RTT 0 SEQ 0 HSENT 1 CWND 100 FAST RECOVERY? 0 Flow ID tcp SRC 16 DST 24
At 127 RTO 1 MDEV 0 RTT 0 SEQ 0 HSENT 1 CWND 100 FAST RECOVERY? 0 Flow ID tcp SRC 23 DST 31
At 127 RTO 1 MDEV 0 RTT 0 SEQ 0 HSENT 1 CWND 100 FAST RECOVERY? 0 Flow ID tcp SRC 23 DST 31
At 127 RTO 1 MDEV 0 RTT 0 SEQ 0 HSENT 1 CWND 100 FAST RECOVERY? 0 Flow ID tcp SRC 23 DST 31
At 127 RTO 1 MDEV 0 RTT 0 SEQ 0 HSENT 1 CWND 100 FAST RECOVERY? 0 Flow ID tcp SRC 54 DST 62
At 127 RTO 1 MDEV 0 RTT 0 SEQ 0 HSENT 1 CWND 100 FAST RECOVERY? 0 Flow ID tcp SRC 23 DST 31
At 130 RTO 1 MDEV 0 RTT 0 SEQ 0 HSENT 1 CWND 100 FAST RECOVERY? 0 Flow ID tcp SRC 50 DST 58
At 131 RTO 1 MDEV 0 RTT 0 SEQ 0 HSENT 1 CWND 100 FAST RECOVERY? 0 Flow ID tcp SRC 52 DST 60
At 134 RTO 1 MDEV 0 RTT 0 SEQ 0 HSENT 1 CWND 100 FAST RECOVERY? 0 Flow ID tcp SRC 5 DST 13
At 152 RTO 1 MDEV 0 RTT 0 SEQ 0 HSENT 1 CWND 100 FAST RECOVERY? 0 Flow ID tcp SRC 50 DST 58
At 155 RTO 2 MDEV 0 RTT 0 SEQ 0 HSENT 1 CWND 1 FAST RECOVERY? 0 Flow ID tcp SRC 50 DST 58
At 155 RTO 1 MDEV 0 RTT 0 SEQ 0 HSENT 1 CWND 100 FAST RECOVERY? 0 Flow ID tcp SRC 50 DST 58
At 157 RTO 1 MDEV 0 RTT 0 SEQ 0 HSENT 1 CWND 100 FAST RECOVERY? 0 Flow ID tcp SRC 50 DST 58
At 158 RTO 2 MDEV 0 RTT 0 SEQ 0 HSENT 1 CWND 1 FAST RECOVERY? 0 Flow ID tcp SRC 50 DST 58
At 158 RTO 1 MDEV 0 RTT 0 SEQ 0 HSENT 1 CWND 100 FAST RECOVERY? 0 Flow ID tcp SRC 38 DST 46
At 159 RTO 10 MDEV 0 RTT 5 SEQ 14224 HSENT 21594001 CWND 172 FAST RECOVERY? 0 Flow ID tcp SRC 50 DST 58
At 160 RTO 4 MDEV 0 RTT 0 SEQ 0 HSENT 1 CWND 1 FAST RECOVERY? 0 Flow ID tcp SRC 50 DST 58
At 160 RTO 2 MDEV 0 RTT 0 SEQ 0 HSENT 1 CWND 1 FAST RECOVERY? 0 Flow ID tcp SRC 50 DST 58
At 160 RTO 1 MDEV 0 RTT 0 SEQ 0 HSENT 1 CWND 100 FAST RECOVERY? 0 Flow ID tcp SRC 9 DST 17
At 160 RTO 1 MDEV 0 RTT 0 SEQ 0 HSENT 1 CWND 100 FAST RECOVERY? 0 Flow ID tcp SRC 13 DST 21
At 160 RTO 1 MDEV 0 RTT 0 SEQ 0 HSENT 1 CWND 100 FAST RECOVERY? 0 Flow ID tcp SRC 13 DST 21
At 161 RTO 10 MDEV 0 RTT 6 SEQ 25755 HSENT 65545501 CWND 25856 FAST RECOVERY? 0 Flow ID tcp SRC 51 DST 59
At 161 RTO 2 MDEV 0 RTT 0 SEQ 0 HSENT 1 CWND 1 FAST RECOVERY? 0 Flow ID tcp SRC 38 DST 46
At 162 RTO 10 MDEV 0 RTT 6 SEQ 25755 HSENT 65545501 CWND 25856 FAST RECOVERY? 0 Flow ID tcp SRC 49 DST 57
At 162 RTO 1 MDEV 0 RTT 0 SEQ 0 HSENT 1 CWND 100 FAST RECOVERY? 0 Flow ID tcp SRC 38 DST 46
At 163 RTO 10 MDEV 0 RTT 7 SEQ 25755 HSENT 65545501 CWND 25856 FAST RECOVERY? 0 Flow ID tcp SRC 49 DST 57
At 163 RTO 4 MDEV 0 RTT 0 SEQ 0 HSENT 1 CWND 1 FAST RECOVERY? 0 Flow ID tcp SRC 50 DST 58
At 164 RTO 10 MDEV 0 RTT 7 SEQ 25755 HSENT 65545501 CWND 25856 FAST RECOVERY? 0 Flow ID tcp SRC 49 DST 57
At 164 RTO 10 MDEV 0 RTT 7 SEQ 25755 HSENT 65545501 CWND 25856 FAST RECOVERY? 0 Flow ID tcp SRC 49 DST 57
At 164 RTO 1 MDEV 0 RTT 0 SEQ 0 HSENT 1 CWND 100 FAST RECOVERY? 0 Flow ID tcp SRC 52 DST 60
At 165 RTO 10 MDEV 0 RTT 8 SEQ 25755 HSENT 65545501 CWND 25856 FAST RECOVERY? 0 Flow ID tcp SRC 49 DST 57
At 165 RTO 4 MDEV 0 RTT 0 SEQ 0 HSENT 1 CWND 1 FAST RECOVERY? 0 Flow ID tcp SRC 50 DST 58
At 165 RTO 2 MDEV 0 RTT 0 SEQ 0 HSENT 1 CWND 1 FAST RECOVERY? 0 Flow ID tcp SRC 38 DST 46
At 165 RTO 1 MDEV 0 RTT 0 SEQ 0 HSENT 1 CWND 100 FAST RECOVERY? 0 Flow ID tcp SRC 38 DST 46
At 166 RTO 10 MDEV 0 RTT 8 SEQ 25755 HSENT 65545501 CWND 25856 FAST RECOVERY? 0 Flow ID tcp SRC 48 DST 56
At 166 RTO 1 MDEV 0 RTT 0 SEQ 0 HSENT 1 CWND 100 FAST RECOVERY? 0 Flow ID tcp SRC 28 DST 36
At 166 RTO 1 MDEV 0 RTT 0 SEQ 0 HSENT 1 CWND 100 FAST RECOVERY? 0 Flow ID tcp SRC 57 DST 1
At 166 RTO 1 MDEV 0 RTT 0 SEQ 0 HSENT 1 CWND 100 FAST RECOVERY? 0 Flow ID tcp SRC 43 DST 51
At 167 RTO 10 MDEV 0 RTT 9 SEQ 25755 HSENT 65545501 CWND 25856 FAST RECOVERY? 0 Flow ID tcp SRC 48 DST 56
At 167 RTO 2 MDEV 0 RTT 0 SEQ 0 HSENT 1 CWND 1 FAST RECOVERY? 0 Flow ID tcp SRC 52 DST 60
At 167 RTO 1 MDEV 0 RTT 0 SEQ 0 HSENT 1 CWND 100 FAST RECOVERY? 0 Flow ID tcp SRC 15 DST 23
At 167 RTO 1 MDEV 0 RTT 0 SEQ 0 HSENT 1 CWND 100 FAST RECOVERY? 0 Flow ID tcp SRC 43 DST 51
At 168 RTO 10 MDEV 0 RTT 9 SEQ 25755 HSENT 65545501 CWND 25856 FAST RECOVERY? 0 Flow ID tcp SRC 48 DST 56
At 168 RTO 10 MDEV 0 RTT 9 SEQ 25755 HSENT 65545501 CWND 25856 FAST RECOVERY? 0 Flow ID tcp SRC 48 DST 56
At 168 RTO 1 MDEV 0 RTT 0 SEQ 0 HSENT 1 CWND 100 FAST RECOVERY? 0 Flow ID tcp SRC 52 DST 60
At 168 RTO 1 MDEV 0 RTT 0 SEQ 0 HSENT 1 CWND 100 FAST RECOVERY? 0 Flow ID tcp SRC 28 DST 36
At 169 RTO 10 MDEV 0 RTT 10 SEQ 25755 HSENT 65545501 CWND 25856 FAST RECOVERY? 0 Flow ID tcp SRC 48 DST 56
At 169 RTO 1 MDEV 0 RTT 0 SEQ 0 HSENT 1 CWND 100 FAST RECOVERY? 0 Flow ID tcp SRC 52 DST 60
At 170 RTO 10 MDEV 0 RTT 10 SEQ 14427 HSENT 21900001 CWND 173 FAST RECOVERY? 0 Flow ID tcp SRC 54 DST 62
At 170 RTO 10 MDEV 0 RTT 10 SEQ 14396 HSENT 21724501 CWND 87 FAST RECOVERY? 0 Flow ID tcp SRC 50 DST 58
At 170 RTO 10 MDEV 0 RTT 10 SEQ 14224 HSENT 21594001 CWND 172 FAST RECOVERY? 0 Flow ID tcp SRC 52 DST 60
At 170 RTO 10 MDEV 0 RTT 10 SEQ 12827 HSENT 38632501 CWND 12928 FAST RECOVERY? 0 Flow ID tcp SRC 53 DST 61
At 170 RTO 1 MDEV 0 RTT 0 SEQ 0 HSENT 1 CWND 100 FAST RECOVERY? 0 Flow ID tcp SRC 11 DST 19
At 171 RTO 2 MDEV 0 RTT 0 SEQ 0 HSENT 1 CWND 1 FAST RECOVERY? 0 Flow ID tcp SRC 52 DST 60
At 171 RTO 1 MDEV 0 RTT 0 SEQ 0 HSENT 1 CWND 100 FAST RECOVERY? 0 Flow ID tcp SRC 56 DST 0
At 172 RTO 4 MDEV 0 RTT 0 SEQ 0 HSENT 1 CWND 1 FAST RECOVERY? 0 Flow ID tcp SRC 52 DST 60
At 172 RTO 2 MDEV 0 RTT 0 SEQ 0 HSENT 1 CWND 1 FAST RECOVERY? 0 Flow ID tcp SRC 52 DST 60
At 172 RTO 1 MDEV 0 RTT 0 SEQ 0 HSENT 1 CWND 100 FAST RECOVERY? 0 Flow ID tcp SRC 56 DST 0
At 173 RTO 2 MDEV 0 RTT 0 SEQ 0 HSENT 1 CWND 1 FAST RECOVERY? 0 Flow ID tcp SRC 11 DST 19
At 173 RTO 1 MDEV 0 RTT 0 SEQ 0 HSENT 1 CWND 100 FAST RECOVERY? 0 Flow ID tcp SRC 11 DST 19
At 173 RTO 1 MDEV 0 RTT 0 SEQ 0 HSENT 1 CWND 100 FAST RECOVERY? 0 Flow ID tcp SRC 56 DST 0
At 175 RTO 1 MDEV 0 RTT 0 SEQ 0 HSENT 1 CWND 100 FAST RECOVERY? 0 Flow ID tcp SRC 9 DST 17
At 176 RTO 4 MDEV 0 RTT 0 SEQ 0 HSENT 1 CWND 1 FAST RECOVERY? 0 Flow ID tcp SRC 52 DST 60
At 176 RTO 2 MDEV 0 RTT 0 SEQ 0 HSENT 1 CWND 1 FAST RECOVERY? 0 Flow ID tcp SRC 11 DST 19
At 176 RTO 1 MDEV 0 RTT 0 SEQ 0 HSENT 1 CWND 100 FAST RECOVERY? 0 Flow ID tcp SRC 39 DST 47
At 177 RTO 4 MDEV 0 RTT 0 SEQ 0 HSENT 1 CWND 1 FAST RECOVERY? 0 Flow ID tcp SRC 52 DST 60
At 178 RTO 2 MDEV 0 RTT 0 SEQ 0 HSENT 1 CWND 1 FAST RECOVERY? 0 Flow ID tcp SRC 9 DST 17
At 178 RTO 1 MDEV 0 RTT 0 SEQ 0 HSENT 1 CWND 100 FAST RECOVERY? 0 Flow ID tcp SRC 54 DST 62
At 181 RTO 2 MDEV 0 RTT 0 SEQ 0 HSENT 1 CWND 1 FAST RECOVERY? 0 Flow ID tcp SRC 54 DST 62
At 181 RTO 1 MDEV 0 RTT 0 SEQ 0 HSENT 1 CWND 100 FAST RECOVERY? 0 Flow ID tcp SRC 54 DST 62
At 183 RTO 1 MDEV 0 RTT 0 SEQ 0 HSENT 1 CWND 100 FAST RECOVERY? 0 Flow ID tcp SRC 8 DST 16
At 183 RTO 1 MDEV 0 RTT 0 SEQ 0 HSENT 1 CWND 100 FAST RECOVERY? 0 Flow ID tcp SRC 21 DST 29
At 183 RTO 1 MDEV 0 RTT 0 SEQ 0 HSENT 1 CWND 100 FAST RECOVERY? 0 Flow ID tcp SRC 55 DST 63
At 184 RTO 2 MDEV 0 RTT 0 SEQ 0 HSENT 1 CWND 1 FAST RECOVERY? 0 Flow ID tcp SRC 54 DST 62
At 186 RTO 4 MDEV 0 RTT 0 SEQ 0 HSENT 1 CWND 1 FAST RECOVERY? 0 Flow ID tcp SRC 54 DST 62
At 186 RTO 2 MDEV 0 RTT 0 SEQ 0 HSENT 1 CWND 1 FAST RECOVERY? 0 Flow ID tcp SRC 55 DST 63
At 186 RTO 1 MDEV 0 RTT 0 SEQ 0 HSENT 1 CWND 100 FAST RECOVERY? 0 Flow ID tcp SRC 55 DST 63
At 190 RTO 1 MDEV 0 RTT 0 SEQ 0 HSENT 1 CWND 100 FAST RECOVERY? 0 Flow ID tcp SRC 21 DST 29
At 212 RTO 1 MDEV 0 RTT 0 SEQ 0 HSENT 1 CWND 100 FAST RECOVERY? 0 Flow ID tcp SRC 46 DST 54
At 212 RTO 1 MDEV 0 RTT 0 SEQ 0 HSENT 1 CWND 100 FAST RECOVERY? 0 Flow ID tcp SRC 46 DST 54
[RECONF_CHECK] pass=1 block=0 decision=RECONFIG (region=0 missing 7->1)
[RECONFIG_SYNC] pass=1 block=0 layer=5 delay=10000ns
info: reduce-scatter forward pass collective issued for layer: attention_row,info: reduce-scatter forward pass collective issued for layer: mlp_moelayer,[RECONF_CHECK] pass=1 block=1 decision=SKIP (all top-N already connected)
info: reduce-scatter forward pass collective issued for layer: attention_row,info: reduce-scatter forward pass collective issued for layer: mlp_moelayer,info: reduce-scatter input grad collective issued for layer: mlp_moelayer,info: reduce-scatter input grad collective issued for layer: mlp_moelayer,info: reduce-scatter weight grad collective issued for layer: grad_norm,[PASS_DRAINED] pass=1 ranks_reported=64
At 316 RTO 1 MDEV 0 RTT 0 SEQ 0 HSENT 1 CWND 100 FAST RECOVERY? 0 Flow ID tcp SRC 44 DST 52
At 316 RTO 1 MDEV 0 RTT 0 SEQ 0 HSENT 1 CWND 100 FAST RECOVERY? 0 Flow ID tcp SRC 20 DST 28
At 316 RTO 1 MDEV 0 RTT 0 SEQ 0 HSENT 1 CWND 100 FAST RECOVERY? 0 Flow ID tcp SRC 60 DST 4
At 319 RTO 1 MDEV 0 RTT 0 SEQ 0 HSENT 1 CWND 100 FAST RECOVERY? 0 Flow ID tcp SRC 12 DST 20
At 319 RTO 1 MDEV 0 RTT 0 SEQ 0 HSENT 1 CWND 100 FAST RECOVERY? 0 Flow ID tcp SRC 52 DST 60
At 322 RTO 1 MDEV 0 RTT 0 SEQ 0 HSENT 1 CWND 100 FAST RECOVERY? 0 Flow ID tcp SRC 28 DST 36
At 324 RTO 1 MDEV 0 RTT 0 SEQ 0 HSENT 1 CWND 100 FAST RECOVERY? 0 Flow ID tcp SRC 3 DST 11
At 325 RTO 2 MDEV 0 RTT 0 SEQ 0 HSENT 1 CWND 1 FAST RECOVERY? 0 Flow ID tcp SRC 28 DST 36
At 325 RTO 1 MDEV 0 RTT 0 SEQ 0 HSENT 1 CWND 100 FAST RECOVERY? 0 Flow ID tcp SRC 51 DST 59
At 325 RTO 1 MDEV 0 RTT 0 SEQ 0 HSENT 1 CWND 100 FAST RECOVERY? 0 Flow ID tcp SRC 5 DST 13
At 325 RTO 1 MDEV 0 RTT 0 SEQ 0 HSENT 1 CWND 100 FAST RECOVERY? 0 Flow ID tcp SRC 24 DST 32
At 326 RTO 1 MDEV 0 RTT 0 SEQ 0 HSENT 1 CWND 100 FAST RECOVERY? 0 Flow ID tcp SRC 53 DST 61
At 326 RTO 1 MDEV 0 RTT 0 SEQ 0 HSENT 1 CWND 100 FAST RECOVERY? 0 Flow ID tcp SRC 0 DST 8
At 326 RTO 1 MDEV 0 RTT 0 SEQ 0 HSENT 1 CWND 100 FAST RECOVERY? 0 Flow ID tcp SRC 31 DST 39
At 327 RTO 2 MDEV 0 RTT 0 SEQ 0 HSENT 1 CWND 1 FAST RECOVERY? 0 Flow ID tcp SRC 3 DST 11
At 327 RTO 1 MDEV 0 RTT 0 SEQ 0 HSENT 1 CWND 100 FAST RECOVERY? 0 Flow ID tcp SRC 55 DST 63
At 327 RTO 1 MDEV 0 RTT 0 SEQ 0 HSENT 1 CWND 100 FAST RECOVERY? 0 Flow ID tcp SRC 1 DST 9
At 327 RTO 1 MDEV 0 RTT 0 SEQ 0 HSENT 1 CWND 100 FAST RECOVERY? 0 Flow ID tcp SRC 25 DST 33
At 328 RTO 2 MDEV 0 RTT 0 SEQ 0 HSENT 1 CWND 1 FAST RECOVERY? 0 Flow ID tcp SRC 51 DST 59
At 328 RTO 2 MDEV 0 RTT 0 SEQ 0 HSENT 1 CWND 1 FAST RECOVERY? 0 Flow ID tcp SRC 5 DST 13
At 328 RTO 2 MDEV 0 RTT 0 SEQ 0 HSENT 1 CWND 1 FAST RECOVERY? 0 Flow ID tcp SRC 24 DST 32
At 328 RTO 1 MDEV 0 RTT 0 SEQ 0 HSENT 1 CWND 100 FAST RECOVERY? 0 Flow ID tcp SRC 45 DST 53
At 328 RTO 1 MDEV 0 RTT 0 SEQ 0 HSENT 1 CWND 100 FAST RECOVERY? 0 Flow ID tcp SRC 49 DST 57
At 328 RTO 1 MDEV 0 RTT 0 SEQ 0 HSENT 1 CWND 100 FAST RECOVERY? 0 Flow ID tcp SRC 2 DST 10
At 328 RTO 1 MDEV 0 RTT 0 SEQ 0 HSENT 1 CWND 100 FAST RECOVERY? 0 Flow ID tcp SRC 37 DST 45
At 328 RTO 1 MDEV 0 RTT 0 SEQ 0 HSENT 1 CWND 100 FAST RECOVERY? 0 Flow ID tcp SRC 26 DST 34
At 329 RTO 2 MDEV 0 RTT 0 SEQ 0 HSENT 1 CWND 1 FAST RECOVERY? 0 Flow ID tcp SRC 53 DST 61
At 329 RTO 2 MDEV 0 RTT 0 SEQ 0 HSENT 1 CWND 1 FAST RECOVERY? 0 Flow ID tcp SRC 0 DST 8
At 329 RTO 2 MDEV 0 RTT 0 SEQ 0 HSENT 1 CWND 1 FAST RECOVERY? 0 Flow ID tcp SRC 31 DST 39
At 329 RTO 1 MDEV 0 RTT 0 SEQ 0 HSENT 1 CWND 100 FAST RECOVERY? 0 Flow ID tcp SRC 48 DST 56
At 329 RTO 1 MDEV 0 RTT 0 SEQ 0 HSENT 1 CWND 100 FAST RECOVERY? 0 Flow ID tcp SRC 7 DST 15
At 329 RTO 1 MDEV 0 RTT 0 SEQ 0 HSENT 1 CWND 100 FAST RECOVERY? 0 Flow ID tcp SRC 38 DST 46
At 329 RTO 1 MDEV 0 RTT 0 SEQ 0 HSENT 1 CWND 100 FAST RECOVERY? 0 Flow ID tcp SRC 29 DST 37
At 330 RTO 2 MDEV 0 RTT 0 SEQ 0 HSENT 1 CWND 1 FAST RECOVERY? 0 Flow ID tcp SRC 55 DST 63
At 330 RTO 2 MDEV 0 RTT 0 SEQ 0 HSENT 1 CWND 1 FAST RECOVERY? 0 Flow ID tcp SRC 1 DST 9
At 330 RTO 2 MDEV 0 RTT 0 SEQ 0 HSENT 1 CWND 1 FAST RECOVERY? 0 Flow ID tcp SRC 25 DST 33
At 330 RTO 1 MDEV 0 RTT 0 SEQ 0 HSENT 1 CWND 100 FAST RECOVERY? 0 Flow ID tcp SRC 50 DST 58
At 330 RTO 1 MDEV 0 RTT 0 SEQ 0 HSENT 1 CWND 100 FAST RECOVERY? 0 Flow ID tcp SRC 6 DST 14
At 330 RTO 1 MDEV 0 RTT 0 SEQ 0 HSENT 1 CWND 100 FAST RECOVERY? 0 Flow ID tcp SRC 13 DST 21
At 330 RTO 1 MDEV 0 RTT 0 SEQ 0 HSENT 1 CWND 100 FAST RECOVERY? 0 Flow ID tcp SRC 33 DST 41
At 331 RTO 2 MDEV 0 RTT 0 SEQ 0 HSENT 1 CWND 1 FAST RECOVERY? 0 Flow ID tcp SRC 49 DST 57
At 331 RTO 2 MDEV 0 RTT 0 SEQ 0 HSENT 1 CWND 1 FAST RECOVERY? 0 Flow ID tcp SRC 2 DST 10
At 331 RTO 2 MDEV 0 RTT 0 SEQ 0 HSENT 1 CWND 1 FAST RECOVERY? 0 Flow ID tcp SRC 37 DST 45
At 331 RTO 2 MDEV 0 RTT 0 SEQ 0 HSENT 1 CWND 1 FAST RECOVERY? 0 Flow ID tcp SRC 26 DST 34
At 331 RTO 1 MDEV 0 RTT 0 SEQ 0 HSENT 1 CWND 100 FAST RECOVERY? 0 Flow ID tcp SRC 14 DST 22
At 332 RTO 2 MDEV 0 RTT 0 SEQ 0 HSENT 1 CWND 1 FAST RECOVERY? 0 Flow ID tcp SRC 48 DST 56
At 332 RTO 2 MDEV 0 RTT 0 SEQ 0 HSENT 1 CWND 1 FAST RECOVERY? 0 Flow ID tcp SRC 7 DST 15
At 332 RTO 2 MDEV 0 RTT 0 SEQ 0 HSENT 1 CWND 1 FAST RECOVERY? 0 Flow ID tcp SRC 38 DST 46
At 332 RTO 2 MDEV 0 RTT 0 SEQ 0 HSENT 1 CWND 1 FAST RECOVERY? 0 Flow ID tcp SRC 29 DST 37
At 332 RTO 1 MDEV 0 RTT 0 SEQ 0 HSENT 1 CWND 100 FAST RECOVERY? 0 Flow ID tcp SRC 35 DST 43
At 332 RTO 1 MDEV 0 RTT 0 SEQ 0 HSENT 1 CWND 100 FAST RECOVERY? 0 Flow ID tcp SRC 18 DST 26
At 332 RTO 1 MDEV 0 RTT 0 SEQ 0 HSENT 1 CWND 100 FAST RECOVERY? 0 Flow ID tcp SRC 42 DST 50
At 332 RTO 1 MDEV 0 RTT 0 SEQ 0 HSENT 1 CWND 100 FAST RECOVERY? 0 Flow ID tcp SRC 9 DST 17
At 332 RTO 1 MDEV 0 RTT 0 SEQ 0 HSENT 1 CWND 100 FAST RECOVERY? 0 Flow ID tcp SRC 57 DST 1
At 333 RTO 2 MDEV 0 RTT 0 SEQ 0 HSENT 1 CWND 1 FAST RECOVERY? 0 Flow ID tcp SRC 50 DST 58
At 333 RTO 2 MDEV 0 RTT 0 SEQ 0 HSENT 1 CWND 1 FAST RECOVERY? 0 Flow ID tcp SRC 6 DST 14
At 333 RTO 1 MDEV 0 RTT 0 SEQ 0 HSENT 1 CWND 100 FAST RECOVERY? 0 Flow ID tcp SRC 16 DST 24
At 333 RTO 1 MDEV 0 RTT 0 SEQ 0 HSENT 1 CWND 100 FAST RECOVERY? 0 Flow ID tcp SRC 40 DST 48
At 333 RTO 1 MDEV 0 RTT 0 SEQ 0 HSENT 1 CWND 100 FAST RECOVERY? 0 Flow ID tcp SRC 29 DST 37
At 334 RTO 1 MDEV 0 RTT 0 SEQ 0 HSENT 1 CWND 100 FAST RECOVERY? 0 Flow ID tcp SRC 5 DST 13
At 334 RTO 1 MDEV 0 RTT 0 SEQ 0 HSENT 1 CWND 100 FAST RECOVERY? 0 Flow ID tcp SRC 54 DST 62
At 335 RTO 1 MDEV 0 RTT 0 SEQ 0 HSENT 1 CWND 100 FAST RECOVERY? 0 Flow ID tcp SRC 49 DST 57
At 335 RTO 1 MDEV 0 RTT 0 SEQ 0 HSENT 1 CWND 100 FAST RECOVERY? 0 Flow ID tcp SRC 6 DST 14
At 337 RTO 1 MDEV 0 RTT 0 SEQ 0 HSENT 1 CWND 100 FAST RECOVERY? 0 Flow ID tcp SRC 20 DST 28
At 339 RTO 1 MDEV 0 RTT 0 SEQ 0 HSENT 1 CWND 100 FAST RECOVERY? 0 Flow ID tcp SRC 35 DST 43
At 339 RTO 1 MDEV 0 RTT 0 SEQ 0 HSENT 1 CWND 100 FAST RECOVERY? 0 Flow ID tcp SRC 19 DST 27
At 362 RTO 1 MDEV 0 RTT 0 SEQ 0 HSENT 1 CWND 100 FAST RECOVERY? 0 Flow ID tcp SRC 20 DST 28
At 365 RTO 1 MDEV 0 RTT 0 SEQ 0 HSENT 1 CWND 100 FAST RECOVERY? 0 Flow ID tcp SRC 45 DST 53
At 365 RTO 1 MDEV 0 RTT 0 SEQ 0 HSENT 1 CWND 100 FAST RECOVERY? 0 Flow ID tcp SRC 46 DST 54
At 365 RTO 1 MDEV 0 RTT 0 SEQ 0 HSENT 1 CWND 100 FAST RECOVERY? 0 Flow ID tcp SRC 46 DST 54
At 365 RTO 1 MDEV 0 RTT 0 SEQ 0 HSENT 1 CWND 100 FAST RECOVERY? 0 Flow ID tcp SRC 46 DST 54
At 367 RTO 1 MDEV 0 RTT 0 SEQ 0 HSENT 1 CWND 100 FAST RECOVERY? 0 Flow ID tcp SRC 49 DST 57
At 369 RTO 1 MDEV 0 RTT 0 SEQ 0 HSENT 1 CWND 100 FAST RECOVERY? 0 Flow ID tcp SRC 51 DST 59
At 373 RTO 1 MDEV 0 RTT 0 SEQ 0 HSENT 1 CWND 100 FAST RECOVERY? 0 Flow ID tcp SRC 28 DST 36
At 373 RTO 1 MDEV 0 RTT 0 SEQ 0 HSENT 1 CWND 100 FAST RECOVERY? 0 Flow ID tcp SRC 51 DST 59
At 374 RTO 1 MDEV 0 RTT 0 SEQ 0 HSENT 1 CWND 100 FAST RECOVERY? 0 Flow ID tcp SRC 51 DST 59
At 387 RTO 1 MDEV 0 RTT 0 SEQ 0 HSENT 1 CWND 100 FAST RECOVERY? 0 Flow ID tcp SRC 59 DST 3
At 387 RTO 1 MDEV 0 RTT 0 SEQ 0 HSENT 1 CWND 100 FAST RECOVERY? 0 Flow ID tcp SRC 59 DST 3
At 387 RTO 1 MDEV 0 RTT 0 SEQ 0 HSENT 1 CWND 100 FAST RECOVERY? 0 Flow ID tcp SRC 61 DST 5
At 387 RTO 1 MDEV 0 RTT 0 SEQ 0 HSENT 1 CWND 100 FAST RECOVERY? 0 Flow ID tcp SRC 61 DST 5
At 387 RTO 1 MDEV 0 RTT 0 SEQ 0 HSENT 1 CWND 100 FAST RECOVERY? 0 Flow ID tcp SRC 63 DST 7
At 387 RTO 1 MDEV 0 RTT 0 SEQ 0 HSENT 1 CWND 100 FAST RECOVERY? 0 Flow ID tcp SRC 63 DST 7
At 387 RTO 1 MDEV 0 RTT 0 SEQ 0 HSENT 1 CWND 100 FAST RECOVERY? 0 Flow ID tcp SRC 63 DST 7
At 387 RTO 1 MDEV 0 RTT 0 SEQ 0 HSENT 1 CWND 100 FAST RECOVERY? 0 Flow ID tcp SRC 57 DST 1
At 387 RTO 1 MDEV 0 RTT 0 SEQ 0 HSENT 1 CWND 100 FAST RECOVERY? 0 Flow ID tcp SRC 57 DST 1
At 387 RTO 1 MDEV 0 RTT 0 SEQ 0 HSENT 1 CWND 100 FAST RECOVERY? 0 Flow ID tcp SRC 56 DST 0
At 387 RTO 1 MDEV 0 RTT 0 SEQ 0 HSENT 1 CWND 100 FAST RECOVERY? 0 Flow ID tcp SRC 56 DST 0
At 387 RTO 1 MDEV 0 RTT 0 SEQ 0 HSENT 1 CWND 100 FAST RECOVERY? 0 Flow ID tcp SRC 56 DST 0
At 387 RTO 1 MDEV 0 RTT 0 SEQ 0 HSENT 1 CWND 100 FAST RECOVERY? 0 Flow ID tcp SRC 58 DST 2
At 387 RTO 1 MDEV 0 RTT 0 SEQ 0 HSENT 1 CWND 100 FAST RECOVERY? 0 Flow ID tcp SRC 58 DST 2
At 387 RTO 1 MDEV 0 RTT 0 SEQ 0 HSENT 1 CWND 100 FAST RECOVERY? 0 Flow ID tcp SRC 58 DST 2
At 388 RTO 1 MDEV 0 RTT 0 SEQ 0 HSENT 1 CWND 100 FAST RECOVERY? 0 Flow ID tcp SRC 27 DST 35
At 391 RTO 2 MDEV 0 RTT 0 SEQ 0 HSENT 1 CWND 1 FAST RECOVERY? 0 Flow ID tcp SRC 27 DST 35
At 391 RTO 1 MDEV 0 RTT 0 SEQ 0 HSENT 1 CWND 100 FAST RECOVERY? 0 Flow ID tcp SRC 12 DST 20
At 391 RTO 1 MDEV 0 RTT 0 SEQ 0 HSENT 1 CWND 100 FAST RECOVERY? 0 Flow ID tcp SRC 27 DST 35
At 393 RTO 1 MDEV 0 RTT 0 SEQ 0 HSENT 1 CWND 100 FAST RECOVERY? 0 Flow ID tcp SRC 6 DST 14
At 394 RTO 2 MDEV 0 RTT 0 SEQ 0 HSENT 1 CWND 1 FAST RECOVERY? 0 Flow ID tcp SRC 12 DST 20
At 394 RTO 2 MDEV 0 RTT 0 SEQ 0 HSENT 1 CWND 1 FAST RECOVERY? 0 Flow ID tcp SRC 27 DST 35
At 395 RTO 1 MDEV 0 RTT 0 SEQ 0 HSENT 1 CWND 100 FAST RECOVERY? 0 Flow ID tcp SRC 12 DST 20
At 396 RTO 1 MDEV 0 RTT 0 SEQ 0 HSENT 1 CWND 100 FAST RECOVERY? 0 Flow ID tcp SRC 12 DST 20
At 397 RTO 1 MDEV 0 RTT 0 SEQ 0 HSENT 1 CWND 100 FAST RECOVERY? 0 Flow ID tcp SRC 51 DST 59
At 398 RTO 2 MDEV 0 RTT 0 SEQ 0 HSENT 1 CWND 1 FAST RECOVERY? 0 Flow ID tcp SRC 12 DST 20
At 398 RTO 1 MDEV 0 RTT 0 SEQ 0 HSENT 1 CWND 100 FAST RECOVERY? 0 Flow ID tcp SRC 14 DST 22
At 399 RTO 2 MDEV 0 RTT 0 SEQ 0 HSENT 1 CWND 1 FAST RECOVERY? 0 Flow ID tcp SRC 12 DST 20
At 401 RTO 2 MDEV 0 RTT 0 SEQ 0 HSENT 1 CWND 1 FAST RECOVERY? 0 Flow ID tcp SRC 14 DST 22
At 403 RTO 4 MDEV 0 RTT 0 SEQ 0 HSENT 1 CWND 1 FAST RECOVERY? 0 Flow ID tcp SRC 12 DST 20
At 403 RTO 1 MDEV 0 RTT 0 SEQ 0 HSENT 1 CWND 100 FAST RECOVERY? 0 Flow ID tcp SRC 14 DST 22
At 404 RTO 4 MDEV 0 RTT 0 SEQ 0 HSENT 1 CWND 1 FAST RECOVERY? 0 Flow ID tcp SRC 12 DST 20
At 406 RTO 4 MDEV 0 RTT 0 SEQ 0 HSENT 1 CWND 1 FAST RECOVERY? 0 Flow ID tcp SRC 14 DST 22
At 406 RTO 2 MDEV 0 RTT 0 SEQ 0 HSENT 1 CWND 1 FAST RECOVERY? 0 Flow ID tcp SRC 14 DST 22
At 406 RTO 1 MDEV 0 RTT 0 SEQ 0 HSENT 1 CWND 100 FAST RECOVERY? 0 Flow ID tcp SRC 36 DST 44
At 406 RTO 1 MDEV 0 RTT 0 SEQ 0 HSENT 1 CWND 100 FAST RECOVERY? 0 Flow ID tcp SRC 36 DST 44
At 406 RTO 1 MDEV 0 RTT 0 SEQ 0 HSENT 1 CWND 100 FAST RECOVERY? 0 Flow ID tcp SRC 36 DST 44
At 406 RTO 1 MDEV 0 RTT 0 SEQ 0 HSENT 1 CWND 100 FAST RECOVERY? 0 Flow ID tcp SRC 36 DST 44
At 407 RTO 10 MDEV 0 RTT 7 SEQ 25755 HSENT 65545501 CWND 25856 FAST RECOVERY? 0 Flow ID tcp SRC 9 DST 17
At 407 RTO 1 MDEV 0 RTT 0 SEQ 0 HSENT 1 CWND 100 FAST RECOVERY? 0 Flow ID tcp SRC 35 DST 43
At 407 RTO 1 MDEV 0 RTT 0 SEQ 0 HSENT 1 CWND 100 FAST RECOVERY? 0 Flow ID tcp SRC 35 DST 43
At 408 RTO 10 MDEV 0 RTT 7 SEQ 25755 HSENT 65545501 CWND 25856 FAST RECOVERY? 0 Flow ID tcp SRC 10 DST 18
At 409 RTO 10 MDEV 0 RTT 8 SEQ 25755 HSENT 65545501 CWND 25856 FAST RECOVERY? 0 Flow ID tcp SRC 10 DST 18
At 410 RTO 10 MDEV 0 RTT 8 SEQ 25755 HSENT 65545501 CWND 25856 FAST RECOVERY? 0 Flow ID tcp SRC 15 DST 23
At 410 RTO 2 MDEV 0 RTT 0 SEQ 0 HSENT 1 CWND 1 FAST RECOVERY? 0 Flow ID tcp SRC 35 DST 43
At 410 RTO 2 MDEV 0 RTT 0 SEQ 0 HSENT 1 CWND 1 FAST RECOVERY? 0 Flow ID tcp SRC 35 DST 43
At 410 RTO 1 MDEV 0 RTT 0 SEQ 0 HSENT 1 CWND 100 FAST RECOVERY? 0 Flow ID tcp SRC 37 DST 45
At 411 RTO 10 MDEV 0 RTT 8 SEQ 25755 HSENT 65545501 CWND 25856 FAST RECOVERY? 0 Flow ID tcp SRC 15 DST 23
At 411 RTO 10 MDEV 0 RTT 9 SEQ 25755 HSENT 65545501 CWND 25856 FAST RECOVERY? 0 Flow ID tcp SRC 14 DST 22
At 411 RTO 4 MDEV 0 RTT 0 SEQ 0 HSENT 1 CWND 1 FAST RECOVERY? 0 Flow ID tcp SRC 14 DST 22
At 411 RTO 1 MDEV 0 RTT 0 SEQ 0 HSENT 1 CWND 100 FAST RECOVERY? 0 Flow ID tcp SRC 18 DST 26
At 412 RTO 10 MDEV 0 RTT 9 SEQ 25755 HSENT 65545501 CWND 25856 FAST RECOVERY? 0 Flow ID tcp SRC 14 DST 22
At 412 RTO 1 MDEV 0 RTT 0 SEQ 0 HSENT 1 CWND 100 FAST RECOVERY? 0 Flow ID tcp SRC 18 DST 26
At 413 RTO 10 MDEV 0 RTT 10 SEQ 25755 HSENT 65545501 CWND 25856 FAST RECOVERY? 0 Flow ID tcp SRC 14 DST 22
At 413 RTO 2 MDEV 0 RTT 0 SEQ 0 HSENT 1 CWND 1 FAST RECOVERY? 0 Flow ID tcp SRC 37 DST 45
At 413 RTO 1 MDEV 0 RTT 0 SEQ 0 HSENT 1 CWND 100 FAST RECOVERY? 0 Flow ID tcp SRC 37 DST 45
At 414 RTO 1 MDEV 0 RTT 0 SEQ 0 HSENT 1 CWND 100 FAST RECOVERY? 0 Flow ID tcp SRC 23 DST 31
At 415 RTO 1 MDEV 0 RTT 0 SEQ 0 HSENT 1 CWND 100 FAST RECOVERY? 0 Flow ID tcp SRC 23 DST 31
At 416 RTO 2 MDEV 0 RTT 0 SEQ 0 HSENT 1 CWND 1 FAST RECOVERY? 0 Flow ID tcp SRC 37 DST 45
At 418 RTO 1 MDEV 0 RTT 0 SEQ 0 HSENT 1 CWND 100 FAST RECOVERY? 0 Flow ID tcp SRC 32 DST 40
At 420 RTO 1 MDEV 0 RTT 0 SEQ 0 HSENT 1 CWND 100 FAST RECOVERY? 0 Flow ID tcp SRC 32 DST 40
At 421 RTO 4 MDEV 0 RTT 0 SEQ 0 HSENT 1 CWND 1 FAST RECOVERY? 0 Flow ID tcp SRC 37 DST 45
At 421 RTO 2 MDEV 0 RTT 0 SEQ 0 HSENT 1 CWND 1 FAST RECOVERY? 0 Flow ID tcp SRC 32 DST 40
At 423 RTO 2 MDEV 0 RTT 0 SEQ 0 HSENT 1 CWND 1 FAST RECOVERY? 0 Flow ID tcp SRC 32 DST 40
At 423 RTO 1 MDEV 0 RTT 0 SEQ 0 HSENT 1 CWND 100 FAST RECOVERY? 0 Flow ID tcp SRC 33 DST 41
At 424 RTO 10 MDEV 0 RTT 6 SEQ 12827 HSENT 38632501 CWND 12928 FAST RECOVERY? 0 Flow ID tcp SRC 34 DST 42
At 424 RTO 10 MDEV 0 RTT 6 SEQ 12827 HSENT 38632501 CWND 12928 FAST RECOVERY? 0 Flow ID tcp SRC 37 DST 45
At 425 RTO 10 MDEV 0 RTT 6 SEQ 12827 HSENT 38632501 CWND 12928 FAST RECOVERY? 0 Flow ID tcp SRC 37 DST 45
At 425 RTO 10 MDEV 0 RTT 6 SEQ 12827 HSENT 38632501 CWND 12928 FAST RECOVERY? 0 Flow ID tcp SRC 37 DST 45
At 426 RTO 10 MDEV 0 RTT 7 SEQ 25755 HSENT 65545501 CWND 25856 FAST RECOVERY? 0 Flow ID tcp SRC 39 DST 47
At 426 RTO 4 MDEV 0 RTT 0 SEQ 0 HSENT 1 CWND 1 FAST RECOVERY? 0 Flow ID tcp SRC 32 DST 40
At 426 RTO 2 MDEV 0 RTT 0 SEQ 0 HSENT 1 CWND 1 FAST RECOVERY? 0 Flow ID tcp SRC 33 DST 41
At 426 RTO 1 MDEV 0 RTT 0 SEQ 0 HSENT 1 CWND 100 FAST RECOVERY? 0 Flow ID tcp SRC 33 DST 41
At 427 RTO 10 MDEV 0 RTT 7 SEQ 25755 HSENT 65545501 CWND 25856 FAST RECOVERY? 0 Flow ID tcp SRC 39 DST 47
At 427 RTO 10 MDEV 0 RTT 8 SEQ 25755 HSENT 65545501 CWND 25856 FAST RECOVERY? 0 Flow ID tcp SRC 39 DST 47
At 428 RTO 10 MDEV 0 RTT 8 SEQ 25755 HSENT 65545501 CWND 25856 FAST RECOVERY? 0 Flow ID tcp SRC 33 DST 41
At 428 RTO 4 MDEV 0 RTT 0 SEQ 0 HSENT 1 CWND 1 FAST RECOVERY? 0 Flow ID tcp SRC 32 DST 40
At 428 RTO 1 MDEV 0 RTT 0 SEQ 0 HSENT 1 CWND 100 FAST RECOVERY? 0 Flow ID tcp SRC 38 DST 46
At 429 RTO 10 MDEV 0 RTT 8 SEQ 25755 HSENT 65545501 CWND 25856 FAST RECOVERY? 0 Flow ID tcp SRC 33 DST 41
At 429 RTO 2 MDEV 0 RTT 0 SEQ 0 HSENT 1 CWND 1 FAST RECOVERY? 0 Flow ID tcp SRC 33 DST 41
At 430 RTO 10 MDEV 0 RTT 9 SEQ 25755 HSENT 65545501 CWND 25856 FAST RECOVERY? 0 Flow ID tcp SRC 33 DST 41
At 431 RTO 4 MDEV 0 RTT 0 SEQ 0 HSENT 1 CWND 1 FAST RECOVERY? 0 Flow ID tcp SRC 33 DST 41
At 431 RTO 2 MDEV 0 RTT 0 SEQ 0 HSENT 1 CWND 1 FAST RECOVERY? 0 Flow ID tcp SRC 38 DST 46
At 431 RTO 1 MDEV 0 RTT 0 SEQ 0 HSENT 1 CWND 100 FAST RECOVERY? 0 Flow ID tcp SRC 38 DST 46
At 431 RTO 1 MDEV 0 RTT 0 SEQ 0 HSENT 1 CWND 100 FAST RECOVERY? 0 Flow ID tcp SRC 56 DST 0
At 434 RTO 4 MDEV 0 RTT 0 SEQ 0 HSENT 1 CWND 1 FAST RECOVERY? 0 Flow ID tcp SRC 33 DST 41
At 434 RTO 2 MDEV 0 RTT 0 SEQ 0 HSENT 1 CWND 1 FAST RECOVERY? 0 Flow ID tcp SRC 38 DST 46
At 434 RTO 1 MDEV 0 RTT 0 SEQ 0 HSENT 1 CWND 100 FAST RECOVERY? 0 Flow ID tcp SRC 41 DST 49
At 435 RTO 1 MDEV 0 RTT 0 SEQ 0 HSENT 1 CWND 100 FAST RECOVERY? 0 Flow ID tcp SRC 41 DST 49
At 436 RTO 4 MDEV 0 RTT 0 SEQ 0 HSENT 1 CWND 1 FAST RECOVERY? 0 Flow ID tcp SRC 38 DST 46
At 436 RTO 1 MDEV 0 RTT 0 SEQ 0 HSENT 1 CWND 100 FAST RECOVERY? 0 Flow ID tcp SRC 42 DST 50
At 439 RTO 4 MDEV 0 RTT 0 SEQ 0 HSENT 1 CWND 1 FAST RECOVERY? 0 Flow ID tcp SRC 38 DST 46
At 440 RTO 13 MDEV 0 RTT 13 SEQ 25755 HSENT 62605501 CWND 15982 FAST RECOVERY? 1 Flow ID tcp SRC 37 DST 45
At 440 RTO 1 MDEV 0 RTT 0 SEQ 0 HSENT 1 CWND 100 FAST RECOVERY? 0 Flow ID tcp SRC 49 DST 57
At 442 RTO 1 MDEV 0 RTT 0 SEQ 0 HSENT 1 CWND 100 FAST RECOVERY? 0 Flow ID tcp SRC 34 DST 42
At 444 RTO 1 MDEV 0 RTT 0 SEQ 0 HSENT 1 CWND 100 FAST RECOVERY? 0 Flow ID tcp SRC 57 DST 1
At 445 RTO 2 MDEV 0 RTT 0 SEQ 0 HSENT 1 CWND 1 FAST RECOVERY? 0 Flow ID tcp SRC 34 DST 42
At 447 RTO 1 MDEV 0 RTT 0 SEQ 0 HSENT 1 CWND 100 FAST RECOVERY? 0 Flow ID tcp SRC 34 DST 42
At 448 RTO 1 MDEV 0 RTT 0 SEQ 0 HSENT 1 CWND 100 FAST RECOVERY? 0 Flow ID tcp SRC 39 DST 47
At 449 RTO 1 MDEV 0 RTT 0 SEQ 0 HSENT 1 CWND 100 FAST RECOVERY? 0 Flow ID tcp SRC 39 DST 47
At 450 RTO 4 MDEV 0 RTT 0 SEQ 0 HSENT 1 CWND 1 FAST RECOVERY? 0 Flow ID tcp SRC 34 DST 42
At 450 RTO 2 MDEV 0 RTT 0 SEQ 0 HSENT 1 CWND 1 FAST RECOVERY? 0 Flow ID tcp SRC 34 DST 42
At 451 RTO 2 MDEV 0 RTT 0 SEQ 0 HSENT 1 CWND 1 FAST RECOVERY? 0 Flow ID tcp SRC 39 DST 47
At 479 RTO 1 MDEV 0 RTT 0 SEQ 0 HSENT 1 CWND 100 FAST RECOVERY? 0 Flow ID tcp SRC 2 DST 10
At 482 RTO 2 MDEV 0 RTT 0 SEQ 0 HSENT 1 CWND 1 FAST RECOVERY? 0 Flow ID tcp SRC 2 DST 10
At 482 RTO 1 MDEV 0 RTT 0 SEQ 0 HSENT 1 CWND 100 FAST RECOVERY? 0 Flow ID tcp SRC 1 DST 9
At 485 RTO 2 MDEV 0 RTT 0 SEQ 0 HSENT 1 CWND 1 FAST RECOVERY? 0 Flow ID tcp SRC 1 DST 9
At 495 RTO 10 MDEV 0 RTT 6 SEQ 12827 HSENT 38632501 CWND 12928 FAST RECOVERY? 0 Flow ID tcp SRC 3 DST 11
At 496 RTO 10 MDEV 0 RTT 7 SEQ 12827 HSENT 38632501 CWND 12928 FAST RECOVERY? 0 Flow ID tcp SRC 3 DST 11
At 497 RTO 10 MDEV 0 RTT 6 SEQ 25755 HSENT 65545501 CWND 25856 FAST RECOVERY? 0 Flow ID tcp SRC 5 DST 13
At 498 RTO 10 MDEV 0 RTT 6 SEQ 25755 HSENT 65545501 CWND 25856 FAST RECOVERY? 0 Flow ID tcp SRC 5 DST 13
At 498 RTO 10 MDEV 0 RTT 7 SEQ 25755 HSENT 65545501 CWND 25856 FAST RECOVERY? 0 Flow ID tcp SRC 5 DST 13
At 499 RTO 10 MDEV 0 RTT 7 SEQ 25755 HSENT 65545501 CWND 25856 FAST RECOVERY? 0 Flow ID tcp SRC 5 DST 13
[RECONF_CHECK] pass=2 block=0 decision=SKIP (all top-N already connected)
At 500 RTO 10 MDEV 0 RTT 7 SEQ 12827 HSENT 38632501 CWND 12928 FAST RECOVERY? 0 Flow ID tcp SRC 7 DST 15
At 500 RTO 10 MDEV 0 RTT 8 SEQ 12827 HSENT 38632501 CWND 12928 FAST RECOVERY? 0 Flow ID tcp SRC 7 DST 15
At 500 RTO 10 MDEV 0 RTT 8 SEQ 12827 HSENT 38632501 CWND 12928 FAST RECOVERY? 0 Flow ID tcp SRC 1 DST 9
At 501 RTO 10 MDEV 0 RTT 8 SEQ 12827 HSENT 38632501 CWND 12928 FAST RECOVERY? 0 Flow ID tcp SRC 1 DST 9
At 501 RTO 10 MDEV 0 RTT 8 SEQ 12827 HSENT 38632501 CWND 12928 FAST RECOVERY? 0 Flow ID tcp SRC 0 DST 8
At 502 RTO 10 MDEV 0 RTT 8 SEQ 12827 HSENT 38632501 CWND 12928 FAST RECOVERY? 0 Flow ID tcp SRC 0 DST 8
At 502 RTO 10 MDEV 0 RTT 9 SEQ 12827 HSENT 38632501 CWND 12928 FAST RECOVERY? 0 Flow ID tcp SRC 0 DST 8
At 503 RTO 10 MDEV 0 RTT 9 SEQ 25755 HSENT 65545501 CWND 25856 FAST RECOVERY? 0 Flow ID tcp SRC 7 DST 15
At 503 RTO 10 MDEV 0 RTT 9 SEQ 12827 HSENT 38632501 CWND 12928 FAST RECOVERY? 0 Flow ID tcp SRC 2 DST 10
At 503 RTO 10 MDEV 0 RTT 9 SEQ 12827 HSENT 38632501 CWND 12928 FAST RECOVERY? 0 Flow ID tcp SRC 2 DST 10
At 504 RTO 10 MDEV 0 RTT 10 SEQ 12827 HSENT 38632501 CWND 12928 FAST RECOVERY? 0 Flow ID tcp SRC 2 DST 10
At 505 RTO 10 MDEV 0 RTT 10 SEQ 25755 HSENT 65545501 CWND 25856 FAST RECOVERY? 0 Flow ID tcp SRC 7 DST 15
At 508 RTO 11 MDEV 0 RTT 11 SEQ 25755 HSENT 48328501 CWND 6464 FAST RECOVERY? 0 Flow ID tcp SRC 3 DST 11
At 509 RTO 11 MDEV 0 RTT 11 SEQ 25755 HSENT 65545501 CWND 25856 FAST RECOVERY? 0 Flow ID tcp SRC 3 DST 11
At 510 RTO 11 MDEV 0 RTT 11 SEQ 25755 HSENT 48328501 CWND 6464 FAST RECOVERY? 0 Flow ID tcp SRC 3 DST 11
At 517 RTO 13 MDEV 0 RTT 13 SEQ 25755 HSENT 48328501 CWND 6464 FAST RECOVERY? 0 Flow ID tcp SRC 7 DST 15
At 518 RTO 13 MDEV 0 RTT 13 SEQ 25755 HSENT 48328501 CWND 6464 FAST RECOVERY? 0 Flow ID tcp SRC 7 DST 15
At 519 RTO 18 MDEV 0 RTT 14 SEQ 25755 HSENT 48328501 CWND 6464 FAST RECOVERY? 0 Flow ID tcp SRC 1 DST 9
At 520 RTO 18 MDEV 0 RTT 15 SEQ 25755 HSENT 48328501 CWND 6464 FAST RECOVERY? 0 Flow ID tcp SRC 1 DST 9
At 521 RTO 18 MDEV 0 RTT 15 SEQ 25755 HSENT 48328501 CWND 6464 FAST RECOVERY? 0 Flow ID tcp SRC 0 DST 8
At 522 RTO 18 MDEV 0 RTT 15 SEQ 25755 HSENT 48328501 CWND 6464 FAST RECOVERY? 0 Flow ID tcp SRC 0 DST 8
At 524 RTO 18 MDEV 0 RTT 16 SEQ 25755 HSENT 48328501 CWND 6464 FAST RECOVERY? 0 Flow ID tcp SRC 0 DST 8
At 526 RTO 18 MDEV 0 RTT 16 SEQ 25755 HSENT 48328501 CWND 6464 FAST RECOVERY? 0 Flow ID tcp SRC 2 DST 10
At 527 RTO 18 MDEV 0 RTT 17 SEQ 25755 HSENT 48328501 CWND 6464 FAST RECOVERY? 0 Flow ID tcp SRC 2 DST 10
At 528 RTO 19 MDEV 0 RTT 17 SEQ 25755 HSENT 48328501 CWND 6464 FAST RECOVERY? 0 Flow ID tcp SRC 2 DST 10
At 530 RTO 21 MDEV 0 RTT 17 SEQ 32219 HSENT 53176501 CWND 3232 FAST RECOVERY? 0 Flow ID tcp SRC 3 DST 11
At 533 RTO 21 MDEV 0 RTT 18 SEQ 32219 HSENT 53176501 CWND 3232 FAST RECOVERY? 0 Flow ID tcp SRC 3 DST 11
At 551 RTO 1 MDEV 0 RTT 0 SEQ 0 HSENT 1 CWND 100 FAST RECOVERY? 0 Flow ID tcp SRC 10 DST 18
At 551 RTO 1 MDEV 0 RTT 0 SEQ 0 HSENT 1 CWND 100 FAST RECOVERY? 0 Flow ID tcp SRC 10 DST 18
At 551 RTO 1 MDEV 0 RTT 0 SEQ 0 HSENT 1 CWND 100 FAST RECOVERY? 0 Flow ID tcp SRC 10 DST 18
At 551 RTO 1 MDEV 0 RTT 0 SEQ 0 HSENT 1 CWND 100 FAST RECOVERY? 0 Flow ID tcp SRC 15 DST 23
At 551 RTO 1 MDEV 0 RTT 0 SEQ 0 HSENT 1 CWND 100 FAST RECOVERY? 0 Flow ID tcp SRC 9 DST 17
At 551 RTO 1 MDEV 0 RTT 0 SEQ 0 HSENT 1 CWND 100 FAST RECOVERY? 0 Flow ID tcp SRC 9 DST 17
At 551 RTO 1 MDEV 0 RTT 0 SEQ 0 HSENT 1 CWND 100 FAST RECOVERY? 0 Flow ID tcp SRC 8 DST 16
At 551 RTO 1 MDEV 0 RTT 0 SEQ 0 HSENT 1 CWND 100 FAST RECOVERY? 0 Flow ID tcp SRC 8 DST 16
info: reduce-scatter forward pass collective issued for layer: attention_row,info: reduce-scatter forward pass collective issued for layer: mlp_moelayer,info: reduce-scatter forward pass collective issued for layer: attention_row,[RECONF_CHECK] pass=2 block=1 decision=SKIP (all top-N already connected)
info: reduce-scatter forward pass collective issued for layer: mlp_moelayer,info: reduce-scatter input grad collective issued for layer: mlp_moelayer,info: reduce-scatter input grad collective issued for layer: mlp_moelayer,info: reduce-scatter weight grad collective issued for layer: grad_norm,[PASS_DRAINED] pass=2 ranks_reported=64
At 635 RTO 1 MDEV 0 RTT 0 SEQ 0 HSENT 1 CWND 100 FAST RECOVERY? 0 Flow ID tcp SRC 0 DST 8
At 637 RTO 1 MDEV 0 RTT 0 SEQ 0 HSENT 1 CWND 100 FAST RECOVERY? 0 Flow ID tcp SRC 14 DST 22
At 639 RTO 1 MDEV 0 RTT 0 SEQ 0 HSENT 1 CWND 100 FAST RECOVERY? 0 Flow ID tcp SRC 40 DST 48
At 639 RTO 1 MDEV 0 RTT 0 SEQ 0 HSENT 1 CWND 100 FAST RECOVERY? 0 Flow ID tcp SRC 56 DST 0
At 640 RTO 1 MDEV 0 RTT 0 SEQ 0 HSENT 1 CWND 100 FAST RECOVERY? 0 Flow ID tcp SRC 16 DST 24
At 641 RTO 1 MDEV 0 RTT 0 SEQ 0 HSENT 1 CWND 100 FAST RECOVERY? 0 Flow ID tcp SRC 16 DST 24
At 642 RTO 1 MDEV 0 RTT 0 SEQ 0 HSENT 1 CWND 100 FAST RECOVERY? 0 Flow ID tcp SRC 48 DST 56
At 645 RTO 1 MDEV 0 RTT 0 SEQ 0 HSENT 1 CWND 100 FAST RECOVERY? 0 Flow ID tcp SRC 11 DST 19
At 646 RTO 1 MDEV 0 RTT 0 SEQ 0 HSENT 1 CWND 100 FAST RECOVERY? 0 Flow ID tcp SRC 7 DST 15
At 647 RTO 1 MDEV 0 RTT 0 SEQ 0 HSENT 1 CWND 100 FAST RECOVERY? 0 Flow ID tcp SRC 15 DST 23
At 647 RTO 1 MDEV 0 RTT 0 SEQ 0 HSENT 1 CWND 100 FAST RECOVERY? 0 Flow ID tcp SRC 55 DST 63
At 647 RTO 1 MDEV 0 RTT 0 SEQ 0 HSENT 1 CWND 100 FAST RECOVERY? 0 Flow ID tcp SRC 1 DST 9
At 648 RTO 1 MDEV 0 RTT 0 SEQ 0 HSENT 1 CWND 100 FAST RECOVERY? 0 Flow ID tcp SRC 9 DST 17
At 649 RTO 2 MDEV 0 RTT 0 SEQ 0 HSENT 1 CWND 1 FAST RECOVERY? 0 Flow ID tcp SRC 7 DST 15
At 649 RTO 1 MDEV 0 RTT 0 SEQ 0 HSENT 1 CWND 100 FAST RECOVERY? 0 Flow ID tcp SRC 49 DST 57
At 649 RTO 1 MDEV 0 RTT 0 SEQ 0 HSENT 1 CWND 100 FAST RECOVERY? 0 Flow ID tcp SRC 4 DST 12
At 649 RTO 1 MDEV 0 RTT 0 SEQ 0 HSENT 1 CWND 100 FAST RECOVERY? 0 Flow ID tcp SRC 12 DST 20
At 649 RTO 1 MDEV 0 RTT 0 SEQ 0 HSENT 1 CWND 100 FAST RECOVERY? 0 Flow ID tcp SRC 25 DST 33
At 650 RTO 2 MDEV 0 RTT 0 SEQ 0 HSENT 1 CWND 1 FAST RECOVERY? 0 Flow ID tcp SRC 15 DST 23
At 650 RTO 2 MDEV 0 RTT 0 SEQ 0 HSENT 1 CWND 1 FAST RECOVERY? 0 Flow ID tcp SRC 55 DST 63
At 650 RTO 2 MDEV 0 RTT 0 SEQ 0 HSENT 1 CWND 1 FAST RECOVERY? 0 Flow ID tcp SRC 1 DST 9
At 650 RTO 1 MDEV 0 RTT 0 SEQ 0 HSENT 1 CWND 100 FAST RECOVERY? 0 Flow ID tcp SRC 51 DST 59
At 650 RTO 1 MDEV 0 RTT 0 SEQ 0 HSENT 1 CWND 100 FAST RECOVERY? 0 Flow ID tcp SRC 5 DST 13
At 650 RTO 1 MDEV 0 RTT 0 SEQ 0 HSENT 1 CWND 100 FAST RECOVERY? 0 Flow ID tcp SRC 41 DST 49
At 650 RTO 1 MDEV 0 RTT 0 SEQ 0 HSENT 1 CWND 100 FAST RECOVERY? 0 Flow ID tcp SRC 33 DST 41
At 651 RTO 2 MDEV 0 RTT 0 SEQ 0 HSENT 1 CWND 1 FAST RECOVERY? 0 Flow ID tcp SRC 9 DST 17
At 651 RTO 1 MDEV 0 RTT 0 SEQ 0 HSENT 1 CWND 100 FAST RECOVERY? 0 Flow ID tcp SRC 10 DST 18
At 651 RTO 1 MDEV 0 RTT 0 SEQ 0 HSENT 1 CWND 100 FAST RECOVERY? 0 Flow ID tcp SRC 26 DST 34
At 651 RTO 1 MDEV 0 RTT 0 SEQ 0 HSENT 1 CWND 100 FAST RECOVERY? 0 Flow ID tcp SRC 53 DST 61
At 652 RTO 2 MDEV 0 RTT 0 SEQ 0 HSENT 1 CWND 1 FAST RECOVERY? 0 Flow ID tcp SRC 49 DST 57
At 652 RTO 2 MDEV 0 RTT 0 SEQ 0 HSENT 1 CWND 1 FAST RECOVERY? 0 Flow ID tcp SRC 12 DST 20
At 652 RTO 2 MDEV 0 RTT 0 SEQ 0 HSENT 1 CWND 1 FAST RECOVERY? 0 Flow ID tcp SRC 25 DST 33
At 652 RTO 1 MDEV 0 RTT 0 SEQ 0 HSENT 1 CWND 100 FAST RECOVERY? 0 Flow ID tcp SRC 34 DST 42
At 652 RTO 1 MDEV 0 RTT 0 SEQ 0 HSENT 1 CWND 100 FAST RECOVERY? 0 Flow ID tcp SRC 13 DST 21
At 652 RTO 1 MDEV 0 RTT 0 SEQ 0 HSENT 1 CWND 100 FAST RECOVERY? 0 Flow ID tcp SRC 29 DST 37
At 652 RTO 1 MDEV 0 RTT 0 SEQ 0 HSENT 1 CWND 100 FAST RECOVERY? 0 Flow ID tcp SRC 52 DST 60
At 653 RTO 2 MDEV 0 RTT 0 SEQ 0 HSENT 1 CWND 1 FAST RECOVERY? 0 Flow ID tcp SRC 51 DST 59
At 653 RTO 2 MDEV 0 RTT 0 SEQ 0 HSENT 1 CWND 1 FAST RECOVERY? 0 Flow ID tcp SRC 33 DST 41
At 653 RTO 1 MDEV 0 RTT 0 SEQ 0 HSENT 1 CWND 100 FAST RECOVERY? 0 Flow ID tcp SRC 37 DST 45
At 653 RTO 1 MDEV 0 RTT 0 SEQ 0 HSENT 1 CWND 100 FAST RECOVERY? 0 Flow ID tcp SRC 31 DST 39
At 653 RTO 1 MDEV 0 RTT 0 SEQ 0 HSENT 1 CWND 100 FAST RECOVERY? 0 Flow ID tcp SRC 54 DST 62
At 653 RTO 1 MDEV 0 RTT 0 SEQ 0 HSENT 1 CWND 100 FAST RECOVERY? 0 Flow ID tcp SRC 17 DST 25
At 654 RTO 2 MDEV 0 RTT 0 SEQ 0 HSENT 1 CWND 1 FAST RECOVERY? 0 Flow ID tcp SRC 10 DST 18
At 654 RTO 2 MDEV 0 RTT 0 SEQ 0 HSENT 1 CWND 1 FAST RECOVERY? 0 Flow ID tcp SRC 26 DST 34
At 654 RTO 2 MDEV 0 RTT 0 SEQ 0 HSENT 1 CWND 1 FAST RECOVERY? 0 Flow ID tcp SRC 53 DST 61
At 654 RTO 1 MDEV 0 RTT 0 SEQ 0 HSENT 1 CWND 100 FAST RECOVERY? 0 Flow ID tcp SRC 39 DST 47
At 654 RTO 1 MDEV 0 RTT 0 SEQ 0 HSENT 1 CWND 100 FAST RECOVERY? 0 Flow ID tcp SRC 30 DST 38
At 654 RTO 1 MDEV 0 RTT 0 SEQ 0 HSENT 1 CWND 100 FAST RECOVERY? 0 Flow ID tcp SRC 18 DST 26
At 654 RTO 1 MDEV 0 RTT 0 SEQ 0 HSENT 1 CWND 100 FAST RECOVERY? 0 Flow ID tcp SRC 14 DST 22
At 655 RTO 2 MDEV 0 RTT 0 SEQ 0 HSENT 1 CWND 1 FAST RECOVERY? 0 Flow ID tcp SRC 34 DST 42
At 655 RTO 2 MDEV 0 RTT 0 SEQ 0 HSENT 1 CWND 1 FAST RECOVERY? 0 Flow ID tcp SRC 13 DST 21
At 655 RTO 2 MDEV 0 RTT 0 SEQ 0 HSENT 1 CWND 1 FAST RECOVERY? 0 Flow ID tcp SRC 29 DST 37
At 655 RTO 2 MDEV 0 RTT 0 SEQ 0 HSENT 1 CWND 1 FAST RECOVERY? 0 Flow ID tcp SRC 52 DST 60
At 655 RTO 1 MDEV 0 RTT 0 SEQ 0 HSENT 1 CWND 100 FAST RECOVERY? 0 Flow ID tcp SRC 46 DST 54
At 655 RTO 1 MDEV 0 RTT 0 SEQ 0 HSENT 1 CWND 100 FAST RECOVERY? 0 Flow ID tcp SRC 38 DST 46
At 655 RTO 1 MDEV 0 RTT 0 SEQ 0 HSENT 1 CWND 100 FAST RECOVERY? 0 Flow ID tcp SRC 28 DST 36
At 655 RTO 1 MDEV 0 RTT 0 SEQ 0 HSENT 1 CWND 100 FAST RECOVERY? 0 Flow ID tcp SRC 61 DST 5
At 656 RTO 2 MDEV 0 RTT 0 SEQ 0 HSENT 1 CWND 1 FAST RECOVERY? 0 Flow ID tcp SRC 54 DST 62
At 656 RTO 1 MDEV 0 RTT 0 SEQ 0 HSENT 1 CWND 100 FAST RECOVERY? 0 Flow ID tcp SRC 44 DST 52
At 656 RTO 1 MDEV 0 RTT 0 SEQ 0 HSENT 1 CWND 100 FAST RECOVERY? 0 Flow ID tcp SRC 1 DST 9
At 657 RTO 2 MDEV 0 RTT 0 SEQ 0 HSENT 1 CWND 1 FAST RECOVERY? 0 Flow ID tcp SRC 14 DST 22
At 657 RTO 1 MDEV 0 RTT 0 SEQ 0 HSENT 1 CWND 100 FAST RECOVERY? 0 Flow ID tcp SRC 50 DST 58
At 657 RTO 1 MDEV 0 RTT 0 SEQ 0 HSENT 1 CWND 100 FAST RECOVERY? 0 Flow ID tcp SRC 11 DST 19
At 659 RTO 1 MDEV 0 RTT 0 SEQ 0 HSENT 1 CWND 100 FAST RECOVERY? 0 Flow ID tcp SRC 59 DST 3
At 659 RTO 1 MDEV 0 RTT 0 SEQ 0 HSENT 1 CWND 100 FAST RECOVERY? 0 Flow ID tcp SRC 40 DST 48
At 662 RTO 1 MDEV 0 RTT 0 SEQ 0 HSENT 1 CWND 100 FAST RECOVERY? 0 Flow ID tcp SRC 35 DST 43
At 663 RTO 1 MDEV 0 RTT 0 SEQ 0 HSENT 1 CWND 100 FAST RECOVERY? 0 Flow ID tcp SRC 51 DST 59
At 666 RTO 1 MDEV 0 RTT 0 SEQ 0 HSENT 1 CWND 100 FAST RECOVERY? 0 Flow ID tcp SRC 6 DST 14
At 669 RTO 1 MDEV 0 RTT 0 SEQ 0 HSENT 1 CWND 100 FAST RECOVERY? 0 Flow ID tcp SRC 27 DST 35
At 688 RTO 1 MDEV 0 RTT 0 SEQ 0 HSENT 1 CWND 100 FAST RECOVERY? 0 Flow ID tcp SRC 40 DST 48
At 689 RTO 1 MDEV 0 RTT 0 SEQ 0 HSENT 1 CWND 100 FAST RECOVERY? 0 Flow ID tcp SRC 30 DST 38
At 693 RTO 1 MDEV 0 RTT 0 SEQ 0 HSENT 1 CWND 100 FAST RECOVERY? 0 Flow ID tcp SRC 23 DST 31
At 693 RTO 1 MDEV 0 RTT 0 SEQ 0 HSENT 1 CWND 100 FAST RECOVERY? 0 Flow ID tcp SRC 17 DST 25
At 693 RTO 1 MDEV 0 RTT 0 SEQ 0 HSENT 1 CWND 100 FAST RECOVERY? 0 Flow ID tcp SRC 20 DST 28
At 693 RTO 1 MDEV 0 RTT 0 SEQ 0 HSENT 1 CWND 100 FAST RECOVERY? 0 Flow ID tcp SRC 18 DST 26
At 693 RTO 1 MDEV 0 RTT 0 SEQ 0 HSENT 1 CWND 100 FAST RECOVERY? 0 Flow ID tcp SRC 18 DST 26
At 693 RTO 1 MDEV 0 RTT 0 SEQ 0 HSENT 1 CWND 100 FAST RECOVERY? 0 Flow ID tcp SRC 18 DST 26
At 693 RTO 1 MDEV 0 RTT 0 SEQ 0 HSENT 1 CWND 100 FAST RECOVERY? 0 Flow ID tcp SRC 18 DST 26
At 693 RTO 1 MDEV 0 RTT 0 SEQ 0 HSENT 1 CWND 100 FAST RECOVERY? 0 Flow ID tcp SRC 21 DST 29
At 693 RTO 1 MDEV 0 RTT 0 SEQ 0 HSENT 1 CWND 100 FAST RECOVERY? 0 Flow ID tcp SRC 22 DST 30
At 701 RTO 1 MDEV 0 RTT 0 SEQ 0 HSENT 1 CWND 100 FAST RECOVERY? 0 Flow ID tcp SRC 58 DST 2
At 701 RTO 1 MDEV 0 RTT 0 SEQ 0 HSENT 1 CWND 100 FAST RECOVERY? 0 Flow ID tcp SRC 15 DST 23
At 701 RTO 1 MDEV 0 RTT 0 SEQ 0 HSENT 1 CWND 100 FAST RECOVERY? 0 Flow ID tcp SRC 15 DST 23
At 701 RTO 1 MDEV 0 RTT 0 SEQ 0 HSENT 1 CWND 100 FAST RECOVERY? 0 Flow ID tcp SRC 9 DST 17
At 701 RTO 1 MDEV 0 RTT 0 SEQ 0 HSENT 1 CWND 100 FAST RECOVERY? 0 Flow ID tcp SRC 9 DST 17
At 701 RTO 1 MDEV 0 RTT 0 SEQ 0 HSENT 1 CWND 100 FAST RECOVERY? 0 Flow ID tcp SRC 14 DST 22
At 705 RTO 1 MDEV 0 RTT 0 SEQ 0 HSENT 1 CWND 100 FAST RECOVERY? 0 Flow ID tcp SRC 56 DST 0
At 708 RTO 2 MDEV 0 RTT 0 SEQ 0 HSENT 1 CWND 1 FAST RECOVERY? 0 Flow ID tcp SRC 56 DST 0
At 711 RTO 1 MDEV 0 RTT 0 SEQ 0 HSENT 1 CWND 100 FAST RECOVERY? 0 Flow ID tcp SRC 57 DST 1
At 711 RTO 1 MDEV 0 RTT 0 SEQ 0 HSENT 1 CWND 100 FAST RECOVERY? 0 Flow ID tcp SRC 32 DST 40
At 712 RTO 1 MDEV 0 RTT 0 SEQ 0 HSENT 1 CWND 100 FAST RECOVERY? 0 Flow ID tcp SRC 35 DST 43
At 712 RTO 1 MDEV 0 RTT 0 SEQ 0 HSENT 1 CWND 100 FAST RECOVERY? 0 Flow ID tcp SRC 35 DST 43
At 712 RTO 1 MDEV 0 RTT 0 SEQ 0 HSENT 1 CWND 100 FAST RECOVERY? 0 Flow ID tcp SRC 35 DST 43
At 712 RTO 1 MDEV 0 RTT 0 SEQ 0 HSENT 1 CWND 100 FAST RECOVERY? 0 Flow ID tcp SRC 35 DST 43
At 713 RTO 1 MDEV 0 RTT 0 SEQ 0 HSENT 1 CWND 100 FAST RECOVERY? 0 Flow ID tcp SRC 15 DST 23
At 713 RTO 1 MDEV 0 RTT 0 SEQ 0 HSENT 1 CWND 100 FAST RECOVERY? 0 Flow ID tcp SRC 57 DST 1
At 714 RTO 2 MDEV 0 RTT 0 SEQ 0 HSENT 1 CWND 1 FAST RECOVERY? 0 Flow ID tcp SRC 57 DST 1
At 714 RTO 1 MDEV 0 RTT 0 SEQ 0 HSENT 1 CWND 100 FAST RECOVERY? 0 Flow ID tcp SRC 33 DST 41
At 714 RTO 1 MDEV 0 RTT 0 SEQ 0 HSENT 1 CWND 100 FAST RECOVERY? 0 Flow ID tcp SRC 33 DST 41
At 714 RTO 1 MDEV 0 RTT 0 SEQ 0 HSENT 1 CWND 100 FAST RECOVERY? 0 Flow ID tcp SRC 34 DST 42
At 714 RTO 1 MDEV 0 RTT 0 SEQ 0 HSENT 1 CWND 100 FAST RECOVERY? 0 Flow ID tcp SRC 34 DST 42
At 715 RTO 1 MDEV 0 RTT 0 SEQ 0 HSENT 1 CWND 100 FAST RECOVERY? 0 Flow ID tcp SRC 54 DST 62
At 715 RTO 1 MDEV 0 RTT 0 SEQ 0 HSENT 1 CWND 100 FAST RECOVERY? 0 Flow ID tcp SRC 32 DST 40
At 715 RTO 1 MDEV 0 RTT 0 SEQ 0 HSENT 1 CWND 100 FAST RECOVERY? 0 Flow ID tcp SRC 37 DST 45
At 715 RTO 1 MDEV 0 RTT 0 SEQ 0 HSENT 1 CWND 100 FAST RECOVERY? 0 Flow ID tcp SRC 37 DST 45
At 715 RTO 1 MDEV 0 RTT 0 SEQ 0 HSENT 1 CWND 100 FAST RECOVERY? 0 Flow ID tcp SRC 15 DST 23
At 716 RTO 2 MDEV 0 RTT 0 SEQ 0 HSENT 1 CWND 1 FAST RECOVERY? 0 Flow ID tcp SRC 57 DST 1
At 718 RTO 2 MDEV 0 RTT 0 SEQ 0 HSENT 1 CWND 1 FAST RECOVERY? 0 Flow ID tcp SRC 54 DST 62
At 718 RTO 1 MDEV 0 RTT 0 SEQ 0 HSENT 1 CWND 100 FAST RECOVERY? 0 Flow ID tcp SRC 54 DST 62
At 720 RTO 1 MDEV 0 RTT 0 SEQ 0 HSENT 1 CWND 100 FAST RECOVERY? 0 Flow ID tcp SRC 38 DST 46
At 720 RTO 1 MDEV 0 RTT 0 SEQ 0 HSENT 1 CWND 100 FAST RECOVERY? 0 Flow ID tcp SRC 62 DST 6
At 721 RTO 2 MDEV 0 RTT 0 SEQ 0 HSENT 1 CWND 1 FAST RECOVERY? 0 Flow ID tcp SRC 54 DST 62
At 721 RTO 1 MDEV 0 RTT 0 SEQ 0 HSENT 1 CWND 100 FAST RECOVERY? 0 Flow ID tcp SRC 62 DST 6
At 722 RTO 1 MDEV 0 RTT 0 SEQ 0 HSENT 1 CWND 100 FAST RECOVERY? 0 Flow ID tcp SRC 55 DST 63
At 722 RTO 1 MDEV 0 RTT 0 SEQ 0 HSENT 1 CWND 100 FAST RECOVERY? 0 Flow ID tcp SRC 60 DST 4
At 723 RTO 2 MDEV 0 RTT 0 SEQ 0 HSENT 1 CWND 1 FAST RECOVERY? 0 Flow ID tcp SRC 62 DST 6
At 724 RTO 2 MDEV 0 RTT 0 SEQ 0 HSENT 1 CWND 1 FAST RECOVERY? 0 Flow ID tcp SRC 62 DST 6
At 724 RTO 1 MDEV 0 RTT 0 SEQ 0 HSENT 1 CWND 100 FAST RECOVERY? 0 Flow ID tcp SRC 60 DST 4
At 725 RTO 2 MDEV 0 RTT 0 SEQ 0 HSENT 1 CWND 1 FAST RECOVERY? 0 Flow ID tcp SRC 60 DST 4
At 725 RTO 1 MDEV 0 RTT 0 SEQ 0 HSENT 1 CWND 100 FAST RECOVERY? 0 Flow ID tcp SRC 56 DST 0
At 726 RTO 1 MDEV 0 RTT 0 SEQ 0 HSENT 1 CWND 100 FAST RECOVERY? 0 Flow ID tcp SRC 56 DST 0
At 727 RTO 2 MDEV 0 RTT 0 SEQ 0 HSENT 1 CWND 1 FAST RECOVERY? 0 Flow ID tcp SRC 60 DST 4
At 727 RTO 1 MDEV 0 RTT 0 SEQ 0 HSENT 1 CWND 100 FAST RECOVERY? 0 Flow ID tcp SRC 3 DST 11
At 727 RTO 1 MDEV 0 RTT 0 SEQ 0 HSENT 1 CWND 100 FAST RECOVERY? 0 Flow ID tcp SRC 3 DST 11
At 727 RTO 1 MDEV 0 RTT 0 SEQ 0 HSENT 1 CWND 100 FAST RECOVERY? 0 Flow ID tcp SRC 52 DST 60
At 728 RTO 4 MDEV 0 RTT 0 SEQ 0 HSENT 1 CWND 1 FAST RECOVERY? 0 Flow ID tcp SRC 62 DST 6
At 728 RTO 2 MDEV 0 RTT 0 SEQ 0 HSENT 1 CWND 1 FAST RECOVERY? 0 Flow ID tcp SRC 56 DST 0
At 728 RTO 1 MDEV 0 RTT 0 SEQ 0 HSENT 1 CWND 100 FAST RECOVERY? 0 Flow ID tcp SRC 5 DST 13
At 729 RTO 4 MDEV 0 RTT 0 SEQ 0 HSENT 1 CWND 1 FAST RECOVERY? 0 Flow ID tcp SRC 62 DST 6
At 729 RTO 2 MDEV 0 RTT 0 SEQ 0 HSENT 1 CWND 1 FAST RECOVERY? 0 Flow ID tcp SRC 56 DST 0
At 730 RTO 4 MDEV 0 RTT 0 SEQ 0 HSENT 1 CWND 1 FAST RECOVERY? 0 Flow ID tcp SRC 60 DST 4
At 730 RTO 1 MDEV 0 RTT 0 SEQ 0 HSENT 1 CWND 100 FAST RECOVERY? 0 Flow ID tcp SRC 56 DST 0
At 733 RTO 1 MDEV 0 RTT 0 SEQ 0 HSENT 1 CWND 100 FAST RECOVERY? 0 Flow ID tcp SRC 6 DST 14
At 758 RTO 1 MDEV 0 RTT 0 SEQ 0 HSENT 1 CWND 100 FAST RECOVERY? 0 Flow ID tcp SRC 45 DST 53
At 758 RTO 1 MDEV 0 RTT 0 SEQ 0 HSENT 1 CWND 100 FAST RECOVERY? 0 Flow ID tcp SRC 45 DST 53
At 759 RTO 1 MDEV 0 RTT 0 SEQ 0 HSENT 1 CWND 100 FAST RECOVERY? 0 Flow ID tcp SRC 21 DST 29
At 759 RTO 1 MDEV 0 RTT 0 SEQ 0 HSENT 1 CWND 100 FAST RECOVERY? 0 Flow ID tcp SRC 21 DST 29
At 761 RTO 1 MDEV 0 RTT 0 SEQ 0 HSENT 1 CWND 100 FAST RECOVERY? 0 Flow ID tcp SRC 31 DST 39
At 762 RTO 2 MDEV 0 RTT 0 SEQ 0 HSENT 1 CWND 1 FAST RECOVERY? 0 Flow ID tcp SRC 21 DST 29
At 762 RTO 2 MDEV 0 RTT 0 SEQ 0 HSENT 1 CWND 1 FAST RECOVERY? 0 Flow ID tcp SRC 21 DST 29
At 762 RTO 1 MDEV 0 RTT 0 SEQ 0 HSENT 1 CWND 100 FAST RECOVERY? 0 Flow ID tcp SRC 31 DST 39
At 762 RTO 1 MDEV 0 RTT 0 SEQ 0 HSENT 1 CWND 100 FAST RECOVERY? 0 Flow ID tcp SRC 22 DST 30
At 764 RTO 2 MDEV 0 RTT 0 SEQ 0 HSENT 1 CWND 1 FAST RECOVERY? 0 Flow ID tcp SRC 31 DST 39
At 764 RTO 1 MDEV 0 RTT 0 SEQ 0 HSENT 1 CWND 100 FAST RECOVERY? 0 Flow ID tcp SRC 25 DST 33
At 765 RTO 2 MDEV 0 RTT 0 SEQ 0 HSENT 1 CWND 1 FAST RECOVERY? 0 Flow ID tcp SRC 31 DST 39
At 765 RTO 2 MDEV 0 RTT 0 SEQ 0 HSENT 1 CWND 1 FAST RECOVERY? 0 Flow ID tcp SRC 22 DST 30
At 765 RTO 1 MDEV 0 RTT 0 SEQ 0 HSENT 1 CWND 100 FAST RECOVERY? 0 Flow ID tcp SRC 25 DST 33
At 766 RTO 1 MDEV 0 RTT 0 SEQ 0 HSENT 1 CWND 100 FAST RECOVERY? 0 Flow ID tcp SRC 25 DST 33
At 767 RTO 2 MDEV 0 RTT 0 SEQ 0 HSENT 1 CWND 1 FAST RECOVERY? 0 Flow ID tcp SRC 25 DST 33
At 767 RTO 1 MDEV 0 RTT 0 SEQ 0 HSENT 1 CWND 100 FAST RECOVERY? 0 Flow ID tcp SRC 30 DST 38
At 767 RTO 1 MDEV 0 RTT 0 SEQ 0 HSENT 1 CWND 100 FAST RECOVERY? 0 Flow ID tcp SRC 41 DST 49
At 768 RTO 2 MDEV 0 RTT 0 SEQ 0 HSENT 1 CWND 1 FAST RECOVERY? 0 Flow ID tcp SRC 25 DST 33
At 769 RTO 2 MDEV 0 RTT 0 SEQ 0 HSENT 1 CWND 1 FAST RECOVERY? 0 Flow ID tcp SRC 25 DST 33
At 769 RTO 1 MDEV 0 RTT 0 SEQ 0 HSENT 1 CWND 100 FAST RECOVERY? 0 Flow ID tcp SRC 31 DST 39
At 770 RTO 2 MDEV 0 RTT 0 SEQ 0 HSENT 1 CWND 1 FAST RECOVERY? 0 Flow ID tcp SRC 30 DST 38
At 770 RTO 2 MDEV 0 RTT 0 SEQ 0 HSENT 1 CWND 1 FAST RECOVERY? 0 Flow ID tcp SRC 41 DST 49
At 772 RTO 2 MDEV 0 RTT 0 SEQ 0 HSENT 1 CWND 1 FAST RECOVERY? 0 Flow ID tcp SRC 31 DST 39
At 773 RTO 1 MDEV 0 RTT 0 SEQ 0 HSENT 1 CWND 100 FAST RECOVERY? 0 Flow ID tcp SRC 36 DST 44
At 775 RTO 1 MDEV 0 RTT 0 SEQ 0 HSENT 1 CWND 100 FAST RECOVERY? 0 Flow ID tcp SRC 44 DST 52
At 777 RTO 4 MDEV 0 RTT 0 SEQ 0 HSENT 1 CWND 1 FAST RECOVERY? 0 Flow ID tcp SRC 31 DST 39
At 778 RTO 1 MDEV 0 RTT 0 SEQ 0 HSENT 1 CWND 100 FAST RECOVERY? 0 Flow ID tcp SRC 29 DST 37
At 778 RTO 1 MDEV 0 RTT 0 SEQ 0 HSENT 1 CWND 100 FAST RECOVERY? 0 Flow ID tcp SRC 30 DST 38
At 780 RTO 1 MDEV 0 RTT 0 SEQ 0 HSENT 1 CWND 100 FAST RECOVERY? 0 Flow ID tcp SRC 44 DST 52
At 781 RTO 2 MDEV 0 RTT 0 SEQ 0 HSENT 1 CWND 1 FAST RECOVERY? 0 Flow ID tcp SRC 29 DST 37
At 781 RTO 2 MDEV 0 RTT 0 SEQ 0 HSENT 1 CWND 1 FAST RECOVERY? 0 Flow ID tcp SRC 30 DST 38
At 782 RTO 1 MDEV 0 RTT 0 SEQ 0 HSENT 1 CWND 100 FAST RECOVERY? 0 Flow ID tcp SRC 34 DST 42
At 788 RTO 1 MDEV 0 RTT 0 SEQ 0 HSENT 1 CWND 100 FAST RECOVERY? 0 Flow ID tcp SRC 2 DST 10
At 789 RTO 1 MDEV 0 RTT 0 SEQ 0 HSENT 1 CWND 100 FAST RECOVERY? 0 Flow ID tcp SRC 37 DST 45
At 810 RTO 1 MDEV 0 RTT 0 SEQ 0 HSENT 1 CWND 100 FAST RECOVERY? 0 Flow ID tcp SRC 12 DST 20
[RECONF_CHECK] pass=3 block=0 decision=SKIP (all top-N already connected)
info: reduce-scatter forward pass collective issued for layer: attention_row,info: reduce-scatter forward pass collective issued for layer: mlp_moelayer,info: reduce-scatter forward pass collective issued for layer: attention_row,[RECONF_CHECK] pass=3 block=1 decision=SKIP (all top-N already connected)
info: reduce-scatter forward pass collective issued for layer: mlp_moelayer,info: reduce-scatter input grad collective issued for layer: mlp_moelayer,info: reduce-scatter input grad collective issued for layer: mlp_moelayer,info: reduce-scatter weight grad collective issued for layer: grad_norm,[PASS_DRAINED] pass=3 ranks_reported=64
At 875 RTO 1 MDEV 0 RTT 0 SEQ 0 HSENT 1 CWND 100 FAST RECOVERY? 0 Flow ID tcp SRC 7 DST 15
At 877 RTO 1 MDEV 0 RTT 0 SEQ 0 HSENT 1 CWND 100 FAST RECOVERY? 0 Flow ID tcp SRC 25 DST 33
At 877 RTO 1 MDEV 0 RTT 0 SEQ 0 HSENT 1 CWND 100 FAST RECOVERY? 0 Flow ID tcp SRC 13 DST 21
At 879 RTO 1 MDEV 0 RTT 0 SEQ 0 HSENT 1 CWND 100 FAST RECOVERY? 0 Flow ID tcp SRC 30 DST 38
At 879 RTO 1 MDEV 0 RTT 0 SEQ 0 HSENT 1 CWND 100 FAST RECOVERY? 0 Flow ID tcp SRC 63 DST 7
At 880 RTO 1 MDEV 0 RTT 0 SEQ 0 HSENT 1 CWND 100 FAST RECOVERY? 0 Flow ID tcp SRC 47 DST 55
At 880 RTO 1 MDEV 0 RTT 0 SEQ 0 HSENT 1 CWND 100 FAST RECOVERY? 0 Flow ID tcp SRC 23 DST 31
At 882 RTO 1 MDEV 0 RTT 0 SEQ 0 HSENT 1 CWND 100 FAST RECOVERY? 0 Flow ID tcp SRC 47 DST 55
At 882 RTO 1 MDEV 0 RTT 0 SEQ 0 HSENT 1 CWND 100 FAST RECOVERY? 0 Flow ID tcp SRC 23 DST 31
At 883 RTO 2 MDEV 0 RTT 0 SEQ 0 HSENT 1 CWND 1 FAST RECOVERY? 0 Flow ID tcp SRC 47 DST 55
At 883 RTO 2 MDEV 0 RTT 0 SEQ 0 HSENT 1 CWND 1 FAST RECOVERY? 0 Flow ID tcp SRC 23 DST 31
At 885 RTO 2 MDEV 0 RTT 0 SEQ 0 HSENT 1 CWND 1 FAST RECOVERY? 0 Flow ID tcp SRC 47 DST 55
At 885 RTO 1 MDEV 0 RTT 0 SEQ 0 HSENT 1 CWND 100 FAST RECOVERY? 0 Flow ID tcp SRC 10 DST 18
At 885 RTO 1 MDEV 0 RTT 0 SEQ 0 HSENT 1 CWND 100 FAST RECOVERY? 0 Flow ID tcp SRC 31 DST 39
At 885 RTO 1 MDEV 0 RTT 0 SEQ 0 HSENT 1 CWND 100 FAST RECOVERY? 0 Flow ID tcp SRC 49 DST 57
At 886 RTO 1 MDEV 0 RTT 0 SEQ 0 HSENT 1 CWND 100 FAST RECOVERY? 0 Flow ID tcp SRC 50 DST 58
At 887 RTO 1 MDEV 0 RTT 0 SEQ 0 HSENT 1 CWND 100 FAST RECOVERY? 0 Flow ID tcp SRC 6 DST 14
At 887 RTO 1 MDEV 0 RTT 0 SEQ 0 HSENT 1 CWND 100 FAST RECOVERY? 0 Flow ID tcp SRC 38 DST 46
At 887 RTO 1 MDEV 0 RTT 0 SEQ 0 HSENT 1 CWND 100 FAST RECOVERY? 0 Flow ID tcp SRC 54 DST 62
At 888 RTO 2 MDEV 0 RTT 0 SEQ 0 HSENT 1 CWND 1 FAST RECOVERY? 0 Flow ID tcp SRC 31 DST 39
At 888 RTO 2 MDEV 0 RTT 0 SEQ 0 HSENT 1 CWND 1 FAST RECOVERY? 0 Flow ID tcp SRC 49 DST 57
At 888 RTO 1 MDEV 0 RTT 0 SEQ 0 HSENT 1 CWND 100 FAST RECOVERY? 0 Flow ID tcp SRC 14 DST 22
At 888 RTO 1 MDEV 0 RTT 0 SEQ 0 HSENT 1 CWND 100 FAST RECOVERY? 0 Flow ID tcp SRC 0 DST 8
At 888 RTO 1 MDEV 0 RTT 0 SEQ 0 HSENT 1 CWND 100 FAST RECOVERY? 0 Flow ID tcp SRC 32 DST 40
At 888 RTO 1 MDEV 0 RTT 0 SEQ 0 HSENT 1 CWND 100 FAST RECOVERY? 0 Flow ID tcp SRC 27 DST 35
At 889 RTO 2 MDEV 0 RTT 0 SEQ 0 HSENT 1 CWND 1 FAST RECOVERY? 0 Flow ID tcp SRC 50 DST 58
At 889 RTO 1 MDEV 0 RTT 0 SEQ 0 HSENT 1 CWND 100 FAST RECOVERY? 0 Flow ID tcp SRC 55 DST 63
At 889 RTO 1 MDEV 0 RTT 0 SEQ 0 HSENT 1 CWND 100 FAST RECOVERY? 0 Flow ID tcp SRC 8 DST 16
At 889 RTO 1 MDEV 0 RTT 0 SEQ 0 HSENT 1 CWND 100 FAST RECOVERY? 0 Flow ID tcp SRC 3 DST 11
At 889 RTO 1 MDEV 0 RTT 0 SEQ 0 HSENT 1 CWND 100 FAST RECOVERY? 0 Flow ID tcp SRC 35 DST 43
At 889 RTO 1 MDEV 0 RTT 0 SEQ 0 HSENT 1 CWND 100 FAST RECOVERY? 0 Flow ID tcp SRC 26 DST 34
At 890 RTO 2 MDEV 0 RTT 0 SEQ 0 HSENT 1 CWND 1 FAST RECOVERY? 0 Flow ID tcp SRC 6 DST 14
At 890 RTO 2 MDEV 0 RTT 0 SEQ 0 HSENT 1 CWND 1 FAST RECOVERY? 0 Flow ID tcp SRC 38 DST 46
At 890 RTO 2 MDEV 0 RTT 0 SEQ 0 HSENT 1 CWND 1 FAST RECOVERY? 0 Flow ID tcp SRC 54 DST 62
At 890 RTO 1 MDEV 0 RTT 0 SEQ 0 HSENT 1 CWND 100 FAST RECOVERY? 0 Flow ID tcp SRC 48 DST 56
At 890 RTO 1 MDEV 0 RTT 0 SEQ 0 HSENT 1 CWND 100 FAST RECOVERY? 0 Flow ID tcp SRC 11 DST 19
At 890 RTO 1 MDEV 0 RTT 0 SEQ 0 HSENT 1 CWND 100 FAST RECOVERY? 0 Flow ID tcp SRC 4 DST 12
At 890 RTO 1 MDEV 0 RTT 0 SEQ 0 HSENT 1 CWND 100 FAST RECOVERY? 0 Flow ID tcp SRC 36 DST 44
At 890 RTO 1 MDEV 0 RTT 0 SEQ 0 HSENT 1 CWND 100 FAST RECOVERY? 0 Flow ID tcp SRC 28 DST 36
At 891 RTO 2 MDEV 0 RTT 0 SEQ 0 HSENT 1 CWND 1 FAST RECOVERY? 0 Flow ID tcp SRC 14 DST 22
At 891 RTO 2 MDEV 0 RTT 0 SEQ 0 HSENT 1 CWND 1 FAST RECOVERY? 0 Flow ID tcp SRC 32 DST 40
At 891 RTO 2 MDEV 0 RTT 0 SEQ 0 HSENT 1 CWND 1 FAST RECOVERY? 0 Flow ID tcp SRC 27 DST 35
At 891 RTO 1 MDEV 0 RTT 0 SEQ 0 HSENT 1 CWND 100 FAST RECOVERY? 0 Flow ID tcp SRC 53 DST 61
At 891 RTO 1 MDEV 0 RTT 0 SEQ 0 HSENT 1 CWND 100 FAST RECOVERY? 0 Flow ID tcp SRC 9 DST 17
At 891 RTO 1 MDEV 0 RTT 0 SEQ 0 HSENT 1 CWND 100 FAST RECOVERY? 0 Flow ID tcp SRC 37 DST 45
At 891 RTO 1 MDEV 0 RTT 0 SEQ 0 HSENT 1 CWND 100 FAST RECOVERY? 0 Flow ID tcp SRC 29 DST 37
At 892 RTO 2 MDEV 0 RTT 0 SEQ 0 HSENT 1 CWND 1 FAST RECOVERY? 0 Flow ID tcp SRC 55 DST 63
At 892 RTO 2 MDEV 0 RTT 0 SEQ 0 HSENT 1 CWND 1 FAST RECOVERY? 0 Flow ID tcp SRC 8 DST 16
At 892 RTO 2 MDEV 0 RTT 0 SEQ 0 HSENT 1 CWND 1 FAST RECOVERY? 0 Flow ID tcp SRC 35 DST 43
At 892 RTO 1 MDEV 0 RTT 0 SEQ 0 HSENT 1 CWND 100 FAST RECOVERY? 0 Flow ID tcp SRC 51 DST 59
At 892 RTO 1 MDEV 0 RTT 0 SEQ 0 HSENT 1 CWND 100 FAST RECOVERY? 0 Flow ID tcp SRC 12 DST 20
At 892 RTO 1 MDEV 0 RTT 0 SEQ 0 HSENT 1 CWND 100 FAST RECOVERY? 0 Flow ID tcp SRC 34 DST 42
At 893 RTO 2 MDEV 0 RTT 0 SEQ 0 HSENT 1 CWND 1 FAST RECOVERY? 0 Flow ID tcp SRC 48 DST 56
At 893 RTO 2 MDEV 0 RTT 0 SEQ 0 HSENT 1 CWND 1 FAST RECOVERY? 0 Flow ID tcp SRC 11 DST 19
At 893 RTO 2 MDEV 0 RTT 0 SEQ 0 HSENT 1 CWND 1 FAST RECOVERY? 0 Flow ID tcp SRC 36 DST 44
At 893 RTO 1 MDEV 0 RTT 0 SEQ 0 HSENT 1 CWND 100 FAST RECOVERY? 0 Flow ID tcp SRC 33 DST 41
At 894 RTO 2 MDEV 0 RTT 0 SEQ 0 HSENT 1 CWND 1 FAST RECOVERY? 0 Flow ID tcp SRC 53 DST 61
At 894 RTO 2 MDEV 0 RTT 0 SEQ 0 HSENT 1 CWND 1 FAST RECOVERY? 0 Flow ID tcp SRC 9 DST 17
At 894 RTO 2 MDEV 0 RTT 0 SEQ 0 HSENT 1 CWND 1 FAST RECOVERY? 0 Flow ID tcp SRC 37 DST 45
At 895 RTO 2 MDEV 0 RTT 0 SEQ 0 HSENT 1 CWND 1 FAST RECOVERY? 0 Flow ID tcp SRC 51 DST 59
At 895 RTO 2 MDEV 0 RTT 0 SEQ 0 HSENT 1 CWND 1 FAST RECOVERY? 0 Flow ID tcp SRC 12 DST 20
At 895 RTO 2 MDEV 0 RTT 0 SEQ 0 HSENT 1 CWND 1 FAST RECOVERY? 0 Flow ID tcp SRC 34 DST 42
At 895 RTO 1 MDEV 0 RTT 0 SEQ 0 HSENT 1 CWND 100 FAST RECOVERY? 0 Flow ID tcp SRC 13 DST 21
At 895 RTO 1 MDEV 0 RTT 0 SEQ 0 HSENT 1 CWND 100 FAST RECOVERY? 0 Flow ID tcp SRC 60 DST 4
At 896 RTO 2 MDEV 0 RTT 0 SEQ 0 HSENT 1 CWND 1 FAST RECOVERY? 0 Flow ID tcp SRC 33 DST 41
At 896 RTO 1 MDEV 0 RTT 0 SEQ 0 HSENT 1 CWND 100 FAST RECOVERY? 0 Flow ID tcp SRC 32 DST 40
At 896 RTO 1 MDEV 0 RTT 0 SEQ 0 HSENT 1 CWND 100 FAST RECOVERY? 0 Flow ID tcp SRC 48 DST 56
At 897 RTO 1 MDEV 0 RTT 0 SEQ 0 HSENT 1 CWND 100 FAST RECOVERY? 0 Flow ID tcp SRC 45 DST 53
At 897 RTO 1 MDEV 0 RTT 0 SEQ 0 HSENT 1 CWND 100 FAST RECOVERY? 0 Flow ID tcp SRC 21 DST 29
At 898 RTO 2 MDEV 0 RTT 0 SEQ 0 HSENT 1 CWND 1 FAST RECOVERY? 0 Flow ID tcp SRC 13 DST 21
At 898 RTO 1 MDEV 0 RTT 0 SEQ 0 HSENT 1 CWND 100 FAST RECOVERY? 0 Flow ID tcp SRC 10 DST 18
At 898 RTO 1 MDEV 0 RTT 0 SEQ 0 HSENT 1 CWND 100 FAST RECOVERY? 0 Flow ID tcp SRC 1 DST 9
At 898 RTO 1 MDEV 0 RTT 0 SEQ 0 HSENT 1 CWND 100 FAST RECOVERY? 0 Flow ID tcp SRC 43 DST 51
At 915 RTO 1 MDEV 0 RTT 0 SEQ 0 HSENT 1 CWND 100 FAST RECOVERY? 0 Flow ID tcp SRC 53 DST 61
At 915 RTO 1 MDEV 0 RTT 0 SEQ 0 HSENT 1 CWND 100 FAST RECOVERY? 0 Flow ID tcp SRC 51 DST 59
At 931 RTO 1 MDEV 0 RTT 0 SEQ 0 HSENT 1 CWND 100 FAST RECOVERY? 0 Flow ID tcp SRC 22 DST 30
At 931 RTO 1 MDEV 0 RTT 0 SEQ 0 HSENT 1 CWND 100 FAST RECOVERY? 0 Flow ID tcp SRC 16 DST 24
At 931 RTO 1 MDEV 0 RTT 0 SEQ 0 HSENT 1 CWND 100 FAST RECOVERY? 0 Flow ID tcp SRC 19 DST 27
At 931 RTO 1 MDEV 0 RTT 0 SEQ 0 HSENT 1 CWND 100 FAST RECOVERY? 0 Flow ID tcp SRC 17 DST 25
At 931 RTO 1 MDEV 0 RTT 0 SEQ 0 HSENT 1 CWND 100 FAST RECOVERY? 0 Flow ID tcp SRC 17 DST 25
At 931 RTO 1 MDEV 0 RTT 0 SEQ 0 HSENT 1 CWND 100 FAST RECOVERY? 0 Flow ID tcp SRC 20 DST 28
At 931 RTO 1 MDEV 0 RTT 0 SEQ 0 HSENT 1 CWND 100 FAST RECOVERY? 0 Flow ID tcp SRC 21 DST 29
At 931 RTO 1 MDEV 0 RTT 0 SEQ 0 HSENT 1 CWND 100 FAST RECOVERY? 0 Flow ID tcp SRC 21 DST 29
At 953 RTO 1 MDEV 0 RTT 0 SEQ 0 HSENT 1 CWND 100 FAST RECOVERY? 0 Flow ID tcp SRC 39 DST 47
At 953 RTO 1 MDEV 0 RTT 0 SEQ 0 HSENT 1 CWND 100 FAST RECOVERY? 0 Flow ID tcp SRC 39 DST 47
At 953 RTO 1 MDEV 0 RTT 0 SEQ 0 HSENT 1 CWND 100 FAST RECOVERY? 0 Flow ID tcp SRC 39 DST 47
At 953 RTO 1 MDEV 0 RTT 0 SEQ 0 HSENT 1 CWND 100 FAST RECOVERY? 0 Flow ID tcp SRC 39 DST 47
At 953 RTO 1 MDEV 0 RTT 0 SEQ 0 HSENT 1 CWND 100 FAST RECOVERY? 0 Flow ID tcp SRC 39 DST 47
At 953 RTO 1 MDEV 0 RTT 0 SEQ 0 HSENT 1 CWND 100 FAST RECOVERY? 0 Flow ID tcp SRC 35 DST 43
At 953 RTO 1 MDEV 0 RTT 0 SEQ 0 HSENT 1 CWND 100 FAST RECOVERY? 0 Flow ID tcp SRC 35 DST 43
At 959 RTO 1 MDEV 0 RTT 0 SEQ 0 HSENT 1 CWND 100 FAST RECOVERY? 0 Flow ID tcp SRC 49 DST 57
At 961 RTO 1 MDEV 0 RTT 0 SEQ 0 HSENT 1 CWND 100 FAST RECOVERY? 0 Flow ID tcp SRC 12 DST 20
At 962 RTO 1 MDEV 0 RTT 0 SEQ 0 HSENT 1 CWND 100 FAST RECOVERY? 0 Flow ID tcp SRC 58 DST 2
At 964 RTO 2 MDEV 0 RTT 0 SEQ 0 HSENT 1 CWND 1 FAST RECOVERY? 0 Flow ID tcp SRC 12 DST 20
At 964 RTO 1 MDEV 0 RTT 0 SEQ 0 HSENT 1 CWND 100 FAST RECOVERY? 0 Flow ID tcp SRC 57 DST 1
At 965 RTO 1 MDEV 0 RTT 0 SEQ 0 HSENT 1 CWND 100 FAST RECOVERY? 0 Flow ID tcp SRC 20 DST 28
At 966 RTO 1 MDEV 0 RTT 0 SEQ 0 HSENT 1 CWND 100 FAST RECOVERY? 0 Flow ID tcp SRC 57 DST 1
At 967 RTO 2 MDEV 0 RTT 0 SEQ 0 HSENT 1 CWND 1 FAST RECOVERY? 0 Flow ID tcp SRC 57 DST 1
At 968 RTO 1 MDEV 0 RTT 0 SEQ 0 HSENT 1 CWND 100 FAST RECOVERY? 0 Flow ID tcp SRC 61 DST 5
At 968 RTO 1 MDEV 0 RTT 0 SEQ 0 HSENT 1 CWND 100 FAST RECOVERY? 0 Flow ID tcp SRC 61 DST 5
At 968 RTO 1 MDEV 0 RTT 0 SEQ 0 HSENT 1 CWND 100 FAST RECOVERY? 0 Flow ID tcp SRC 59 DST 3
At 968 RTO 1 MDEV 0 RTT 0 SEQ 0 HSENT 1 CWND 100 FAST RECOVERY? 0 Flow ID tcp SRC 59 DST 3
At 969 RTO 2 MDEV 0 RTT 0 SEQ 0 HSENT 1 CWND 1 FAST RECOVERY? 0 Flow ID tcp SRC 57 DST 1
At 970 RTO 1 MDEV 0 RTT 0 SEQ 0 HSENT 1 CWND 100 FAST RECOVERY? 0 Flow ID tcp SRC 17 DST 25
At 971 RTO 2 MDEV 0 RTT 0 SEQ 0 HSENT 1 CWND 1 FAST RECOVERY? 0 Flow ID tcp SRC 61 DST 5
At 971 RTO 2 MDEV 0 RTT 0 SEQ 0 HSENT 1 CWND 1 FAST RECOVERY? 0 Flow ID tcp SRC 61 DST 5
At 971 RTO 2 MDEV 0 RTT 0 SEQ 0 HSENT 1 CWND 1 FAST RECOVERY? 0 Flow ID tcp SRC 59 DST 3
At 971 RTO 2 MDEV 0 RTT 0 SEQ 0 HSENT 1 CWND 1 FAST RECOVERY? 0 Flow ID tcp SRC 59 DST 3
At 972 RTO 1 MDEV 0 RTT 0 SEQ 0 HSENT 1 CWND 100 FAST RECOVERY? 0 Flow ID tcp SRC 62 DST 6
At 974 RTO 1 MDEV 0 RTT 0 SEQ 0 HSENT 1 CWND 100 FAST RECOVERY? 0 Flow ID tcp SRC 62 DST 6
At 975 RTO 2 MDEV 0 RTT 0 SEQ 0 HSENT 1 CWND 1 FAST RECOVERY? 0 Flow ID tcp SRC 62 DST 6
At 976 RTO 1 MDEV 0 RTT 0 SEQ 0 HSENT 1 CWND 100 FAST RECOVERY? 0 Flow ID tcp SRC 57 DST 1
At 977 RTO 2 MDEV 0 RTT 0 SEQ 0 HSENT 1 CWND 1 FAST RECOVERY? 0 Flow ID tcp SRC 62 DST 6
At 979 RTO 2 MDEV 0 RTT 0 SEQ 0 HSENT 1 CWND 1 FAST RECOVERY? 0 Flow ID tcp SRC 57 DST 1
At 980 RTO 4 MDEV 0 RTT 0 SEQ 0 HSENT 1 CWND 1 FAST RECOVERY? 0 Flow ID tcp SRC 62 DST 6
At 981 RTO 1 MDEV 0 RTT 0 SEQ 0 HSENT 1 CWND 100 FAST RECOVERY? 0 Flow ID tcp SRC 58 DST 2
At 982 RTO 4 MDEV 0 RTT 0 SEQ 0 HSENT 1 CWND 1 FAST RECOVERY? 0 Flow ID tcp SRC 62 DST 6
At 982 RTO 1 MDEV 0 RTT 0 SEQ 0 HSENT 1 CWND 100 FAST RECOVERY? 0 Flow ID tcp SRC 44 DST 52
At 983 RTO 10 MDEV 0 RTT 7 SEQ 12827 HSENT 38632501 CWND 12928 FAST RECOVERY? 0 Flow ID tcp SRC 63 DST 7
At 983 RTO 10 MDEV 0 RTT 7 SEQ 12827 HSENT 38632501 CWND 12928 FAST RECOVERY? 0 Flow ID tcp SRC 56 DST 0
At 983 RTO 10 MDEV 0 RTT 7 SEQ 12827 HSENT 38632501 CWND 12928 FAST RECOVERY? 0 Flow ID tcp SRC 56 DST 0
At 983 RTO 1 MDEV 0 RTT 0 SEQ 0 HSENT 1 CWND 100 FAST RECOVERY? 0 Flow ID tcp SRC 17 DST 25
At 984 RTO 10 MDEV 0 RTT 9 SEQ 62 HSENT 168001 CWND 50 FAST RECOVERY? 0 Flow ID tcp SRC 39 DST 47
At 984 RTO 10 MDEV 0 RTT 9 SEQ 62 HSENT 168001 CWND 50 FAST RECOVERY? 0 Flow ID tcp SRC 39 DST 47
At 984 RTO 10 MDEV 0 RTT 9 SEQ 62 HSENT 168001 CWND 50 FAST RECOVERY? 0 Flow ID tcp SRC 39 DST 47
At 984 RTO 10 MDEV 0 RTT 9 SEQ 62 HSENT 168001 CWND 50 FAST RECOVERY? 0 Flow ID tcp SRC 39 DST 47
At 984 RTO 10 MDEV 0 RTT 9 SEQ 62 HSENT 168001 CWND 50 FAST RECOVERY? 0 Flow ID tcp SRC 39 DST 47
At 984 RTO 10 MDEV 0 RTT 9 SEQ 62 HSENT 168001 CWND 50 FAST RECOVERY? 0 Flow ID tcp SRC 35 DST 43
At 984 RTO 10 MDEV 0 RTT 9 SEQ 62 HSENT 168001 CWND 50 FAST RECOVERY? 0 Flow ID tcp SRC 35 DST 43
At 984 RTO 10 MDEV 0 RTT 8 SEQ 12827 HSENT 38632501 CWND 12928 FAST RECOVERY? 0 Flow ID tcp SRC 61 DST 5
At 984 RTO 10 MDEV 0 RTT 8 SEQ 12827 HSENT 38632501 CWND 12928 FAST RECOVERY? 0 Flow ID tcp SRC 59 DST 3
At 984 RTO 4 MDEV 0 RTT 0 SEQ 0 HSENT 1 CWND 1 FAST RECOVERY? 0 Flow ID tcp SRC 57 DST 1
At 984 RTO 2 MDEV 0 RTT 0 SEQ 0 HSENT 1 CWND 1 FAST RECOVERY? 0 Flow ID tcp SRC 58 DST 2
At 984 RTO 1 MDEV 0 RTT 0 SEQ 0 HSENT 1 CWND 100 FAST RECOVERY? 0 Flow ID tcp SRC 6 DST 14
At 985 RTO 10 MDEV 0 RTT 8 SEQ 12827 HSENT 38632501 CWND 12928 FAST RECOVERY? 0 Flow ID tcp SRC 63 DST 7
At 985 RTO 10 MDEV 0 RTT 8 SEQ 12827 HSENT 38632501 CWND 12928 FAST RECOVERY? 0 Flow ID tcp SRC 63 DST 7
At 985 RTO 10 MDEV 0 RTT 8 SEQ 12827 HSENT 38632501 CWND 12928 FAST RECOVERY? 0 Flow ID tcp SRC 56 DST 0
At 986 RTO 10 MDEV 0 RTT 9 SEQ 12827 HSENT 38632501 CWND 12928 FAST RECOVERY? 0 Flow ID tcp SRC 56 DST 0
At 986 RTO 10 MDEV 0 RTT 9 SEQ 12827 HSENT 38632501 CWND 12928 FAST RECOVERY? 0 Flow ID tcp SRC 56 DST 0
At 986 RTO 1 MDEV 0 RTT 0 SEQ 0 HSENT 1 CWND 100 FAST RECOVERY? 0 Flow ID tcp SRC 58 DST 2
At 989 RTO 4 MDEV 0 RTT 0 SEQ 0 HSENT 1 CWND 1 FAST RECOVERY? 0 Flow ID tcp SRC 58 DST 2
At 989 RTO 2 MDEV 0 RTT 0 SEQ 0 HSENT 1 CWND 1 FAST RECOVERY? 0 Flow ID tcp SRC 58 DST 2
At 993 RTO 1 MDEV 0 RTT 0 SEQ 0 HSENT 1 CWND 100 FAST RECOVERY? 0 Flow ID tcp SRC 26 DST 34
At 995 RTO 1 MDEV 0 RTT 0 SEQ 0 HSENT 1 CWND 100 FAST RECOVERY? 0 Flow ID tcp SRC 61 DST 5
At 996 RTO 2 MDEV 0 RTT 0 SEQ 0 HSENT 1 CWND 1 FAST RECOVERY? 0 Flow ID tcp SRC 26 DST 34
At 998 RTO 2 MDEV 0 RTT 0 SEQ 0 HSENT 1 CWND 1 FAST RECOVERY? 0 Flow ID tcp SRC 61 DST 5
At 998 RTO 1 MDEV 0 RTT 0 SEQ 0 HSENT 1 CWND 100 FAST RECOVERY? 0 Flow ID tcp SRC 61 DST 5
At 999 RTO 1 MDEV 0 RTT 0 SEQ 0 HSENT 1 CWND 100 FAST RECOVERY? 0 Flow ID tcp SRC 30 DST 38
At 1001 RTO 2 MDEV 0 RTT 0 SEQ 0 HSENT 1 CWND 1 FAST RECOVERY? 0 Flow ID tcp SRC 61 DST 5
At 1002 RTO 2 MDEV 0 RTT 0 SEQ 0 HSENT 1 CWND 1 FAST RECOVERY? 0 Flow ID tcp SRC 30 DST 38
At 1003 RTO 4 MDEV 0 RTT 0 SEQ 0 HSENT 1 CWND 1 FAST RECOVERY? 0 Flow ID tcp SRC 61 DST 5
At 1006 RTO 4 MDEV 0 RTT 0 SEQ 0 HSENT 1 CWND 1 FAST RECOVERY? 0 Flow ID tcp SRC 61 DST 5
At 1007 RTO 1 MDEV 0 RTT 0 SEQ 0 HSENT 1 CWND 100 FAST RECOVERY? 0 Flow ID tcp SRC 28 DST 36
At 1007 RTO 1 MDEV 0 RTT 0 SEQ 0 HSENT 1 CWND 100 FAST RECOVERY? 0 Flow ID tcp SRC 25 DST 33
At 1007 RTO 1 MDEV 0 RTT 0 SEQ 0 HSENT 1 CWND 100 FAST RECOVERY? 0 Flow ID tcp SRC 25 DST 33
At 1009 RTO 1 MDEV 0 RTT 0 SEQ 0 HSENT 1 CWND 100 FAST RECOVERY? 0 Flow ID tcp SRC 60 DST 4
At 1010 RTO 2 MDEV 0 RTT 0 SEQ 0 HSENT 1 CWND 1 FAST RECOVERY? 0 Flow ID tcp SRC 28 DST 36
At 1010 RTO 2 MDEV 0 RTT 0 SEQ 0 HSENT 1 CWND 1 FAST RECOVERY? 0 Flow ID tcp SRC 25 DST 33
At 1010 RTO 2 MDEV 0 RTT 0 SEQ 0 HSENT 1 CWND 1 FAST RECOVERY? 0 Flow ID tcp SRC 25 DST 33
At 1010 RTO 1 MDEV 0 RTT 0 SEQ 0 HSENT 1 CWND 100 FAST RECOVERY? 0 Flow ID tcp SRC 60 DST 4
At 1012 RTO 2 MDEV 0 RTT 0 SEQ 0 HSENT 1 CWND 1 FAST RECOVERY? 0 Flow ID tcp SRC 60 DST 4
At 1012 RTO 1 MDEV 0 RTT 0 SEQ 0 HSENT 1 CWND 100 FAST RECOVERY? 0 Flow ID tcp SRC 0 DST 8
At 1013 RTO 2 MDEV 0 RTT 0 SEQ 0 HSENT 1 CWND 1 FAST RECOVERY? 0 Flow ID tcp SRC 60 DST 4
At 1013 RTO 1 MDEV 0 RTT 0 SEQ 0 HSENT 1 CWND 100 FAST RECOVERY? 0 Flow ID tcp SRC 0 DST 8
At 1015 RTO 4 MDEV 0 RTT 0 SEQ 0 HSENT 1 CWND 1 FAST RECOVERY? 0 Flow ID tcp SRC 28 DST 36
At 1015 RTO 4 MDEV 0 RTT 0 SEQ 0 HSENT 1 CWND 1 FAST RECOVERY? 0 Flow ID tcp SRC 25 DST 33
At 1015 RTO 4 MDEV 0 RTT 0 SEQ 0 HSENT 1 CWND 1 FAST RECOVERY? 0 Flow ID tcp SRC 25 DST 33
At 1016 RTO 1 MDEV 0 RTT 0 SEQ 0 HSENT 1 CWND 100 FAST RECOVERY? 0 Flow ID tcp SRC 35 DST 43
At 1016 RTO 1 MDEV 0 RTT 0 SEQ 0 HSENT 1 CWND 100 FAST RECOVERY? 0 Flow ID tcp SRC 29 DST 37
At 1019 RTO 2 MDEV 0 RTT 0 SEQ 0 HSENT 1 CWND 1 FAST RECOVERY? 0 Flow ID tcp SRC 29 DST 37
At 1020 RTO 1 MDEV 0 RTT 0 SEQ 0 HSENT 1 CWND 100 FAST RECOVERY? 0 Flow ID tcp SRC 27 DST 35
At 1023 RTO 2 MDEV 0 RTT 0 SEQ 0 HSENT 1 CWND 1 FAST RECOVERY? 0 Flow ID tcp SRC 27 DST 35
At 1023 RTO 1 MDEV 0 RTT 0 SEQ 0 HSENT 1 CWND 100 FAST RECOVERY? 0 Flow ID tcp SRC 31 DST 39
At 1026 RTO 2 MDEV 0 RTT 0 SEQ 0 HSENT 1 CWND 1 FAST RECOVERY? 0 Flow ID tcp SRC 31 DST 39
At 1027 RTO 1 MDEV 0 RTT 0 SEQ 0 HSENT 1 CWND 100 FAST RECOVERY? 0 Flow ID tcp SRC 37 DST 45
At 1028 RTO 1 MDEV 0 RTT 0 SEQ 0 HSENT 1 CWND 100 FAST RECOVERY? 0 Flow ID tcp SRC 37 DST 45
At 1031 RTO 1 MDEV 0 RTT 0 SEQ 0 HSENT 1 CWND 100 FAST RECOVERY? 0 Flow ID tcp SRC 41 DST 49
At 1033 RTO 1 MDEV 0 RTT 0 SEQ 0 HSENT 1 CWND 100 FAST RECOVERY? 0 Flow ID tcp SRC 41 DST 49
At 1034 RTO 2 MDEV 0 RTT 0 SEQ 0 HSENT 1 CWND 1 FAST RECOVERY? 0 Flow ID tcp SRC 41 DST 49
At 1035 RTO 1 MDEV 0 RTT 0 SEQ 0 HSENT 1 CWND 100 FAST RECOVERY? 0 Flow ID tcp SRC 44 DST 52
At 1036 RTO 2 MDEV 0 RTT 0 SEQ 0 HSENT 1 CWND 1 FAST RECOVERY? 0 Flow ID tcp SRC 41 DST 49
At 1036 RTO 1 MDEV 0 RTT 0 SEQ 0 HSENT 1 CWND 100 FAST RECOVERY? 0 Flow ID tcp SRC 44 DST 52
[RECONF_CHECK] pass=4 block=0 decision=SKIP (all top-N already connected)
info: reduce-scatter forward pass collective issued for layer: attention_row,info: reduce-scatter forward pass collective issued for layer: mlp_moelayer,[RECONF_CHECK] pass=4 block=1 decision=SKIP (all top-N already connected)
info: reduce-scatter forward pass collective issued for layer: attention_row,info: reduce-scatter forward pass collective issued for layer: mlp_moelayer,info: reduce-scatter input grad collective issued for layer: mlp_moelayer,info: reduce-scatter input grad collective issued for layer: mlp_moelayer,info: reduce-scatter weight grad collective issued for layer: grad_norm,[PASS_DRAINED] pass=4 ranks_reported=64
At 1149 RTO 1 MDEV 0 RTT 0 SEQ 0 HSENT 1 CWND 100 FAST RECOVERY? 0 Flow ID tcp SRC 42 DST 50
At 1149 RTO 1 MDEV 0 RTT 0 SEQ 0 HSENT 1 CWND 100 FAST RECOVERY? 0 Flow ID tcp SRC 58 DST 2
At 1150 RTO 1 MDEV 0 RTT 0 SEQ 0 HSENT 1 CWND 100 FAST RECOVERY? 0 Flow ID tcp SRC 10 DST 18
At 1151 RTO 1 MDEV 0 RTT 0 SEQ 0 HSENT 1 CWND 100 FAST RECOVERY? 0 Flow ID tcp SRC 10 DST 18
At 1152 RTO 1 MDEV 0 RTT 0 SEQ 0 HSENT 1 CWND 100 FAST RECOVERY? 0 Flow ID tcp SRC 50 DST 58
At 1156 RTO 1 MDEV 0 RTT 0 SEQ 0 HSENT 1 CWND 100 FAST RECOVERY? 0 Flow ID tcp SRC 1 DST 9
At 1157 RTO 1 MDEV 0 RTT 0 SEQ 0 HSENT 1 CWND 100 FAST RECOVERY? 0 Flow ID tcp SRC 49 DST 57
At 1158 RTO 1 MDEV 0 RTT 0 SEQ 0 HSENT 1 CWND 100 FAST RECOVERY? 0 Flow ID tcp SRC 3 DST 11
At 1159 RTO 2 MDEV 0 RTT 0 SEQ 0 HSENT 1 CWND 1 FAST RECOVERY? 0 Flow ID tcp SRC 1 DST 9
At 1159 RTO 1 MDEV 0 RTT 0 SEQ 0 HSENT 1 CWND 100 FAST RECOVERY? 0 Flow ID tcp SRC 51 DST 59
At 1159 RTO 1 MDEV 0 RTT 0 SEQ 0 HSENT 1 CWND 100 FAST RECOVERY? 0 Flow ID tcp SRC 6 DST 14
At 1159 RTO 1 MDEV 0 RTT 0 SEQ 0 HSENT 1 CWND 100 FAST RECOVERY? 0 Flow ID tcp SRC 28 DST 36
At 1160 RTO 2 MDEV 0 RTT 0 SEQ 0 HSENT 1 CWND 1 FAST RECOVERY? 0 Flow ID tcp SRC 49 DST 57
At 1160 RTO 1 MDEV 0 RTT 0 SEQ 0 HSENT 1 CWND 100 FAST RECOVERY? 0 Flow ID tcp SRC 53 DST 61
At 1160 RTO 1 MDEV 0 RTT 0 SEQ 0 HSENT 1 CWND 100 FAST RECOVERY? 0 Flow ID tcp SRC 7 DST 15
At 1160 RTO 1 MDEV 0 RTT 0 SEQ 0 HSENT 1 CWND 100 FAST RECOVERY? 0 Flow ID tcp SRC 29 DST 37
At 1160 RTO 1 MDEV 0 RTT 0 SEQ 0 HSENT 1 CWND 100 FAST RECOVERY? 0 Flow ID tcp SRC 19 DST 27
At 1160 RTO 1 MDEV 0 RTT 0 SEQ 0 HSENT 1 CWND 100 FAST RECOVERY? 0 Flow ID tcp SRC 43 DST 51
At 1160 RTO 1 MDEV 0 RTT 0 SEQ 0 HSENT 1 CWND 100 FAST RECOVERY? 0 Flow ID tcp SRC 35 DST 43
At 1161 RTO 2 MDEV 0 RTT 0 SEQ 0 HSENT 1 CWND 1 FAST RECOVERY? 0 Flow ID tcp SRC 3 DST 11
At 1161 RTO 1 MDEV 0 RTT 0 SEQ 0 HSENT 1 CWND 100 FAST RECOVERY? 0 Flow ID tcp SRC 55 DST 63
At 1161 RTO 1 MDEV 0 RTT 0 SEQ 0 HSENT 1 CWND 100 FAST RECOVERY? 0 Flow ID tcp SRC 0 DST 8
At 1161 RTO 1 MDEV 0 RTT 0 SEQ 0 HSENT 1 CWND 100 FAST RECOVERY? 0 Flow ID tcp SRC 24 DST 32
At 1161 RTO 1 MDEV 0 RTT 0 SEQ 0 HSENT 1 CWND 100 FAST RECOVERY? 0 Flow ID tcp SRC 20 DST 28
At 1162 RTO 2 MDEV 0 RTT 0 SEQ 0 HSENT 1 CWND 1 FAST RECOVERY? 0 Flow ID tcp SRC 51 DST 59
At 1162 RTO 2 MDEV 0 RTT 0 SEQ 0 HSENT 1 CWND 1 FAST RECOVERY? 0 Flow ID tcp SRC 6 DST 14
At 1162 RTO 2 MDEV 0 RTT 0 SEQ 0 HSENT 1 CWND 1 FAST RECOVERY? 0 Flow ID tcp SRC 28 DST 36
At 1162 RTO 1 MDEV 0 RTT 0 SEQ 0 HSENT 1 CWND 100 FAST RECOVERY? 0 Flow ID tcp SRC 36 DST 44
At 1162 RTO 1 MDEV 0 RTT 0 SEQ 0 HSENT 1 CWND 100 FAST RECOVERY? 0 Flow ID tcp SRC 54 DST 62
At 1162 RTO 1 MDEV 0 RTT 0 SEQ 0 HSENT 1 CWND 100 FAST RECOVERY? 0 Flow ID tcp SRC 5 DST 13
At 1162 RTO 1 MDEV 0 RTT 0 SEQ 0 HSENT 1 CWND 100 FAST RECOVERY? 0 Flow ID tcp SRC 26 DST 34
At 1162 RTO 1 MDEV 0 RTT 0 SEQ 0 HSENT 1 CWND 100 FAST RECOVERY? 0 Flow ID tcp SRC 23 DST 31
At 1163 RTO 2 MDEV 0 RTT 0 SEQ 0 HSENT 1 CWND 1 FAST RECOVERY? 0 Flow ID tcp SRC 53 DST 61
At 1163 RTO 2 MDEV 0 RTT 0 SEQ 0 HSENT 1 CWND 1 FAST RECOVERY? 0 Flow ID tcp SRC 7 DST 15
At 1163 RTO 2 MDEV 0 RTT 0 SEQ 0 HSENT 1 CWND 1 FAST RECOVERY? 0 Flow ID tcp SRC 29 DST 37
At 1163 RTO 2 MDEV 0 RTT 0 SEQ 0 HSENT 1 CWND 1 FAST RECOVERY? 0 Flow ID tcp SRC 19 DST 27
At 1163 RTO 2 MDEV 0 RTT 0 SEQ 0 HSENT 1 CWND 1 FAST RECOVERY? 0 Flow ID tcp SRC 35 DST 43
At 1163 RTO 1 MDEV 0 RTT 0 SEQ 0 HSENT 1 CWND 100 FAST RECOVERY? 0 Flow ID tcp SRC 39 DST 47
At 1163 RTO 1 MDEV 0 RTT 0 SEQ 0 HSENT 1 CWND 100 FAST RECOVERY? 0 Flow ID tcp SRC 48 DST 56
At 1163 RTO 1 MDEV 0 RTT 0 SEQ 0 HSENT 1 CWND 100 FAST RECOVERY? 0 Flow ID tcp SRC 4 DST 12
At 1163 RTO 1 MDEV 0 RTT 0 SEQ 0 HSENT 1 CWND 100 FAST RECOVERY? 0 Flow ID tcp SRC 11 DST 19
At 1163 RTO 1 MDEV 0 RTT 0 SEQ 0 HSENT 1 CWND 100 FAST RECOVERY? 0 Flow ID tcp SRC 25 DST 33
At 1164 RTO 2 MDEV 0 RTT 0 SEQ 0 HSENT 1 CWND 1 FAST RECOVERY? 0 Flow ID tcp SRC 55 DST 63
At 1164 RTO 2 MDEV 0 RTT 0 SEQ 0 HSENT 1 CWND 1 FAST RECOVERY? 0 Flow ID tcp SRC 0 DST 8
At 1164 RTO 2 MDEV 0 RTT 0 SEQ 0 HSENT 1 CWND 1 FAST RECOVERY? 0 Flow ID tcp SRC 24 DST 32
At 1164 RTO 1 MDEV 0 RTT 0 SEQ 0 HSENT 1 CWND 100 FAST RECOVERY? 0 Flow ID tcp SRC 33 DST 41
At 1164 RTO 1 MDEV 0 RTT 0 SEQ 0 HSENT 1 CWND 100 FAST RECOVERY? 0 Flow ID tcp SRC 12 DST 20
At 1164 RTO 1 MDEV 0 RTT 0 SEQ 0 HSENT 1 CWND 100 FAST RECOVERY? 0 Flow ID tcp SRC 31 DST 39
At 1165 RTO 2 MDEV 0 RTT 0 SEQ 0 HSENT 1 CWND 1 FAST RECOVERY? 0 Flow ID tcp SRC 36 DST 44
At 1165 RTO 2 MDEV 0 RTT 0 SEQ 0 HSENT 1 CWND 1 FAST RECOVERY? 0 Flow ID tcp SRC 54 DST 62
At 1165 RTO 2 MDEV 0 RTT 0 SEQ 0 HSENT 1 CWND 1 FAST RECOVERY? 0 Flow ID tcp SRC 5 DST 13
At 1165 RTO 2 MDEV 0 RTT 0 SEQ 0 HSENT 1 CWND 1 FAST RECOVERY? 0 Flow ID tcp SRC 26 DST 34
At 1165 RTO 1 MDEV 0 RTT 0 SEQ 0 HSENT 1 CWND 100 FAST RECOVERY? 0 Flow ID tcp SRC 40 DST 48
At 1165 RTO 1 MDEV 0 RTT 0 SEQ 0 HSENT 1 CWND 100 FAST RECOVERY? 0 Flow ID tcp SRC 32 DST 40
At 1165 RTO 1 MDEV 0 RTT 0 SEQ 0 HSENT 1 CWND 100 FAST RECOVERY? 0 Flow ID tcp SRC 15 DST 23
At 1165 RTO 1 MDEV 0 RTT 0 SEQ 0 HSENT 1 CWND 100 FAST RECOVERY? 0 Flow ID tcp SRC 63 DST 7
At 1165 RTO 1 MDEV 0 RTT 0 SEQ 0 HSENT 1 CWND 100 FAST RECOVERY? 0 Flow ID tcp SRC 30 DST 38
At 1166 RTO 2 MDEV 0 RTT 0 SEQ 0 HSENT 1 CWND 1 FAST RECOVERY? 0 Flow ID tcp SRC 48 DST 56
At 1166 RTO 2 MDEV 0 RTT 0 SEQ 0 HSENT 1 CWND 1 FAST RECOVERY? 0 Flow ID tcp SRC 4 DST 12
At 1166 RTO 2 MDEV 0 RTT 0 SEQ 0 HSENT 1 CWND 1 FAST RECOVERY? 0 Flow ID tcp SRC 25 DST 33
At 1166 RTO 1 MDEV 0 RTT 0 SEQ 0 HSENT 1 CWND 100 FAST RECOVERY? 0 Flow ID tcp SRC 46 DST 54
At 1166 RTO 1 MDEV 0 RTT 0 SEQ 0 HSENT 1 CWND 100 FAST RECOVERY? 0 Flow ID tcp SRC 3 DST 11
At 1167 RTO 1 MDEV 0 RTT 0 SEQ 0 HSENT 1 CWND 100 FAST RECOVERY? 0 Flow ID tcp SRC 55 DST 63
At 1169 RTO 1 MDEV 0 RTT 0 SEQ 0 HSENT 1 CWND 100 FAST RECOVERY? 0 Flow ID tcp SRC 61 DST 5
At 1169 RTO 1 MDEV 0 RTT 0 SEQ 0 HSENT 1 CWND 100 FAST RECOVERY? 0 Flow ID tcp SRC 42 DST 50
At 1169 RTO 1 MDEV 0 RTT 0 SEQ 0 HSENT 1 CWND 100 FAST RECOVERY? 0 Flow ID tcp SRC 17 DST 25
At 1173 RTO 1 MDEV 0 RTT 0 SEQ 0 HSENT 1 CWND 100 FAST RECOVERY? 0 Flow ID tcp SRC 53 DST 61
At 1176 RTO 1 MDEV 0 RTT 0 SEQ 0 HSENT 1 CWND 100 FAST RECOVERY? 0 Flow ID tcp SRC 30 DST 38
At 1176 RTO 1 MDEV 0 RTT 0 SEQ 0 HSENT 1 CWND 100 FAST RECOVERY? 0 Flow ID tcp SRC 0 DST 8
At 1207 RTO 1 MDEV 0 RTT 0 SEQ 0 HSENT 1 CWND 100 FAST RECOVERY? 0 Flow ID tcp SRC 54 DST 62
At 1207 RTO 1 MDEV 0 RTT 0 SEQ 0 HSENT 1 CWND 100 FAST RECOVERY? 0 Flow ID tcp SRC 54 DST 62
At 1207 RTO 1 MDEV 0 RTT 0 SEQ 0 HSENT 1 CWND 100 FAST RECOVERY? 0 Flow ID tcp SRC 50 DST 58
At 1209 RTO 1 MDEV 0 RTT 0 SEQ 0 HSENT 1 CWND 100 FAST RECOVERY? 0 Flow ID tcp SRC 60 DST 4
At 1219 RTO 1 MDEV 0 RTT 0 SEQ 0 HSENT 1 CWND 100 FAST RECOVERY? 0 Flow ID tcp SRC 58 DST 2
At 1219 RTO 1 MDEV 0 RTT 0 SEQ 0 HSENT 1 CWND 100 FAST RECOVERY? 0 Flow ID tcp SRC 9 DST 17
At 1220 RTO 1 MDEV 0 RTT 0 SEQ 0 HSENT 1 CWND 100 FAST RECOVERY? 0 Flow ID tcp SRC 59 DST 3
At 1221 RTO 1 MDEV 0 RTT 0 SEQ 0 HSENT 1 CWND 100 FAST RECOVERY? 0 Flow ID tcp SRC 59 DST 3
At 1222 RTO 2 MDEV 0 RTT 0 SEQ 0 HSENT 1 CWND 1 FAST RECOVERY? 0 Flow ID tcp SRC 58 DST 2
At 1222 RTO 1 MDEV 0 RTT 0 SEQ 0 HSENT 1 CWND 100 FAST RECOVERY? 0 Flow ID tcp SRC 9 DST 17
At 1222 RTO 1 MDEV 0 RTT 0 SEQ 0 HSENT 1 CWND 100 FAST RECOVERY? 0 Flow ID tcp SRC 59 DST 3
At 1223 RTO 2 MDEV 0 RTT 0 SEQ 0 HSENT 1 CWND 1 FAST RECOVERY? 0 Flow ID tcp SRC 59 DST 3
At 1223 RTO 1 MDEV 0 RTT 0 SEQ 0 HSENT 1 CWND 100 FAST RECOVERY? 0 Flow ID tcp SRC 56 DST 0
At 1224 RTO 2 MDEV 0 RTT 0 SEQ 0 HSENT 1 CWND 1 FAST RECOVERY? 0 Flow ID tcp SRC 59 DST 3
At 1224 RTO 1 MDEV 0 RTT 0 SEQ 0 HSENT 1 CWND 100 FAST RECOVERY? 0 Flow ID tcp SRC 56 DST 0
At 1225 RTO 2 MDEV 0 RTT 0 SEQ 0 HSENT 1 CWND 1 FAST RECOVERY? 0 Flow ID tcp SRC 59 DST 3
At 1225 RTO 1 MDEV 0 RTT 0 SEQ 0 HSENT 1 CWND 100 FAST RECOVERY? 0 Flow ID tcp SRC 9 DST 17
At 1226 RTO 2 MDEV 0 RTT 0 SEQ 0 HSENT 1 CWND 1 FAST RECOVERY? 0 Flow ID tcp SRC 56 DST 0
At 1226 RTO 1 MDEV 0 RTT 0 SEQ 0 HSENT 1 CWND 100 FAST RECOVERY? 0 Flow ID tcp SRC 25 DST 33
At 1227 RTO 2 MDEV 0 RTT 0 SEQ 0 HSENT 1 CWND 1 FAST RECOVERY? 0 Flow ID tcp SRC 56 DST 0
At 1227 RTO 1 MDEV 0 RTT 0 SEQ 0 HSENT 1 CWND 100 FAST RECOVERY? 0 Flow ID tcp SRC 63 DST 7
At 1230 RTO 2 MDEV 0 RTT 0 SEQ 0 HSENT 1 CWND 1 FAST RECOVERY? 0 Flow ID tcp SRC 63 DST 7
At 1232 RTO 1 MDEV 0 RTT 0 SEQ 0 HSENT 1 CWND 100 FAST RECOVERY? 0 Flow ID tcp SRC 11 DST 19
At 1233 RTO 1 MDEV 0 RTT 0 SEQ 0 HSENT 1 CWND 100 FAST RECOVERY? 0 Flow ID tcp SRC 7 DST 15
At 1234 RTO 1 MDEV 0 RTT 0 SEQ 0 HSENT 1 CWND 100 FAST RECOVERY? 0 Flow ID tcp SRC 7 DST 15
At 1235 RTO 4 MDEV 0 RTT 0 SEQ 0 HSENT 1 CWND 1 FAST RECOVERY? 0 Flow ID tcp SRC 63 DST 7
At 1235 RTO 2 MDEV 0 RTT 0 SEQ 0 HSENT 1 CWND 1 FAST RECOVERY? 0 Flow ID tcp SRC 11 DST 19
At 1235 RTO 1 MDEV 0 RTT 0 SEQ 0 HSENT 1 CWND 100 FAST RECOVERY? 0 Flow ID tcp SRC 7 DST 15
At 1236 RTO 1 MDEV 0 RTT 0 SEQ 0 HSENT 1 CWND 100 FAST RECOVERY? 0 Flow ID tcp SRC 13 DST 21
At 1237 RTO 1 MDEV 0 RTT 0 SEQ 0 HSENT 1 CWND 100 FAST RECOVERY? 0 Flow ID tcp SRC 13 DST 21
At 1239 RTO 2 MDEV 0 RTT 0 SEQ 0 HSENT 1 CWND 1 FAST RECOVERY? 0 Flow ID tcp SRC 13 DST 21
At 1240 RTO 2 MDEV 0 RTT 0 SEQ 0 HSENT 1 CWND 1 FAST RECOVERY? 0 Flow ID tcp SRC 13 DST 21
At 1240 RTO 1 MDEV 0 RTT 0 SEQ 0 HSENT 1 CWND 100 FAST RECOVERY? 0 Flow ID tcp SRC 13 DST 21
At 1242 RTO 1 MDEV 0 RTT 0 SEQ 0 HSENT 1 CWND 100 FAST RECOVERY? 0 Flow ID tcp SRC 14 DST 22
At 1243 RTO 2 MDEV 0 RTT 0 SEQ 0 HSENT 1 CWND 1 FAST RECOVERY? 0 Flow ID tcp SRC 13 DST 21
At 1243 RTO 1 MDEV 0 RTT 0 SEQ 0 HSENT 1 CWND 100 FAST RECOVERY? 0 Flow ID tcp SRC 33 DST 41
At 1243 RTO 1 MDEV 0 RTT 0 SEQ 0 HSENT 1 CWND 100 FAST RECOVERY? 0 Flow ID tcp SRC 33 DST 41
At 1244 RTO 10 MDEV 0 RTT 6 SEQ 25755 HSENT 65545501 CWND 25856 FAST RECOVERY? 0 Flow ID tcp SRC 14 DST 22
At 1244 RTO 4 MDEV 0 RTT 0 SEQ 0 HSENT 1 CWND 1 FAST RECOVERY? 0 Flow ID tcp SRC 13 DST 21
At 1245 RTO 10 MDEV 0 RTT 6 SEQ 25755 HSENT 65545501 CWND 25856 FAST RECOVERY? 0 Flow ID tcp SRC 14 DST 22
At 1245 RTO 10 MDEV 0 RTT 7 SEQ 25755 HSENT 65545501 CWND 25856 FAST RECOVERY? 0 Flow ID tcp SRC 15 DST 23
At 1245 RTO 4 MDEV 0 RTT 0 SEQ 0 HSENT 1 CWND 1 FAST RECOVERY? 0 Flow ID tcp SRC 13 DST 21
At 1245 RTO 2 MDEV 0 RTT 0 SEQ 0 HSENT 1 CWND 1 FAST RECOVERY? 0 Flow ID tcp SRC 14 DST 22
At 1245 RTO 1 MDEV 0 RTT 0 SEQ 0 HSENT 1 CWND 100 FAST RECOVERY? 0 Flow ID tcp SRC 8 DST 16
At 1246 RTO 10 MDEV 0 RTT 7 SEQ 25755 HSENT 65545501 CWND 25856 FAST RECOVERY? 0 Flow ID tcp SRC 15 DST 23
At 1247 RTO 10 MDEV 0 RTT 8 SEQ 25755 HSENT 65545501 CWND 25856 FAST RECOVERY? 0 Flow ID tcp SRC 8 DST 16
At 1248 RTO 10 MDEV 0 RTT 8 SEQ 25755 HSENT 65545501 CWND 25856 FAST RECOVERY? 0 Flow ID tcp SRC 8 DST 16
At 1248 RTO 4 MDEV 0 RTT 0 SEQ 0 HSENT 1 CWND 1 FAST RECOVERY? 0 Flow ID tcp SRC 13 DST 21
At 1248 RTO 2 MDEV 0 RTT 0 SEQ 0 HSENT 1 CWND 1 FAST RECOVERY? 0 Flow ID tcp SRC 8 DST 16
At 1249 RTO 10 MDEV 0 RTT 8 SEQ 25755 HSENT 65545501 CWND 25856 FAST RECOVERY? 0 Flow ID tcp SRC 13 DST 21
At 1249 RTO 10 MDEV 0 RTT 9 SEQ 25755 HSENT 65545501 CWND 25856 FAST RECOVERY? 0 Flow ID tcp SRC 13 DST 21
At 1250 RTO 10 MDEV 0 RTT 9 SEQ 25755 HSENT 65545501 CWND 25856 FAST RECOVERY? 0 Flow ID tcp SRC 12 DST 20
At 1250 RTO 4 MDEV 0 RTT 0 SEQ 0 HSENT 1 CWND 1 FAST RECOVERY? 0 Flow ID tcp SRC 14 DST 22
At 1250 RTO 1 MDEV 0 RTT 0 SEQ 0 HSENT 1 CWND 100 FAST RECOVERY? 0 Flow ID tcp SRC 35 DST 43
At 1250 RTO 1 MDEV 0 RTT 0 SEQ 0 HSENT 1 CWND 100 FAST RECOVERY? 0 Flow ID tcp SRC 23 DST 31
At 1251 RTO 10 MDEV 0 RTT 10 SEQ 25755 HSENT 65545501 CWND 25856 FAST RECOVERY? 0 Flow ID tcp SRC 12 DST 20
At 1251 RTO 1 MDEV 0 RTT 0 SEQ 0 HSENT 1 CWND 100 FAST RECOVERY? 0 Flow ID tcp SRC 62 DST 6
At 1252 RTO 10 MDEV 0 RTT 10 SEQ 25755 HSENT 65545501 CWND 25856 FAST RECOVERY? 0 Flow ID tcp SRC 12 DST 20
At 1252 RTO 1 MDEV 0 RTT 0 SEQ 0 HSENT 1 CWND 100 FAST RECOVERY? 0 Flow ID tcp SRC 15 DST 23
At 1252 RTO 1 MDEV 0 RTT 0 SEQ 0 HSENT 1 CWND 100 FAST RECOVERY? 0 Flow ID tcp SRC 15 DST 23
At 1253 RTO 10 MDEV 0 RTT 10 SEQ 25755 HSENT 65545501 CWND 25856 FAST RECOVERY? 0 Flow ID tcp SRC 12 DST 20
At 1253 RTO 4 MDEV 0 RTT 0 SEQ 0 HSENT 1 CWND 1 FAST RECOVERY? 0 Flow ID tcp SRC 8 DST 16
At 1253 RTO 2 MDEV 0 RTT 0 SEQ 0 HSENT 1 CWND 1 FAST RECOVERY? 0 Flow ID tcp SRC 35 DST 43
At 1253 RTO 1 MDEV 0 RTT 0 SEQ 0 HSENT 1 CWND 100 FAST RECOVERY? 0 Flow ID tcp SRC 15 DST 23
At 1254 RTO 1 MDEV 0 RTT 0 SEQ 0 HSENT 1 CWND 100 FAST RECOVERY? 0 Flow ID tcp SRC 35 DST 43
At 1254 RTO 1 MDEV 0 RTT 0 SEQ 0 HSENT 1 CWND 100 FAST RECOVERY? 0 Flow ID tcp SRC 21 DST 29
At 1255 RTO 2 MDEV 0 RTT 0 SEQ 0 HSENT 1 CWND 1 FAST RECOVERY? 0 Flow ID tcp SRC 15 DST 23
At 1255 RTO 2 MDEV 0 RTT 0 SEQ 0 HSENT 1 CWND 1 FAST RECOVERY? 0 Flow ID tcp SRC 15 DST 23
At 1255 RTO 1 MDEV 0 RTT 0 SEQ 0 HSENT 1 CWND 100 FAST RECOVERY? 0 Flow ID tcp SRC 20 DST 28
At 1256 RTO 2 MDEV 0 RTT 0 SEQ 0 HSENT 1 CWND 1 FAST RECOVERY? 0 Flow ID tcp SRC 15 DST 23
At 1256 RTO 1 MDEV 0 RTT 0 SEQ 0 HSENT 1 CWND 100 FAST RECOVERY? 0 Flow ID tcp SRC 20 DST 28
At 1257 RTO 2 MDEV 0 RTT 0 SEQ 0 HSENT 1 CWND 1 FAST RECOVERY? 0 Flow ID tcp SRC 35 DST 43
At 1257 RTO 1 MDEV 0 RTT 0 SEQ 0 HSENT 1 CWND 100 FAST RECOVERY? 0 Flow ID tcp SRC 38 DST 46
At 1257 RTO 1 MDEV 0 RTT 0 SEQ 0 HSENT 1 CWND 100 FAST RECOVERY? 0 Flow ID tcp SRC 20 DST 28
At 1258 RTO 1 MDEV 0 RTT 0 SEQ 0 HSENT 1 CWND 100 FAST RECOVERY? 0 Flow ID tcp SRC 20 DST 28
At 1259 RTO 1 MDEV 0 RTT 0 SEQ 0 HSENT 1 CWND 100 FAST RECOVERY? 0 Flow ID tcp SRC 14 DST 22
At 1259 RTO 1 MDEV 0 RTT 0 SEQ 0 HSENT 1 CWND 100 FAST RECOVERY? 0 Flow ID tcp SRC 38 DST 46
At 1260 RTO 4 MDEV 0 RTT 0 SEQ 0 HSENT 1 CWND 1 FAST RECOVERY? 0 Flow ID tcp SRC 15 DST 23
At 1260 RTO 4 MDEV 0 RTT 0 SEQ 0 HSENT 1 CWND 1 FAST RECOVERY? 0 Flow ID tcp SRC 15 DST 23
At 1260 RTO 2 MDEV 0 RTT 0 SEQ 0 HSENT 1 CWND 1 FAST RECOVERY? 0 Flow ID tcp SRC 38 DST 46
At 1261 RTO 4 MDEV 0 RTT 0 SEQ 0 HSENT 1 CWND 1 FAST RECOVERY? 0 Flow ID tcp SRC 15 DST 23
At 1262 RTO 2 MDEV 0 RTT 0 SEQ 0 HSENT 1 CWND 1 FAST RECOVERY? 0 Flow ID tcp SRC 14 DST 22
At 1262 RTO 2 MDEV 0 RTT 0 SEQ 0 HSENT 1 CWND 1 FAST RECOVERY? 0 Flow ID tcp SRC 38 DST 46
At 1262 RTO 1 MDEV 0 RTT 0 SEQ 0 HSENT 1 CWND 100 FAST RECOVERY? 0 Flow ID tcp SRC 39 DST 47
At 1263 RTO 1 MDEV 0 RTT 0 SEQ 0 HSENT 1 CWND 100 FAST RECOVERY? 0 Flow ID tcp SRC 14 DST 22
At 1264 RTO 1 MDEV 0 RTT 0 SEQ 0 HSENT 1 CWND 100 FAST RECOVERY? 0 Flow ID tcp SRC 32 DST 40
At 1265 RTO 10 MDEV 0 RTT 5 SEQ 12827 HSENT 38632501 CWND 12928 FAST RECOVERY? 0 Flow ID tcp SRC 34 DST 42
At 1265 RTO 4 MDEV 0 RTT 0 SEQ 0 HSENT 1 CWND 1 FAST RECOVERY? 0 Flow ID tcp SRC 38 DST 46
At 1265 RTO 2 MDEV 0 RTT 0 SEQ 0 HSENT 1 CWND 1 FAST RECOVERY? 0 Flow ID tcp SRC 39 DST 47
At 1266 RTO 10 MDEV 0 RTT 6 SEQ 12827 HSENT 38632501 CWND 12928 FAST RECOVERY? 0 Flow ID tcp SRC 34 DST 42
At 1266 RTO 10 MDEV 0 RTT 6 SEQ 12827 HSENT 38632501 CWND 12928 FAST RECOVERY? 0 Flow ID tcp SRC 33 DST 41
At 1266 RTO 10 MDEV 0 RTT 6 SEQ 12827 HSENT 38632501 CWND 12928 FAST RECOVERY? 0 Flow ID tcp SRC 33 DST 41
At 1266 RTO 2 MDEV 0 RTT 0 SEQ 0 HSENT 1 CWND 1 FAST RECOVERY? 0 Flow ID tcp SRC 14 DST 22
At 1267 RTO 10 MDEV 0 RTT 6 SEQ 12827 HSENT 38632501 CWND 12928 FAST RECOVERY? 0 Flow ID tcp SRC 33 DST 41
At 1267 RTO 10 MDEV 0 RTT 6 SEQ 62 HSENT 168001 CWND 50 FAST RECOVERY? 0 Flow ID tcp SRC 33 DST 41
At 1267 RTO 10 MDEV 0 RTT 6 SEQ 62 HSENT 168001 CWND 50 FAST RECOVERY? 0 Flow ID tcp SRC 33 DST 41
At 1267 RTO 4 MDEV 0 RTT 0 SEQ 0 HSENT 1 CWND 1 FAST RECOVERY? 0 Flow ID tcp SRC 14 DST 22
At 1267 RTO 4 MDEV 0 RTT 0 SEQ 0 HSENT 1 CWND 1 FAST RECOVERY? 0 Flow ID tcp SRC 38 DST 46
At 1267 RTO 2 MDEV 0 RTT 0 SEQ 0 HSENT 1 CWND 1 FAST RECOVERY? 0 Flow ID tcp SRC 32 DST 40
At 1267 RTO 1 MDEV 0 RTT 0 SEQ 0 HSENT 1 CWND 100 FAST RECOVERY? 0 Flow ID tcp SRC 32 DST 40
At 1268 RTO 10 MDEV 0 RTT 6 SEQ 25755 HSENT 65545501 CWND 25856 FAST RECOVERY? 0 Flow ID tcp SRC 36 DST 44
At 1268 RTO 10 MDEV 0 RTT 7 SEQ 25755 HSENT 65545501 CWND 25856 FAST RECOVERY? 0 Flow ID tcp SRC 36 DST 44
At 1269 RTO 10 MDEV 0 RTT 7 SEQ 25755 HSENT 65545501 CWND 25856 FAST RECOVERY? 0 Flow ID tcp SRC 36 DST 44
At 1270 RTO 10 MDEV 0 RTT 8 SEQ 25755 HSENT 65545501 CWND 25856 FAST RECOVERY? 0 Flow ID tcp SRC 37 DST 45
At 1270 RTO 4 MDEV 0 RTT 0 SEQ 0 HSENT 1 CWND 1 FAST RECOVERY? 0 Flow ID tcp SRC 39 DST 47
At 1270 RTO 2 MDEV 0 RTT 0 SEQ 0 HSENT 1 CWND 1 FAST RECOVERY? 0 Flow ID tcp SRC 32 DST 40
At 1270 RTO 1 MDEV 0 RTT 0 SEQ 0 HSENT 1 CWND 100 FAST RECOVERY? 0 Flow ID tcp SRC 37 DST 45
At 1271 RTO 10 MDEV 0 RTT 8 SEQ 25755 HSENT 65545501 CWND 25856 FAST RECOVERY? 0 Flow ID tcp SRC 37 DST 45
At 1272 RTO 10 MDEV 0 RTT 8 SEQ 25755 HSENT 65545501 CWND 25856 FAST RECOVERY? 0 Flow ID tcp SRC 37 DST 45
At 1272 RTO 10 MDEV 0 RTT 9 SEQ 25755 HSENT 65545501 CWND 25856 FAST RECOVERY? 0 Flow ID tcp SRC 32 DST 40
At 1272 RTO 4 MDEV 0 RTT 0 SEQ 0 HSENT 1 CWND 1 FAST RECOVERY? 0 Flow ID tcp SRC 32 DST 40
At 1273 RTO 10 MDEV 0 RTT 9 SEQ 25755 HSENT 65545501 CWND 25856 FAST RECOVERY? 0 Flow ID tcp SRC 32 DST 40
At 1273 RTO 2 MDEV 0 RTT 0 SEQ 0 HSENT 1 CWND 1 FAST RECOVERY? 0 Flow ID tcp SRC 37 DST 45
At 1274 RTO 10 MDEV 0 RTT 10 SEQ 25755 HSENT 65545501 CWND 25856 FAST RECOVERY? 0 Flow ID tcp SRC 32 DST 40
At 1275 RTO 10 MDEV 0 RTT 10 SEQ 25755 HSENT 65545501 CWND 25856 FAST RECOVERY? 0 Flow ID tcp SRC 34 DST 42
At 1275 RTO 4 MDEV 0 RTT 0 SEQ 0 HSENT 1 CWND 1 FAST RECOVERY? 0 Flow ID tcp SRC 32 DST 40
At 1276 RTO 10 MDEV 0 RTT 10 SEQ 25755 HSENT 65545501 CWND 25856 FAST RECOVERY? 0 Flow ID tcp SRC 34 DST 42
At 1276 RTO 1 MDEV 0 RTT 0 SEQ 0 HSENT 1 CWND 100 FAST RECOVERY? 0 Flow ID tcp SRC 45 DST 53
At 1277 RTO 11 MDEV 0 RTT 11 SEQ 25755 HSENT 65545501 CWND 25856 FAST RECOVERY? 0 Flow ID tcp SRC 34 DST 42
At 1278 RTO 4 MDEV 0 RTT 0 SEQ 0 HSENT 1 CWND 1 FAST RECOVERY? 0 Flow ID tcp SRC 37 DST 45
At 1278 RTO 1 MDEV 0 RTT 0 SEQ 0 HSENT 1 CWND 100 FAST RECOVERY? 0 Flow ID tcp SRC 45 DST 53
At 1279 RTO 11 MDEV 0 RTT 11 SEQ 25755 HSENT 48328501 CWND 6464 FAST RECOVERY? 0 Flow ID tcp SRC 34 DST 42
At 1280 RTO 12 MDEV 0 RTT 12 SEQ 25755 HSENT 48328501 CWND 6464 FAST RECOVERY? 0 Flow ID tcp SRC 34 DST 42
At 1280 RTO 1 MDEV 0 RTT 0 SEQ 0 HSENT 1 CWND 100 FAST RECOVERY? 0 Flow ID tcp SRC 4 DST 12
At 1281 RTO 12 MDEV 0 RTT 12 SEQ 25755 HSENT 48328501 CWND 6464 FAST RECOVERY? 0 Flow ID tcp SRC 33 DST 41
At 1282 RTO 12 MDEV 0 RTT 12 SEQ 25755 HSENT 48328501 CWND 6464 FAST RECOVERY? 0 Flow ID tcp SRC 33 DST 41
At 1283 RTO 13 MDEV 0 RTT 13 SEQ 25755 HSENT 48328501 CWND 6464 FAST RECOVERY? 0 Flow ID tcp SRC 33 DST 41
At 1283 RTO 13 MDEV 0 RTT 13 SEQ 112 HSENT 207001 CWND 26 FAST RECOVERY? 0 Flow ID tcp SRC 33 DST 41
At 1283 RTO 13 MDEV 0 RTT 13 SEQ 112 HSENT 207001 CWND 26 FAST RECOVERY? 0 Flow ID tcp SRC 33 DST 41
At 1283 RTO 1 MDEV 0 RTT 0 SEQ 0 HSENT 1 CWND 100 FAST RECOVERY? 0 Flow ID tcp SRC 39 DST 47
At 1286 RTO 2 MDEV 0 RTT 0 SEQ 0 HSENT 1 CWND 1 FAST RECOVERY? 0 Flow ID tcp SRC 39 DST 47
At 1289 RTO 1 MDEV 0 RTT 0 SEQ 0 HSENT 1 CWND 100 FAST RECOVERY? 0 Flow ID tcp SRC 5 DST 13
At 1290 RTO 1 MDEV 0 RTT 0 SEQ 0 HSENT 1 CWND 100 FAST RECOVERY? 0 Flow ID tcp SRC 37 DST 45
At 1291 RTO 4 MDEV 0 RTT 0 SEQ 0 HSENT 1 CWND 1 FAST RECOVERY? 0 Flow ID tcp SRC 39 DST 47
At 1291 RTO 1 MDEV 0 RTT 0 SEQ 0 HSENT 1 CWND 100 FAST RECOVERY? 0 Flow ID tcp SRC 36 DST 44
At 1292 RTO 2 MDEV 0 RTT 0 SEQ 0 HSENT 1 CWND 1 FAST RECOVERY? 0 Flow ID tcp SRC 5 DST 13
At 1292 RTO 1 MDEV 0 RTT 0 SEQ 0 HSENT 1 CWND 100 FAST RECOVERY? 0 Flow ID tcp SRC 0 DST 8
At 1293 RTO 2 MDEV 0 RTT 0 SEQ 0 HSENT 1 CWND 1 FAST RECOVERY? 0 Flow ID tcp SRC 37 DST 45
At 1293 RTO 1 MDEV 0 RTT 0 SEQ 0 HSENT 1 CWND 100 FAST RECOVERY? 0 Flow ID tcp SRC 36 DST 44
At 1294 RTO 2 MDEV 0 RTT 0 SEQ 0 HSENT 1 CWND 1 FAST RECOVERY? 0 Flow ID tcp SRC 36 DST 44
At 1296 RTO 2 MDEV 0 RTT 0 SEQ 0 HSENT 1 CWND 1 FAST RECOVERY? 0 Flow ID tcp SRC 36 DST 44
At 1298 RTO 4 MDEV 0 RTT 0 SEQ 0 HSENT 1 CWND 1 FAST RECOVERY? 0 Flow ID tcp SRC 37 DST 45
At 1299 RTO 4 MDEV 0 RTT 0 SEQ 0 HSENT 1 CWND 1 FAST RECOVERY? 0 Flow ID tcp SRC 36 DST 44
At 1300 RTO 8 MDEV 0 RTT 0 SEQ 0 HSENT 1 CWND 1 FAST RECOVERY? 0 Flow ID tcp SRC 39 DST 47
At 1301 RTO 19 MDEV 0 RTT 17 SEQ 32219 HSENT 53176501 CWND 3232 FAST RECOVERY? 0 Flow ID tcp SRC 34 DST 42
At 1301 RTO 4 MDEV 0 RTT 0 SEQ 0 HSENT 1 CWND 1 FAST RECOVERY? 0 Flow ID tcp SRC 36 DST 44
*****
Time to exit: Sun Apr 19 11:34:38 2026
all-reduce Collective implementation: NcclFlowModel
reduce-scatter Collective implementation: NcclFlowModel
all-gather Collective implementation: NcclFlowModel
all-to-all Collective implementation: NcclFlowModel
Collective optimization: baseline
Total sim duration: 0:8 hours
Total streams injected: 165
Total streams finished: 165
Percentage of finished streams: 100 %
*****
At 1317 RTO 1 MDEV 0 RTT 0 SEQ 0 HSENT 1 CWND 100 FAST RECOVERY? 0 Flow ID tcp SRC 49 DST 57
[htsim] sim_finish called by node 44
Simulation complete. Total events: 770151206
Final time: 1361.43 ms (1.36143 s)

======== Flow Statistics ========
OCS flows:    15360 (38525469888 bytes)
Network flows: 4800 (149711294912 bytes)
NVLink flows:  573440 (318885396480 bytes)
Deferred flows (reconf): 56
Reconfigs triggered: 1
Reconfigs skipped:   7

======== Retransmission Statistics ========
RTO: 1 ms
Total packets sent: 190807431000
Total retransmissions: 97
Retransmission rate: 5.08366e-08%
TCP flows tracked: 20161
============================================
========================================

======== Traffic by Collective Type ========
  ReduceScatter: flows=109760 bytes=193795194880 (184818 MB, 38.2094%)
  AllGather: flows=179200 bytes=125085614080 (119291 MB, 24.6623%)
  AllReduce: flows=286720 bytes=146823577600 (140022 MB, 28.9483%)
  AllToAll: flows=17976 bytes=41488381616 (39566.4 MB, 8.18%)
[htsim] sim_finish called by node 0
[htsim] sim_finish called by node 1
[htsim] sim_finish called by node 2
[htsim] sim_finish called by node 3
[htsim] sim_finish called by node 4
[htsim] sim_finish called by node 5
[htsim] sim_finish called by node 6
[htsim] sim_finish called by node 7
[htsim] sim_finish called by node 8
[htsim] sim_finish called by node 9
[htsim] sim_finish called by node 10
[htsim] sim_finish called by node 11
[htsim] sim_finish called by node 12
[htsim] sim_finish called by node 13
[htsim] sim_finish called by node 14
[htsim] sim_finish called by node 15
[htsim] sim_finish called by node 16
[htsim] sim_finish called by node 17
[htsim] sim_finish called by node 18
[htsim] sim_finish called by node 19
[htsim] sim_finish called by node 20
[htsim] sim_finish called by node 21
[htsim] sim_finish called by node 22
[htsim] sim_finish called by node 23
[htsim] sim_finish called by node 24
[htsim] sim_finish called by node 25
[htsim] sim_finish called by node 26
[htsim] sim_finish called by node 27
[htsim] sim_finish called by node 28
[htsim] sim_finish called by node 29
[htsim] sim_finish called by node 30
[htsim] sim_finish called by node 31
[htsim] sim_finish called by node 32
[htsim] sim_finish called by node 33
[htsim] sim_finish called by node 34
[htsim] sim_finish called by node 35
[htsim] sim_finish called by node 36
[htsim] sim_finish called by node 37
[htsim] sim_finish called by node 38
[htsim] sim_finish called by node 39
[htsim] sim_finish called by node 40
[htsim] sim_finish called by node 41
[htsim] sim_finish called by node 42
[htsim] sim_finish called by node 43
[htsim] sim_finish called by node 44
[htsim] sim_finish called by node 45
[htsim] sim_finish called by node 46
[htsim] sim_finish called by node 47
[htsim] sim_finish called by node 48
[htsim] sim_finish called by node 49
[htsim] sim_finish called by node 50
[htsim] sim_finish called by node 51
[htsim] sim_finish called by node 52
[htsim] sim_finish called by node 53
[htsim] sim_finish called by node 54
[htsim] sim_finish called by node 55
[htsim] sim_finish called by node 56
[htsim] sim_finish called by node 57
[htsim] sim_finish called by node 58
[htsim] sim_finish called by node 59
[htsim] sim_finish called by node 60
[htsim] sim_finish called by node 61
[htsim] sim_finish called by node 62
[htsim] sim_finish called by node 63
