=== SimAI htsim Backend ===
Topology: fattree
GPUs: 64
Link speed: 100000 Mbps
DP/TP/PP/EP: 8/8/1/8
GPUs per server: 8
Iterations: 5
Workload: /home/weihaoni/BTB-NCCL/SimAI/aicb/results/workload/None-Mixtral_8x7B-world_size64-tp8-pp1-ep8-gbs64-mbs8-seq16384-MOE-True-GEMM-True-flash_attn-False.txt
Expert hotspot: topk=8 skew=1.5 seed=42 volatility=1000
==========================
[htsim] Machines: 8 FatTree K=4 FatTree nodes: 16
Building 1:1 Fat Tree with 16 nodes (k=4)
Link speed: 800000 Mbps
[htsim] FatTree topology created (full BW: 800000 Mbps)
[htsim] NVSwitch nodes: 8 (IDs: 64 to 71)
The final active chunks per dimension 1 after allocating to queues is: 1
ring of node 0, id: 0 dimension: local total nodes in ring: 64 index in ring: 0 offset: 1total nodes in ring: 64
ring of node 0, id: 0 dimension: local total nodes in ring: 64 index in ring: 0 offset: 1total nodes in ring: 64
ring of node 0, id: 0 dimension: local total nodes in ring: 64 index in ring: 0 offset: 1total nodes in ring: 64
ring of node 0, id: 0 dimension: local total nodes in ring: 64 index in ring: 0 offset: 1total nodes in ring: 64
total nodes: 64
ring of node 0, id: 0 dimension: local total nodes in ring: 8 index in ring: 0 offset: 1total nodes in ring: 8
ring of node 0, id: 0 dimension: local total nodes in ring: 8 index in ring: 0 offset: 8total nodes in ring: 8
ring of node 0, id: 0 dimension: local total nodes in ring: 8 index in ring: 0 offset: 1total nodes in ring: 8
ring of node 0, id: 0 dimension: local total nodes in ring: 8 index in ring: 0 offset: 8total nodes in ring: 8
ring of node 0, id: 0 dimension: local total nodes in ring: 8 index in ring: 0 offset: 1total nodes in ring: 8
ring of node 0, id: 0 dimension: local total nodes in ring: 8 index in ring: 0 offset: 8total nodes in ring: 8
ring of node 0, id: 0 dimension: local total nodes in ring: 8 index in ring: 0 offset: 1total nodes in ring: 8
ring of node 0, id: 0 dimension: local total nodes in ring: 8 index in ring: 0 offset: 8total nodes in ring: 8
PP config: pp_size=1 pp_commsize=0
stat path: ./ncclFlowModel_ ,total rows: 1 ,stat row: 0
CSV path and filename: ./ncclFlowModel_EndToEnd.csv
[htsim] Created 64 Sys instances
[htsim] Workloads fired
Running htsim simulation...
info: reduce-scatter forward pass collective issued for layer: attention_row,info: reduce-scatter forward pass collective issued for layer: mlp_moelayer,info: reduce-scatter forward pass collective issued for layer: attention_row,info: reduce-scatter forward pass collective issued for layer: mlp_moelayer,info: reduce-scatter forward pass collective issued for layer: attention_row,info: reduce-scatter forward pass collective issued for layer: mlp_moelayer,info: reduce-scatter forward pass collective issued for layer: attention_row,info: reduce-scatter forward pass collective issued for layer: mlp_moelayer,info: reduce-scatter input grad collective issued for layer: mlp_moelayer,info: reduce-scatter input grad collective issued for layer: mlp_moelayer,info: reduce-scatter input grad collective issued for layer: mlp_moelayer,info: reduce-scatter input grad collective issued for layer: mlp_moelayer,At 1107 RTO 1 MDEV 0 RTT 0 SEQ 0 HSENT 1 CWND 100 FAST RECOVERY? 0 Flow ID tcp SRC 57 DST 1
At 1107 RTO 1 MDEV 0 RTT 0 SEQ 0 HSENT 1 CWND 100 FAST RECOVERY? 0 Flow ID tcp SRC 62 DST 6
At 1108 RTO 1 MDEV 0 RTT 0 SEQ 0 HSENT 1 CWND 100 FAST RECOVERY? 0 Flow ID tcp SRC 61 DST 5
At 1108 RTO 1 MDEV 0 RTT 0 SEQ 0 HSENT 1 CWND 100 FAST RECOVERY? 0 Flow ID tcp SRC 60 DST 4
At 1110 RTO 1 MDEV 0 RTT 0 SEQ 0 HSENT 1 CWND 100 FAST RECOVERY? 0 Flow ID tcp SRC 63 DST 7
At 1125 RTO 1 MDEV 0 RTT 0 SEQ 0 HSENT 1 CWND 100 FAST RECOVERY? 0 Flow ID tcp SRC 15 DST 23
At 1126 RTO 1 MDEV 0 RTT 0 SEQ 0 HSENT 1 CWND 100 FAST RECOVERY? 0 Flow ID tcp SRC 15 DST 23
At 1127 RTO 1 MDEV 0 RTT 0 SEQ 0 HSENT 1 CWND 100 FAST RECOVERY? 0 Flow ID tcp SRC 18 DST 26
At 1128 RTO 1 MDEV 0 RTT 0 SEQ 0 HSENT 1 CWND 100 FAST RECOVERY? 0 Flow ID tcp SRC 18 DST 26
At 1128 RTO 1 MDEV 0 RTT 0 SEQ 0 HSENT 1 CWND 100 FAST RECOVERY? 0 Flow ID tcp SRC 18 DST 26
info: reduce-scatter weight grad collective issued for layer: grad_norm,At 1143 RTO 1 MDEV 0 RTT 0 SEQ 0 HSENT 1 CWND 100 FAST RECOVERY? 0 Flow ID tcp SRC 35 DST 43
At 1143 RTO 1 MDEV 0 RTT 0 SEQ 0 HSENT 1 CWND 100 FAST RECOVERY? 0 Flow ID tcp SRC 35 DST 43
At 1143 RTO 1 MDEV 0 RTT 0 SEQ 0 HSENT 1 CWND 100 FAST RECOVERY? 0 Flow ID tcp SRC 35 DST 43
At 1149 RTO 1 MDEV 0 RTT 0 SEQ 0 HSENT 1 CWND 100 FAST RECOVERY? 0 Flow ID tcp SRC 34 DST 42
At 1150 RTO 1 MDEV 0 RTT 0 SEQ 0 HSENT 1 CWND 100 FAST RECOVERY? 0 Flow ID tcp SRC 33 DST 41
At 1150 RTO 1 MDEV 0 RTT 0 SEQ 0 HSENT 1 CWND 100 FAST RECOVERY? 0 Flow ID tcp SRC 33 DST 41
At 1150 RTO 1 MDEV 0 RTT 0 SEQ 0 HSENT 1 CWND 100 FAST RECOVERY? 0 Flow ID tcp SRC 33 DST 41
At 1157 RTO 1 MDEV 0 RTT 0 SEQ 0 HSENT 1 CWND 100 FAST RECOVERY? 0 Flow ID tcp SRC 33 DST 41
At 1160 RTO 1 MDEV 0 RTT 0 SEQ 0 HSENT 1 CWND 100 FAST RECOVERY? 0 Flow ID tcp SRC 19 DST 27
At 1160 RTO 1 MDEV 0 RTT 0 SEQ 0 HSENT 1 CWND 100 FAST RECOVERY? 0 Flow ID tcp SRC 19 DST 27
At 1160 RTO 1 MDEV 0 RTT 0 SEQ 0 HSENT 1 CWND 100 FAST RECOVERY? 0 Flow ID tcp SRC 19 DST 27
At 1160 RTO 1 MDEV 0 RTT 0 SEQ 0 HSENT 1 CWND 100 FAST RECOVERY? 0 Flow ID tcp SRC 21 DST 29
At 1160 RTO 1 MDEV 0 RTT 0 SEQ 0 HSENT 1 CWND 100 FAST RECOVERY? 0 Flow ID tcp SRC 23 DST 31
At 1160 RTO 1 MDEV 0 RTT 0 SEQ 0 HSENT 1 CWND 100 FAST RECOVERY? 0 Flow ID tcp SRC 23 DST 31
At 1160 RTO 1 MDEV 0 RTT 0 SEQ 0 HSENT 1 CWND 100 FAST RECOVERY? 0 Flow ID tcp SRC 22 DST 30
At 1160 RTO 1 MDEV 0 RTT 0 SEQ 0 HSENT 1 CWND 100 FAST RECOVERY? 0 Flow ID tcp SRC 22 DST 30
At 1160 RTO 1 MDEV 0 RTT 0 SEQ 0 HSENT 1 CWND 100 FAST RECOVERY? 0 Flow ID tcp SRC 18 DST 26
At 1160 RTO 1 MDEV 0 RTT 0 SEQ 0 HSENT 1 CWND 100 FAST RECOVERY? 0 Flow ID tcp SRC 22 DST 30
At 1161 RTO 1 MDEV 0 RTT 0 SEQ 0 HSENT 1 CWND 100 FAST RECOVERY? 0 Flow ID tcp SRC 21 DST 29
At 1161 RTO 1 MDEV 0 RTT 0 SEQ 0 HSENT 1 CWND 100 FAST RECOVERY? 0 Flow ID tcp SRC 21 DST 29
info: reduce-scatter forward pass collective issued for layer: attention_row,info: reduce-scatter forward pass collective issued for layer: mlp_moelayer,info: reduce-scatter forward pass collective issued for layer: attention_row,info: reduce-scatter forward pass collective issued for layer: mlp_moelayer,info: reduce-scatter forward pass collective issued for layer: attention_row,info: reduce-scatter forward pass collective issued for layer: mlp_moelayer,info: reduce-scatter forward pass collective issued for layer: attention_row,info: reduce-scatter forward pass collective issued for layer: mlp_moelayer,info: reduce-scatter input grad collective issued for layer: mlp_moelayer,info: reduce-scatter input grad collective issued for layer: mlp_moelayer,info: reduce-scatter input grad collective issued for layer: mlp_moelayer,info: reduce-scatter input grad collective issued for layer: mlp_moelayer,At 2317 RTO 1 MDEV 0 RTT 0 SEQ 0 HSENT 1 CWND 100 FAST RECOVERY? 0 Flow ID tcp SRC 62 DST 6
At 2329 RTO 1 MDEV 0 RTT 0 SEQ 0 HSENT 1 CWND 100 FAST RECOVERY? 0 Flow ID tcp SRC 59 DST 3
At 2332 RTO 1 MDEV 0 RTT 0 SEQ 0 HSENT 1 CWND 100 FAST RECOVERY? 0 Flow ID tcp SRC 3 DST 11
At 2354 RTO 1 MDEV 0 RTT 0 SEQ 0 HSENT 1 CWND 100 FAST RECOVERY? 0 Flow ID tcp SRC 6 DST 14
At 2354 RTO 1 MDEV 0 RTT 0 SEQ 0 HSENT 1 CWND 100 FAST RECOVERY? 0 Flow ID tcp SRC 6 DST 14
At 2354 RTO 1 MDEV 0 RTT 0 SEQ 0 HSENT 1 CWND 100 FAST RECOVERY? 0 Flow ID tcp SRC 6 DST 14
At 2354 RTO 1 MDEV 0 RTT 0 SEQ 0 HSENT 1 CWND 100 FAST RECOVERY? 0 Flow ID tcp SRC 6 DST 14
At 2356 RTO 1 MDEV 0 RTT 0 SEQ 0 HSENT 1 CWND 100 FAST RECOVERY? 0 Flow ID tcp SRC 36 DST 44
At 2356 RTO 1 MDEV 0 RTT 0 SEQ 0 HSENT 1 CWND 100 FAST RECOVERY? 0 Flow ID tcp SRC 36 DST 44
At 2356 RTO 1 MDEV 0 RTT 0 SEQ 0 HSENT 1 CWND 100 FAST RECOVERY? 0 Flow ID tcp SRC 36 DST 44
At 2356 RTO 1 MDEV 0 RTT 0 SEQ 0 HSENT 1 CWND 100 FAST RECOVERY? 0 Flow ID tcp SRC 36 DST 44
At 2358 RTO 1 MDEV 0 RTT 0 SEQ 0 HSENT 1 CWND 100 FAST RECOVERY? 0 Flow ID tcp SRC 39 DST 47
At 2358 RTO 1 MDEV 0 RTT 0 SEQ 0 HSENT 1 CWND 100 FAST RECOVERY? 0 Flow ID tcp SRC 35 DST 43
At 2358 RTO 1 MDEV 0 RTT 0 SEQ 0 HSENT 1 CWND 100 FAST RECOVERY? 0 Flow ID tcp SRC 35 DST 43
At 2359 RTO 1 MDEV 0 RTT 0 SEQ 0 HSENT 1 CWND 100 FAST RECOVERY? 0 Flow ID tcp SRC 7 DST 15
At 2362 RTO 1 MDEV 0 RTT 0 SEQ 0 HSENT 1 CWND 100 FAST RECOVERY? 0 Flow ID tcp SRC 34 DST 42
At 2364 RTO 1 MDEV 0 RTT 0 SEQ 0 HSENT 1 CWND 100 FAST RECOVERY? 0 Flow ID tcp SRC 36 DST 44
info: reduce-scatter weight grad collective issued for layer: grad_norm,At 2369 RTO 1 MDEV 0 RTT 0 SEQ 0 HSENT 1 CWND 100 FAST RECOVERY? 0 Flow ID tcp SRC 36 DST 44
At 2369 RTO 1 MDEV 0 RTT 0 SEQ 0 HSENT 1 CWND 100 FAST RECOVERY? 0 Flow ID tcp SRC 36 DST 44
At 2369 RTO 1 MDEV 0 RTT 0 SEQ 0 HSENT 1 CWND 100 FAST RECOVERY? 0 Flow ID tcp SRC 33 DST 41
At 2369 RTO 1 MDEV 0 RTT 0 SEQ 0 HSENT 1 CWND 100 FAST RECOVERY? 0 Flow ID tcp SRC 33 DST 41
At 2369 RTO 1 MDEV 0 RTT 0 SEQ 0 HSENT 1 CWND 100 FAST RECOVERY? 0 Flow ID tcp SRC 33 DST 41
At 2369 RTO 1 MDEV 0 RTT 0 SEQ 0 HSENT 1 CWND 100 FAST RECOVERY? 0 Flow ID tcp SRC 33 DST 41
At 2369 RTO 1 MDEV 0 RTT 0 SEQ 0 HSENT 1 CWND 100 FAST RECOVERY? 0 Flow ID tcp SRC 32 DST 40
At 2369 RTO 1 MDEV 0 RTT 0 SEQ 0 HSENT 1 CWND 100 FAST RECOVERY? 0 Flow ID tcp SRC 32 DST 40
At 2369 RTO 1 MDEV 0 RTT 0 SEQ 0 HSENT 1 CWND 100 FAST RECOVERY? 0 Flow ID tcp SRC 32 DST 40
At 2369 RTO 1 MDEV 0 RTT 0 SEQ 0 HSENT 1 CWND 100 FAST RECOVERY? 0 Flow ID tcp SRC 32 DST 40
At 2373 RTO 1 MDEV 0 RTT 0 SEQ 0 HSENT 1 CWND 100 FAST RECOVERY? 0 Flow ID tcp SRC 2 DST 10
At 2383 RTO 1 MDEV 0 RTT 0 SEQ 0 HSENT 1 CWND 100 FAST RECOVERY? 0 Flow ID tcp SRC 15 DST 23
info: reduce-scatter forward pass collective issued for layer: attention_row,info: reduce-scatter forward pass collective issued for layer: mlp_moelayer,info: reduce-scatter forward pass collective issued for layer: attention_row,info: reduce-scatter forward pass collective issued for layer: mlp_moelayer,info: reduce-scatter forward pass collective issued for layer: attention_row,info: reduce-scatter forward pass collective issued for layer: mlp_moelayer,info: reduce-scatter forward pass collective issued for layer: attention_row,info: reduce-scatter forward pass collective issued for layer: mlp_moelayer,info: reduce-scatter input grad collective issued for layer: mlp_moelayer,info: reduce-scatter input grad collective issued for layer: mlp_moelayer,info: reduce-scatter input grad collective issued for layer: mlp_moelayer,info: reduce-scatter input grad collective issued for layer: mlp_moelayer,info: reduce-scatter weight grad collective issued for layer: grad_norm,At 3547 RTO 1 MDEV 0 RTT 0 SEQ 0 HSENT 1 CWND 100 FAST RECOVERY? 0 Flow ID tcp SRC 2 DST 10
At 3567 RTO 1 MDEV 0 RTT 0 SEQ 0 HSENT 1 CWND 100 FAST RECOVERY? 0 Flow ID tcp SRC 36 DST 44
At 3567 RTO 1 MDEV 0 RTT 0 SEQ 0 HSENT 1 CWND 100 FAST RECOVERY? 0 Flow ID tcp SRC 60 DST 4
At 3568 RTO 1 MDEV 0 RTT 0 SEQ 0 HSENT 1 CWND 100 FAST RECOVERY? 0 Flow ID tcp SRC 14 DST 22
At 3568 RTO 1 MDEV 0 RTT 0 SEQ 0 HSENT 1 CWND 100 FAST RECOVERY? 0 Flow ID tcp SRC 38 DST 46
At 3568 RTO 1 MDEV 0 RTT 0 SEQ 0 HSENT 1 CWND 100 FAST RECOVERY? 0 Flow ID tcp SRC 38 DST 46
At 3569 RTO 1 MDEV 0 RTT 0 SEQ 0 HSENT 1 CWND 100 FAST RECOVERY? 0 Flow ID tcp SRC 60 DST 4
At 3571 RTO 1 MDEV 0 RTT 0 SEQ 0 HSENT 1 CWND 100 FAST RECOVERY? 0 Flow ID tcp SRC 56 DST 0
At 3573 RTO 1 MDEV 0 RTT 0 SEQ 0 HSENT 1 CWND 100 FAST RECOVERY? 0 Flow ID tcp SRC 14 DST 22
At 3576 RTO 1 MDEV 0 RTT 0 SEQ 0 HSENT 1 CWND 100 FAST RECOVERY? 0 Flow ID tcp SRC 16 DST 24
At 3577 RTO 1 MDEV 0 RTT 0 SEQ 0 HSENT 1 CWND 100 FAST RECOVERY? 0 Flow ID tcp SRC 1 DST 9
At 3578 RTO 1 MDEV 0 RTT 0 SEQ 0 HSENT 1 CWND 100 FAST RECOVERY? 0 Flow ID tcp SRC 1 DST 9
At 3579 RTO 1 MDEV 0 RTT 0 SEQ 0 HSENT 1 CWND 100 FAST RECOVERY? 0 Flow ID tcp SRC 17 DST 25
At 3585 RTO 1 MDEV 0 RTT 0 SEQ 0 HSENT 1 CWND 100 FAST RECOVERY? 0 Flow ID tcp SRC 1 DST 9
At 3585 RTO 1 MDEV 0 RTT 0 SEQ 0 HSENT 1 CWND 100 FAST RECOVERY? 0 Flow ID tcp SRC 12 DST 20
At 3586 RTO 1 MDEV 0 RTT 0 SEQ 0 HSENT 1 CWND 100 FAST RECOVERY? 0 Flow ID tcp SRC 42 DST 50
At 3586 RTO 1 MDEV 0 RTT 0 SEQ 0 HSENT 1 CWND 100 FAST RECOVERY? 0 Flow ID tcp SRC 42 DST 50
At 3587 RTO 1 MDEV 0 RTT 0 SEQ 0 HSENT 1 CWND 100 FAST RECOVERY? 0 Flow ID tcp SRC 12 DST 20
At 3587 RTO 1 MDEV 0 RTT 0 SEQ 0 HSENT 1 CWND 100 FAST RECOVERY? 0 Flow ID tcp SRC 42 DST 50
At 3587 RTO 1 MDEV 0 RTT 0 SEQ 0 HSENT 1 CWND 100 FAST RECOVERY? 0 Flow ID tcp SRC 8 DST 16
At 3588 RTO 1 MDEV 0 RTT 0 SEQ 0 HSENT 1 CWND 100 FAST RECOVERY? 0 Flow ID tcp SRC 40 DST 48
At 3589 RTO 1 MDEV 0 RTT 0 SEQ 0 HSENT 1 CWND 100 FAST RECOVERY? 0 Flow ID tcp SRC 40 DST 48
At 3597 RTO 1 MDEV 0 RTT 0 SEQ 0 HSENT 1 CWND 100 FAST RECOVERY? 0 Flow ID tcp SRC 39 DST 47
At 3597 RTO 1 MDEV 0 RTT 0 SEQ 0 HSENT 1 CWND 100 FAST RECOVERY? 0 Flow ID tcp SRC 39 DST 47
At 3598 RTO 1 MDEV 0 RTT 0 SEQ 0 HSENT 1 CWND 100 FAST RECOVERY? 0 Flow ID tcp SRC 14 DST 22
At 3600 RTO 1 MDEV 0 RTT 0 SEQ 0 HSENT 1 CWND 100 FAST RECOVERY? 0 Flow ID tcp SRC 14 DST 22
At 3601 RTO 1 MDEV 0 RTT 0 SEQ 0 HSENT 1 CWND 100 FAST RECOVERY? 0 Flow ID tcp SRC 21 DST 29
At 3601 RTO 1 MDEV 0 RTT 0 SEQ 0 HSENT 1 CWND 100 FAST RECOVERY? 0 Flow ID tcp SRC 21 DST 29
At 3601 RTO 1 MDEV 0 RTT 0 SEQ 0 HSENT 1 CWND 100 FAST RECOVERY? 0 Flow ID tcp SRC 21 DST 29
At 3602 RTO 1 MDEV 0 RTT 0 SEQ 0 HSENT 1 CWND 100 FAST RECOVERY? 0 Flow ID tcp SRC 21 DST 29
At 3602 RTO 1 MDEV 0 RTT 0 SEQ 0 HSENT 1 CWND 100 FAST RECOVERY? 0 Flow ID tcp SRC 21 DST 29
At 3603 RTO 1 MDEV 0 RTT 0 SEQ 0 HSENT 1 CWND 100 FAST RECOVERY? 0 Flow ID tcp SRC 39 DST 47
At 3631 RTO 1 MDEV 0 RTT 0 SEQ 0 HSENT 1 CWND 100 FAST RECOVERY? 0 Flow ID tcp SRC 40 DST 48
info: reduce-scatter forward pass collective issued for layer: attention_row,info: reduce-scatter forward pass collective issued for layer: mlp_moelayer,info: reduce-scatter forward pass collective issued for layer: attention_row,info: reduce-scatter forward pass collective issued for layer: mlp_moelayer,info: reduce-scatter forward pass collective issued for layer: attention_row,info: reduce-scatter forward pass collective issued for layer: mlp_moelayer,info: reduce-scatter forward pass collective issued for layer: attention_row,info: reduce-scatter forward pass collective issued for layer: mlp_moelayer,info: reduce-scatter input grad collective issued for layer: mlp_moelayer,info: reduce-scatter input grad collective issued for layer: mlp_moelayer,info: reduce-scatter input grad collective issued for layer: mlp_moelayer,info: reduce-scatter input grad collective issued for layer: mlp_moelayer,info: reduce-scatter weight grad collective issued for layer: grad_norm,At 4743 RTO 1 MDEV 0 RTT 0 SEQ 0 HSENT 1 CWND 100 FAST RECOVERY? 0 Flow ID tcp SRC 62 DST 6
At 4744 RTO 1 MDEV 0 RTT 0 SEQ 0 HSENT 1 CWND 100 FAST RECOVERY? 0 Flow ID tcp SRC 58 DST 2
At 4744 RTO 1 MDEV 0 RTT 0 SEQ 0 HSENT 1 CWND 100 FAST RECOVERY? 0 Flow ID tcp SRC 59 DST 3
At 4744 RTO 1 MDEV 0 RTT 0 SEQ 0 HSENT 1 CWND 100 FAST RECOVERY? 0 Flow ID tcp SRC 57 DST 1
At 4744 RTO 1 MDEV 0 RTT 0 SEQ 0 HSENT 1 CWND 100 FAST RECOVERY? 0 Flow ID tcp SRC 57 DST 1
At 4744 RTO 1 MDEV 0 RTT 0 SEQ 0 HSENT 1 CWND 100 FAST RECOVERY? 0 Flow ID tcp SRC 56 DST 0
At 4744 RTO 1 MDEV 0 RTT 0 SEQ 0 HSENT 1 CWND 100 FAST RECOVERY? 0 Flow ID tcp SRC 63 DST 7
At 4744 RTO 1 MDEV 0 RTT 0 SEQ 0 HSENT 1 CWND 100 FAST RECOVERY? 0 Flow ID tcp SRC 61 DST 5
At 4744 RTO 1 MDEV 0 RTT 0 SEQ 0 HSENT 1 CWND 100 FAST RECOVERY? 0 Flow ID tcp SRC 60 DST 4
At 4744 RTO 1 MDEV 0 RTT 0 SEQ 0 HSENT 1 CWND 100 FAST RECOVERY? 0 Flow ID tcp SRC 2 DST 10
At 4746 RTO 1 MDEV 0 RTT 0 SEQ 0 HSENT 1 CWND 100 FAST RECOVERY? 0 Flow ID tcp SRC 19 DST 27
At 4747 RTO 1 MDEV 0 RTT 0 SEQ 0 HSENT 1 CWND 100 FAST RECOVERY? 0 Flow ID tcp SRC 17 DST 25
At 4751 RTO 1 MDEV 0 RTT 0 SEQ 0 HSENT 1 CWND 100 FAST RECOVERY? 0 Flow ID tcp SRC 23 DST 31
At 4752 RTO 1 MDEV 0 RTT 0 SEQ 0 HSENT 1 CWND 100 FAST RECOVERY? 0 Flow ID tcp SRC 16 DST 24
At 4780 RTO 1 MDEV 0 RTT 0 SEQ 0 HSENT 1 CWND 100 FAST RECOVERY? 0 Flow ID tcp SRC 7 DST 15
At 4781 RTO 1 MDEV 0 RTT 0 SEQ 0 HSENT 1 CWND 100 FAST RECOVERY? 0 Flow ID tcp SRC 37 DST 45
At 4782 RTO 1 MDEV 0 RTT 0 SEQ 0 HSENT 1 CWND 100 FAST RECOVERY? 0 Flow ID tcp SRC 7 DST 15
At 4782 RTO 1 MDEV 0 RTT 0 SEQ 0 HSENT 1 CWND 100 FAST RECOVERY? 0 Flow ID tcp SRC 37 DST 45
At 4782 RTO 1 MDEV 0 RTT 0 SEQ 0 HSENT 1 CWND 100 FAST RECOVERY? 0 Flow ID tcp SRC 33 DST 41
At 4783 RTO 2 MDEV 0 RTT 0 SEQ 0 HSENT 1 CWND 1 FAST RECOVERY? 0 Flow ID tcp SRC 7 DST 15
At 4783 RTO 1 MDEV 0 RTT 0 SEQ 0 HSENT 1 CWND 100 FAST RECOVERY? 0 Flow ID tcp SRC 4 DST 12
At 4784 RTO 1 MDEV 0 RTT 0 SEQ 0 HSENT 1 CWND 100 FAST RECOVERY? 0 Flow ID tcp SRC 36 DST 44
At 4784 RTO 1 MDEV 0 RTT 0 SEQ 0 HSENT 1 CWND 100 FAST RECOVERY? 0 Flow ID tcp SRC 36 DST 44
At 4784 RTO 1 MDEV 0 RTT 0 SEQ 0 HSENT 1 CWND 100 FAST RECOVERY? 0 Flow ID tcp SRC 36 DST 44
At 4784 RTO 1 MDEV 0 RTT 0 SEQ 0 HSENT 1 CWND 100 FAST RECOVERY? 0 Flow ID tcp SRC 36 DST 44
At 4784 RTO 1 MDEV 0 RTT 0 SEQ 0 HSENT 1 CWND 100 FAST RECOVERY? 0 Flow ID tcp SRC 36 DST 44
At 4784 RTO 1 MDEV 0 RTT 0 SEQ 0 HSENT 1 CWND 100 FAST RECOVERY? 0 Flow ID tcp SRC 34 DST 42
At 4784 RTO 1 MDEV 0 RTT 0 SEQ 0 HSENT 1 CWND 100 FAST RECOVERY? 0 Flow ID tcp SRC 34 DST 42
At 4784 RTO 1 MDEV 0 RTT 0 SEQ 0 HSENT 1 CWND 100 FAST RECOVERY? 0 Flow ID tcp SRC 34 DST 42
At 4784 RTO 1 MDEV 0 RTT 0 SEQ 0 HSENT 1 CWND 100 FAST RECOVERY? 0 Flow ID tcp SRC 34 DST 42
At 4784 RTO 1 MDEV 0 RTT 0 SEQ 0 HSENT 1 CWND 100 FAST RECOVERY? 0 Flow ID tcp SRC 34 DST 42
At 4784 RTO 1 MDEV 0 RTT 0 SEQ 0 HSENT 1 CWND 100 FAST RECOVERY? 0 Flow ID tcp SRC 2 DST 10
At 4784 RTO 1 MDEV 0 RTT 0 SEQ 0 HSENT 1 CWND 100 FAST RECOVERY? 0 Flow ID tcp SRC 35 DST 43
At 4785 RTO 2 MDEV 0 RTT 0 SEQ 0 HSENT 1 CWND 1 FAST RECOVERY? 0 Flow ID tcp SRC 7 DST 15
At 4786 RTO 2 MDEV 0 RTT 0 SEQ 0 HSENT 1 CWND 1 FAST RECOVERY? 0 Flow ID tcp SRC 4 DST 12
At 4787 RTO 2 MDEV 0 RTT 0 SEQ 0 HSENT 1 CWND 1 FAST RECOVERY? 0 Flow ID tcp SRC 2 DST 10
At 4796 RTO 1 MDEV 0 RTT 0 SEQ 0 HSENT 1 CWND 100 FAST RECOVERY? 0 Flow ID tcp SRC 31 DST 39
At 4796 RTO 1 MDEV 0 RTT 0 SEQ 0 HSENT 1 CWND 100 FAST RECOVERY? 0 Flow ID tcp SRC 31 DST 39
At 4796 RTO 1 MDEV 0 RTT 0 SEQ 0 HSENT 1 CWND 100 FAST RECOVERY? 0 Flow ID tcp SRC 31 DST 39
At 4796 RTO 1 MDEV 0 RTT 0 SEQ 0 HSENT 1 CWND 100 FAST RECOVERY? 0 Flow ID tcp SRC 31 DST 39
At 4796 RTO 1 MDEV 0 RTT 0 SEQ 0 HSENT 1 CWND 100 FAST RECOVERY? 0 Flow ID tcp SRC 24 DST 32
At 4796 RTO 1 MDEV 0 RTT 0 SEQ 0 HSENT 1 CWND 100 FAST RECOVERY? 0 Flow ID tcp SRC 24 DST 32
At 4796 RTO 1 MDEV 0 RTT 0 SEQ 0 HSENT 1 CWND 100 FAST RECOVERY? 0 Flow ID tcp SRC 24 DST 32
At 4796 RTO 1 MDEV 0 RTT 0 SEQ 0 HSENT 1 CWND 100 FAST RECOVERY? 0 Flow ID tcp SRC 24 DST 32
At 4796 RTO 1 MDEV 0 RTT 0 SEQ 0 HSENT 1 CWND 100 FAST RECOVERY? 0 Flow ID tcp SRC 24 DST 32
info: reduce-scatter forward pass collective issued for layer: attention_row,info: reduce-scatter forward pass collective issued for layer: mlp_moelayer,info: reduce-scatter forward pass collective issued for layer: attention_row,info: reduce-scatter forward pass collective issued for layer: mlp_moelayer,info: reduce-scatter forward pass collective issued for layer: attention_row,info: reduce-scatter forward pass collective issued for layer: mlp_moelayer,info: reduce-scatter forward pass collective issued for layer: attention_row,info: reduce-scatter forward pass collective issued for layer: mlp_moelayer,info: reduce-scatter input grad collective issued for layer: mlp_moelayer,info: reduce-scatter input grad collective issued for layer: mlp_moelayer,info: reduce-scatter input grad collective issued for layer: mlp_moelayer,info: reduce-scatter input grad collective issued for layer: mlp_moelayer,At 5934 RTO 1 MDEV 0 RTT 0 SEQ 0 HSENT 1 CWND 100 FAST RECOVERY? 0 Flow ID tcp SRC 59 DST 3
At 5934 RTO 1 MDEV 0 RTT 0 SEQ 0 HSENT 1 CWND 100 FAST RECOVERY? 0 Flow ID tcp SRC 58 DST 2
At 5939 RTO 1 MDEV 0 RTT 0 SEQ 0 HSENT 1 CWND 100 FAST RECOVERY? 0 Flow ID tcp SRC 63 DST 7
At 5939 RTO 1 MDEV 0 RTT 0 SEQ 0 HSENT 1 CWND 100 FAST RECOVERY? 0 Flow ID tcp SRC 59 DST 3
At 5939 RTO 1 MDEV 0 RTT 0 SEQ 0 HSENT 1 CWND 100 FAST RECOVERY? 0 Flow ID tcp SRC 61 DST 5
At 5939 RTO 1 MDEV 0 RTT 0 SEQ 0 HSENT 1 CWND 100 FAST RECOVERY? 0 Flow ID tcp SRC 56 DST 0
At 5939 RTO 1 MDEV 0 RTT 0 SEQ 0 HSENT 1 CWND 100 FAST RECOVERY? 0 Flow ID tcp SRC 62 DST 6
At 5965 RTO 1 MDEV 0 RTT 0 SEQ 0 HSENT 1 CWND 100 FAST RECOVERY? 0 Flow ID tcp SRC 2 DST 10
At 5971 RTO 1 MDEV 0 RTT 0 SEQ 0 HSENT 1 CWND 100 FAST RECOVERY? 0 Flow ID tcp SRC 1 DST 9
At 5972 RTO 1 MDEV 0 RTT 0 SEQ 0 HSENT 1 CWND 100 FAST RECOVERY? 0 Flow ID tcp SRC 33 DST 41
At 5973 RTO 1 MDEV 0 RTT 0 SEQ 0 HSENT 1 CWND 100 FAST RECOVERY? 0 Flow ID tcp SRC 33 DST 41
At 5976 RTO 1 MDEV 0 RTT 0 SEQ 0 HSENT 1 CWND 100 FAST RECOVERY? 0 Flow ID tcp SRC 35 DST 43
At 5976 RTO 1 MDEV 0 RTT 0 SEQ 0 HSENT 1 CWND 100 FAST RECOVERY? 0 Flow ID tcp SRC 35 DST 43
At 5976 RTO 1 MDEV 0 RTT 0 SEQ 0 HSENT 1 CWND 100 FAST RECOVERY? 0 Flow ID tcp SRC 35 DST 43
At 5976 RTO 1 MDEV 0 RTT 0 SEQ 0 HSENT 1 CWND 100 FAST RECOVERY? 0 Flow ID tcp SRC 35 DST 43
At 5976 RTO 1 MDEV 0 RTT 0 SEQ 0 HSENT 1 CWND 100 FAST RECOVERY? 0 Flow ID tcp SRC 38 DST 46
At 5979 RTO 1 MDEV 0 RTT 0 SEQ 0 HSENT 1 CWND 100 FAST RECOVERY? 0 Flow ID tcp SRC 6 DST 14
At 5980 RTO 1 MDEV 0 RTT 0 SEQ 0 HSENT 1 CWND 100 FAST RECOVERY? 0 Flow ID tcp SRC 6 DST 14
info: reduce-scatter weight grad collective issued for layer: grad_norm,At 5987 RTO 1 MDEV 0 RTT 0 SEQ 0 HSENT 1 CWND 100 FAST RECOVERY? 0 Flow ID tcp SRC 35 DST 43
At 5987 RTO 1 MDEV 0 RTT 0 SEQ 0 HSENT 1 CWND 100 FAST RECOVERY? 0 Flow ID tcp SRC 38 DST 46
At 5989 RTO 1 MDEV 0 RTT 0 SEQ 0 HSENT 1 CWND 100 FAST RECOVERY? 0 Flow ID tcp SRC 36 DST 44
At 5989 RTO 1 MDEV 0 RTT 0 SEQ 0 HSENT 1 CWND 100 FAST RECOVERY? 0 Flow ID tcp SRC 36 DST 44
At 5989 RTO 1 MDEV 0 RTT 0 SEQ 0 HSENT 1 CWND 100 FAST RECOVERY? 0 Flow ID tcp SRC 36 DST 44
At 5989 RTO 1 MDEV 0 RTT 0 SEQ 0 HSENT 1 CWND 100 FAST RECOVERY? 0 Flow ID tcp SRC 36 DST 44
*****
Time to exit: Sun Apr 19 21:33:48 2026
all-reduce Collective implementation: NcclFlowModel
reduce-scatter Collective implementation: NcclFlowModel
all-gather Collective implementation: NcclFlowModel
all-to-all Collective implementation: NcclFlowModel
Collective optimization: baseline
Total sim duration: 1:20 hours
Total streams injected: 275
Total streams finished: 275
Percentage of finished streams: 100 %
*****
[htsim] sim_finish called by node 60
Simulation complete. Total events: 8088020759
Final time: 6044.83 ms (6.04483 s)

======== Flow Statistics ========
Network flows: 38080 (1324765653120 bytes)
NVLink flows:  824320 (12610500689920 bytes)

======== Retransmission Statistics ========
RTO: 1 ms
Total packets sent: 1325418972000
Total retransmissions: 6
Retransmission rate: 4.52687e-10%
TCP flows tracked: 38085
============================================
========================================

======== Traffic by Collective Type ========
  ReduceScatter: flows=217280 bytes=6285452902400 (5.99428e+06 MB, 45.1046%)
  AllGather: flows=322560 bytes=6449855856640 (6.15106e+06 MB, 46.2844%)
  AllReduce: flows=286720 bytes=147690618880 (140849 MB, 1.05983%)
  AllToAll: flows=35840 bytes=1052266965120 (1.00352e+06 MB, 7.55111%)
[htsim] sim_finish called by node 0
[htsim] sim_finish called by node 1
[htsim] sim_finish called by node 2
[htsim] sim_finish called by node 3
[htsim] sim_finish called by node 4
[htsim] sim_finish called by node 5
[htsim] sim_finish called by node 6
[htsim] sim_finish called by node 7
[htsim] sim_finish called by node 8
[htsim] sim_finish called by node 9
[htsim] sim_finish called by node 10
[htsim] sim_finish called by node 11
[htsim] sim_finish called by node 12
[htsim] sim_finish called by node 13
[htsim] sim_finish called by node 14
[htsim] sim_finish called by node 15
[htsim] sim_finish called by node 16
[htsim] sim_finish called by node 17
[htsim] sim_finish called by node 18
[htsim] sim_finish called by node 19
[htsim] sim_finish called by node 20
[htsim] sim_finish called by node 21
[htsim] sim_finish called by node 22
[htsim] sim_finish called by node 23
[htsim] sim_finish called by node 24
[htsim] sim_finish called by node 25
[htsim] sim_finish called by node 26
[htsim] sim_finish called by node 27
[htsim] sim_finish called by node 28
[htsim] sim_finish called by node 29
[htsim] sim_finish called by node 30
[htsim] sim_finish called by node 31
[htsim] sim_finish called by node 32
[htsim] sim_finish called by node 33
[htsim] sim_finish called by node 34
[htsim] sim_finish called by node 35
[htsim] sim_finish called by node 36
[htsim] sim_finish called by node 37
[htsim] sim_finish called by node 38
[htsim] sim_finish called by node 39
[htsim] sim_finish called by node 40
[htsim] sim_finish called by node 41
[htsim] sim_finish called by node 42
[htsim] sim_finish called by node 43
[htsim] sim_finish called by node 44
[htsim] sim_finish called by node 45
[htsim] sim_finish called by node 46
[htsim] sim_finish called by node 47
[htsim] sim_finish called by node 48
[htsim] sim_finish called by node 49
[htsim] sim_finish called by node 50
[htsim] sim_finish called by node 51
[htsim] sim_finish called by node 52
[htsim] sim_finish called by node 53
[htsim] sim_finish called by node 54
[htsim] sim_finish called by node 55
[htsim] sim_finish called by node 56
[htsim] sim_finish called by node 57
[htsim] sim_finish called by node 58
[htsim] sim_finish called by node 59
[htsim] sim_finish called by node 60
[htsim] sim_finish called by node 61
[htsim] sim_finish called by node 62
[htsim] sim_finish called by node 63
