=== SimAI htsim Backend ===
Topology: fattree
GPUs: 128
Link speed: 100000 Mbps
DP/TP/PP/EP: 1/4/4/8
GPUs per server: 8
Iterations: 5
Workload: /home/weihaoni/BTB-NCCL/SimAI/aicb/results/workload/None-Mixtral_8x7B-world_size128-tp4-pp4-ep8-gbs8-mbs8-seq4096-MOE-True-GEMM-True-flash_attn-False.txt
Expert hotspot: topk=2 skew=1 seed=42 volatility=2
==========================
[htsim] Machines: 16 FatTree K=4 FatTree nodes: 16
Building 1:1 Fat Tree with 16 nodes (k=4)
Link speed: 800000 Mbps
[htsim] FatTree topology created (full BW: 800000 Mbps)
[htsim] NVSwitch nodes: 16 (IDs: 128 to 143)
The final active chunks per dimension 1 after allocating to queues is: 1
ring of node 0, id: 0 dimension: local total nodes in ring: 128 index in ring: 0 offset: 1total nodes in ring: 128
ring of node 0, id: 0 dimension: local total nodes in ring: 128 index in ring: 0 offset: 1total nodes in ring: 128
ring of node 0, id: 0 dimension: local total nodes in ring: 128 index in ring: 0 offset: 1total nodes in ring: 128
ring of node 0, id: 0 dimension: local total nodes in ring: 128 index in ring: 0 offset: 1total nodes in ring: 128
total nodes: 128
Success in opening workload file
model_parallel_NPU_group is 4
checkpoints layers are: 
layers initiating fwd_in_bckwd are: 
ring of node 0, id: 0 dimension: local total nodes in ring: 4 index in ring: 0 offset: 1total nodes in ring: 4
ring of node 0, id: 0 dimension: local total nodes in ring: 32 index in ring: 0 offset: 4total nodes in ring: 32
ring of node 0, id: 0 dimension: local total nodes in ring: 4 index in ring: 0 offset: 1total nodes in ring: 4
ring of node 0, id: 0 dimension: local total nodes in ring: 32 index in ring: 0 offset: 4total nodes in ring: 32
ring of node 0, id: 0 dimension: local total nodes in ring: 4 index in ring: 0 offset: 1total nodes in ring: 4
ring of node 0, id: 0 dimension: local total nodes in ring: 32 index in ring: 0 offset: 4total nodes in ring: 32
ring of node 0, id: 0 dimension: local total nodes in ring: 4 index in ring: 0 offset: 1total nodes in ring: 4
ring of node 0, id: 0 dimension: local total nodes in ring: 32 index in ring: 0 offset: 4total nodes in ring: 32
pp_commize:67108864
id: grad_norm , depen: -1 , wg_comp_time: 1
id: cross_entropy1 , depen: -1 , wg_comp_time: 0
id: cross_entropy2 , depen: -1 , wg_comp_time: 0
id: cross_entropy3 , depen: -1 , wg_comp_time: 0
id: optimizer1 , depen: -1 , wg_comp_time: 0
id: optimizer2 , depen: -1 , wg_comp_time: 0
id: optimizer3 , depen: -1 , wg_comp_time: 0
id: optimizer4 , depen: -1 , wg_comp_time: 0
type: HYBRID_TRANSFORMER_FWD_IN_BCKWD ,num passes: 5 ,lines: 8 compute scale: 1 ,comm scale: 1
PP config: pp_size=4 pp_commsize=67108864
GPU 0: pp_rank=0 pp_prev=-1 pp_next=4
stat path: ./ncclFlowModel_ ,total rows: 1 ,stat row: 0
CSV path and filename: ./ncclFlowModel_EndToEnd.csv
[DBG] About to init MockNccl global group
[DBG] About to init MockNccl comms
[DBG] MockNccl init done
GPU 1: pp_rank=0 pp_prev=-1 pp_next=5
GPU 2: pp_rank=0 pp_prev=-1 pp_next=6
GPU 3: pp_rank=0 pp_prev=-1 pp_next=7
GPU 4: pp_rank=1 pp_prev=0 pp_next=8
GPU 5: pp_rank=1 pp_prev=1 pp_next=9
GPU 6: pp_rank=1 pp_prev=2 pp_next=10
GPU 7: pp_rank=1 pp_prev=3 pp_next=11
GPU 8: pp_rank=2 pp_prev=4 pp_next=12
GPU 9: pp_rank=2 pp_prev=5 pp_next=13
GPU 10: pp_rank=2 pp_prev=6 pp_next=14
GPU 11: pp_rank=2 pp_prev=7 pp_next=15
GPU 12: pp_rank=3 pp_prev=8 pp_next=-1
GPU 13: pp_rank=3 pp_prev=9 pp_next=-1
GPU 14: pp_rank=3 pp_prev=10 pp_next=-1
GPU 15: pp_rank=3 pp_prev=11 pp_next=-1
GPU 16: pp_rank=0 pp_prev=-1 pp_next=20
GPU 17: pp_rank=0 pp_prev=-1 pp_next=21
GPU 18: pp_rank=0 pp_prev=-1 pp_next=22
GPU 19: pp_rank=0 pp_prev=-1 pp_next=23
GPU 20: pp_rank=1 pp_prev=16 pp_next=24
GPU 21: pp_rank=1 pp_prev=17 pp_next=25
GPU 22: pp_rank=1 pp_prev=18 pp_next=26
GPU 23: pp_rank=1 pp_prev=19 pp_next=27
GPU 24: pp_rank=2 pp_prev=20 pp_next=28
GPU 25: pp_rank=2 pp_prev=21 pp_next=29
GPU 26: pp_rank=2 pp_prev=22 pp_next=30
GPU 27: pp_rank=2 pp_prev=23 pp_next=31
GPU 28: pp_rank=3 pp_prev=24 pp_next=-1
GPU 29: pp_rank=3 pp_prev=25 pp_next=-1
GPU 30: pp_rank=3 pp_prev=26 pp_next=-1
GPU 31: pp_rank=3 pp_prev=27 pp_next=-1
GPU 32: pp_rank=0 pp_prev=-1 pp_next=36
GPU 33: pp_rank=0 pp_prev=-1 pp_next=37
GPU 34: pp_rank=0 pp_prev=-1 pp_next=38
GPU 35: pp_rank=0 pp_prev=-1 pp_next=39
GPU 36: pp_rank=1 pp_prev=32 pp_next=40
GPU 37: pp_rank=1 pp_prev=33 pp_next=41
GPU 38: pp_rank=1 pp_prev=34 pp_next=42
GPU 39: pp_rank=1 pp_prev=35 pp_next=43
GPU 40: pp_rank=2 pp_prev=36 pp_next=44
GPU 41: pp_rank=2 pp_prev=37 pp_next=45
GPU 42: pp_rank=2 pp_prev=38 pp_next=46
GPU 43: pp_rank=2 pp_prev=39 pp_next=47
GPU 44: pp_rank=3 pp_prev=40 pp_next=-1
GPU 45: pp_rank=3 pp_prev=41 pp_next=-1
GPU 46: pp_rank=3 pp_prev=42 pp_next=-1
GPU 47: pp_rank=3 pp_prev=43 pp_next=-1
GPU 48: pp_rank=0 pp_prev=-1 pp_next=52
GPU 49: pp_rank=0 pp_prev=-1 pp_next=53
GPU 50: pp_rank=0 pp_prev=-1 pp_next=54
GPU 51: pp_rank=0 pp_prev=-1 pp_next=55
GPU 52: pp_rank=1 pp_prev=48 pp_next=56
GPU 53: pp_rank=1 pp_prev=49 pp_next=57
GPU 54: pp_rank=1 pp_prev=50 pp_next=58
GPU 55: pp_rank=1 pp_prev=51 pp_next=59
GPU 56: pp_rank=2 pp_prev=52 pp_next=60
GPU 57: pp_rank=2 pp_prev=53 pp_next=61
GPU 58: pp_rank=2 pp_prev=54 pp_next=62
GPU 59: pp_rank=2 pp_prev=55 pp_next=63
GPU 60: pp_rank=3 pp_prev=56 pp_next=-1
GPU 61: pp_rank=3 pp_prev=57 pp_next=-1
GPU 62: pp_rank=3 pp_prev=58 pp_next=-1
GPU 63: pp_rank=3 pp_prev=59 pp_next=-1
GPU 64: pp_rank=0 pp_prev=-1 pp_next=68
GPU 65: pp_rank=0 pp_prev=-1 pp_next=69
GPU 66: pp_rank=0 pp_prev=-1 pp_next=70
GPU 67: pp_rank=0 pp_prev=-1 pp_next=71
GPU 68: pp_rank=1 pp_prev=64 pp_next=72
GPU 69: pp_rank=1 pp_prev=65 pp_next=73
GPU 70: pp_rank=1 pp_prev=66 pp_next=74
GPU 71: pp_rank=1 pp_prev=67 pp_next=75
GPU 72: pp_rank=2 pp_prev=68 pp_next=76
GPU 73: pp_rank=2 pp_prev=69 pp_next=77
GPU 74: pp_rank=2 pp_prev=70 pp_next=78
GPU 75: pp_rank=2 pp_prev=71 pp_next=79
GPU 76: pp_rank=3 pp_prev=72 pp_next=-1
GPU 77: pp_rank=3 pp_prev=73 pp_next=-1
GPU 78: pp_rank=3 pp_prev=74 pp_next=-1
GPU 79: pp_rank=3 pp_prev=75 pp_next=-1
GPU 80: pp_rank=0 pp_prev=-1 pp_next=84
GPU 81: pp_rank=0 pp_prev=-1 pp_next=85
GPU 82: pp_rank=0 pp_prev=-1 pp_next=86
GPU 83: pp_rank=0 pp_prev=-1 pp_next=87
GPU 84: pp_rank=1 pp_prev=80 pp_next=88
GPU 85: pp_rank=1 pp_prev=81 pp_next=89
GPU 86: pp_rank=1 pp_prev=82 pp_next=90
GPU 87: pp_rank=1 pp_prev=83 pp_next=91
GPU 88: pp_rank=2 pp_prev=84 pp_next=92
GPU 89: pp_rank=2 pp_prev=85 pp_next=93
GPU 90: pp_rank=2 pp_prev=86 pp_next=94
GPU 91: pp_rank=2 pp_prev=87 pp_next=95
GPU 92: pp_rank=3 pp_prev=88 pp_next=-1
GPU 93: pp_rank=3 pp_prev=89 pp_next=-1
GPU 94: pp_rank=3 pp_prev=90 pp_next=-1
GPU 95: pp_rank=3 pp_prev=91 pp_next=-1
GPU 96: pp_rank=0 pp_prev=-1 pp_next=100
GPU 97: pp_rank=0 pp_prev=-1 pp_next=101
GPU 98: pp_rank=0 pp_prev=-1 pp_next=102
GPU 99: pp_rank=0 pp_prev=-1 pp_next=103
GPU 100: pp_rank=1 pp_prev=96 pp_next=104
GPU 101: pp_rank=1 pp_prev=97 pp_next=105
GPU 102: pp_rank=1 pp_prev=98 pp_next=106
GPU 103: pp_rank=1 pp_prev=99 pp_next=107
GPU 104: pp_rank=2 pp_prev=100 pp_next=108
GPU 105: pp_rank=2 pp_prev=101 pp_next=109
GPU 106: pp_rank=2 pp_prev=102 pp_next=110
GPU 107: pp_rank=2 pp_prev=103 pp_next=111
GPU 108: pp_rank=3 pp_prev=104 pp_next=-1
GPU 109: pp_rank=3 pp_prev=105 pp_next=-1
GPU 110: pp_rank=3 pp_prev=106 pp_next=-1
GPU 111: pp_rank=3 pp_prev=107 pp_next=-1
GPU 112: pp_rank=0 pp_prev=-1 pp_next=116
GPU 113: pp_rank=0 pp_prev=-1 pp_next=117
GPU 114: pp_rank=0 pp_prev=-1 pp_next=118
GPU 115: pp_rank=0 pp_prev=-1 pp_next=119
GPU 116: pp_rank=1 pp_prev=112 pp_next=120
GPU 117: pp_rank=1 pp_prev=113 pp_next=121
GPU 118: pp_rank=1 pp_prev=114 pp_next=122
GPU 119: pp_rank=1 pp_prev=115 pp_next=123
GPU 120: pp_rank=2 pp_prev=116 pp_next=124
GPU 121: pp_rank=2 pp_prev=117 pp_next=125
GPU 122: pp_rank=2 pp_prev=118 pp_next=126
GPU 123: pp_rank=2 pp_prev=119 pp_next=127
GPU 124: pp_rank=3 pp_prev=120 pp_next=-1
GPU 125: pp_rank=3 pp_prev=121 pp_next=-1
GPU 126: pp_rank=3 pp_prev=122 pp_next=-1
GPU 127: pp_rank=3 pp_prev=123 pp_next=-1
[htsim] Created 128 Sys instances
[htsim] Workloads fired
Running htsim simulation...
chunk size is: 548438016 , size is: 548438016 , layer_num is: 0 , node: 0
[DBG] gen_collective dim=0 nodes_in_dim=4 collective_type=2 chunk=548438016
[DBG] got queue 0
[DBG] phase created, final_data_size=2193752064
info: all-gather forward pass collective issued for layer: grad_norm, involved dimensions:  1, 0, 0, 0, 0, 0, 0, 0, 0, 0,
[SendFlow] NVLink: src=0 dst=1 size=34277376 com_type=2
[SendFlow] NVLink: src=0 dst=1 size=34277376 com_type=2
[SendFlow] NVLink: src=0 dst=1 size=34277376 com_type=2
[SendFlow] NVLink: src=0 dst=1 size=34277376 com_type=2
[SendFlow] NVLink: src=1 dst=2 size=34277376 com_type=2
***** info: fwd pass comm collective for layer: grad_norm is finished************
chunk size is: 131072 , size is: 131072 , layer_num is: 1 , node: 0
[DBG] gen_collective dim=0 nodes_in_dim=4 collective_type=3 chunk=131072
[DBG] got queue 0
[DBG] phase created, final_data_size=131072
info: all-reduce forward pass collective issued for layer: cross_entropy1, involved dimensions:  1, 0, 0, 0, 0, 0, 0, 0, 0, 0,
***** info: fwd pass comm collective for layer: cross_entropy1 is finished************
chunk size is: 131072 , size is: 131072 , layer_num is: 2 , node: 0
[DBG] gen_collective dim=0 nodes_in_dim=4 collective_type=3 chunk=131072
[DBG] got queue 0
[DBG] phase created, final_data_size=131072
info: all-reduce forward pass collective issued for layer: cross_entropy2, involved dimensions:  1, 0, 0, 0, 0, 0, 0, 0, 0, 0,
***** info: fwd pass comm collective for layer: cross_entropy2 is finished************
chunk size is: 131072 , size is: 131072 , layer_num is: 3 , node: 0
[DBG] gen_collective dim=0 nodes_in_dim=4 collective_type=3 chunk=131072
[DBG] got queue 0
[DBG] phase created, final_data_size=131072
info: all-reduce forward pass collective issued for layer: cross_entropy3, involved dimensions:  1, 0, 0, 0, 0, 0, 0, 0, 0, 0,
***** info: fwd pass comm collective for layer: cross_entropy3 is finished************
chunk size is: 4096 , size is: 4096 , layer_num is: 4 , node: 0
[DBG] gen_collective dim=0 nodes_in_dim=4 collective_type=3 chunk=4096
[DBG] got queue 0
[DBG] phase created, final_data_size=4096
info: all-reduce forward pass collective issued for layer: optimizer1, involved dimensions:  1, 0, 0, 0, 0, 0, 0, 0, 0, 0,
***** info: fwd pass comm collective for layer: optimizer1 is finished************
chunk size is: 4096 , size is: 4096 , layer_num is: 5 , node: 0
[DBG] gen_collective dim=0 nodes_in_dim=4 collective_type=3 chunk=4096
[DBG] got queue 0
[DBG] phase created, final_data_size=4096
info: all-reduce forward pass collective issued for layer: optimizer2, involved dimensions:  1, 0, 0, 0, 0, 0, 0, 0, 0, 0,
***** info: fwd pass comm collective for layer: optimizer2 is finished************
chunk size is: 4096 , size is: 4096 , layer_num is: 6 , node: 0
[DBG] gen_collective dim=0 nodes_in_dim=4 collective_type=3 chunk=4096
[DBG] got queue 0
[DBG] phase created, final_data_size=4096
info: all-reduce forward pass collective issued for layer: optimizer3, involved dimensions:  1, 0, 0, 0, 0, 0, 0, 0, 0, 0,
***** info: fwd pass comm collective for layer: optimizer3 is finished************
chunk size is: 4096 , size is: 4096 , layer_num is: 7 , node: 0
[DBG] gen_collective dim=0 nodes_in_dim=4 collective_type=3 chunk=4096
[DBG] got queue 0
[DBG] phase created, final_data_size=4096
info: all-reduce forward pass collective issued for layer: optimizer4, involved dimensions:  1, 0, 0, 0, 0, 0, 0, 0, 0, 0,
***** info: fwd pass comm collective for layer: optimizer4 is finished************
[SendFlow] ECS: src=7(m0) dst=11(m1) size=67108864 com_type=0
[SendFlow] Route debug: src=7 dst=11 ocs=0 routeout_size=6 routein_size=6
[SendFlow] ECS: src=6(m0) dst=10(m1) size=67108864 com_type=0
[SendFlow] Route debug: src=6 dst=10 ocs=0 routeout_size=6 routein_size=6
[SendFlow] ECS: src=5(m0) dst=9(m1) size=67108864 com_type=0
[SendFlow] Route debug: src=5 dst=9 ocs=0 routeout_size=6 routein_size=6
[SendFlow] ECS: src=4(m0) dst=8(m1) size=67108864 com_type=0
[SendFlow] Route debug: src=4 dst=8 ocs=0 routeout_size=6 routein_size=6
[SendFlow] ECS: src=23(m2) dst=27(m3) size=67108864 com_type=0
[SendFlow] Route debug: src=23 dst=27 ocs=0 routeout_size=6 routein_size=6
[SendFlow] ECS: src=22(m2) dst=26(m3) size=67108864 com_type=0
[SendFlow] ECS: src=21(m2) dst=25(m3) size=67108864 com_type=0
[SendFlow] ECS: src=20(m2) dst=24(m3) size=67108864 com_type=0
[SendFlow] ECS: src=39(m4) dst=43(m5) size=67108864 com_type=0
[SendFlow] ECS: src=38(m4) dst=42(m5) size=67108864 com_type=0
info: no input grad collective for layer: optimizer4
info: no weight grad collective for layer: optimizer4
info: no input grad collective for layer: optimizer3
info: no weight grad collective for layer: optimizer3
info: no input grad collective for layer: optimizer2
info: no weight grad collective for layer: optimizer2
info: no input grad collective for layer: optimizer1
info: no weight grad collective for layer: optimizer1
info: no input grad collective for layer: cross_entropy3
info: no weight grad collective for layer: cross_entropy3
info: no input grad collective for layer: cross_entropy2
info: no weight grad collective for layer: cross_entropy2
info: no input grad collective for layer: cross_entropy1
info: no weight grad collective for layer: cross_entropy1
info: no input grad collective for layer: grad_norm
chunk size is: 1096876032 , size is: 1096876032 , layer_num is: 0 , node: 0
[DBG] gen_collective dim=1 nodes_in_dim=32 collective_type=1 chunk=1096876032
[DBG] got queue 1
[DBG] phase created, final_data_size=34277376
info: reduce-scatter weight grad collective issued for layer: grad_norm, involved dimensions:  0, 1, 1, 1, 1, 1, 1, 1, 1, 1,
pass: 0 finished at time: 916705
AtAt 91 RTO 1 MDEV 0 RTT 0 SEQ 0 HSENT 1 CWND 100 FAST RECOVERY? 0 Flow ID tcp SRC 70 DST 8******* info: weight gradient collective for layer: grad_norm is finished************
chunk size is: 548438016 , size is: 548438016 , layer_num is: 0 , node: 0
[DBG] gen_collective dim=0 nodes_in_dim=4 collective_type=2 chunk=548438016
[DBG] got queue 0
[DBG] phase created, final_data_size=2193752064
info: all-gather forward pass collective issued for layer: grad_norm, involved dimensions:  1, 0, 0, 0, 0, 0, 0, 0, 0, 0******* info: fwd pass comm collective for layer: grad_norm is finished************
chunk size is: 131072 , size is: 131072 , layer_num is: 1 , node: 0
[DBG] gen_collective dim=0 nodes_in_dim=4 collective_type=3 chunk=131072
[DBG] got queue 0
[DBG] phase created, final_data_size=131072
info: all-reduce forward pass collective issued for layer: cross_entropy1, involved dimensions:  1, 0, 0, 0, 0, 0, 0, 0, 0, 0******* info: fwd pass comm collective for layer: cross_entropy1 is finished************
chunk size is: 131072 , size is: 131072 , layer_num is: 2 , node: 0
[DBG] gen_collective dim=0 nodes_in_dim=4 collective_type=3 chunk=131072
[DBG] got queue 0
[DBG] phase created, final_data_size=131072
info: all-reduce forward pass collective issued for layer: cross_entropy2, involved dimensions:  1, 0, 0, 0, 0, 0, 0, 0, 0, 0,
***** info: fwd pass comm collective for layer: cross_entropy2 is finished************
chunk size is: 131072 , size is: 131072 , layer_num is: 3 , node: 0
[DBG] gen_collective dim=0 nodes_in_dim=4 collective_type=3 chunk=131072
[DBG] got queue 0
[DBG] phase created, final_data_size=131072
info: all-reduce forward pass collective issued for layer: cross_entropy3, involved dimensions:  1, 0, 0, 0, 0, 0, 0, 0, 0, 0,
***** info: fwd pass comm collective for layer: cross_entropy3 is finished************
chunk size is: 4096 , size is: 4096 , layer_num is: 4 , node: 0
[DBG] gen_collective dim=0 nodes_in_dim=4 collective_type=3 chunk=4096
[DBG] got queue 0
[DBG] phase created, final_data_size=4096
info: all-reduce forward pass collective issued for layer: optimizer1, involved dimensions:  1, 0, 0, 0, 0, 0, 0, 0, 0, 0,
***** info: fwd pass comm collective for layer: optimizer1 is finished************
chunk size is: 4096 , size is: 4096 , layer_num is: 5 , node: 0
[DBG] gen_collective dim=0 nodes_in_dim=4 collective_type=3 chunk=4096
[DBG] got queue 0
[DBG] phase created, final_data_size=4096
info: all-reduce forward pass collective issued for layer: optimizer2, involved dimensions:  1, 0, 0, 0, 0, 0, 0, 0, 0, 0,
***** info: fwd pass comm collective for layer: optimizer2 is finished************
chunk size is: 4096 , size is: 4096 , layer_num is: 6 , node: 0
[DBG] gen_collective dim=0 nodes_in_dim=4 collective_type=3 chunk=4096
[DBG] got queue 0
[DBG] phase created, final_data_size=4096
info: all-reduce forward pass collective issued for layer: optimizer3, involved dimensions:  1, 0, 0, 0, 0, 0, 0, 0, 0, 0,
***** info: fwd pass comm collective for layer: optimizer3 is finished************
chunk size is: 4096 , size is: 4096 , layer_num is: 7 , node: 0
[DBG] gen_collective dim=0 nodes_in_dim=4 collective_type=3 chunk=4096
[DBG] got queue 0
[DBG] phase created, final_data_size=4096
info: all-reduce forward pass collective issued for layer: optimizer4, involved dimensions:  1, 0, 0, 0, 0, 0, 0, 0, 0, 0,
***** info: fwd pass comm collective for layer: optimizer4 is finished************
info: no input grad collective for layer: optimizer4
info: no weight grad collective for layer: optimizer4
info: no input grad collective for layer: optimizer3
info: no weight grad collective for layer: optimizer3
info: no input grad collective for layer: optimizer2
info: no weight grad collective for layer: optimizer2
info: no input grad collective for layer: optimizer1
info: no weight grad collective for layer: optimizer1
info: no input grad collective for layer: cross_entropy3
info: no weight grad collective for layer: cross_entropy3
info: no input grad collective for layer: cross_entropy2
info: no weight grad collective for layer: cross_entropy2
info: no input grad collective for layer: cross_entropy1
info: no weight grad collective for layer: cross_entropy1
info: no input grad collective for layer: grad_norm
chunk size is: 1096876032 , size is: 1096876032 , layer_num is: 0 , node: 0
[DBG] gen_collective dim=1 nodes_in_dim=32 collective_type=1 chunk=1096876032
[DBG] got queue 1
[DBG] phase created, final_data_size=34277376
info: reduce-scatter weight grad collective issued for layer: grad_norm, involved dimensions:  0, 1, 1, 1, 1, 1, 1, 1, 1, 1,
pass: 1 finished at time: 9706488AtAt 132 RTO 1 MDEV 0 RTT 0 SEQ 0 HSENT 1 CWND 100 FAST RECOVERY? 0 Flow ID tcp SRC 117 DST 5
At 132 RTO 1 MDEV 0 RTT 0 SEQ 0 HSENT 1 CWND 100 FAST RECOVERY? 0 Flow ID tcp SRC 118 DST 6
At 132 RTO 1 MDEV 0 RTT 0 SEQ 0 HSENT 1 CWND 100 FAST RECOVERY? 0 Flow ID tcp SRC 113 DST 1
At 132 RTO 1 MDEV 0 RTT 0 SEQ 0 HSENT 1 CWND 100 FAST RECOVERY? 0 Flow ID tcp SRC 116 DST AtAt 134 RTO 1 MDEV 0 RTT 0 SEQ 0 HSENT 1 CWND 100 FAST RECOVERY? 0 Flow ID tcp SRC 118 DST AtAt 162 RTO 1 MDEV 0 RTT 0 SEQ 0 HSENT 1 CWND 100 FAST RECOVERY? 0 Flow ID tcp SRC 4 DST 2******* info: weight gradient collective for layer: grad_norm is finished************
chunk size is: 548438016 , size is: 548438016 , layer_num is: 0 , node: 0
[DBG] gen_collective dim=0 nodes_in_dim=4 collective_type=2 chunk=548438016
[DBG] got queue 0
[DBG] phase created, final_data_size=2193752064
info: all-gather forward pass collective issued for layer: grad_norm, involved dimensions:  1, 0, 0, 0, 0, 0, 0, 0, 0, 0AtAt 191 RTO 1 MDEV 0 RTT 0 SEQ 0 HSENT 1 CWND 100 FAST RECOVERY? 0 Flow ID tcp SRC 91 DST 10AtAt 193 RTO 1 MDEV 0 RTT 0 SEQ 0 HSENT 1 CWND 100 FAST RECOVERY? 0 Flow ID tcp SRC 93 DST 109
At 193 RTO 1 MDEV 0 RTT 0 SEQ 0 HSENT 1 CWND 100 FAST RECOVERY? 0 Flow ID tcp SRC 88 DST 10******* info: fwd pass comm collective for layer: grad_norm is finished************
chunk size is: 131072 , size is: 131072 , layer_num is: 1 , node: 0
[DBG] gen_collective dim=0 nodes_in_dim=4 collective_type=3 chunk=131072
[DBG] got queue 0
[DBG] phase created, final_data_size=131072
info: all-reduce forward pass collective issued for layer: cross_entropy1, involved dimensions:  1, 0, 0, 0, 0, 0, 0, 0, 0, 0,
***** info: fwd pass comm collective for layer: cross_entropy1 is finished************
chunk size is: 131072 , size is: 131072 , layer_num is: 2 , node: 0
[DBG] gen_collective dim=0 nodes_in_dim=4 collective_type=3 chunk=131072
[DBG] got queue 0
[DBG] phase created, final_data_size=131072
info: all-reduce forward pass collective issued for layer: cross_entropy2, involved dimensions:  1, 0, 0, 0, 0, 0, 0, 0, 0, 0,
***** info: fwd pass comm collective for layer: cross_entropy2 is finished************
chunk size is: 131072 , size is: 131072 , layer_num is: 3 , node: 0
[DBG] gen_collective dim=0 nodes_in_dim=4 collective_type=3 chunk=131072
[DBG] got queue 0
[DBG] phase created, final_data_size=131072
info: all-reduce forward pass collective issued for layer: cross_entropy3, involved dimensions:  1, 0, 0, 0, 0, 0, 0, 0, 0, 0,
***** info: fwd pass comm collective for layer: cross_entropy3 is finished************
chunk size is: 4096 , size is: 4096 , layer_num is: 4 , node: 0
[DBG] gen_collective dim=0 nodes_in_dim=4 collective_type=3 chunk=4096
[DBG] got queue 0
[DBG] phase created, final_data_size=4096
info: all-reduce forward pass collective issued for layer: optimizer1, involved dimensions:  1, 0, 0, 0, 0, 0, 0, 0, 0, 0,
***** info: fwd pass comm collective for layer: optimizer1 is finished************
chunk size is: 4096 , size is: 4096 , layer_num is: 5 , node: 0
[DBG] gen_collective dim=0 nodes_in_dim=4 collective_type=3 chunk=4096
[DBG] got queue 0
[DBG] phase created, final_data_size=4096
info: all-reduce forward pass collective issued for layer: optimizer2, involved dimensions:  1, 0, 0, 0, 0, 0, 0, 0, 0, 0,
***** info: fwd pass comm collective for layer: optimizer2 is finished************
chunk size is: 4096 , size is: 4096 , layer_num is: 6 , node: 0
[DBG] gen_collective dim=0 nodes_in_dim=4 collective_type=3 chunk=4096
[DBG] got queue 0
[DBG] phase created, final_data_size=4096
info: all-reduce forward pass collective issued for layer: optimizer3, involved dimensions:  1, 0, 0, 0, 0, 0, 0, 0, 0, 0,
***** info: fwd pass comm collective for layer: optimizer3 is finished************
chunk size is: 4096 , size is: 4096 , layer_num is: 7 , node: 0
[DBG] gen_collective dim=0 nodes_in_dim=4 collective_type=3 chunk=4096
[DBG] got queue 0
[DBG] phase created, final_data_size=4096
info: all-reduce forward pass collective issued for layer: optimizer4, involved dimensions:  1, 0, 0, 0, 0, 0, 0, 0, 0, 0,
***** info: fwd pass comm collective for layer: optimizer4 is finished************
info: no input grad collective for layer: optimizer4
info: no weight grad collective for layer: optimizer4
info: no input grad collective for layer: optimizer3
info: no weight grad collective for layer: optimizer3
info: no input grad collective for layer: optimizer2
info: no weight grad collective for layer: optimizer2
info: no input grad collective for layer: optimizer1
info: no weight grad collective for layer: optimizer1
info: no input grad collective for layer: cross_entropy3
info: no weight grad collective for layer: cross_entropy3
info: no input grad collective for layer: cross_entropy2
info: no weight grad collective for layer: cross_entropy2
info: no input grad collective for layer: cross_entropy1
info: no weight grad collective for layer: cross_entropy1
info: no input grad collective for layer: grad_norm
chunk size is: 1096876032 , size is: 1096876032 , layer_num is: 0 , node: 0
[DBG] gen_collective dim=1 nodes_in_dim=32 collective_type=1 chunk=1096876032
[DBG] got queue 1
[DBG] phase created, final_data_size=34277376
info: reduce-scatter weight grad collective issued for layer: grad_norm, involved dimensions:  0, 1, 1, 1, 1, 1, 1, 1, 1, 1,
pass: 2 finished at time: 20781813AtAt 220 RTO 1 MDEV 0 RTT 0 SEQ 0 HSENT 1 CWND 100 FAST RECOVERY? 0 Flow ID tcp SRC 101 DST 11AtAt 298 RTO 1 MDEV 0 RTT 0 SEQ 0 HSENT 1 CWND 100 FAST RECOVERY? 0 Flow ID tcp SRC 121 DST AtAt 300 RTO 1 MDEV 0 RTT 0 SEQ 0 HSENT 1 CWND 100 FAST RECOVERY? 0 Flow ID tcp SRC 124 DST 1AtAt 301 RTO 1 MDEV 0 RTT 0 SEQ 0 HSENT 1 CWND 100 FAST RECOVERY? 0 Flow ID tcp SRC 121 DST ******* info: weight gradient collective for layer: grad_norm is finished************
chunk size is: 548438016 , size is: 548438016 , layer_num is: 0 , node: 0
[DBG] gen_collective dim=0 nodes_in_dim=4 collective_type=2 chunk=548438016
[DBG] got queue 0
[DBG] phase created, final_data_size=2193752064
info: all-gather forward pass collective issued for layer: grad_norm, involved dimensions:  1, 0, 0, 0, 0, 0, 0, 0, 0, 0******* info: fwd pass comm collective for layer: grad_norm is finished************
chunk size is: 131072 , size is: 131072 , layer_num is: 1 , node: 0
[DBG] gen_collective dim=0 nodes_in_dim=4 collective_type=3 chunk=131072
[DBG] got queue 0
[DBG] phase created, final_data_size=131072
info: all-reduce forward pass collective issued for layer: cross_entropy1, involved dimensions:  1, 0, 0, 0, 0, 0, 0, 0, 0, 0AtAt 342 RTO 1 MDEV 0 RTT 0 SEQ 0 HSENT 1 CWND 100 FAST RECOVERY? 0 Flow ID tcp SRC 30 DST 46
At 342 RTO 1 MDEV 0 RTT 0 SEQ 0 HSENT 1 CWND 100 FAST RECOVERY? 0 Flow ID tcp SRC 29 DST 45
At 342 RTO 1 MDEV 0 RTT 0 SEQ 0 HSENT 1 CWND 100 FAST RECOVERY? 0 Flow ID tcp SRC 28 DST 44
***** info: fwd pass comm collective for layer: cross_entropy1 is finished************
chunk size is: 131072 , size is: 131072 , layer_num is: 2 , node: 0
[DBG] gen_collective dim=0 nodes_in_dim=4 collective_type=3 chunk=131072
[DBG] got queue 0
[DBG] phase created, final_data_size=131072
info: all-reduce forward pass collective issued for layer: cross_entropy2, involved dimensions:  1, 0, 0, 0, 0, 0, 0, 0, 0, 0,
***** info: fwd pass comm collective for layer: cross_entropy2 is finished************
chunk size is: 131072 , size is: 131072 , layer_num is: 3 , node: 0
[DBG] gen_collective dim=0 nodes_in_dim=4 collective_type=3 chunk=131072
[DBG] got queue 0
[DBG] phase created, final_data_size=131072
info: all-reduce forward pass collective issued for layer: cross_entropy3, involved dimensions:  1, 0, 0, 0, 0, 0, 0, 0, 0, 0,
***** info: fwd pass comm collective for layer: cross_entropy3 is finished************
chunk size is: 4096 , size is: 4096 , layer_num is: 4 , node: 0
[DBG] gen_collective dim=0 nodes_in_dim=4 collective_type=3 chunk=4096
[DBG] got queue 0
[DBG] phase created, final_data_size=4096
info: all-reduce forward pass collective issued for layer: optimizer1, involved dimensions:  1, 0, 0, 0, 0, 0, 0, 0, 0, 0,
***** info: fwd pass comm collective for layer: optimizer1 is finished************
chunk size is: 4096 , size is: 4096 , layer_num is: 5 , node: 0
[DBG] gen_collective dim=0 nodes_in_dim=4 collective_type=3 chunk=4096
[DBG] got queue 0
[DBG] phase created, final_data_size=4096
info: all-reduce forward pass collective issued for layer: optimizer2, involved dimensions:  1, 0, 0, 0, 0, 0, 0, 0, 0, 0,
***** info: fwd pass comm collective for layer: optimizer2 is finished************
chunk size is: 4096 , size is: 4096 , layer_num is: 6 , node: 0
[DBG] gen_collective dim=0 nodes_in_dim=4 collective_type=3 chunk=4096
[DBG] got queue 0
[DBG] phase created, final_data_size=4096
info: all-reduce forward pass collective issued for layer: optimizer3, involved dimensions:  1, 0, 0, 0, 0, 0, 0, 0, 0, 0,
***** info: fwd pass comm collective for layer: optimizer3 is finished************
chunk size is: 4096 , size is: 4096 , layer_num is: 7 , node: 0
[DBG] gen_collective dim=0 nodes_in_dim=4 collective_type=3 chunk=4096
[DBG] got queue 0
[DBG] phase created, final_data_size=4096
info: all-reduce forward pass collective issued for layer: optimizer4, involved dimensions:  1, 0, 0, 0, 0, 0, 0, 0, 0, 0,
***** info: fwd pass comm collective for layer: optimizer4 is finished************
info: no input grad collective for layer: optimizer4
info: no weight grad collective for layer: optimizer4
info: no input grad collective for layer: optimizer3
info: no weight grad collective for layer: optimizer3
info: no input grad collective for layer: optimizer2
info: no weight grad collective for layer: optimizer2
info: no input grad collective for layer: optimizer1
info: no weight grad collective for layer: optimizer1
info: no input grad collective for layer: cross_entropy3
info: no weight grad collective for layer: cross_entropy3
info: no input grad collective for layer: cross_entropy2
info: no weight grad collective for layer: cross_entropy2
info: no input grad collective for layer: cross_entropy1
info: no weight grad collective for layer: cross_entropy1
info: no input grad collective for layer: grad_norm
chunk size is: 1096876032 , size is: 1096876032 , layer_num is: 0 , node: 0
[DBG] gen_collective dim=1 nodes_in_dim=32 collective_type=1 chunk=1096876032
[DBG] got queue 1
[DBG] phase created, final_data_size=34277376
info: reduce-scatter weight grad collective issued for layer: grad_norm, involved dimensions:  0, 1, 1, 1, 1, 1, 1, 1, 1, 1,
pass: 3 finished at time: 34202332AtAt 343 RTO 1 MDEV 0 RTT 0 SEQ 0 HSENT 1 CWND 100 FAST RECOVERY? 0 Flow ID tcp SRC 31 DST 4AtAt 362 RTO 1 MDEV 0 RTT 0 SEQ 0 HSENT 1 CWND 100 FAST RECOVERY? 0 Flow ID tcp SRC 59 DST 7******* info: weight gradient collective for layer: grad_norm is finished************
chunk size is: 548438016 , size is: 548438016 , layer_num is: 0 , node: 0
[DBG] gen_collective dim=0 nodes_in_dim=4 collective_type=2 chunk=548438016
[DBG] got queue 0
[DBG] phase created, final_data_size=2193752064
info: all-gather forward pass collective issued for layer: grad_norm, involved dimensions:  1, 0, 0, 0, 0, 0, 0, 0, 0, 0******* info: fwd pass comm collective for layer: grad_norm is finished************
chunk size is: 131072 , size is: 131072 , layer_num is: 1 , node: 0
[DBG] gen_collective dim=0 nodes_in_dim=4 collective_type=3 chunk=131072
[DBG] got queue 0
[DBG] phase created, final_data_size=131072
info: all-reduce forward pass collective issued for layer: cross_entropy1, involved dimensions:  1, 0, 0, 0, 0, 0, 0, 0, 0, 0,
***** info: fwd pass comm collective for layer: cross_entropy1 is finished************
chunk size is: 131072 , size is: 131072 , layer_num is: 2 , node: 0
[DBG] gen_collective dim=0 nodes_in_dim=4 collective_type=3 chunk=131072
[DBG] got queue 0
[DBG] phase created, final_data_size=131072
info: all-reduce forward pass collective issued for layer: cross_entropy2, involved dimensions:  1, 0, 0, 0, 0, 0, 0, 0, 0, 0,
***** info: fwd pass comm collective for layer: cross_entropy2 is finished************
chunk size is: 131072 , size is: 131072 , layer_num is: 3 , node: 0
[DBG] gen_collective dim=0 nodes_in_dim=4 collective_type=3 chunk=131072
[DBG] got queue 0
[DBG] phase created, final_data_size=131072
info: all-reduce forward pass collective issued for layer: cross_entropy3, involved dimensions:  1, 0, 0, 0, 0, 0, 0, 0, 0, 0,
***** info: fwd pass comm collective for layer: cross_entropy3 is finished************
chunk size is: 4096 , size is: 4096 , layer_num is: 4 , node: 0
[DBG] gen_collective dim=0 nodes_in_dim=4 collective_type=3 chunk=4096
[DBG] got queue 0
[DBG] phase created, final_data_size=4096
info: all-reduce forward pass collective issued for layer: optimizer1, involved dimensions:  1, 0, 0, 0, 0, 0, 0, 0, 0, 0,
***** info: fwd pass comm collective for layer: optimizer1 is finished************
chunk size is: 4096 , size is: 4096 , layer_num is: 5 , node: 0
[DBG] gen_collective dim=0 nodes_in_dim=4 collective_type=3 chunk=4096
[DBG] got queue 0
[DBG] phase created, final_data_size=4096
info: all-reduce forward pass collective issued for layer: optimizer2, involved dimensions:  1, 0, 0, 0, 0, 0, 0, 0, 0, 0,
***** info: fwd pass comm collective for layer: optimizer2 is finished************
chunk size is: 4096 , size is: 4096 , layer_num is: 6 , node: 0
[DBG] gen_collective dim=0 nodes_in_dim=4 collective_type=3 chunk=4096
[DBG] got queue 0
[DBG] phase created, final_data_size=4096
info: all-reduce forward pass collective issued for layer: optimizer3, involved dimensions:  1, 0, 0, 0, 0, 0, 0, 0, 0, 0,
***** info: fwd pass comm collective for layer: optimizer3 is finished************
chunk size is: 4096 , size is: 4096 , layer_num is: 7 , node: 0
[DBG] gen_collective dim=0 nodes_in_dim=4 collective_type=3 chunk=4096
[DBG] got queue 0
[DBG] phase created, final_data_size=4096
info: all-reduce forward pass collective issued for layer: optimizer4, involved dimensions:  1, 0, 0, 0, 0, 0, 0, 0, 0, 0,
***** info: fwd pass comm collective for layer: optimizer4 is finished************
info: no input grad collective for layer: optimizer4
info: no weight grad collective for layer: optimizer4
info: no input grad collective for layer: optimizer3
info: no weight grad collective for layer: optimizer3
info: no input grad collective for layer: optimizer2
info: no weight grad collective for layer: optimizer2
info: no input grad collective for layer: optimizer1
info: no weight grad collective for layer: optimizer1
info: no input grad collective for layer: cross_entropy3
info: no weight grad collective for layer: cross_entropy3
info: no input grad collective for layer: cross_entropy2
info: no weight grad collective for layer: cross_entropy2
info: no input grad collective for layer: cross_entropy1
info: no weight grad collective for layer: cross_entropy1
info: no input grad collective for layer: grad_norm
chunk size is: 1096876032 , size is: 1096876032 , layer_num is: 0 , node: 0
[DBG] gen_collective dim=1 nodes_in_dim=32 collective_type=1 chunk=1096876032
[DBG] got queue 1
[DBG] phase created, final_data_size=34277376
info: reduce-scatter weight grad collective issued for layer: grad_norm, involved dimensions:  0, 1, 1, 1, 1, 1, 1, 1, 1, 1,
pass: 4 finished at time: 44039996AtAt 448 RTO 1 MDEV 0 RTT 0 SEQ 0 HSENT 1 CWND 100 FAST RECOVERY? 0 Flow ID tcp SRC 49 DST 65
At 448 RTO 1 MDEV 0 RTT 0 SEQ 0 HSENT 1 CWND 100 FAST RECOVERY? 0 Flow ID tcp SRC 51 DST 67
At 448 RTO 1 MDEV 0 RTT 0 SEQ 0 HSENT 1 CWND 100 FAST RECOVERY? 0 Flow ID tcp SRC 50 DST 66
At 448 RTO 1 MDEV 0 RTT 0 SEQ 0 HSENT 1 CWND 100 FAST RECOVERY? 0 Flow ID tcp SRC 48 DST 6AtAt 501 RTO 1 MDEV 0 RTT 0 SEQ 0 HSENT 1 CWND 100 FAST RECOVERY? 0 Flow ID tcp SRC 76 DST 9AtAt 546 RTO 1 MDEV 0 RTT 0 SEQ 0 HSENT 1 CWND 100 FAST RECOVERY? 0 Flow ID tcp SRC 110 DST 12AtAt 551 RTO 1 MDEV 0 RTT 0 SEQ 0 HSENT 1 CWND 100 FAST RECOVERY? 0 Flow ID tcp SRC 106 DST 122
At 551 RTO 1 MDEV 0 RTT 0 SEQ 0 HSENT 1 CWND 100 FAST RECOVERY? 0 Flow ID tcp SRC 106 DST 122
At 551 RTO 1 MDEV 0 RTT 0 SEQ 0 HSENT 1 CWND 100 FAST RECOVERY? 0 Flow ID tcp SRC 106 DST 12******* info: weight gradient collective for layer: grad_norm is finished************
workload stats for the job scheduled at NPU offset: 0
*******************
Layer id: grad_norm
Total collectives issued for this layer: 10
*************************  Workload stats  ************************* grad_norm
id: grad_norm ,Total cycles spent on fwd pass compute: 5
id: grad_norm ,Total cycles spent on weight grad compute: 5
id: grad_norm ,Total cycles spent on input grad compute: 5
id: grad_norm ,Total cycles spent idle waiting for fwd finish: 31670331
id: grad_norm ,Total cycles spent idle waiting for weight grad finish: 522164670
id: grad_norm ,Total cycles spent idle waiting for input grad finish: 0
id: grad_norm ,Total cycles spent on fwd pass comm: 31670331
id: grad_norm ,Total cycles spent on weight grad comm: 541763442
id: grad_norm ,Total cycles spent on input grad comm: 0
*******************
Layer id: cross_entropy1
Total collectives issued for this layer: 5
*************************  Workload stats  ************************* cross_entropy1
id: cross_entropy1 ,Total cycles spent on fwd pass compute: 0
id: cross_entropy1 ,Total cycles spent on weight grad compute: 0
id: cross_entropy1 ,Total cycles spent on input grad compute: 0
id: cross_entropy1 ,Total cycles spent idle waiting for fwd finish: 1221590
id: cross_entropy1 ,Total cycles spent idle waiting for weight grad finish: 0
id: cross_entropy1 ,Total cycles spent idle waiting for input grad finish: 0
id: cross_entropy1 ,Total cycles spent on fwd pass comm: 1221590
id: cross_entropy1 ,Total cycles spent on weight grad comm: 0
id: cross_entropy1 ,Total cycles spent on input grad comm: 0
*******************
Layer id: cross_entropy2
Total collectives issued for this layer: 5
*************************  Workload stats  ************************* cross_entropy2
id: cross_entropy2 ,Total cycles spent on fwd pass compute: 0
id: cross_entropy2 ,Total cycles spent on weight grad compute: 0
id: cross_entropy2 ,Total cycles spent on input grad compute: 0
id: cross_entropy2 ,Total cycles spent idle waiting for fwd finish: 3130
id: cross_entropy2 ,Total cycles spent idle waiting for weight grad finish: 0
id: cross_entropy2 ,Total cycles spent idle waiting for input grad finish: 0
id: cross_entropy2 ,Total cycles spent on fwd pass comm: 3130
id: cross_entropy2 ,Total cycles spent on weight grad comm: 0
id: cross_entropy2 ,Total cycles spent on input grad comm: 0
*******************
Layer id: cross_entropy3
Total collectives issued for this layer: 5
*************************  Workload stats  ************************* cross_entropy3
id: cross_entropy3 ,Total cycles spent on fwd pass compute: 0
id: cross_entropy3 ,Total cycles spent on weight grad compute: 0
id: cross_entropy3 ,Total cycles spent on input grad compute: 0
id: cross_entropy3 ,Total cycles spent idle waiting for fwd finish: 2985
id: cross_entropy3 ,Total cycles spent idle waiting for weight grad finish: 0
id: cross_entropy3 ,Total cycles spent idle waiting for input grad finish: 0
id: cross_entropy3 ,Total cycles spent on fwd pass comm: 2985
id: cross_entropy3 ,Total cycles spent on weight grad comm: 0
id: cross_entropy3 ,Total cycles spent on input grad comm: 0
*******************
Layer id: optimizer1
Total collectives issued for this layer: 5
*************************  Workload stats  ************************* optimizer1
id: optimizer1 ,Total cycles spent on fwd pass compute: 0
id: optimizer1 ,Total cycles spent on weight grad compute: 0
id: optimizer1 ,Total cycles spent on input grad compute: 0
id: optimizer1 ,Total cycles spent idle waiting for fwd finish: 867
id: optimizer1 ,Total cycles spent idle waiting for weight grad finish: 0
id: optimizer1 ,Total cycles spent idle waiting for input grad finish: 0
id: optimizer1 ,Total cycles spent on fwd pass comm: 867
id: optimizer1 ,Total cycles spent on weight grad comm: 0
id: optimizer1 ,Total cycles spent on input grad comm: 0
*******************
Layer id: optimizer2
Total collectives issued for this layer: 5
*************************  Workload stats  ************************* optimizer2
id: optimizer2 ,Total cycles spent on fwd pass compute: 0
id: optimizer2 ,Total cycles spent on weight grad compute: 0
id: optimizer2 ,Total cycles spent on input grad compute: 0
id: optimizer2 ,Total cycles spent idle waiting for fwd finish: 870
id: optimizer2 ,Total cycles spent idle waiting for weight grad finish: 0
id: optimizer2 ,Total cycles spent idle waiting for input grad finish: 0
id: optimizer2 ,Total cycles spent on fwd pass comm: 870
id: optimizer2 ,Total cycles spent on weight grad comm: 0
id: optimizer2 ,Total cycles spent on input grad comm: 0
*******************
Layer id: optimizer3
Total collectives issued for this layer: 5
*************************  Workload stats  ************************* optimizer3
id: optimizer3 ,Total cycles spent on fwd pass compute: 0
id: optimizer3 ,Total cycles spent on weight grad compute: 0
id: optimizer3 ,Total cycles spent on input grad compute: 0
id: optimizer3 ,Total cycles spent idle waiting for fwd finish: 867
id: optimizer3 ,Total cycles spent idle waiting for weight grad finish: 0
id: optimizer3 ,Total cycles spent idle waiting for input grad finish: 0
id: optimizer3 ,Total cycles spent on fwd pass comm: 867
id: optimizer3 ,Total cycles spent on weight grad comm: 0
id: optimizer3 ,Total cycles spent on input grad comm: 0
*******************
Layer id: optimizer4
Total collectives issued for this layer: 5
*************************  Workload stats  ************************* optimizer4
id: optimizer4 ,Total cycles spent on fwd pass compute: 0
id: optimizer4 ,Total cycles spent on weight grad compute: 0
id: optimizer4 ,Total cycles spent on input grad compute: 0
id: optimizer4 ,Total cycles spent idle waiting for fwd finish: 868
id: optimizer4 ,Total cycles spent idle waiting for weight grad finish: 0
id: optimizer4 ,Total cycles spent idle waiting for input grad finish: 0
id: optimizer4 ,Total cycles spent on fwd pass comm: 868
id: optimizer4 ,Total cycles spent on weight grad comm: 0
id: optimizer4 ,Total cycles spent on input grad comm: 0
*************************
all passes finished at time: 574665085, id of first layer: grad_norm
*****
Time to exit: Wed Apr 15 13:40:45 2026
all-reduce Collective implementation: NcclFlowModel
reduce-scatter Collective implementation: NcclFlowModel
all-gather Collective implementation: NcclFlowModel
all-to-all Collective implementation: NcclFlowModel
Collective optimization: baseline
Total sim duration: 0:48 hours
Total streams injected: 45
Total streams finished: 45
Percentage of finished streams: 100 %
****[h[htsim] sim_finish called by node 26
Simulation complete. Total events: 4146802009
Final time: 582.977 ms (0.582977 s)

======== Flow Statistics ========
Network flows: 4768 (633577930752 bytes)
NVLink flows:  115776 (302298169344 bytes)

======== Retransmission Statistics ========
RTO: 1 ms
Total packets sent: 633994051500
Total retransmissions: 0
Retransmission rate: 0%
TCP flows tracked: 4771
============================================
========================================

======== Traffic by Collective Type ========
  None: flows=864 bytes=57982058496 (55296 MB, 6.19548%)
  ReduceScatter: flows=4480 bytes=614250577920 (585795 MB, 65.6337%)
  AllGather: flows=7680 bytes=263250247680 (251055 MB, 28.1287%)
  AllReduce: flows=107520 bytes=393216000 (375 MB, 0.0420158%)
[htsim] sim_finish called by node 0
[htsim] sim_finish called by node 1
[htsim] sim_finish called by node 2
[htsim] sim_finish called by node 3
[htsim] sim_finish called by node 4
[htsim] sim_finish called by node 5
[htsim] sim_finish called by node 6
[htsim] sim_finish called by node 7
[htsim] sim_finish called by node 8
[htsim] sim_finish called by node 9
[htsim] sim_finish called by node 10
[htsim] sim_finish called by node 11
[htsim] sim_finish called by node 12
[htsim] sim_finish called by node 13
[htsim] sim_finish called by node 14
[htsim] sim_finish called by node 15
[htsim] sim_finish called by node 16
[htsim] sim_finish called by node 17
[htsim] sim_finish called by node 18
[htsim] sim_finish called by node 19
[htsim] sim_finish called by node 20
[htsim] sim_finish called by node 21
[htsim] sim_finish called by node 22
[htsim] sim_finish called by node 23
[htsim] sim_finish called by node 24
[htsim] sim_finish called by node 25
[htsim] sim_finish called by node 26
[htsim] sim_finish called by node 27
[htsim] sim_finish called by node 28
[htsim] sim_finish called by node 29
[htsim] sim_finish called by node 30
[htsim] sim_finish called by node 31
[htsim] sim_finish called by node 32
[htsim] sim_finish called by node 33
[htsim] sim_finish called by node 34
[htsim] sim_finish called by node 35
[htsim] sim_finish called by node 36
[htsim] sim_finish called by node 37
[htsim] sim_finish called by node 38
[htsim] sim_finish called by node 39
[htsim] sim_finish called by node 40
[htsim] sim_finish called by node 41
[htsim] sim_finish called by node 42
[htsim] sim_finish called by node 43
[htsim] sim_finish called by node 44
[htsim] sim_finish called by node 45
[htsim] sim_finish called by node 46
[htsim] sim_finish called by node 47
[htsim] sim_finish called by node 48
[htsim] sim_finish called by node 49
[htsim] sim_finish called by node 50
[htsim] sim_finish called by node 51
[htsim] sim_finish called by node 52
[htsim] sim_finish called by node 53
[htsim] sim_finish called by node 54
[htsim] sim_finish called by node 55
[htsim] sim_finish called by node 56
[htsim] sim_finish called by node 57
[htsim] sim_finish called by node 58
[htsim] sim_finish called by node 59
[htsim] sim_finish called by node 60
[htsim] sim_finish called by node 61
[htsim] sim_finish called by node 62
[htsim] sim_finish called by node 63
[htsim] sim_finish called by node 64
[htsim] sim_finish called by node 65
[htsim] sim_finish called by node 66
[htsim] sim_finish called by node 67
[htsim] sim_finish called by node 68
[htsim] sim_finish called by node 69
[htsim] sim_finish called by node 70
[htsim] sim_finish called by node 71
[htsim] sim_finish called by node 72
[htsim] sim_finish called by node 73
[htsim] sim_finish called by node 74
[htsim] sim_finish called by node 75
[htsim] sim_finish called by node 76
[htsim] sim_finish called by node 77
[htsim] sim_finish called by node 78
[htsim] sim_finish called by node 79
[htsim] sim_finish called by node 80
[htsim] sim_finish called by node 81
[htsim] sim_finish called by node 82
[htsim] sim_finish called by node 83
[htsim] sim_finish called by node 84
[htsim] sim_finish called by node 85
[htsim] sim_finish called by node 86
[htsim] sim_finish called by node 87
[htsim] sim_finish called by node 88
[htsim] sim_finish called by node 89
[htsim] sim_finish called by node 90
[htsim] sim_finish called by node 91
[htsim] sim_finish called by node 92
[htsim] sim_finish called by node 93
[htsim] sim_finish called by node 94
[htsim] sim_finish called by node 95
[htsim] sim_finish called by node 96
[htsim] sim_finish called by node 97
[htsim] sim_finish called by node 98
[htsim] sim_finish called by node 99
[htsim] sim_finish called by node 100
[htsim] sim_finish called by node 101
[htsim] sim_finish called by node 102
[htsim] sim_finish called by node 103
[htsim] sim_finish called by node 104
[htsim] sim_finish called by node 105
[htsim] sim_finish called by node 106
[htsim] sim_finish called by node 107
[htsim] sim_finish called by node 108
[htsim] sim_finish called by node 109
[htsim] sim_finish called by node 110
[htsim] sim_finish called by node 111
[htsim] sim_finish called by node 112
[htsim] sim_finish called by node 113
[htsim] sim_finish called by node 114
[htsim] sim_finish called by node 115
[htsim] sim_finish called by node 116
[htsim] sim_finish called by node 117
[htsim] sim_finish called by node 118
[htsim] sim_finish called by node 119
[htsim] sim_finish called by node 120
[htsim] sim_finish called by node 121
[htsim] sim_finish called by node 122
[htsim] sim_finish called by node 123
[htsim] sim_finish called by node 124
[htsim] sim_finish called by node 125
[htsim] sim_finish called by node 126
[htsim] sim_finish called by node 127
