=== SimAI htsim Backend ===
Topology: mixnet
GPUs: 64
Link speed: 100000 Mbps
Alpha (OCS circuits): 6
Reconf delay: 10 us
Reconf top-N: 4 (0=always reconfig)
ECS only: NO
DP/TP/PP/EP: 8/8/1/8
GPUs per server: 8
Iterations: 5
Workload: /home/weihaoni/BTB-NCCL/SimAI/aicb/results/workload/None-Mixtral_8x7B-world_size64-tp8-pp1-ep8-gbs64-mbs8-seq2048-MOE-True-GEMM-True-flash_attn-False.txt
Expert hotspot: topk=8 skew=1.5 seed=42 volatility=1000
==========================
[htsim] Machines: 8 FatTree K=4 FatTree nodes: 16
[htsim] ECS link speed: 200000 Mbps
Building 1:1 Fat Tree with 16 nodes (k=4)
Link speed: 200000 Mbps
[htsim] Mixnet topology created: region_size=8 region_num=1
[htsim] MixnetTopoManager created
[htsim] NVSwitch nodes: 8 (IDs: 64 to 71)
The final active chunks per dimension 1 after allocating to queues is: 1
ring of node 0, id: 0 dimension: local total nodes in ring: 64 index in ring: 0 offset: 1total nodes in ring: 64
ring of node 0, id: 0 dimension: local total nodes in ring: 64 index in ring: 0 offset: 1total nodes in ring: 64
ring of node 0, id: 0 dimension: local total nodes in ring: 64 index in ring: 0 offset: 1total nodes in ring: 64
ring of node 0, id: 0 dimension: local total nodes in ring: 64 index in ring: 0 offset: 1total nodes in ring: 64
total nodes: 64
ring of node 0, id: 0 dimension: local total nodes in ring: 8 index in ring: 0 offset: 1total nodes in ring: 8
ring of node 0, id: 0 dimension: local total nodes in ring: 8 index in ring: 0 offset: 8total nodes in ring: 8
ring of node 0, id: 0 dimension: local total nodes in ring: 8 index in ring: 0 offset: 1total nodes in ring: 8
ring of node 0, id: 0 dimension: local total nodes in ring: 8 index in ring: 0 offset: 8total nodes in ring: 8
ring of node 0, id: 0 dimension: local total nodes in ring: 8 index in ring: 0 offset: 1total nodes in ring: 8
ring of node 0, id: 0 dimension: local total nodes in ring: 8 index in ring: 0 offset: 8total nodes in ring: 8
ring of node 0, id: 0 dimension: local total nodes in ring: 8 index in ring: 0 offset: 1total nodes in ring: 8
ring of node 0, id: 0 dimension: local total nodes in ring: 8 index in ring: 0 offset: 8total nodes in ring: 8
PP config: pp_size=1 pp_commsize=0
stat path: ./ncclFlowModel_ ,total rows: 1 ,stat row: 0
CSV path and filename: ./ncclFlowModel_EndToEnd.csv
[htsim] Created 64 Sys instances
[htsim] Workloads fired
Running htsim simulation...
info: reduce-scatter forward pass collective issued for layer: attention_row,info: reduce-scatter forward pass collective issued for layer: mlp_moelayer,info: reduce-scatter forward pass collective issued for layer: attention_row,info: reduce-scatter forward pass collective issued for layer: mlp_moelayer,info: reduce-scatter forward pass collective issued for layer: attention_row,info: reduce-scatter forward pass collective issued for layer: mlp_moelayer,info: reduce-scatter forward pass collective issued for layer: attention_row,info: reduce-scatter forward pass collective issued for layer: mlp_moelayer,info: reduce-scatter input grad collective issued for layer: mlp_moelayer,info: reduce-scatter weight grad collective issued for layer: attention_row,info: reduce-scatter input grad collective issued for layer: attention_column,info: reduce-scatter weight grad collective issued for layer: attention_column,info: reduce-scatter input grad collective issued for layer: mlp_moelayer,info: reduce-scatter weight grad collective issued for layer: attention_row,info: reduce-scatter input grad collective issued for layer: attention_column,info: reduce-scatter weight grad collective issued for layer: attention_column,info: reduce-scatter input grad collective issued for layer: mlp_moelayer,info: reduce-scatter weight grad collective issued for layer: attention_row,info: reduce-scatter input grad collective issued for layer: attention_column,info: reduce-scatter weight grad collective issued for layer: attention_column,info: reduce-scatter input grad collective issued for layer: mlp_moelayer,info: reduce-scatter weight grad collective issued for layer: attention_row,info: reduce-scatter input grad collective issued for layer: attention_column,info: reduce-scatter weight grad collective issued for layer: attention_column,[PASS_DRAINED] pass=0 ranks_reported=64
[MOE_STRUCTURE] frozen: 8 a2a layers → 4 blocks
Simulation complete. Total events: 2137036499
Final time: 2e+09 ms (2e+06 s)

======== Flow Statistics ========
OCS flows:    6144 (33030140160 bytes)
Network flows: 3415 (15959819360 bytes)
NVLink flows:  129088 (528679829504 bytes)
Deferred flows (reconf): 0
Reconfigs triggered: 0
Reconfigs skipped:   0

======== Retransmission Statistics ========
RTO: 1 ms
Total packets sent: 48995340000
Total retransmissions: 0
Retransmission rate: 0%
TCP flows tracked: 9559
============================================
========================================

======== Traffic by Collective Type ========
  ReduceScatter: flows=59735 bytes=274695948000 (261970 MB, 47.5524%)
  AllGather: flows=71744 bytes=264438677504 (252188 MB, 45.7768%)
  AllToAll: flows=7168 bytes=38535163520 (36750 MB, 6.67079%)
[htsim] sim_finish called by node 0
[htsim] sim_finish called by node 1
[htsim] sim_finish called by node 2
[htsim] sim_finish called by node 3
[htsim] sim_finish called by node 4
[htsim] sim_finish called by node 5
[htsim] sim_finish called by node 6
[htsim] sim_finish called by node 7
[htsim] sim_finish called by node 8
[htsim] sim_finish called by node 9
[htsim] sim_finish called by node 10
[htsim] sim_finish called by node 11
[htsim] sim_finish called by node 12
[htsim] sim_finish called by node 13
[htsim] sim_finish called by node 14
[htsim] sim_finish called by node 15
[htsim] sim_finish called by node 16
[htsim] sim_finish called by node 17
[htsim] sim_finish called by node 18
[htsim] sim_finish called by node 19
[htsim] sim_finish called by node 20
[htsim] sim_finish called by node 21
[htsim] sim_finish called by node 22
[htsim] sim_finish called by node 23
[htsim] sim_finish called by node 24
[htsim] sim_finish called by node 25
[htsim] sim_finish called by node 26
[htsim] sim_finish called by node 27
[htsim] sim_finish called by node 28
[htsim] sim_finish called by node 29
[htsim] sim_finish called by node 30
[htsim] sim_finish called by node 31
[htsim] sim_finish called by node 32
[htsim] sim_finish called by node 33
[htsim] sim_finish called by node 34
[htsim] sim_finish called by node 35
[htsim] sim_finish called by node 36
[htsim] sim_finish called by node 37
[htsim] sim_finish called by node 38
[htsim] sim_finish called by node 39
[htsim] sim_finish called by node 40
[htsim] sim_finish called by node 41
[htsim] sim_finish called by node 42
[htsim] sim_finish called by node 43
[htsim] sim_finish called by node 44
[htsim] sim_finish called by node 45
[htsim] sim_finish called by node 46
[htsim] sim_finish called by node 47
[htsim] sim_finish called by node 48
[htsim] sim_finish called by node 49
[htsim] sim_finish called by node 50
[htsim] sim_finish called by node 51
[htsim] sim_finish called by node 52
[htsim] sim_finish called by node 53
[htsim] sim_finish called by node 54
[htsim] sim_finish called by node 55
[htsim] sim_finish called by node 56
[htsim] sim_finish called by node 57
[htsim] sim_finish called by node 58
[htsim] sim_finish called by node 59
[htsim] sim_finish called by node 60
[htsim] sim_finish called by node 61
[htsim] sim_finish called by node 62
[htsim] sim_finish called by node 63
